2025-03-05 21:04:08.499 [info] Using settings sync service https://vscode-sync.trafficmanager.net/
2025-03-05 21:04:08.499 [info] Auto Sync is enabled.
2025-03-05 21:04:08.499 [info] Auto Sync: Suspended until auth token is available.
2025-03-05 21:04:08.855 [info] Auto Sync: Triggered by Interval
2025-03-05 21:04:08.855 [info] Sync started.
2025-03-05 21:04:09.564 [info] Settings: No changes found during synchronizing settings.
2025-03-05 21:04:09.568 [info] Keybindings: No changes found during synchronizing keybindings.
2025-03-05 21:04:09.570 [info] Snippets: No changes found during synchronizing snippets.
2025-03-05 21:04:09.572 [info] Tasks: No changes found during synchronizing tasks.
2025-03-05 21:04:09.574 [info] GlobalState: No changes found during synchronizing ui state.
2025-03-05 21:04:09.597 [info] Extensions: No changes found during synchronizing extensions.
2025-03-05 21:04:09.600 [info] Profiles: No changes found during synchronizing profiles.
2025-03-05 21:04:09.601 [info] Sync done. Took 746ms
2025-03-05 21:05:37.698 [info] Auto Sync: Triggered by Activity
2025-03-05 21:05:37.698 [info] Sync started.
2025-03-05 21:05:37.798 [info] Settings: No changes found during synchronizing settings.
2025-03-05 21:05:37.801 [info] Keybindings: No changes found during synchronizing keybindings.
2025-03-05 21:05:37.803 [info] Snippets: No changes found during synchronizing snippets.
2025-03-05 21:05:37.805 [info] Tasks: No changes found during synchronizing tasks.
2025-03-05 21:05:37.807 [info] GlobalState: No changes found during synchronizing ui state.
2025-03-05 21:05:37.832 [info] Extensions: No changes found during synchronizing extensions.
2025-03-05 21:05:37.833 [info] Profiles: No changes found during synchronizing profiles.
2025-03-05 21:05:37.835 [info] Sync done. Took 138ms
2025-03-05 21:06:22.212 [info] Auto Sync: Triggered by Activity
2025-03-05 21:06:22.213 [info] Sync started.
2025-03-05 21:06:23.288 [info] Settings: No changes found during synchronizing settings.
2025-03-05 21:06:23.293 [info] Keybindings: No changes found during synchronizing keybindings.
2025-03-05 21:06:23.297 [info] Snippets: No changes found during synchronizing snippets.
2025-03-05 21:06:23.300 [info] Tasks: No changes found during synchronizing tasks.
2025-03-05 21:06:23.303 [info] GlobalState: No changes found during synchronizing ui state.
2025-03-05 21:06:23.338 [info] Extensions: No changes found during synchronizing extensions.
2025-03-05 21:06:23.340 [info] Profiles: No changes found during synchronizing profiles.
2025-03-05 21:06:23.341 [info] Sync done. Took 1131ms
2025-03-05 21:07:14.272 [info] Auto Sync: Triggered by Activity
2025-03-05 21:07:14.272 [info] Sync started.
2025-03-05 21:07:14.667 [info] Settings: No changes found during synchronizing settings.
2025-03-05 21:07:14.673 [info] Keybindings: No changes found during synchronizing keybindings.
2025-03-05 21:07:14.677 [info] Snippets: No changes found during synchronizing snippets.
2025-03-05 21:07:14.681 [info] Tasks: No changes found during synchronizing tasks.
2025-03-05 21:07:14.684 [info] GlobalState: No changes found during synchronizing ui state.
2025-03-05 21:07:14.724 [info] Extensions: No changes found during synchronizing extensions.
2025-03-05 21:07:14.725 [info] Profiles: No changes found during synchronizing profiles.
2025-03-05 21:07:14.726 [info] Sync done. Took 457ms
2025-03-05 21:07:42.281 [info] Auto Sync: Triggered by Activity
2025-03-05 21:07:42.281 [info] Sync started.
2025-03-05 21:07:42.519 [info] Settings: No changes found during synchronizing settings.
2025-03-05 21:07:42.523 [info] Keybindings: No changes found during synchronizing keybindings.
2025-03-05 21:07:42.528 [info] Snippets: No changes found during synchronizing snippets.
2025-03-05 21:07:42.531 [info] Tasks: No changes found during synchronizing tasks.
2025-03-05 21:07:42.534 [info] GlobalState: No changes found during synchronizing ui state.
2025-03-05 21:07:42.575 [info] Extensions: No changes found during synchronizing extensions.
2025-03-05 21:07:42.576 [info] Profiles: No changes found during synchronizing profiles.
2025-03-05 21:07:42.577 [info] Sync done. Took 299ms
2025-03-05 21:08:32.486 [info] Auto Sync: Triggered by Activity
2025-03-05 21:08:32.486 [info] Sync started.
2025-03-05 21:08:32.900 [info] Settings: No changes found during synchronizing settings.
2025-03-05 21:08:32.904 [info] Keybindings: No changes found during synchronizing keybindings.
2025-03-05 21:08:32.908 [info] Snippets: No changes found during synchronizing snippets.
2025-03-05 21:08:32.910 [info] Tasks: No changes found during synchronizing tasks.
2025-03-05 21:08:32.913 [info] GlobalState: No changes found during synchronizing ui state.
2025-03-05 21:08:32.954 [info] Extensions: No changes found during synchronizing extensions.
2025-03-05 21:08:32.955 [info] Profiles: No changes found during synchronizing profiles.
2025-03-05 21:08:32.956 [info] Sync done. Took 472ms
2025-03-05 21:09:05.617 [info] Auto Sync: Triggered by Activity
2025-03-05 21:09:05.618 [info] Sync started.
2025-03-05 21:09:06.077 [info] Settings: No changes found during synchronizing settings.
2025-03-05 21:09:06.082 [info] Keybindings: No changes found during synchronizing keybindings.
2025-03-05 21:09:06.087 [info] Snippets: No changes found during synchronizing snippets.
2025-03-05 21:09:06.090 [info] Tasks: No changes found during synchronizing tasks.
2025-03-05 21:09:06.093 [info] GlobalState: No changes found during synchronizing ui state.
2025-03-05 21:09:06.128 [info] Extensions: No changes found during synchronizing extensions.
2025-03-05 21:09:06.129 [info] Profiles: No changes found during synchronizing profiles.
2025-03-05 21:09:06.129 [info] Sync done. Took 514ms
2025-03-05 21:10:26.455 [info] Auto Sync: Triggered by Activity
2025-03-05 21:10:26.455 [info] Sync started.
2025-03-05 21:10:27.481 [info] Settings: No changes found during synchronizing settings.
2025-03-05 21:10:27.486 [info] Keybindings: No changes found during synchronizing keybindings.
2025-03-05 21:10:27.490 [info] Snippets: No changes found during synchronizing snippets.
2025-03-05 21:10:27.492 [info] Tasks: No changes found during synchronizing tasks.
2025-03-05 21:10:27.495 [info] GlobalState: No changes found during synchronizing ui state.
2025-03-05 21:10:27.532 [info] Extensions: No changes found during synchronizing extensions.
2025-03-05 21:10:27.533 [info] Profiles: No changes found during synchronizing profiles.
2025-03-05 21:10:27.533 [info] Sync done. Took 1079ms
2025-03-05 21:10:56.341 [info] Auto Sync: Triggered by Activity
2025-03-05 21:10:56.341 [info] Sync started.
2025-03-05 21:10:56.771 [info] Settings: No changes found during synchronizing settings.
2025-03-05 21:10:56.777 [info] Keybindings: No changes found during synchronizing keybindings.
2025-03-05 21:10:56.783 [info] Snippets: No changes found during synchronizing snippets.
2025-03-05 21:10:56.787 [info] Tasks: No changes found during synchronizing tasks.
2025-03-05 21:10:56.790 [info] GlobalState: No changes found during synchronizing ui state.
2025-03-05 21:10:56.818 [info] Extensions: No changes found during synchronizing extensions.
2025-03-05 21:10:56.819 [info] Profiles: No changes found during synchronizing profiles.
2025-03-05 21:10:56.819 [info] Sync done. Took 480ms
2025-03-05 21:11:36.070 [info] Auto Sync: Triggered by Activity
2025-03-05 21:11:36.070 [info] Sync started.
2025-03-05 21:11:36.697 [info] Settings: No changes found during synchronizing settings.
2025-03-05 21:11:36.700 [info] Keybindings: No changes found during synchronizing keybindings.
2025-03-05 21:11:36.702 [info] Snippets: No changes found during synchronizing snippets.
2025-03-05 21:11:36.705 [info] Tasks: No changes found during synchronizing tasks.
2025-03-05 21:11:36.707 [info] GlobalState: No changes found during synchronizing ui state.
2025-03-05 21:11:36.737 [info] Extensions: No changes found during synchronizing extensions.
2025-03-05 21:11:36.737 [info] Profiles: No changes found during synchronizing profiles.
2025-03-05 21:11:36.738 [info] Sync done. Took 669ms
2025-03-05 21:11:49.977 [info] Auto Sync: Triggered by Activity
2025-03-05 21:11:49.977 [info] Sync started.
2025-03-05 21:11:50.221 [info] Settings: No changes found during synchronizing settings.
2025-03-05 21:11:50.226 [info] Keybindings: No changes found during synchronizing keybindings.
2025-03-05 21:11:50.231 [info] Snippets: No changes found during synchronizing snippets.
2025-03-05 21:11:50.235 [info] Tasks: No changes found during synchronizing tasks.
2025-03-05 21:11:50.239 [info] GlobalState: No changes found during synchronizing ui state.
2025-03-05 21:11:50.276 [info] Extensions: No changes found during synchronizing extensions.
2025-03-05 21:11:50.277 [info] Profiles: No changes found during synchronizing profiles.
2025-03-05 21:11:50.278 [info] Sync done. Took 304ms
2025-03-05 21:12:17.511 [info] Auto Sync: Triggered by Activity
2025-03-05 21:12:17.511 [info] Sync started.
2025-03-05 21:12:18.076 [info] Settings: No changes found during synchronizing settings.
2025-03-05 21:12:18.081 [info] Keybindings: No changes found during synchronizing keybindings.
2025-03-05 21:12:18.085 [info] Snippets: No changes found during synchronizing snippets.
2025-03-05 21:12:18.088 [info] Tasks: No changes found during synchronizing tasks.
2025-03-05 21:12:18.091 [info] GlobalState: No changes found during synchronizing ui state.
2025-03-05 21:12:18.122 [info] Extensions: No changes found during synchronizing extensions.
2025-03-05 21:12:18.122 [info] Profiles: No changes found during synchronizing profiles.
2025-03-05 21:12:18.123 [info] Sync done. Took 613ms
2025-03-05 21:13:28.704 [info] Auto Sync: Triggered by Activity
2025-03-05 21:13:28.704 [info] Sync started.
2025-03-05 21:13:29.750 [info] Settings: No changes found during synchronizing settings.
2025-03-05 21:13:29.755 [info] Keybindings: No changes found during synchronizing keybindings.
2025-03-05 21:13:29.761 [info] Snippets: No changes found during synchronizing snippets.
2025-03-05 21:13:29.764 [info] Tasks: No changes found during synchronizing tasks.
2025-03-05 21:13:29.767 [info] GlobalState: No changes found during synchronizing ui state.
2025-03-05 21:13:29.801 [info] Extensions: No changes found during synchronizing extensions.
2025-03-05 21:13:29.802 [info] Profiles: No changes found during synchronizing profiles.
2025-03-05 21:13:29.803 [info] Sync done. Took 1101ms
2025-03-05 21:14:17.984 [info] Auto Sync: Triggered by Activity
2025-03-05 21:14:17.984 [info] Sync started.
2025-03-05 21:14:18.291 [info] Settings: No changes found during synchronizing settings.
2025-03-05 21:14:18.296 [info] Keybindings: No changes found during synchronizing keybindings.
2025-03-05 21:14:18.301 [info] Snippets: No changes found during synchronizing snippets.
2025-03-05 21:14:18.304 [info] Tasks: No changes found during synchronizing tasks.
2025-03-05 21:14:18.307 [info] GlobalState: No changes found during synchronizing ui state.
2025-03-05 21:14:18.336 [info] Extensions: No changes found during synchronizing extensions.
2025-03-05 21:14:18.337 [info] Profiles: No changes found during synchronizing profiles.
2025-03-05 21:14:18.338 [info] Sync done. Took 355ms
2025-03-05 21:14:30.544 [info] Auto Sync: Triggered by Activity
2025-03-05 21:14:30.544 [info] Sync started.
2025-03-05 21:14:30.787 [info] Settings: No changes found during synchronizing settings.
2025-03-05 21:14:30.791 [info] Keybindings: No changes found during synchronizing keybindings.
2025-03-05 21:14:30.797 [info] Snippets: No changes found during synchronizing snippets.
2025-03-05 21:14:30.800 [info] Tasks: No changes found during synchronizing tasks.
2025-03-05 21:14:30.804 [info] GlobalState: No changes found during synchronizing ui state.
2025-03-05 21:14:30.846 [info] Extensions: No changes found during synchronizing extensions.
2025-03-05 21:14:30.847 [info] Profiles: No changes found during synchronizing profiles.
2025-03-05 21:14:30.848 [info] Sync done. Took 306ms
2025-03-05 21:16:17.424 [info] Auto Sync: Triggered by Activity
2025-03-05 21:16:17.425 [info] Sync started.
2025-03-05 21:16:18.437 [info] Settings: No changes found during synchronizing settings.
2025-03-05 21:16:18.442 [info] Keybindings: No changes found during synchronizing keybindings.
2025-03-05 21:16:18.446 [info] Snippets: No changes found during synchronizing snippets.
2025-03-05 21:16:18.449 [info] Tasks: No changes found during synchronizing tasks.
2025-03-05 21:16:18.452 [info] GlobalState: No changes found during synchronizing ui state.
2025-03-05 21:16:18.487 [info] Extensions: No changes found during synchronizing extensions.
2025-03-05 21:16:18.488 [info] Profiles: No changes found during synchronizing profiles.
2025-03-05 21:16:18.489 [info] Sync done. Took 1067ms
2025-03-05 21:16:37.519 [info] Auto Sync: Triggered by Activity
2025-03-05 21:16:37.520 [info] Sync started.
2025-03-05 21:16:38.066 [info] Settings: No changes found during synchronizing settings.
2025-03-05 21:16:38.070 [info] Keybindings: No changes found during synchronizing keybindings.
2025-03-05 21:16:38.074 [info] Snippets: No changes found during synchronizing snippets.
2025-03-05 21:16:38.077 [info] Tasks: No changes found during synchronizing tasks.
2025-03-05 21:16:38.080 [info] GlobalState: No changes found during synchronizing ui state.
2025-03-05 21:16:38.117 [info] Extensions: No changes found during synchronizing extensions.
2025-03-05 21:16:38.118 [info] Profiles: No changes found during synchronizing profiles.
2025-03-05 21:16:38.118 [info] Sync done. Took 601ms
2025-03-05 21:18:01.936 [info] Auto Sync: Triggered by Activity
2025-03-05 21:18:01.936 [info] Sync started.
2025-03-05 21:18:02.140 [info] Settings: No changes found during synchronizing settings.
2025-03-05 21:18:02.144 [info] Keybindings: No changes found during synchronizing keybindings.
2025-03-05 21:18:02.148 [info] Snippets: No changes found during synchronizing snippets.
2025-03-05 21:18:02.150 [info] Tasks: No changes found during synchronizing tasks.
2025-03-05 21:18:02.153 [info] GlobalState: No changes found during synchronizing ui state.
2025-03-05 21:18:02.186 [info] Extensions: No changes found during synchronizing extensions.
2025-03-05 21:18:02.186 [info] Profiles: No changes found during synchronizing profiles.
2025-03-05 21:18:02.187 [info] Sync done. Took 254ms
2025-03-05 21:18:17.855 [info] Auto Sync: Triggered by Activity
2025-03-05 21:18:17.855 [info] Sync started.
2025-03-05 21:18:18.212 [info] Settings: No changes found during synchronizing settings.
2025-03-05 21:18:18.216 [info] Keybindings: No changes found during synchronizing keybindings.
2025-03-05 21:18:18.220 [info] Snippets: No changes found during synchronizing snippets.
2025-03-05 21:18:18.224 [info] Tasks: No changes found during synchronizing tasks.
2025-03-05 21:18:18.227 [info] GlobalState: No changes found during synchronizing ui state.
2025-03-05 21:18:18.265 [info] Extensions: No changes found during synchronizing extensions.
2025-03-05 21:18:18.267 [info] Profiles: No changes found during synchronizing profiles.
2025-03-05 21:18:18.267 [info] Sync done. Took 414ms
2025-03-05 21:18:44.727 [info] Auto Sync: Triggered by Activity
2025-03-05 21:18:44.728 [info] Sync started.
2025-03-05 21:18:45.046 [info] Settings: No changes found during synchronizing settings.
2025-03-05 21:18:45.050 [info] Keybindings: No changes found during synchronizing keybindings.
2025-03-05 21:18:45.054 [info] Snippets: No changes found during synchronizing snippets.
2025-03-05 21:18:45.057 [info] Tasks: No changes found during synchronizing tasks.
2025-03-05 21:18:45.060 [info] GlobalState: No changes found during synchronizing ui state.
2025-03-05 21:18:45.098 [info] Extensions: No changes found during synchronizing extensions.
2025-03-05 21:18:45.099 [info] Profiles: No changes found during synchronizing profiles.
2025-03-05 21:18:45.100 [info] Sync done. Took 374ms
2025-03-05 21:19:10.271 [info] Auto Sync: Triggered by Activity
2025-03-05 21:19:10.271 [info] Sync started.
2025-03-05 21:19:10.642 [info] Settings: No changes found during synchronizing settings.
2025-03-05 21:19:10.647 [info] Keybindings: No changes found during synchronizing keybindings.
2025-03-05 21:19:10.651 [info] Snippets: No changes found during synchronizing snippets.
2025-03-05 21:19:10.654 [info] Tasks: No changes found during synchronizing tasks.
2025-03-05 21:19:10.657 [info] GlobalState: No changes found during synchronizing ui state.
2025-03-05 21:19:10.690 [info] Extensions: No changes found during synchronizing extensions.
2025-03-05 21:19:10.691 [info] Profiles: No changes found during synchronizing profiles.
2025-03-05 21:19:10.692 [info] Sync done. Took 422ms
2025-03-05 21:20:14.494 [info] Auto Sync: Triggered by Activity
2025-03-05 21:20:14.495 [info] Sync started.
2025-03-05 21:20:14.743 [info] Settings: No changes found during synchronizing settings.
2025-03-05 21:20:14.748 [info] Keybindings: No changes found during synchronizing keybindings.
2025-03-05 21:20:14.753 [info] Snippets: No changes found during synchronizing snippets.
2025-03-05 21:20:14.756 [info] Tasks: No changes found during synchronizing tasks.
2025-03-05 21:20:14.759 [info] GlobalState: No changes found during synchronizing ui state.
2025-03-05 21:20:14.800 [info] Extensions: No changes found during synchronizing extensions.
2025-03-05 21:20:14.801 [info] Profiles: No changes found during synchronizing profiles.
2025-03-05 21:20:14.802 [info] Sync done. Took 310ms
2025-03-05 21:22:42.006 [info] Auto Sync: Triggered by Activity
2025-03-05 21:22:42.006 [info] Sync started.
2025-03-05 21:22:43.428 [info] Settings: No changes found during synchronizing settings.
2025-03-05 21:22:43.434 [info] Keybindings: No changes found during synchronizing keybindings.
2025-03-05 21:22:43.438 [info] Snippets: No changes found during synchronizing snippets.
2025-03-05 21:22:43.441 [info] Tasks: No changes found during synchronizing tasks.
2025-03-05 21:22:43.444 [info] GlobalState: No changes found during synchronizing ui state.
2025-03-05 21:22:43.467 [info] Extensions: No changes found during synchronizing extensions.
2025-03-05 21:22:43.468 [info] Profiles: No changes found during synchronizing profiles.
2025-03-05 21:22:43.468 [info] Sync done. Took 1463ms
2025-03-05 21:27:43.506 [info] Auto Sync: Triggered by Interval
2025-03-05 21:27:43.506 [info] Sync started.
2025-03-05 21:27:49.811 [info] Settings: No changes found during synchronizing settings.
2025-03-05 21:27:49.815 [info] Keybindings: No changes found during synchronizing keybindings.
2025-03-05 21:27:49.819 [info] Snippets: No changes found during synchronizing snippets.
2025-03-05 21:27:49.822 [info] Tasks: No changes found during synchronizing tasks.
2025-03-05 21:27:49.826 [info] GlobalState: No changes found during synchronizing ui state.
2025-03-05 21:27:49.871 [info] Extensions: No changes found during synchronizing extensions.
2025-03-05 21:27:49.873 [info] Profiles: No changes found during synchronizing profiles.
2025-03-05 21:27:49.874 [info] Sync done. Took 6370ms
2025-03-05 21:28:38.446 [info] Auto Sync: Triggered by Activity
2025-03-05 21:28:38.447 [info] Sync started.
2025-03-05 21:28:38.759 [info] Settings: No changes found during synchronizing settings.
2025-03-05 21:28:38.763 [info] Keybindings: No changes found during synchronizing keybindings.
2025-03-05 21:28:38.768 [info] Snippets: No changes found during synchronizing snippets.
2025-03-05 21:28:38.771 [info] Tasks: No changes found during synchronizing tasks.
2025-03-05 21:28:38.774 [info] GlobalState: No changes found during synchronizing ui state.
2025-03-05 21:28:38.811 [info] Extensions: No changes found during synchronizing extensions.
2025-03-05 21:28:38.813 [info] Profiles: No changes found during synchronizing profiles.
2025-03-05 21:28:38.814 [info] Sync done. Took 370ms
2025-03-05 21:33:38.848 [info] Auto Sync: Triggered by Interval
2025-03-05 21:33:38.848 [info] Sync started.
2025-03-05 21:33:40.733 [info] Settings: No changes found during synchronizing settings.
2025-03-05 21:33:40.738 [info] Keybindings: No changes found during synchronizing keybindings.
2025-03-05 21:33:40.742 [info] Snippets: No changes found during synchronizing snippets.
2025-03-05 21:33:40.745 [info] Tasks: No changes found during synchronizing tasks.
2025-03-05 21:33:40.749 [info] GlobalState: No changes found during synchronizing ui state.
2025-03-05 21:33:40.785 [info] Extensions: No changes found during synchronizing extensions.
2025-03-05 21:33:40.786 [info] Profiles: No changes found during synchronizing profiles.
2025-03-05 21:33:40.787 [info] Sync done. Took 1942ms
2025-03-05 21:38:40.822 [info] Auto Sync: Triggered by Interval
2025-03-05 21:38:40.822 [info] Sync started.
2025-03-05 21:38:52.913 [info] Request failed https://vscode-sync.trafficmanager.net/v1/manifest
2025-03-05 21:38:52.913 [error] RequestFailed (UserDataSyncError) syncResource:unknown operationId:unknown: Connection refused for the request 'https://vscode-sync.trafficmanager.net/v1/manifest'.
    at kh.D (file:///opt/visual-studio-code/resources/app/out/vs/code/electron-utility/sharedProcess/sharedProcessMain.js:98:22115)
    at async kh.manifest (file:///opt/visual-studio-code/resources/app/out/vs/code/electron-utility/sharedProcess/sharedProcessMain.js:98:19962)
    at async eu.createSyncTask (file:///opt/visual-studio-code/resources/app/out/vs/code/electron-utility/sharedProcess/sharedProcessMain.js:98:121454)
    at async Xu.I (file:///opt/visual-studio-code/resources/app/out/vs/code/electron-utility/sharedProcess/sharedProcessMain.js:105:9288)
    at async Xu.H (file:///opt/visual-studio-code/resources/app/out/vs/code/electron-utility/sharedProcess/sharedProcessMain.js:105:8932)
2025-03-05 21:38:52.913 [error] RequestFailed (UserDataSyncError) syncResource:unknown operationId:unknown: Connection refused for the request 'https://vscode-sync.trafficmanager.net/v1/manifest'.
    at kh.D (file:///opt/visual-studio-code/resources/app/out/vs/code/electron-utility/sharedProcess/sharedProcessMain.js:98:22115)
    at async kh.manifest (file:///opt/visual-studio-code/resources/app/out/vs/code/electron-utility/sharedProcess/sharedProcessMain.js:98:19962)
    at async eu.createSyncTask (file:///opt/visual-studio-code/resources/app/out/vs/code/electron-utility/sharedProcess/sharedProcessMain.js:98:121454)
    at async Xu.I (file:///opt/visual-studio-code/resources/app/out/vs/code/electron-utility/sharedProcess/sharedProcessMain.js:105:9288)
    at async Xu.H (file:///opt/visual-studio-code/resources/app/out/vs/code/electron-utility/sharedProcess/sharedProcessMain.js:105:8932)
2025-03-05 21:43:52.958 [info] Auto Sync: Triggered by Interval
2025-03-05 21:43:52.959 [info] Sync started.
2025-03-05 21:43:52.962 [info] Request failed https://vscode-sync.trafficmanager.net/v1/manifest
2025-03-05 21:43:52.962 [error] RequestFailed (UserDataSyncError) syncResource:unknown operationId:unknown: Connection refused for the request 'https://vscode-sync.trafficmanager.net/v1/manifest'.
    at kh.D (file:///opt/visual-studio-code/resources/app/out/vs/code/electron-utility/sharedProcess/sharedProcessMain.js:98:22115)
    at async kh.manifest (file:///opt/visual-studio-code/resources/app/out/vs/code/electron-utility/sharedProcess/sharedProcessMain.js:98:19962)
    at async eu.createSyncTask (file:///opt/visual-studio-code/resources/app/out/vs/code/electron-utility/sharedProcess/sharedProcessMain.js:98:121454)
    at async Xu.I (file:///opt/visual-studio-code/resources/app/out/vs/code/electron-utility/sharedProcess/sharedProcessMain.js:105:9288)
    at async Xu.H (file:///opt/visual-studio-code/resources/app/out/vs/code/electron-utility/sharedProcess/sharedProcessMain.js:105:8932)
2025-03-05 21:43:52.962 [error] RequestFailed (UserDataSyncError) syncResource:unknown operationId:unknown: Connection refused for the request 'https://vscode-sync.trafficmanager.net/v1/manifest'.
    at kh.D (file:///opt/visual-studio-code/resources/app/out/vs/code/electron-utility/sharedProcess/sharedProcessMain.js:98:22115)
    at async kh.manifest (file:///opt/visual-studio-code/resources/app/out/vs/code/electron-utility/sharedProcess/sharedProcessMain.js:98:19962)
    at async eu.createSyncTask (file:///opt/visual-studio-code/resources/app/out/vs/code/electron-utility/sharedProcess/sharedProcessMain.js:98:121454)
    at async Xu.I (file:///opt/visual-studio-code/resources/app/out/vs/code/electron-utility/sharedProcess/sharedProcessMain.js:105:9288)
    at async Xu.H (file:///opt/visual-studio-code/resources/app/out/vs/code/electron-utility/sharedProcess/sharedProcessMain.js:105:8932)
2025-03-05 21:48:53.008 [info] Auto Sync: Triggered by Interval
2025-03-05 21:48:53.008 [info] Sync started.
2025-03-05 21:48:53.012 [info] Request failed https://vscode-sync.trafficmanager.net/v1/manifest
2025-03-05 21:48:53.012 [error] RequestFailed (UserDataSyncError) syncResource:unknown operationId:unknown: Connection refused for the request 'https://vscode-sync.trafficmanager.net/v1/manifest'.
    at kh.D (file:///opt/visual-studio-code/resources/app/out/vs/code/electron-utility/sharedProcess/sharedProcessMain.js:98:22115)
    at async kh.manifest (file:///opt/visual-studio-code/resources/app/out/vs/code/electron-utility/sharedProcess/sharedProcessMain.js:98:19962)
    at async eu.createSyncTask (file:///opt/visual-studio-code/resources/app/out/vs/code/electron-utility/sharedProcess/sharedProcessMain.js:98:121454)
    at async Xu.I (file:///opt/visual-studio-code/resources/app/out/vs/code/electron-utility/sharedProcess/sharedProcessMain.js:105:9288)
    at async Xu.H (file:///opt/visual-studio-code/resources/app/out/vs/code/electron-utility/sharedProcess/sharedProcessMain.js:105:8932)
2025-03-05 21:48:53.012 [error] RequestFailed (UserDataSyncError) syncResource:unknown operationId:unknown: Connection refused for the request 'https://vscode-sync.trafficmanager.net/v1/manifest'.
    at kh.D (file:///opt/visual-studio-code/resources/app/out/vs/code/electron-utility/sharedProcess/sharedProcessMain.js:98:22115)
    at async kh.manifest (file:///opt/visual-studio-code/resources/app/out/vs/code/electron-utility/sharedProcess/sharedProcessMain.js:98:19962)
    at async eu.createSyncTask (file:///opt/visual-studio-code/resources/app/out/vs/code/electron-utility/sharedProcess/sharedProcessMain.js:98:121454)
    at async Xu.I (file:///opt/visual-studio-code/resources/app/out/vs/code/electron-utility/sharedProcess/sharedProcessMain.js:105:9288)
    at async Xu.H (file:///opt/visual-studio-code/resources/app/out/vs/code/electron-utility/sharedProcess/sharedProcessMain.js:105:8932)
2025-03-05 21:53:53.058 [info] Auto Sync: Triggered by Interval
2025-03-05 21:53:53.059 [info] Sync started.
2025-03-05 21:53:53.062 [info] Request failed https://vscode-sync.trafficmanager.net/v1/manifest
2025-03-05 21:53:53.062 [error] RequestFailed (UserDataSyncError) syncResource:unknown operationId:unknown: Connection refused for the request 'https://vscode-sync.trafficmanager.net/v1/manifest'.
    at kh.D (file:///opt/visual-studio-code/resources/app/out/vs/code/electron-utility/sharedProcess/sharedProcessMain.js:98:22115)
    at async kh.manifest (file:///opt/visual-studio-code/resources/app/out/vs/code/electron-utility/sharedProcess/sharedProcessMain.js:98:19962)
    at async eu.createSyncTask (file:///opt/visual-studio-code/resources/app/out/vs/code/electron-utility/sharedProcess/sharedProcessMain.js:98:121454)
    at async Xu.I (file:///opt/visual-studio-code/resources/app/out/vs/code/electron-utility/sharedProcess/sharedProcessMain.js:105:9288)
    at async Xu.H (file:///opt/visual-studio-code/resources/app/out/vs/code/electron-utility/sharedProcess/sharedProcessMain.js:105:8932)
2025-03-05 21:53:53.062 [error] RequestFailed (UserDataSyncError) syncResource:unknown operationId:unknown: Connection refused for the request 'https://vscode-sync.trafficmanager.net/v1/manifest'.
    at kh.D (file:///opt/visual-studio-code/resources/app/out/vs/code/electron-utility/sharedProcess/sharedProcessMain.js:98:22115)
    at async kh.manifest (file:///opt/visual-studio-code/resources/app/out/vs/code/electron-utility/sharedProcess/sharedProcessMain.js:98:19962)
    at async eu.createSyncTask (file:///opt/visual-studio-code/resources/app/out/vs/code/electron-utility/sharedProcess/sharedProcessMain.js:98:121454)
    at async Xu.I (file:///opt/visual-studio-code/resources/app/out/vs/code/electron-utility/sharedProcess/sharedProcessMain.js:105:9288)
    at async Xu.H (file:///opt/visual-studio-code/resources/app/out/vs/code/electron-utility/sharedProcess/sharedProcessMain.js:105:8932)
2025-03-05 21:58:53.108 [info] Auto Sync: Triggered by Interval
2025-03-05 21:58:53.108 [info] Sync started.
2025-03-05 21:58:53.112 [info] Request failed https://vscode-sync.trafficmanager.net/v1/manifest
2025-03-05 21:58:53.112 [error] RequestFailed (UserDataSyncError) syncResource:unknown operationId:unknown: Connection refused for the request 'https://vscode-sync.trafficmanager.net/v1/manifest'.
    at kh.D (file:///opt/visual-studio-code/resources/app/out/vs/code/electron-utility/sharedProcess/sharedProcessMain.js:98:22115)
    at async kh.manifest (file:///opt/visual-studio-code/resources/app/out/vs/code/electron-utility/sharedProcess/sharedProcessMain.js:98:19962)
    at async eu.createSyncTask (file:///opt/visual-studio-code/resources/app/out/vs/code/electron-utility/sharedProcess/sharedProcessMain.js:98:121454)
    at async Xu.I (file:///opt/visual-studio-code/resources/app/out/vs/code/electron-utility/sharedProcess/sharedProcessMain.js:105:9288)
    at async Xu.H (file:///opt/visual-studio-code/resources/app/out/vs/code/electron-utility/sharedProcess/sharedProcessMain.js:105:8932)
2025-03-05 21:58:53.112 [error] RequestFailed (UserDataSyncError) syncResource:unknown operationId:unknown: Connection refused for the request 'https://vscode-sync.trafficmanager.net/v1/manifest'.
    at kh.D (file:///opt/visual-studio-code/resources/app/out/vs/code/electron-utility/sharedProcess/sharedProcessMain.js:98:22115)
    at async kh.manifest (file:///opt/visual-studio-code/resources/app/out/vs/code/electron-utility/sharedProcess/sharedProcessMain.js:98:19962)
    at async eu.createSyncTask (file:///opt/visual-studio-code/resources/app/out/vs/code/electron-utility/sharedProcess/sharedProcessMain.js:98:121454)
    at async Xu.I (file:///opt/visual-studio-code/resources/app/out/vs/code/electron-utility/sharedProcess/sharedProcessMain.js:105:9288)
    at async Xu.H (file:///opt/visual-studio-code/resources/app/out/vs/code/electron-utility/sharedProcess/sharedProcessMain.js:105:8932)
2025-03-05 22:03:53.157 [info] Auto Sync: Triggered by Interval
2025-03-05 22:03:53.158 [info] Sync started.
2025-03-05 22:03:53.161 [info] Request failed https://vscode-sync.trafficmanager.net/v1/manifest
2025-03-05 22:03:53.161 [error] RequestFailed (UserDataSyncError) syncResource:unknown operationId:unknown: Connection refused for the request 'https://vscode-sync.trafficmanager.net/v1/manifest'.
    at kh.D (file:///opt/visual-studio-code/resources/app/out/vs/code/electron-utility/sharedProcess/sharedProcessMain.js:98:22115)
    at async kh.manifest (file:///opt/visual-studio-code/resources/app/out/vs/code/electron-utility/sharedProcess/sharedProcessMain.js:98:19962)
    at async eu.createSyncTask (file:///opt/visual-studio-code/resources/app/out/vs/code/electron-utility/sharedProcess/sharedProcessMain.js:98:121454)
    at async Xu.I (file:///opt/visual-studio-code/resources/app/out/vs/code/electron-utility/sharedProcess/sharedProcessMain.js:105:9288)
    at async Xu.H (file:///opt/visual-studio-code/resources/app/out/vs/code/electron-utility/sharedProcess/sharedProcessMain.js:105:8932)
2025-03-05 22:03:53.161 [error] RequestFailed (UserDataSyncError) syncResource:unknown operationId:unknown: Connection refused for the request 'https://vscode-sync.trafficmanager.net/v1/manifest'.
    at kh.D (file:///opt/visual-studio-code/resources/app/out/vs/code/electron-utility/sharedProcess/sharedProcessMain.js:98:22115)
    at async kh.manifest (file:///opt/visual-studio-code/resources/app/out/vs/code/electron-utility/sharedProcess/sharedProcessMain.js:98:19962)
    at async eu.createSyncTask (file:///opt/visual-studio-code/resources/app/out/vs/code/electron-utility/sharedProcess/sharedProcessMain.js:98:121454)
    at async Xu.I (file:///opt/visual-studio-code/resources/app/out/vs/code/electron-utility/sharedProcess/sharedProcessMain.js:105:9288)
    at async Xu.H (file:///opt/visual-studio-code/resources/app/out/vs/code/electron-utility/sharedProcess/sharedProcessMain.js:105:8932)
2025-03-06 10:13:49.109 [info] Auto Sync: Triggered by Interval
2025-03-06 10:13:49.109 [info] Sync started.
2025-03-06 10:13:50.512 [info] Settings: No changes found during synchronizing settings.
2025-03-06 10:13:50.516 [info] Keybindings: No changes found during synchronizing keybindings.
2025-03-06 10:13:50.521 [info] Snippets: No changes found during synchronizing snippets.
2025-03-06 10:13:50.524 [info] Tasks: No changes found during synchronizing tasks.
2025-03-06 10:13:50.527 [info] GlobalState: No changes found during synchronizing ui state.
2025-03-06 10:13:50.566 [info] Extensions: No changes found during synchronizing extensions.
2025-03-06 10:13:50.566 [info] Profiles: No changes found during synchronizing profiles.
2025-03-06 10:13:50.566 [info] Sync done. Took 1459ms
2025-03-06 10:18:50.570 [info] Auto Sync: Triggered by Interval
2025-03-06 10:18:50.570 [info] Sync started.
2025-03-06 10:18:51.982 [info] Settings: No changes found during synchronizing settings.
2025-03-06 10:18:51.986 [info] Keybindings: No changes found during synchronizing keybindings.
2025-03-06 10:18:51.990 [info] Snippets: No changes found during synchronizing snippets.
2025-03-06 10:18:51.993 [info] Tasks: No changes found during synchronizing tasks.
2025-03-06 10:18:51.996 [info] GlobalState: No changes found during synchronizing ui state.
2025-03-06 10:18:52.027 [info] Extensions: No changes found during synchronizing extensions.
2025-03-06 10:18:52.027 [info] Profiles: No changes found during synchronizing profiles.
2025-03-06 10:18:52.028 [info] Sync done. Took 1461ms
2025-03-06 10:23:52.034 [info] Auto Sync: Triggered by Interval
2025-03-06 10:23:52.034 [info] Sync started.
2025-03-06 10:23:52.038 [info] Request failed https://vscode-sync.trafficmanager.net/v1/manifest
2025-03-06 10:23:52.038 [error] RequestFailed (UserDataSyncError) syncResource:unknown operationId:unknown: Connection refused for the request 'https://vscode-sync.trafficmanager.net/v1/manifest'.
    at kh.D (file:///opt/visual-studio-code/resources/app/out/vs/code/electron-utility/sharedProcess/sharedProcessMain.js:98:22115)
    at async kh.manifest (file:///opt/visual-studio-code/resources/app/out/vs/code/electron-utility/sharedProcess/sharedProcessMain.js:98:19962)
    at async eu.createSyncTask (file:///opt/visual-studio-code/resources/app/out/vs/code/electron-utility/sharedProcess/sharedProcessMain.js:98:121454)
    at async Xu.I (file:///opt/visual-studio-code/resources/app/out/vs/code/electron-utility/sharedProcess/sharedProcessMain.js:105:9288)
    at async Xu.H (file:///opt/visual-studio-code/resources/app/out/vs/code/electron-utility/sharedProcess/sharedProcessMain.js:105:8932)
2025-03-06 10:23:52.038 [error] RequestFailed (UserDataSyncError) syncResource:unknown operationId:unknown: Connection refused for the request 'https://vscode-sync.trafficmanager.net/v1/manifest'.
    at kh.D (file:///opt/visual-studio-code/resources/app/out/vs/code/electron-utility/sharedProcess/sharedProcessMain.js:98:22115)
    at async kh.manifest (file:///opt/visual-studio-code/resources/app/out/vs/code/electron-utility/sharedProcess/sharedProcessMain.js:98:19962)
    at async eu.createSyncTask (file:///opt/visual-studio-code/resources/app/out/vs/code/electron-utility/sharedProcess/sharedProcessMain.js:98:121454)
    at async Xu.I (file:///opt/visual-studio-code/resources/app/out/vs/code/electron-utility/sharedProcess/sharedProcessMain.js:105:9288)
    at async Xu.H (file:///opt/visual-studio-code/resources/app/out/vs/code/electron-utility/sharedProcess/sharedProcessMain.js:105:8932)
