2025-03-12 09:05:17.274 [info] [main] Log level: Info
2025-03-12 09:05:17.274 [info] [main] Validating found git in: "git"
2025-03-12 09:05:17.274 [info] [main] Using git "2.48.1" from "git"
2025-03-12 09:05:17.274 [info] [Model][doInitialScan] Initial repository scan started
2025-03-12 09:05:17.274 [info] > git rev-parse --show-toplevel [496ms]
2025-03-12 09:05:17.274 [info] > git rev-parse --git-dir --git-common-dir [4ms]
2025-03-12 09:05:17.274 [info] [Model][openRepository] Opened repository: /home/JakeRA/learning/html/Portfolio
2025-03-12 09:05:17.296 [info] > git rev-parse --show-toplevel [4ms]
2025-03-12 09:05:17.297 [info] > git config --get commit.template [12ms]
2025-03-12 09:05:17.316 [info] > git rev-parse --show-toplevel [9ms]
2025-03-12 09:05:17.317 [info] [Model][doInitialScan] Initial repository scan completed - repositories (1), closed repositories (0), parent repositories (0), unsafe repositories (0)
2025-03-12 09:05:17.318 [info] > git for-each-ref --format=%(refname)%00%(upstream:short)%00%(objectname)%00%(upstream:track)%00%(upstream:remotename)%00%(upstream:remoteref) refs/heads/main refs/remotes/main [4ms]
2025-03-12 09:05:17.336 [info] > git status -z -uall [8ms]
2025-03-12 09:05:17.337 [info] > git for-each-ref --sort -committerdate --format %(refname) %(objectname) %(*objectname) [1ms]
2025-03-12 09:05:17.359 [info] > git for-each-ref --format=%(refname)%00%(upstream:short)%00%(objectname)%00%(upstream:track)%00%(upstream:remotename)%00%(upstream:remoteref) refs/heads/main refs/remotes/main [12ms]
2025-03-12 09:05:17.367 [info] > git config --local branch.main.vscode-merge-base [1ms]
2025-03-12 09:05:17.368 [warning] [Git][config] git config failed: Failed to execute git
2025-03-12 09:05:17.375 [info] > git config --get commit.template [16ms]
2025-03-12 09:05:17.386 [info] > git for-each-ref --format=%(refname)%00%(upstream:short)%00%(objectname)%00%(upstream:track)%00%(upstream:remotename)%00%(upstream:remoteref) refs/heads/main refs/remotes/main [2ms]
2025-03-12 09:05:17.386 [info] > git reflog main --grep-reflog=branch: Created from *. [11ms]
2025-03-12 09:05:17.395 [info] > git symbolic-ref --short refs/remotes/origin/HEAD [1ms]
2025-03-12 09:05:17.395 [info] fatal: ref refs/remotes/origin/HEAD is not a symbolic ref
2025-03-12 09:05:17.395 [warning] [Repository][getDefaultBranch] Failed to get default branch details: Failed to execute git.
2025-03-12 09:05:17.421 [info] > git status -z -uall [9ms]
2025-03-12 09:05:17.421 [info] > git merge-base refs/heads/main refs/remotes/origin/main [17ms]
2025-03-12 09:05:18.143 [info] > git for-each-ref --sort -committerdate --format %(refname) %(objectname) %(*objectname) [723ms]
2025-03-12 09:05:18.161 [info] > git check-ignore -v -z --stdin [0ms]
2025-03-12 09:05:18.162 [info] > git merge-base refs/heads/main refs/remotes/origin/main [9ms]
2025-03-12 09:05:18.169 [info] > git diff --name-status -z --diff-filter=ADMR d6847e17d947fe8949631763027c89baffb94abb...refs/remotes/origin/main [740ms]
2025-03-12 09:05:18.171 [info] > git diff --name-status -z --diff-filter=ADMR d6847e17d947fe8949631763027c89baffb94abb...refs/remotes/origin/main [2ms]
2025-03-12 09:05:18.186 [info] > git show --textconv :index.html [8ms]
2025-03-12 09:05:18.186 [info] > git ls-files --stage -- /home/JakeRA/learning/html/Portfolio/index.html [0ms]
2025-03-12 09:05:18.196 [info] > git cat-file -s 7399a7dd62f41b036f52b216eb4b960bcd848e84 [3ms]
