2025-03-09 15:26:13.686 [info] Reading sessions from keychain...
2025-03-09 15:26:13.686 [info] Getting sessions for all scopes...
2025-03-09 15:26:13.686 [info] Getting sessions for all scopes...
2025-03-09 15:26:13.686 [info] Getting sessions for all scopes...
2025-03-09 15:26:13.686 [info] Got 0 sessions for ...
2025-03-09 15:26:13.686 [info] Got 0 sessions for ...
2025-03-09 15:26:13.686 [info] Got 0 sessions for ...
2025-03-09 15:26:13.686 [info] Getting sessions for user:email...
2025-03-09 15:26:13.686 [info] Got 0 sessions for user:email...
2025-03-09 15:26:13.686 [info] Getting sessions for read:user,repo,user:email,workflow...
2025-03-09 15:26:13.686 [info] Got 0 sessions for read:user,repo,user:email,workflow...
2025-03-09 15:26:13.686 [info] Getting sessions for all scopes...
2025-03-09 15:26:13.686 [info] Got 0 sessions for ...
2025-03-09 15:26:13.686 [info] Getting sessions for all scopes...
2025-03-09 15:26:13.686 [info] Got 0 sessions for ...
2025-03-09 15:26:13.686 [info] Getting sessions for read:user...
2025-03-09 15:26:13.686 [info] Got 0 sessions for read:user...
2025-03-09 15:26:13.693 [info] Getting sessions for user:email...
2025-03-09 15:26:13.693 [info] Got 0 sessions for user:email...
2025-03-09 15:26:13.693 [info] Getting sessions for read:user,repo,user:email,workflow...
2025-03-09 15:26:13.693 [info] Got 0 sessions for read:user,repo,user:email,workflow...
2025-03-09 15:26:13.713 [info] Getting sessions for user:email...
2025-03-09 15:26:13.713 [info] Got 0 sessions for user:email...
2025-03-09 15:26:13.713 [info] Getting sessions for all scopes...
2025-03-09 15:26:13.713 [info] Got 0 sessions for ...
2025-03-09 15:26:13.722 [info] Getting sessions for user:email...
2025-03-09 15:26:13.722 [info] Got 0 sessions for user:email...
2025-03-09 15:26:14.430 [info] Getting sessions for all scopes...
2025-03-09 15:26:14.430 [info] Got 0 sessions for ...
2025-03-09 15:26:14.440 [info] Getting sessions for user:email...
2025-03-09 15:26:14.440 [info] Got 0 sessions for user:email...
2025-03-09 15:26:14.504 [info] Getting sessions for all scopes...
2025-03-09 15:26:14.504 [info] Got 0 sessions for ...
2025-03-09 15:26:14.505 [info] Getting sessions for user:email...
2025-03-09 15:26:14.505 [info] Got 0 sessions for user:email...
2025-03-09 15:26:14.506 [info] Getting sessions for all scopes...
2025-03-09 15:26:14.506 [info] Got 0 sessions for ...
2025-03-09 15:26:14.506 [info] Getting sessions for user:email...
2025-03-09 15:26:14.506 [info] Got 0 sessions for user:email...
2025-03-09 15:26:15.071 [info] Getting sessions for all scopes...
2025-03-09 15:26:15.071 [info] Got 0 sessions for ...
