2025-03-10 12:50:00.341 [info] [main] Log level: Info
2025-03-10 12:50:00.341 [info] [main] Validating found git in: "git"
2025-03-10 12:50:00.341 [info] [main] Using git "2.48.1" from "git"
2025-03-10 12:50:00.341 [info] [Model][doInitialScan] Initial repository scan started
2025-03-10 12:50:00.341 [info] > git rev-parse --show-toplevel [2ms]
2025-03-10 12:50:00.345 [info] > git rev-parse --git-dir --git-common-dir [0ms]
2025-03-10 12:50:00.350 [info] [Model][openRepository] Opened repository: /home/JakeRA/learning/html/Portfolio
2025-03-10 12:50:00.358 [info] > git config --get commit.template [3ms]
2025-03-10 12:50:00.359 [info] > git rev-parse --show-toplevel [2ms]
2025-03-10 12:50:00.395 [info] > git rev-parse --show-toplevel [30ms]
2025-03-10 12:50:00.397 [info] [Model][doInitialScan] Initial repository scan completed - repositories (1), closed repositories (0), parent repositories (0), unsafe repositories (0)
2025-03-10 12:50:00.397 [info] > git for-each-ref --format=%(refname)%00%(upstream:short)%00%(objectname)%00%(upstream:track)%00%(upstream:remotename)%00%(upstream:remoteref) refs/heads/main refs/remotes/main [35ms]
2025-03-10 12:50:01.084 [info] > git show --textconv :index.html [24ms]
2025-03-10 12:50:01.085 [info] > git ls-files --stage -- /home/JakeRA/learning/html/Portfolio/index.html [17ms]
2025-03-10 12:50:01.112 [info] > git status -z -uall [9ms]
2025-03-10 12:50:01.113 [info] > git cat-file -s 7399a7dd62f41b036f52b216eb4b960bcd848e84 [20ms]
2025-03-10 12:50:01.115 [info] > git for-each-ref --sort -committerdate --format %(refname) %(objectname) %(*objectname) [4ms]
2025-03-10 12:50:01.135 [info] > git for-each-ref --format=%(refname)%00%(upstream:short)%00%(objectname)%00%(upstream:track)%00%(upstream:remotename)%00%(upstream:remoteref) refs/heads/main refs/remotes/main [10ms]
2025-03-10 12:50:01.146 [info] > git config --local branch.main.vscode-merge-base [3ms]
2025-03-10 12:50:01.146 [warning] [Git][config] git config failed: Failed to execute git
2025-03-10 12:50:01.155 [info] > git config --get commit.template [21ms]
2025-03-10 12:50:01.164 [info] > git for-each-ref --format=%(refname)%00%(upstream:short)%00%(objectname)%00%(upstream:track)%00%(upstream:remotename)%00%(upstream:remoteref) refs/heads/main refs/remotes/main [1ms]
2025-03-10 12:50:01.181 [info] > git status -z -uall [8ms]
2025-03-10 12:50:01.181 [info] > git reflog main --grep-reflog=branch: Created from *. [26ms]
2025-03-10 12:50:01.189 [info] > git for-each-ref --sort -committerdate --format %(refname) %(objectname) %(*objectname) [8ms]
2025-03-10 12:50:01.198 [info] > git for-each-ref --format=%(refname)%00%(upstream:short)%00%(objectname)%00%(upstream:track)%00%(upstream:remotename)%00%(upstream:remoteref) refs/heads/main refs/remotes/main [1ms]
2025-03-10 12:50:01.206 [info] > git symbolic-ref --short refs/remotes/origin/HEAD [17ms]
2025-03-10 12:50:01.206 [info] fatal: ref refs/remotes/origin/HEAD is not a symbolic ref
2025-03-10 12:50:01.206 [warning] [Repository][getDefaultBranch] Failed to get default branch details: Failed to execute git.
2025-03-10 12:50:01.217 [info] > git merge-base refs/heads/main refs/remotes/origin/main [1ms]
2025-03-10 12:50:01.226 [info] > git config --local branch.main.vscode-merge-base [20ms]
2025-03-10 12:50:01.226 [warning] [Git][config] git config failed: Failed to execute git
2025-03-10 12:50:01.240 [info] > git reflog main --grep-reflog=branch: Created from *. [4ms]
2025-03-10 12:50:01.248 [info] > git diff --name-status -z --diff-filter=ADMR d6847e17d947fe8949631763027c89baffb94abb...refs/remotes/origin/main [22ms]
2025-03-10 12:50:01.250 [info] > git symbolic-ref --short refs/remotes/origin/HEAD [1ms]
2025-03-10 12:50:01.250 [info] fatal: ref refs/remotes/origin/HEAD is not a symbolic ref
2025-03-10 12:50:01.250 [warning] [Repository][getDefaultBranch] Failed to get default branch details: Failed to execute git.
2025-03-10 12:50:02.031 [info] > git check-ignore -v -z --stdin [9ms]
