2025-03-12 09:05:45.198 [info] Reading sessions from keychain...
2025-03-12 09:05:45.198 [info] Getting sessions for all scopes...
2025-03-12 09:05:45.198 [info] Getting sessions for all scopes...
2025-03-12 09:05:45.198 [info] Getting sessions for all scopes...
2025-03-12 09:05:45.198 [info] Getting sessions for user:email...
2025-03-12 09:05:45.199 [info] Got 0 sessions for ...
2025-03-12 09:05:45.199 [info] Got 0 sessions for ...
2025-03-12 09:05:45.199 [info] Got 0 sessions for ...
2025-03-12 09:05:45.199 [info] Got 0 sessions for user:email...
2025-03-12 09:05:46.042 [info] Getting sessions for read:user,repo,user:email,workflow...
2025-03-12 09:05:46.042 [info] Got 0 sessions for read:user,repo,user:email,workflow...
2025-03-12 09:05:46.042 [info] Getting sessions for all scopes...
2025-03-12 09:05:46.042 [info] Got 0 sessions for ...
2025-03-12 09:05:46.042 [info] Getting sessions for all scopes...
2025-03-12 09:05:46.042 [info] Got 0 sessions for ...
2025-03-12 09:05:46.066 [info] Getting sessions for read:user...
2025-03-12 09:05:46.066 [info] Got 0 sessions for read:user...
2025-03-12 09:05:46.066 [info] Getting sessions for user:email...
2025-03-12 09:05:46.066 [info] Got 0 sessions for user:email...
2025-03-12 09:05:46.066 [info] Getting sessions for read:user,repo,user:email,workflow...
2025-03-12 09:05:46.066 [info] Got 0 sessions for read:user,repo,user:email,workflow...
2025-03-12 09:05:46.086 [info] Getting sessions for user:email...
2025-03-12 09:05:46.086 [info] Got 0 sessions for user:email...
2025-03-12 09:05:46.088 [info] Getting sessions for all scopes...
2025-03-12 09:05:46.088 [info] Got 0 sessions for ...
2025-03-12 09:05:46.120 [info] Getting sessions for read:user,repo,user:email,workflow...
2025-03-12 09:05:46.120 [info] Got 0 sessions for read:user,repo,user:email,workflow...
2025-03-12 09:05:46.130 [info] Getting sessions for user:email...
2025-03-12 09:05:46.130 [info] Got 0 sessions for user:email...
2025-03-12 09:05:46.161 [info] Getting sessions for all scopes...
2025-03-12 09:05:46.161 [info] Got 0 sessions for ...
2025-03-12 09:05:46.981 [info] Getting sessions for user:email...
2025-03-12 09:05:46.981 [info] Got 0 sessions for user:email...
2025-03-12 09:05:46.981 [info] Getting sessions for all scopes...
2025-03-12 09:05:46.981 [info] Got 0 sessions for ...
2025-03-12 09:05:46.987 [info] Getting sessions for user:email...
2025-03-12 09:05:46.987 [info] Got 0 sessions for user:email...
2025-03-12 09:05:46.988 [info] Getting sessions for all scopes...
2025-03-12 09:05:46.988 [info] Got 0 sessions for ...
2025-03-12 09:05:46.990 [info] Getting sessions for user:email...
2025-03-12 09:05:46.990 [info] Got 0 sessions for user:email...
2025-03-12 09:05:47.094 [info] Getting sessions for all scopes...
2025-03-12 09:05:47.094 [info] Got 0 sessions for ...
2025-03-12 09:20:46.998 [info] Getting sessions for all scopes...
2025-03-12 09:20:46.998 [info] Got 0 sessions for ...
2025-03-12 09:20:47.001 [info] Getting sessions for user:email...
2025-03-12 09:20:47.001 [info] Got 0 sessions for user:email...
2025-03-12 09:20:47.037 [info] Getting sessions for all scopes...
2025-03-12 09:20:47.037 [info] Got 0 sessions for ...
2025-03-12 09:20:47.038 [info] Getting sessions for user:email...
2025-03-12 09:20:47.038 [info] Got 0 sessions for user:email...
2025-03-12 09:35:47.044 [info] Getting sessions for all scopes...
2025-03-12 09:35:47.044 [info] Got 0 sessions for ...
2025-03-12 09:35:47.046 [info] Getting sessions for user:email...
2025-03-12 09:35:47.046 [info] Got 0 sessions for user:email...
2025-03-12 09:35:47.049 [info] Getting sessions for all scopes...
2025-03-12 09:35:47.049 [info] Got 0 sessions for ...
2025-03-12 09:35:47.051 [info] Getting sessions for user:email...
2025-03-12 09:35:47.051 [info] Got 0 sessions for user:email...
2025-03-12 09:50:47.056 [info] Getting sessions for all scopes...
2025-03-12 09:50:47.057 [info] Got 0 sessions for ...
2025-03-12 09:50:47.060 [info] Getting sessions for user:email...
2025-03-12 09:50:47.060 [info] Got 0 sessions for user:email...
2025-03-12 09:50:47.088 [info] Getting sessions for all scopes...
2025-03-12 09:50:47.088 [info] Got 0 sessions for ...
2025-03-12 09:50:47.089 [info] Getting sessions for user:email...
2025-03-12 09:50:47.089 [info] Got 0 sessions for user:email...
2025-03-12 10:05:47.093 [info] Getting sessions for all scopes...
2025-03-12 10:05:47.093 [info] Got 0 sessions for ...
2025-03-12 10:05:47.096 [info] Getting sessions for user:email...
2025-03-12 10:05:47.096 [info] Got 0 sessions for user:email...
2025-03-12 10:05:47.098 [info] Getting sessions for all scopes...
2025-03-12 10:05:47.098 [info] Got 0 sessions for ...
2025-03-12 10:05:47.101 [info] Getting sessions for user:email...
2025-03-12 10:05:47.101 [info] Got 0 sessions for user:email...
2025-03-12 10:20:47.107 [info] Getting sessions for all scopes...
2025-03-12 10:20:47.107 [info] Got 0 sessions for ...
2025-03-12 10:20:47.111 [info] Getting sessions for user:email...
2025-03-12 10:20:47.111 [info] Got 0 sessions for user:email...
2025-03-12 10:20:47.114 [info] Getting sessions for all scopes...
2025-03-12 10:20:47.114 [info] Got 0 sessions for ...
2025-03-12 10:20:47.116 [info] Getting sessions for user:email...
2025-03-12 10:20:47.116 [info] Got 0 sessions for user:email...
