2025-03-14 10:32:14.649 [info] Reading sessions from keychain...
2025-03-14 10:32:14.649 [info] Getting sessions for all scopes...
2025-03-14 10:32:14.649 [info] Getting sessions for all scopes...
2025-03-14 10:32:14.649 [info] Getting sessions for all scopes...
2025-03-14 10:32:14.649 [info] Getting sessions for user:email...
2025-03-14 10:32:14.649 [info] Got 0 sessions for ...
2025-03-14 10:32:14.649 [info] Got 0 sessions for ...
2025-03-14 10:32:14.649 [info] Got 0 sessions for ...
2025-03-14 10:32:14.649 [info] Got 0 sessions for user:email...
2025-03-14 10:32:14.649 [info] Getting sessions for user:email...
2025-03-14 10:32:14.649 [info] Got 0 sessions for user:email...
2025-03-14 10:32:14.649 [info] Getting sessions for user:email...
2025-03-14 10:32:14.649 [info] Got 0 sessions for user:email...
2025-03-14 10:32:15.491 [info] Getting sessions for read:user,repo,user:email,workflow...
2025-03-14 10:32:15.491 [info] Got 0 sessions for read:user,repo,user:email,workflow...
2025-03-14 10:32:15.491 [info] Getting sessions for all scopes...
2025-03-14 10:32:15.491 [info] Got 0 sessions for ...
2025-03-14 10:32:15.491 [info] Getting sessions for all scopes...
2025-03-14 10:32:15.491 [info] Got 0 sessions for ...
2025-03-14 10:32:15.496 [info] Getting sessions for read:user...
2025-03-14 10:32:15.496 [info] Got 0 sessions for read:user...
2025-03-14 10:32:15.497 [info] Getting sessions for user:email...
2025-03-14 10:32:15.497 [info] Got 0 sessions for user:email...
2025-03-14 10:32:15.497 [info] Getting sessions for read:user,repo,user:email,workflow...
2025-03-14 10:32:15.497 [info] Got 0 sessions for read:user,repo,user:email,workflow...
2025-03-14 10:32:15.498 [info] Getting sessions for user:email...
2025-03-14 10:32:15.498 [info] Got 0 sessions for user:email...
2025-03-14 10:32:15.498 [info] Getting sessions for all scopes...
2025-03-14 10:32:15.498 [info] Got 0 sessions for ...
2025-03-14 10:32:15.503 [info] Getting sessions for user:email...
2025-03-14 10:32:15.503 [info] Got 0 sessions for user:email...
2025-03-14 10:32:16.242 [info] Getting sessions for all scopes...
2025-03-14 10:32:16.242 [info] Got 0 sessions for ...
2025-03-14 10:32:16.244 [info] Getting sessions for user:email...
2025-03-14 10:32:16.244 [info] Got 0 sessions for user:email...
2025-03-14 10:32:16.360 [info] Getting sessions for all scopes...
2025-03-14 10:32:16.360 [info] Got 0 sessions for ...
2025-03-14 10:32:16.360 [info] Getting sessions for user:email...
2025-03-14 10:32:16.360 [info] Got 0 sessions for user:email...
2025-03-14 10:32:16.361 [info] Getting sessions for all scopes...
2025-03-14 10:32:16.361 [info] Got 0 sessions for ...
2025-03-14 10:32:16.361 [info] Getting sessions for user:email...
2025-03-14 10:32:16.361 [info] Got 0 sessions for user:email...
2025-03-14 10:32:16.482 [info] Getting sessions for all scopes...
2025-03-14 10:32:16.482 [info] Got 0 sessions for ...
