2025-03-03 14:49:50.513 [info] Using settings sync service https://vscode-sync.trafficmanager.net/
2025-03-03 14:49:50.514 [info] Auto Sync is enabled.
2025-03-03 14:49:50.514 [info] Auto Sync: Suspended until auth token is available.
2025-03-03 14:49:50.957 [info] Auto Sync: Triggered by Interval
2025-03-03 14:49:50.957 [info] Sync started.
2025-03-03 14:49:51.782 [info] Settings: No changes found during synchronizing settings.
2025-03-03 14:49:51.790 [info] Keybindings: No changes found during synchronizing keybindings.
2025-03-03 14:49:51.793 [info] Snippets: No changes found during synchronizing snippets.
2025-03-03 14:49:51.794 [info] Tasks: No changes found during synchronizing tasks.
2025-03-03 14:49:51.797 [info] GlobalState: No changes found during synchronizing ui state.
2025-03-03 14:49:51.818 [info] Extensions: No changes found during synchronizing extensions.
2025-03-03 14:49:51.819 [info] Profiles: No changes found during synchronizing profiles.
2025-03-03 14:49:51.820 [info] Sync done. Took 864ms
2025-03-03 14:54:51.825 [info] Auto Sync: Triggered by Interval
2025-03-03 14:54:51.826 [info] Sync started.
2025-03-03 14:54:53.107 [info] Settings: No changes found during synchronizing settings.
2025-03-03 14:54:53.111 [info] Keybindings: No changes found during synchronizing keybindings.
2025-03-03 14:54:53.120 [info] Snippets: No changes found during synchronizing snippets.
2025-03-03 14:54:53.123 [info] Tasks: No changes found during synchronizing tasks.
2025-03-03 14:54:53.127 [info] GlobalState: No changes found during synchronizing ui state.
2025-03-03 14:54:53.156 [info] Extensions: No changes found during synchronizing extensions.
2025-03-03 14:54:53.157 [info] Profiles: No changes found during synchronizing profiles.
2025-03-03 14:54:53.158 [info] Sync done. Took 1335ms
