2025-03-03 14:55:43.179 [info] Using settings sync service https://vscode-sync.trafficmanager.net/
2025-03-03 14:55:43.179 [info] Auto Sync is enabled.
2025-03-03 14:55:43.179 [info] Auto Sync: Suspended until auth token is available.
2025-03-03 14:55:43.713 [info] Auto Sync: Triggered by Interval
2025-03-03 14:55:43.714 [info] Sync started.
2025-03-03 14:55:45.472 [info] Settings: No changes found during synchronizing settings.
2025-03-03 14:55:45.492 [info] Keybindings: No changes found during synchronizing keybindings.
2025-03-03 14:55:45.503 [info] Snippets: No changes found during synchronizing snippets.
2025-03-03 14:55:45.504 [info] Tasks: No changes found during synchronizing tasks.
2025-03-03 14:55:45.507 [info] GlobalState: No changes found during synchronizing ui state.
2025-03-03 14:55:45.531 [info] Extensions: No changes found during synchronizing extensions.
2025-03-03 14:55:45.541 [info] Profiles: No changes found during synchronizing profiles.
2025-03-03 14:55:45.543 [info] Sync done. Took 1831ms
2025-03-03 14:56:10.474 [info] Auto Sync: Triggered by Activity
2025-03-03 14:56:10.474 [info] Sync started.
2025-03-03 14:56:10.833 [info] Settings: No changes found during synchronizing settings.
2025-03-03 14:56:10.838 [info] Keybindings: No changes found during synchronizing keybindings.
2025-03-03 14:56:10.841 [info] Snippets: No changes found during synchronizing snippets.
2025-03-03 14:56:10.843 [info] Tasks: No changes found during synchronizing tasks.
2025-03-03 14:56:10.848 [info] GlobalState: No changes found during synchronizing ui state.
2025-03-03 14:56:10.890 [info] Extensions: No changes found during synchronizing extensions.
2025-03-03 14:56:10.891 [info] Profiles: No changes found during synchronizing profiles.
2025-03-03 14:56:10.892 [info] Sync done. Took 420ms
2025-03-03 14:56:46.081 [info] Auto Sync: Triggered by Activity
2025-03-03 14:56:46.082 [info] Sync started.
2025-03-03 14:56:46.373 [info] Settings: No changes found during synchronizing settings.
2025-03-03 14:56:46.379 [info] Keybindings: No changes found during synchronizing keybindings.
2025-03-03 14:56:46.384 [info] Snippets: No changes found during synchronizing snippets.
2025-03-03 14:56:46.388 [info] Tasks: No changes found during synchronizing tasks.
2025-03-03 14:56:46.392 [info] GlobalState: No changes found during synchronizing ui state.
2025-03-03 14:56:46.427 [info] Extensions: No changes found during synchronizing extensions.
2025-03-03 14:56:46.428 [info] Profiles: No changes found during synchronizing profiles.
2025-03-03 14:56:46.429 [info] Sync done. Took 349ms
2025-03-03 14:57:12.067 [info] Auto Sync: Triggered by Activity
2025-03-03 14:57:12.067 [info] Sync started.
2025-03-03 14:57:12.485 [info] Settings: No changes found during synchronizing settings.
2025-03-03 14:57:12.490 [info] Keybindings: No changes found during synchronizing keybindings.
2025-03-03 14:57:12.495 [info] Snippets: No changes found during synchronizing snippets.
2025-03-03 14:57:12.500 [info] Tasks: No changes found during synchronizing tasks.
2025-03-03 14:57:12.504 [info] GlobalState: No changes found during synchronizing ui state.
2025-03-03 14:57:12.552 [info] Extensions: No changes found during synchronizing extensions.
2025-03-03 14:57:12.552 [info] Profiles: No changes found during synchronizing profiles.
2025-03-03 14:57:12.553 [info] Sync done. Took 487ms
2025-03-03 14:57:28.328 [info] Auto Sync: Triggered by Activity
2025-03-03 14:57:28.329 [info] Sync started.
2025-03-03 14:57:28.663 [info] Settings: No changes found during synchronizing settings.
2025-03-03 14:57:28.667 [info] Keybindings: No changes found during synchronizing keybindings.
2025-03-03 14:57:28.671 [info] Snippets: No changes found during synchronizing snippets.
2025-03-03 14:57:28.674 [info] Tasks: No changes found during synchronizing tasks.
2025-03-03 14:57:28.678 [info] GlobalState: No changes found during synchronizing ui state.
2025-03-03 14:57:28.718 [info] Extensions: No changes found during synchronizing extensions.
2025-03-03 14:57:28.719 [info] Profiles: No changes found during synchronizing profiles.
2025-03-03 14:57:28.720 [info] Sync done. Took 393ms
2025-03-03 14:58:21.836 [info] Auto Sync: Triggered by Activity
2025-03-03 14:58:21.836 [info] Sync started.
2025-03-03 14:58:22.117 [info] Settings: No changes found during synchronizing settings.
2025-03-03 14:58:22.123 [info] Keybindings: No changes found during synchronizing keybindings.
2025-03-03 14:58:22.129 [info] Snippets: No changes found during synchronizing snippets.
2025-03-03 14:58:22.133 [info] Tasks: No changes found during synchronizing tasks.
2025-03-03 14:58:22.136 [info] GlobalState: No changes found during synchronizing ui state.
2025-03-03 14:58:22.164 [info] Extensions: No changes found during synchronizing extensions.
2025-03-03 14:58:22.166 [info] Profiles: No changes found during synchronizing profiles.
2025-03-03 14:58:22.166 [info] Sync done. Took 333ms
2025-03-03 14:59:04.099 [info] Auto Sync: Triggered by Activity
2025-03-03 14:59:04.099 [info] Sync started.
2025-03-03 14:59:04.305 [info] Settings: No changes found during synchronizing settings.
2025-03-03 14:59:04.310 [info] Keybindings: No changes found during synchronizing keybindings.
2025-03-03 14:59:04.316 [info] Snippets: No changes found during synchronizing snippets.
2025-03-03 14:59:04.320 [info] Tasks: No changes found during synchronizing tasks.
2025-03-03 14:59:04.325 [info] GlobalState: No changes found during synchronizing ui state.
2025-03-03 14:59:04.357 [info] Extensions: No changes found during synchronizing extensions.
2025-03-03 14:59:04.361 [info] Profiles: No changes found during synchronizing profiles.
2025-03-03 14:59:04.362 [info] Sync done. Took 265ms
2025-03-03 14:59:19.963 [info] Auto Sync: Triggered by Activity
2025-03-03 14:59:19.963 [info] Sync started.
2025-03-03 14:59:20.178 [info] Settings: No changes found during synchronizing settings.
2025-03-03 14:59:20.182 [info] Keybindings: No changes found during synchronizing keybindings.
2025-03-03 14:59:20.186 [info] Snippets: No changes found during synchronizing snippets.
2025-03-03 14:59:20.189 [info] Tasks: No changes found during synchronizing tasks.
2025-03-03 14:59:20.191 [info] GlobalState: No changes found during synchronizing ui state.
2025-03-03 14:59:20.220 [info] Extensions: No changes found during synchronizing extensions.
2025-03-03 14:59:20.221 [info] Profiles: No changes found during synchronizing profiles.
2025-03-03 14:59:20.222 [info] Sync done. Took 261ms
2025-03-03 15:02:17.443 [info] Auto Sync: Triggered by Activity
2025-03-03 15:02:17.444 [info] Sync started.
2025-03-03 15:02:18.455 [info] Settings: No changes found during synchronizing settings.
2025-03-03 15:02:18.460 [info] Keybindings: No changes found during synchronizing keybindings.
2025-03-03 15:02:18.465 [info] Snippets: No changes found during synchronizing snippets.
2025-03-03 15:02:18.468 [info] Tasks: No changes found during synchronizing tasks.
2025-03-03 15:02:18.472 [info] GlobalState: No changes found during synchronizing ui state.
2025-03-03 15:02:18.501 [info] Extensions: No changes found during synchronizing extensions.
2025-03-03 15:02:18.502 [info] Profiles: No changes found during synchronizing profiles.
2025-03-03 15:02:18.502 [info] Sync done. Took 1061ms
2025-03-03 15:03:22.379 [info] Auto Sync: Triggered by Activity
2025-03-03 15:03:22.379 [info] Sync started.
2025-03-03 15:03:22.657 [info] Settings: No changes found during synchronizing settings.
2025-03-03 15:03:22.661 [info] Keybindings: No changes found during synchronizing keybindings.
2025-03-03 15:03:22.664 [info] Snippets: No changes found during synchronizing snippets.
2025-03-03 15:03:22.667 [info] Tasks: No changes found during synchronizing tasks.
2025-03-03 15:03:22.671 [info] GlobalState: No changes found during synchronizing ui state.
2025-03-03 15:03:22.714 [info] Extensions: No changes found during synchronizing extensions.
2025-03-03 15:03:22.716 [info] Profiles: No changes found during synchronizing profiles.
2025-03-03 15:03:22.717 [info] Sync done. Took 341ms
2025-03-03 15:04:19.410 [info] Auto Sync: Triggered by Activity
2025-03-03 15:04:19.410 [info] Sync started.
2025-03-03 15:04:19.798 [info] Settings: No changes found during synchronizing settings.
2025-03-03 15:04:19.803 [info] Keybindings: No changes found during synchronizing keybindings.
2025-03-03 15:04:19.808 [info] Snippets: No changes found during synchronizing snippets.
2025-03-03 15:04:19.813 [info] Tasks: No changes found during synchronizing tasks.
2025-03-03 15:04:19.820 [info] GlobalState: No changes found during synchronizing ui state.
2025-03-03 15:04:19.860 [info] Extensions: No changes found during synchronizing extensions.
2025-03-03 15:04:19.861 [info] Profiles: No changes found during synchronizing profiles.
2025-03-03 15:04:19.862 [info] Sync done. Took 454ms
2025-03-03 15:05:13.267 [info] Auto Sync: Triggered by Activity
2025-03-03 15:05:13.268 [info] Sync started.
2025-03-03 15:05:13.552 [info] Settings: No changes found during synchronizing settings.
2025-03-03 15:05:13.557 [info] Keybindings: No changes found during synchronizing keybindings.
2025-03-03 15:05:13.562 [info] Snippets: No changes found during synchronizing snippets.
2025-03-03 15:05:13.565 [info] Tasks: No changes found during synchronizing tasks.
2025-03-03 15:05:13.569 [info] GlobalState: No changes found during synchronizing ui state.
2025-03-03 15:05:13.612 [info] Extensions: No changes found during synchronizing extensions.
2025-03-03 15:05:13.612 [info] Profiles: No changes found during synchronizing profiles.
2025-03-03 15:05:13.613 [info] Sync done. Took 347ms
2025-03-03 15:05:38.700 [info] Auto Sync: Triggered by Activity
2025-03-03 15:05:38.700 [info] Sync started.
2025-03-03 15:05:38.954 [info] Settings: No changes found during synchronizing settings.
2025-03-03 15:05:38.960 [info] Keybindings: No changes found during synchronizing keybindings.
2025-03-03 15:05:38.965 [info] Snippets: No changes found during synchronizing snippets.
2025-03-03 15:05:38.968 [info] Tasks: No changes found during synchronizing tasks.
2025-03-03 15:05:38.972 [info] GlobalState: No changes found during synchronizing ui state.
2025-03-03 15:05:39.004 [info] Extensions: No changes found during synchronizing extensions.
2025-03-03 15:05:39.006 [info] Profiles: No changes found during synchronizing profiles.
2025-03-03 15:05:39.007 [info] Sync done. Took 310ms
2025-03-03 15:05:57.347 [info] Auto Sync: Triggered by Activity
2025-03-03 15:05:57.348 [info] Sync started.
2025-03-03 15:05:57.692 [info] Settings: No changes found during synchronizing settings.
2025-03-03 15:05:57.696 [info] Keybindings: No changes found during synchronizing keybindings.
2025-03-03 15:05:57.700 [info] Snippets: No changes found during synchronizing snippets.
2025-03-03 15:05:57.703 [info] Tasks: No changes found during synchronizing tasks.
2025-03-03 15:05:57.705 [info] GlobalState: No changes found during synchronizing ui state.
2025-03-03 15:05:57.743 [info] Extensions: No changes found during synchronizing extensions.
2025-03-03 15:05:57.744 [info] Profiles: No changes found during synchronizing profiles.
2025-03-03 15:05:57.745 [info] Sync done. Took 400ms
2025-03-03 15:07:00.348 [info] Auto Sync: Triggered by Activity
2025-03-03 15:07:00.348 [info] Sync started.
2025-03-03 15:07:01.049 [info] Settings: No changes found during synchronizing settings.
2025-03-03 15:07:01.053 [info] Keybindings: No changes found during synchronizing keybindings.
2025-03-03 15:07:01.056 [info] Snippets: No changes found during synchronizing snippets.
2025-03-03 15:07:01.059 [info] Tasks: No changes found during synchronizing tasks.
2025-03-03 15:07:01.063 [info] GlobalState: No changes found during synchronizing ui state.
2025-03-03 15:07:01.092 [info] Extensions: No changes found during synchronizing extensions.
2025-03-03 15:07:01.093 [info] Profiles: No changes found during synchronizing profiles.
2025-03-03 15:07:01.094 [info] Sync done. Took 749ms
2025-03-03 15:07:13.434 [info] Auto Sync: Triggered by Activity
2025-03-03 15:07:13.435 [info] Sync started.
2025-03-03 15:07:13.776 [info] Settings: No changes found during synchronizing settings.
2025-03-03 15:07:13.781 [info] Keybindings: No changes found during synchronizing keybindings.
2025-03-03 15:07:13.785 [info] Snippets: No changes found during synchronizing snippets.
2025-03-03 15:07:13.788 [info] Tasks: No changes found during synchronizing tasks.
2025-03-03 15:07:13.790 [info] GlobalState: No changes found during synchronizing ui state.
2025-03-03 15:07:13.824 [info] Extensions: No changes found during synchronizing extensions.
2025-03-03 15:07:13.824 [info] Profiles: No changes found during synchronizing profiles.
2025-03-03 15:07:13.825 [info] Sync done. Took 392ms
2025-03-03 15:07:28.882 [info] Auto Sync: Triggered by Activity
2025-03-03 15:07:28.882 [info] Sync started.
2025-03-03 15:07:29.029 [info] Settings: No changes found during synchronizing settings.
2025-03-03 15:07:29.032 [info] Keybindings: No changes found during synchronizing keybindings.
2025-03-03 15:07:29.038 [info] Snippets: No changes found during synchronizing snippets.
2025-03-03 15:07:29.042 [info] Tasks: No changes found during synchronizing tasks.
2025-03-03 15:07:29.047 [info] GlobalState: No changes found during synchronizing ui state.
2025-03-03 15:07:29.080 [info] Extensions: No changes found during synchronizing extensions.
2025-03-03 15:07:29.081 [info] Profiles: No changes found during synchronizing profiles.
2025-03-03 15:07:29.082 [info] Sync done. Took 203ms
2025-03-03 15:07:50.351 [info] Auto Sync: Triggered by Activity
2025-03-03 15:07:50.351 [info] Sync started.
2025-03-03 15:07:50.639 [info] Settings: No changes found during synchronizing settings.
2025-03-03 15:07:50.644 [info] Keybindings: No changes found during synchronizing keybindings.
2025-03-03 15:07:50.649 [info] Snippets: No changes found during synchronizing snippets.
2025-03-03 15:07:50.653 [info] Tasks: No changes found during synchronizing tasks.
2025-03-03 15:07:50.658 [info] GlobalState: No changes found during synchronizing ui state.
2025-03-03 15:07:50.693 [info] Extensions: No changes found during synchronizing extensions.
2025-03-03 15:07:50.694 [info] Profiles: No changes found during synchronizing profiles.
2025-03-03 15:07:50.695 [info] Sync done. Took 346ms
2025-03-03 15:08:23.371 [info] Auto Sync: Triggered by Activity
2025-03-03 15:08:23.372 [info] Sync started.
2025-03-03 15:08:24.533 [info] Settings: No changes found during synchronizing settings.
2025-03-03 15:08:24.539 [info] Keybindings: No changes found during synchronizing keybindings.
2025-03-03 15:08:24.544 [info] Snippets: No changes found during synchronizing snippets.
2025-03-03 15:08:24.548 [info] Tasks: No changes found during synchronizing tasks.
2025-03-03 15:08:24.552 [info] GlobalState: No changes found during synchronizing ui state.
2025-03-03 15:08:24.595 [info] Extensions: No changes found during synchronizing extensions.
2025-03-03 15:08:24.596 [info] Profiles: No changes found during synchronizing profiles.
2025-03-03 15:08:24.597 [info] Sync done. Took 1228ms
2025-03-03 15:09:38.098 [info] Auto Sync: Triggered by Activity
2025-03-03 15:09:38.098 [info] Sync started.
2025-03-03 15:09:38.364 [info] Settings: No changes found during synchronizing settings.
2025-03-03 15:09:38.369 [info] Keybindings: No changes found during synchronizing keybindings.
2025-03-03 15:09:38.374 [info] Snippets: No changes found during synchronizing snippets.
2025-03-03 15:09:38.377 [info] Tasks: No changes found during synchronizing tasks.
2025-03-03 15:09:38.383 [info] GlobalState: No changes found during synchronizing ui state.
2025-03-03 15:09:38.420 [info] Extensions: No changes found during synchronizing extensions.
2025-03-03 15:09:38.421 [info] Profiles: No changes found during synchronizing profiles.
2025-03-03 15:09:38.422 [info] Sync done. Took 326ms
2025-03-03 15:14:38.478 [info] Auto Sync: Triggered by Interval
2025-03-03 15:14:38.479 [info] Sync started.
2025-03-03 15:14:38.909 [info] Settings: No changes found during synchronizing settings.
2025-03-03 15:14:38.913 [info] Keybindings: No changes found during synchronizing keybindings.
2025-03-03 15:14:38.919 [info] Snippets: No changes found during synchronizing snippets.
2025-03-03 15:14:38.922 [info] Tasks: No changes found during synchronizing tasks.
2025-03-03 15:14:38.925 [info] GlobalState: No changes found during synchronizing ui state.
2025-03-03 15:14:38.963 [info] Extensions: No changes found during synchronizing extensions.
2025-03-03 15:14:38.964 [info] Profiles: No changes found during synchronizing profiles.
2025-03-03 15:14:38.964 [info] Sync done. Took 488ms
2025-03-03 15:19:39.022 [info] Auto Sync: Triggered by Interval
2025-03-03 15:19:39.022 [info] Sync started.
2025-03-03 15:19:39.556 [info] Settings: No changes found during synchronizing settings.
2025-03-03 15:19:39.560 [info] Keybindings: No changes found during synchronizing keybindings.
2025-03-03 15:19:39.564 [info] Snippets: No changes found during synchronizing snippets.
2025-03-03 15:19:39.566 [info] Tasks: No changes found during synchronizing tasks.
2025-03-03 15:19:39.571 [info] GlobalState: No changes found during synchronizing ui state.
2025-03-03 15:19:39.597 [info] Extensions: No changes found during synchronizing extensions.
2025-03-03 15:19:39.597 [info] Profiles: No changes found during synchronizing profiles.
2025-03-03 15:19:39.598 [info] Sync done. Took 578ms
2025-03-03 15:24:39.651 [info] Auto Sync: Triggered by Interval
2025-03-03 15:24:39.652 [info] Sync started.
2025-03-03 15:24:40.207 [info] Settings: No changes found during synchronizing settings.
2025-03-03 15:24:40.212 [info] Keybindings: No changes found during synchronizing keybindings.
2025-03-03 15:24:40.217 [info] Snippets: No changes found during synchronizing snippets.
2025-03-03 15:24:40.221 [info] Tasks: No changes found during synchronizing tasks.
2025-03-03 15:24:40.225 [info] GlobalState: No changes found during synchronizing ui state.
2025-03-03 15:24:40.263 [info] Extensions: No changes found during synchronizing extensions.
2025-03-03 15:24:40.264 [info] Profiles: No changes found during synchronizing profiles.
2025-03-03 15:24:40.264 [info] Sync done. Took 615ms
2025-03-03 15:29:40.323 [info] Auto Sync: Triggered by Interval
2025-03-03 15:29:40.324 [info] Sync started.
2025-03-03 15:29:41.156 [info] Settings: No changes found during synchronizing settings.
2025-03-03 15:29:41.161 [info] Keybindings: No changes found during synchronizing keybindings.
2025-03-03 15:29:41.164 [info] Snippets: No changes found during synchronizing snippets.
2025-03-03 15:29:41.167 [info] Tasks: No changes found during synchronizing tasks.
2025-03-03 15:29:41.170 [info] GlobalState: No changes found during synchronizing ui state.
2025-03-03 15:29:41.208 [info] Extensions: No changes found during synchronizing extensions.
2025-03-03 15:29:41.210 [info] Profiles: No changes found during synchronizing profiles.
2025-03-03 15:29:41.211 [info] Sync done. Took 891ms
2025-03-03 15:34:41.269 [info] Auto Sync: Triggered by Interval
2025-03-03 15:34:41.269 [info] Sync started.
2025-03-03 15:34:41.802 [info] Settings: No changes found during synchronizing settings.
2025-03-03 15:34:41.807 [info] Keybindings: No changes found during synchronizing keybindings.
2025-03-03 15:34:41.810 [info] Snippets: No changes found during synchronizing snippets.
2025-03-03 15:34:41.813 [info] Tasks: No changes found during synchronizing tasks.
2025-03-03 15:34:41.815 [info] GlobalState: No changes found during synchronizing ui state.
2025-03-03 15:34:41.844 [info] Extensions: No changes found during synchronizing extensions.
2025-03-03 15:34:41.845 [info] Profiles: No changes found during synchronizing profiles.
2025-03-03 15:34:41.845 [info] Sync done. Took 577ms
2025-03-03 15:39:41.901 [info] Auto Sync: Triggered by Interval
2025-03-03 15:39:41.902 [info] Sync started.
2025-03-03 15:39:42.349 [info] Settings: No changes found during synchronizing settings.
2025-03-03 15:39:42.354 [info] Keybindings: No changes found during synchronizing keybindings.
2025-03-03 15:39:42.358 [info] Snippets: No changes found during synchronizing snippets.
2025-03-03 15:39:42.360 [info] Tasks: No changes found during synchronizing tasks.
2025-03-03 15:39:42.363 [info] GlobalState: No changes found during synchronizing ui state.
2025-03-03 15:39:42.393 [info] Extensions: No changes found during synchronizing extensions.
2025-03-03 15:39:42.394 [info] Profiles: No changes found during synchronizing profiles.
2025-03-03 15:39:42.395 [info] Sync done. Took 495ms
2025-03-03 15:44:42.455 [info] Auto Sync: Triggered by Interval
2025-03-03 15:44:42.456 [info] Sync started.
2025-03-03 15:44:42.995 [info] Settings: No changes found during synchronizing settings.
2025-03-03 15:44:42.999 [info] Keybindings: No changes found during synchronizing keybindings.
2025-03-03 15:44:43.004 [info] Snippets: No changes found during synchronizing snippets.
2025-03-03 15:44:43.007 [info] Tasks: No changes found during synchronizing tasks.
2025-03-03 15:44:43.011 [info] GlobalState: No changes found during synchronizing ui state.
2025-03-03 15:44:43.042 [info] Extensions: No changes found during synchronizing extensions.
2025-03-03 15:44:43.044 [info] Profiles: No changes found during synchronizing profiles.
2025-03-03 15:44:43.045 [info] Sync done. Took 591ms
2025-03-03 15:45:44.339 [info] Auto Sync: Triggered by Activity
2025-03-03 15:45:44.340 [info] Sync started.
2025-03-03 15:45:44.637 [info] Settings: No changes found during synchronizing settings.
2025-03-03 15:45:44.641 [info] Keybindings: No changes found during synchronizing keybindings.
2025-03-03 15:45:44.646 [info] Snippets: No changes found during synchronizing snippets.
2025-03-03 15:45:44.649 [info] Tasks: No changes found during synchronizing tasks.
2025-03-03 15:45:44.654 [info] GlobalState: No changes found during synchronizing ui state.
2025-03-03 15:45:44.690 [info] Extensions: No changes found during synchronizing extensions.
2025-03-03 15:45:44.691 [info] Profiles: No changes found during synchronizing profiles.
2025-03-03 15:45:44.692 [info] Sync done. Took 355ms
2025-03-03 15:46:02.187 [info] Auto Sync: Triggered by Activity
2025-03-03 15:46:02.188 [info] Sync started.
2025-03-03 15:46:02.351 [info] Settings: No changes found during synchronizing settings.
2025-03-03 15:46:02.357 [info] Keybindings: No changes found during synchronizing keybindings.
2025-03-03 15:46:02.363 [info] Snippets: No changes found during synchronizing snippets.
2025-03-03 15:46:02.367 [info] Tasks: No changes found during synchronizing tasks.
2025-03-03 15:46:02.374 [info] GlobalState: No changes found during synchronizing ui state.
2025-03-03 15:46:02.412 [info] Extensions: No changes found during synchronizing extensions.
2025-03-03 15:46:02.412 [info] Profiles: No changes found during synchronizing profiles.
2025-03-03 15:46:02.413 [info] Sync done. Took 228ms
2025-03-03 15:46:58.866 [info] Auto Sync: Triggered by Activity
2025-03-03 15:46:58.867 [info] Sync started.
2025-03-03 15:46:58.979 [info] Settings: No changes found during synchronizing settings.
2025-03-03 15:46:58.985 [info] Keybindings: No changes found during synchronizing keybindings.
2025-03-03 15:46:58.991 [info] Snippets: No changes found during synchronizing snippets.
2025-03-03 15:46:58.998 [info] Tasks: No changes found during synchronizing tasks.
2025-03-03 15:46:59.006 [info] GlobalState: No changes found during synchronizing ui state.
2025-03-03 15:46:59.056 [info] Extensions: No changes found during synchronizing extensions.
2025-03-03 15:46:59.057 [info] Profiles: No changes found during synchronizing profiles.
2025-03-03 15:46:59.058 [info] Sync done. Took 194ms
2025-03-03 15:47:22.244 [info] Auto Sync: Triggered by Activity
2025-03-03 15:47:22.244 [info] Sync started.
2025-03-03 15:47:22.529 [info] Settings: No changes found during synchronizing settings.
2025-03-03 15:47:22.533 [info] Keybindings: No changes found during synchronizing keybindings.
2025-03-03 15:47:22.536 [info] Snippets: No changes found during synchronizing snippets.
2025-03-03 15:47:22.538 [info] Tasks: No changes found during synchronizing tasks.
2025-03-03 15:47:22.541 [info] GlobalState: No changes found during synchronizing ui state.
2025-03-03 15:47:22.573 [info] Extensions: No changes found during synchronizing extensions.
2025-03-03 15:47:22.574 [info] Profiles: No changes found during synchronizing profiles.
2025-03-03 15:47:22.575 [info] Sync done. Took 333ms
2025-03-03 15:48:05.419 [info] Auto Sync: Triggered by Activity
2025-03-03 15:48:05.419 [info] Sync started.
2025-03-03 15:48:05.538 [info] Settings: No changes found during synchronizing settings.
2025-03-03 15:48:05.544 [info] Keybindings: No changes found during synchronizing keybindings.
2025-03-03 15:48:05.548 [info] Snippets: No changes found during synchronizing snippets.
2025-03-03 15:48:05.552 [info] Tasks: No changes found during synchronizing tasks.
2025-03-03 15:48:05.555 [info] GlobalState: No changes found during synchronizing ui state.
2025-03-03 15:48:05.596 [info] Extensions: No changes found during synchronizing extensions.
2025-03-03 15:48:05.597 [info] Profiles: No changes found during synchronizing profiles.
2025-03-03 15:48:05.598 [info] Sync done. Took 180ms
2025-03-03 15:48:26.795 [info] Auto Sync: Triggered by Activity
2025-03-03 15:48:26.795 [info] Sync started.
2025-03-03 15:48:26.942 [info] Settings: No changes found during synchronizing settings.
2025-03-03 15:48:26.949 [info] Keybindings: No changes found during synchronizing keybindings.
2025-03-03 15:48:26.955 [info] Snippets: No changes found during synchronizing snippets.
2025-03-03 15:48:26.960 [info] Tasks: No changes found during synchronizing tasks.
2025-03-03 15:48:26.967 [info] GlobalState: No changes found during synchronizing ui state.
2025-03-03 15:48:27.011 [info] Extensions: No changes found during synchronizing extensions.
2025-03-03 15:48:27.012 [info] Profiles: No changes found during synchronizing profiles.
2025-03-03 15:48:27.012 [info] Sync done. Took 220ms
2025-03-03 15:49:25.520 [info] Auto Sync: Triggered by Activity
2025-03-03 15:49:25.520 [info] Sync started.
2025-03-03 15:49:25.712 [info] Settings: No changes found during synchronizing settings.
2025-03-03 15:49:25.715 [info] Keybindings: No changes found during synchronizing keybindings.
2025-03-03 15:49:25.719 [info] Snippets: No changes found during synchronizing snippets.
2025-03-03 15:49:25.722 [info] Tasks: No changes found during synchronizing tasks.
2025-03-03 15:49:25.726 [info] GlobalState: No changes found during synchronizing ui state.
2025-03-03 15:49:25.756 [info] Extensions: No changes found during synchronizing extensions.
2025-03-03 15:49:25.757 [info] Profiles: No changes found during synchronizing profiles.
2025-03-03 15:49:25.758 [info] Sync done. Took 240ms
2025-03-03 15:50:29.611 [info] Auto Sync: Triggered by Activity
2025-03-03 15:50:29.611 [info] Sync started.
2025-03-03 15:50:29.924 [info] Settings: No changes found during synchronizing settings.
2025-03-03 15:50:29.931 [info] Keybindings: No changes found during synchronizing keybindings.
2025-03-03 15:50:29.936 [info] Snippets: No changes found during synchronizing snippets.
2025-03-03 15:50:29.941 [info] Tasks: No changes found during synchronizing tasks.
2025-03-03 15:50:29.946 [info] GlobalState: No changes found during synchronizing ui state.
2025-03-03 15:50:29.981 [info] Extensions: No changes found during synchronizing extensions.
2025-03-03 15:50:29.982 [info] Profiles: No changes found during synchronizing profiles.
2025-03-03 15:50:29.983 [info] Sync done. Took 373ms
2025-03-03 15:51:14.384 [info] Auto Sync: Triggered by Activity
2025-03-03 15:51:14.385 [info] Sync started.
2025-03-03 15:51:14.670 [info] Settings: No changes found during synchronizing settings.
2025-03-03 15:51:14.676 [info] Keybindings: No changes found during synchronizing keybindings.
2025-03-03 15:51:14.682 [info] Snippets: No changes found during synchronizing snippets.
2025-03-03 15:51:14.688 [info] Tasks: No changes found during synchronizing tasks.
2025-03-03 15:51:14.695 [info] GlobalState: No changes found during synchronizing ui state.
2025-03-03 15:51:14.741 [info] Extensions: No changes found during synchronizing extensions.
2025-03-03 15:51:14.742 [info] Profiles: No changes found during synchronizing profiles.
2025-03-03 15:51:14.743 [info] Sync done. Took 360ms
2025-03-03 15:51:51.067 [info] Auto Sync: Triggered by Activity
2025-03-03 15:51:51.068 [info] Sync started.
2025-03-03 15:51:51.228 [info] Settings: No changes found during synchronizing settings.
2025-03-03 15:51:51.234 [info] Keybindings: No changes found during synchronizing keybindings.
2025-03-03 15:51:51.240 [info] Snippets: No changes found during synchronizing snippets.
2025-03-03 15:51:51.244 [info] Tasks: No changes found during synchronizing tasks.
2025-03-03 15:51:51.248 [info] GlobalState: No changes found during synchronizing ui state.
2025-03-03 15:51:51.281 [info] Extensions: No changes found during synchronizing extensions.
2025-03-03 15:51:51.283 [info] Profiles: No changes found during synchronizing profiles.
2025-03-03 15:51:51.283 [info] Sync done. Took 218ms
2025-03-03 15:52:06.748 [info] Auto Sync: Triggered by Activity
2025-03-03 15:52:06.749 [info] Sync started.
2025-03-03 15:52:06.904 [info] Settings: No changes found during synchronizing settings.
2025-03-03 15:52:06.909 [info] Keybindings: No changes found during synchronizing keybindings.
2025-03-03 15:52:06.913 [info] Snippets: No changes found during synchronizing snippets.
2025-03-03 15:52:06.916 [info] Tasks: No changes found during synchronizing tasks.
2025-03-03 15:52:06.919 [info] GlobalState: No changes found during synchronizing ui state.
2025-03-03 15:52:06.952 [info] Extensions: No changes found during synchronizing extensions.
2025-03-03 15:52:06.953 [info] Profiles: No changes found during synchronizing profiles.
2025-03-03 15:52:06.954 [info] Sync done. Took 206ms
2025-03-03 15:52:20.914 [info] Auto Sync: Triggered by Activity
2025-03-03 15:52:20.914 [info] Sync started.
2025-03-03 15:52:21.030 [info] Settings: No changes found during synchronizing settings.
2025-03-03 15:52:21.035 [info] Keybindings: No changes found during synchronizing keybindings.
2025-03-03 15:52:21.038 [info] Snippets: No changes found during synchronizing snippets.
2025-03-03 15:52:21.041 [info] Tasks: No changes found during synchronizing tasks.
2025-03-03 15:52:21.045 [info] GlobalState: No changes found during synchronizing ui state.
2025-03-03 15:52:21.088 [info] Extensions: No changes found during synchronizing extensions.
2025-03-03 15:52:21.088 [info] Profiles: No changes found during synchronizing profiles.
2025-03-03 15:52:21.089 [info] Sync done. Took 176ms
2025-03-03 15:53:23.021 [info] Auto Sync: Triggered by Activity
2025-03-03 15:53:23.022 [info] Sync started.
2025-03-03 15:53:23.287 [info] Settings: No changes found during synchronizing settings.
2025-03-03 15:53:23.293 [info] Keybindings: No changes found during synchronizing keybindings.
2025-03-03 15:53:23.299 [info] Snippets: No changes found during synchronizing snippets.
2025-03-03 15:53:23.304 [info] Tasks: No changes found during synchronizing tasks.
2025-03-03 15:53:23.310 [info] GlobalState: No changes found during synchronizing ui state.
2025-03-03 15:53:23.344 [info] Extensions: No changes found during synchronizing extensions.
2025-03-03 15:53:23.345 [info] Profiles: No changes found during synchronizing profiles.
2025-03-03 15:53:23.345 [info] Sync done. Took 326ms
2025-03-03 15:53:47.938 [info] Auto Sync: Triggered by Activity
2025-03-03 15:53:47.938 [info] Sync started.
2025-03-03 15:53:48.064 [info] Settings: No changes found during synchronizing settings.
2025-03-03 15:53:48.068 [info] Keybindings: No changes found during synchronizing keybindings.
2025-03-03 15:53:48.071 [info] Snippets: No changes found during synchronizing snippets.
2025-03-03 15:53:48.074 [info] Tasks: No changes found during synchronizing tasks.
2025-03-03 15:53:48.077 [info] GlobalState: No changes found during synchronizing ui state.
2025-03-03 15:53:48.122 [info] Extensions: No changes found during synchronizing extensions.
2025-03-03 15:53:48.122 [info] Profiles: No changes found during synchronizing profiles.
2025-03-03 15:53:48.123 [info] Sync done. Took 187ms
2025-03-03 15:54:07.788 [info] Auto Sync: Triggered by Activity
2025-03-03 15:54:07.788 [info] Sync started.
2025-03-03 15:54:07.990 [info] Settings: No changes found during synchronizing settings.
2025-03-03 15:54:07.996 [info] Keybindings: No changes found during synchronizing keybindings.
2025-03-03 15:54:08.003 [info] Snippets: No changes found during synchronizing snippets.
2025-03-03 15:54:08.007 [info] Tasks: No changes found during synchronizing tasks.
2025-03-03 15:54:08.013 [info] GlobalState: No changes found during synchronizing ui state.
2025-03-03 15:54:08.054 [info] Extensions: No changes found during synchronizing extensions.
2025-03-03 15:54:08.055 [info] Profiles: No changes found during synchronizing profiles.
2025-03-03 15:54:08.055 [info] Sync done. Took 270ms
2025-03-03 15:55:02.506 [info] Auto Sync: Triggered by Activity
2025-03-03 15:55:02.506 [info] Sync started.
2025-03-03 15:55:02.819 [info] Settings: No changes found during synchronizing settings.
2025-03-03 15:55:02.824 [info] Keybindings: No changes found during synchronizing keybindings.
2025-03-03 15:55:02.827 [info] Snippets: No changes found during synchronizing snippets.
2025-03-03 15:55:02.830 [info] Tasks: No changes found during synchronizing tasks.
2025-03-03 15:55:02.835 [info] GlobalState: No changes found during synchronizing ui state.
2025-03-03 15:55:02.884 [info] Extensions: No changes found during synchronizing extensions.
2025-03-03 15:55:02.885 [info] Profiles: No changes found during synchronizing profiles.
2025-03-03 15:55:02.886 [info] Sync done. Took 383ms
2025-03-03 15:57:53.724 [info] Auto Sync: Triggered by Activity
2025-03-03 15:57:53.724 [info] Sync started.
2025-03-03 15:57:54.539 [info] Settings: No changes found during synchronizing settings.
2025-03-03 15:57:54.543 [info] Keybindings: No changes found during synchronizing keybindings.
2025-03-03 15:57:54.547 [info] Snippets: No changes found during synchronizing snippets.
2025-03-03 15:57:54.550 [info] Tasks: No changes found during synchronizing tasks.
2025-03-03 15:57:54.554 [info] GlobalState: No changes found during synchronizing ui state.
2025-03-03 15:57:54.593 [info] Extensions: No changes found during synchronizing extensions.
2025-03-03 15:57:54.595 [info] Profiles: No changes found during synchronizing profiles.
2025-03-03 15:57:54.596 [info] Sync done. Took 875ms
2025-03-03 15:58:22.715 [info] Auto Sync: Triggered by Activity
2025-03-03 15:58:22.716 [info] Sync started.
2025-03-03 15:58:23.006 [info] Settings: No changes found during synchronizing settings.
2025-03-03 15:58:23.009 [info] Keybindings: No changes found during synchronizing keybindings.
2025-03-03 15:58:23.011 [info] Snippets: No changes found during synchronizing snippets.
2025-03-03 15:58:23.013 [info] Tasks: No changes found during synchronizing tasks.
2025-03-03 15:58:23.014 [info] GlobalState: No changes found during synchronizing ui state.
2025-03-03 15:58:23.040 [info] Extensions: No changes found during synchronizing extensions.
2025-03-03 15:58:23.041 [info] Profiles: No changes found during synchronizing profiles.
2025-03-03 15:58:23.042 [info] Sync done. Took 329ms
2025-03-03 15:58:47.770 [info] Auto Sync: Triggered by Activity
2025-03-03 15:58:47.771 [info] Sync started.
2025-03-03 15:58:48.025 [info] Settings: No changes found during synchronizing settings.
2025-03-03 15:58:48.030 [info] Keybindings: No changes found during synchronizing keybindings.
2025-03-03 15:58:48.034 [info] Snippets: No changes found during synchronizing snippets.
2025-03-03 15:58:48.037 [info] Tasks: No changes found during synchronizing tasks.
2025-03-03 15:58:48.040 [info] GlobalState: No changes found during synchronizing ui state.
2025-03-03 15:58:48.071 [info] Extensions: No changes found during synchronizing extensions.
2025-03-03 15:58:48.072 [info] Profiles: No changes found during synchronizing profiles.
2025-03-03 15:58:48.073 [info] Sync done. Took 305ms
2025-03-03 16:03:21.931 [info] Auto Sync: Triggered by Activity
2025-03-03 16:03:21.931 [info] Sync started.
2025-03-03 16:03:22.763 [info] Settings: No changes found during synchronizing settings.
2025-03-03 16:03:22.767 [info] Keybindings: No changes found during synchronizing keybindings.
2025-03-03 16:03:22.770 [info] Snippets: No changes found during synchronizing snippets.
2025-03-03 16:03:22.772 [info] Tasks: No changes found during synchronizing tasks.
2025-03-03 16:03:22.774 [info] GlobalState: No changes found during synchronizing ui state.
2025-03-03 16:03:22.795 [info] Extensions: No changes found during synchronizing extensions.
2025-03-03 16:03:22.795 [info] Profiles: No changes found during synchronizing profiles.
2025-03-03 16:03:22.796 [info] Sync done. Took 867ms
2025-03-03 16:03:51.435 [info] Auto Sync: Triggered by Activity
2025-03-03 16:03:51.435 [info] Sync started.
2025-03-03 16:03:51.641 [info] Settings: No changes found during synchronizing settings.
2025-03-03 16:03:51.645 [info] Keybindings: No changes found during synchronizing keybindings.
2025-03-03 16:03:51.650 [info] Snippets: No changes found during synchronizing snippets.
2025-03-03 16:03:51.653 [info] Tasks: No changes found during synchronizing tasks.
2025-03-03 16:03:51.658 [info] GlobalState: No changes found during synchronizing ui state.
2025-03-03 16:03:51.691 [info] Extensions: No changes found during synchronizing extensions.
2025-03-03 16:03:51.692 [info] Profiles: No changes found during synchronizing profiles.
2025-03-03 16:03:51.692 [info] Sync done. Took 259ms
2025-03-03 16:06:27.829 [info] Auto Sync: Triggered by Activity
2025-03-03 16:06:27.830 [info] Sync started.
2025-03-03 16:06:28.723 [info] Settings: No changes found during synchronizing settings.
2025-03-03 16:06:28.727 [info] Keybindings: No changes found during synchronizing keybindings.
2025-03-03 16:06:28.732 [info] Snippets: No changes found during synchronizing snippets.
2025-03-03 16:06:28.735 [info] Tasks: No changes found during synchronizing tasks.
2025-03-03 16:06:28.739 [info] GlobalState: No changes found during synchronizing ui state.
2025-03-03 16:06:28.772 [info] Extensions: No changes found during synchronizing extensions.
2025-03-03 16:06:28.773 [info] Profiles: No changes found during synchronizing profiles.
2025-03-03 16:06:28.773 [info] Sync done. Took 946ms
2025-03-03 16:06:59.961 [info] Auto Sync: Triggered by Activity
2025-03-03 16:06:59.961 [info] Sync started.
2025-03-03 16:07:00.256 [info] Settings: No changes found during synchronizing settings.
2025-03-03 16:07:00.259 [info] Keybindings: No changes found during synchronizing keybindings.
2025-03-03 16:07:00.262 [info] Snippets: No changes found during synchronizing snippets.
2025-03-03 16:07:00.264 [info] Tasks: No changes found during synchronizing tasks.
2025-03-03 16:07:00.267 [info] GlobalState: No changes found during synchronizing ui state.
2025-03-03 16:07:00.292 [info] Extensions: No changes found during synchronizing extensions.
2025-03-03 16:07:00.293 [info] Profiles: No changes found during synchronizing profiles.
2025-03-03 16:07:00.294 [info] Sync done. Took 335ms
2025-03-03 16:07:17.193 [info] Auto Sync: Triggered by Activity
2025-03-03 16:07:17.194 [info] Sync started.
2025-03-03 16:07:17.466 [info] Settings: No changes found during synchronizing settings.
2025-03-03 16:07:17.471 [info] Keybindings: No changes found during synchronizing keybindings.
2025-03-03 16:07:17.476 [info] Snippets: No changes found during synchronizing snippets.
2025-03-03 16:07:17.480 [info] Tasks: No changes found during synchronizing tasks.
2025-03-03 16:07:17.485 [info] GlobalState: No changes found during synchronizing ui state.
2025-03-03 16:07:17.536 [info] Extensions: No changes found during synchronizing extensions.
2025-03-03 16:07:17.537 [info] Profiles: No changes found during synchronizing profiles.
2025-03-03 16:07:17.538 [info] Sync done. Took 346ms
2025-03-03 16:07:47.834 [info] Auto Sync: Triggered by Activity
2025-03-03 16:07:47.834 [info] Sync started.
2025-03-03 16:07:47.947 [info] Settings: No changes found during synchronizing settings.
2025-03-03 16:07:47.952 [info] Keybindings: No changes found during synchronizing keybindings.
2025-03-03 16:07:47.957 [info] Snippets: No changes found during synchronizing snippets.
2025-03-03 16:07:47.961 [info] Tasks: No changes found during synchronizing tasks.
2025-03-03 16:07:47.965 [info] GlobalState: No changes found during synchronizing ui state.
2025-03-03 16:07:47.997 [info] Extensions: No changes found during synchronizing extensions.
2025-03-03 16:07:47.998 [info] Profiles: No changes found during synchronizing profiles.
2025-03-03 16:07:47.999 [info] Sync done. Took 166ms
2025-03-03 16:08:38.552 [info] Auto Sync: Triggered by Activity
2025-03-03 16:08:38.553 [info] Sync started.
2025-03-03 16:08:38.770 [info] Settings: No changes found during synchronizing settings.
2025-03-03 16:08:38.775 [info] Keybindings: No changes found during synchronizing keybindings.
2025-03-03 16:08:38.779 [info] Snippets: No changes found during synchronizing snippets.
2025-03-03 16:08:38.783 [info] Tasks: No changes found during synchronizing tasks.
2025-03-03 16:08:38.787 [info] GlobalState: No changes found during synchronizing ui state.
2025-03-03 16:08:38.815 [info] Extensions: No changes found during synchronizing extensions.
2025-03-03 16:08:38.816 [info] Profiles: No changes found during synchronizing profiles.
2025-03-03 16:08:38.817 [info] Sync done. Took 266ms
2025-03-03 16:09:27.524 [info] Auto Sync: Triggered by Activity
2025-03-03 16:09:27.524 [info] Sync started.
2025-03-03 16:09:27.719 [info] Settings: No changes found during synchronizing settings.
2025-03-03 16:09:27.726 [info] Keybindings: No changes found during synchronizing keybindings.
2025-03-03 16:09:27.732 [info] Snippets: No changes found during synchronizing snippets.
2025-03-03 16:09:27.737 [info] Tasks: No changes found during synchronizing tasks.
2025-03-03 16:09:27.743 [info] GlobalState: No changes found during synchronizing ui state.
2025-03-03 16:09:27.785 [info] Extensions: No changes found during synchronizing extensions.
2025-03-03 16:09:27.786 [info] Profiles: No changes found during synchronizing profiles.
2025-03-03 16:09:27.786 [info] Sync done. Took 265ms
2025-03-03 16:10:17.235 [info] Auto Sync: Triggered by Activity
2025-03-03 16:10:17.235 [info] Sync started.
2025-03-03 16:10:17.486 [info] Settings: No changes found during synchronizing settings.
2025-03-03 16:10:17.491 [info] Keybindings: No changes found during synchronizing keybindings.
2025-03-03 16:10:17.497 [info] Snippets: No changes found during synchronizing snippets.
2025-03-03 16:10:17.501 [info] Tasks: No changes found during synchronizing tasks.
2025-03-03 16:10:17.504 [info] GlobalState: No changes found during synchronizing ui state.
2025-03-03 16:10:17.534 [info] Extensions: No changes found during synchronizing extensions.
2025-03-03 16:10:17.535 [info] Profiles: No changes found during synchronizing profiles.
2025-03-03 16:10:17.536 [info] Sync done. Took 302ms
2025-03-03 16:11:18.250 [info] Auto Sync: Triggered by Activity
2025-03-03 16:11:18.250 [info] Sync started.
2025-03-03 16:11:18.413 [info] Settings: No changes found during synchronizing settings.
2025-03-03 16:11:18.419 [info] Keybindings: No changes found during synchronizing keybindings.
2025-03-03 16:11:18.425 [info] Snippets: No changes found during synchronizing snippets.
2025-03-03 16:11:18.431 [info] Tasks: No changes found during synchronizing tasks.
2025-03-03 16:11:18.436 [info] GlobalState: No changes found during synchronizing ui state.
2025-03-03 16:11:18.487 [info] Extensions: No changes found during synchronizing extensions.
2025-03-03 16:11:18.488 [info] Profiles: No changes found during synchronizing profiles.
2025-03-03 16:11:18.488 [info] Sync done. Took 240ms
2025-03-03 16:16:18.510 [info] Auto Sync: Triggered by Interval
2025-03-03 16:16:18.510 [info] Sync started.
2025-03-03 16:16:19.673 [info] Settings: No changes found during synchronizing settings.
2025-03-03 16:16:19.679 [info] Keybindings: No changes found during synchronizing keybindings.
2025-03-03 16:16:19.684 [info] Snippets: No changes found during synchronizing snippets.
2025-03-03 16:16:19.687 [info] Tasks: No changes found during synchronizing tasks.
2025-03-03 16:16:19.692 [info] GlobalState: No changes found during synchronizing ui state.
2025-03-03 16:16:19.732 [info] Extensions: No changes found during synchronizing extensions.
2025-03-03 16:16:19.733 [info] Profiles: No changes found during synchronizing profiles.
2025-03-03 16:16:19.734 [info] Sync done. Took 1227ms
2025-03-03 16:21:19.758 [info] Auto Sync: Triggered by Interval
2025-03-03 16:21:19.759 [info] Sync started.
2025-03-03 16:21:20.731 [info] Settings: No changes found during synchronizing settings.
2025-03-03 16:21:20.736 [info] Keybindings: No changes found during synchronizing keybindings.
2025-03-03 16:21:20.740 [info] Snippets: No changes found during synchronizing snippets.
2025-03-03 16:21:20.743 [info] Tasks: No changes found during synchronizing tasks.
2025-03-03 16:21:20.746 [info] GlobalState: No changes found during synchronizing ui state.
2025-03-03 16:21:20.780 [info] Extensions: No changes found during synchronizing extensions.
2025-03-03 16:21:20.781 [info] Profiles: No changes found during synchronizing profiles.
2025-03-03 16:21:20.782 [info] Sync done. Took 1026ms
2025-03-03 16:26:20.803 [info] Auto Sync: Triggered by Interval
2025-03-03 16:26:20.803 [info] Sync started.
2025-03-03 16:26:21.686 [info] Settings: No changes found during synchronizing settings.
2025-03-03 16:26:21.691 [info] Keybindings: No changes found during synchronizing keybindings.
2025-03-03 16:26:21.695 [info] Snippets: No changes found during synchronizing snippets.
2025-03-03 16:26:21.698 [info] Tasks: No changes found during synchronizing tasks.
2025-03-03 16:26:21.701 [info] GlobalState: No changes found during synchronizing ui state.
2025-03-03 16:26:21.735 [info] Extensions: No changes found during synchronizing extensions.
2025-03-03 16:26:21.736 [info] Profiles: No changes found during synchronizing profiles.
2025-03-03 16:26:21.737 [info] Sync done. Took 936ms
2025-03-03 19:54:22.325 [info] Auto Sync: Triggered by Interval
2025-03-03 19:54:22.325 [info] Sync started.
2025-03-03 19:54:22.794 [info] Settings: No changes found during synchronizing settings.
2025-03-03 19:54:22.799 [info] Keybindings: No changes found during synchronizing keybindings.
2025-03-03 19:54:22.803 [info] Snippets: No changes found during synchronizing snippets.
2025-03-03 19:54:22.805 [info] Tasks: No changes found during synchronizing tasks.
2025-03-03 19:54:22.808 [info] GlobalState: No changes found during synchronizing ui state.
2025-03-03 19:54:22.836 [info] Extensions: No changes found during synchronizing extensions.
2025-03-03 19:54:22.839 [info] Profiles: No changes found during synchronizing profiles.
2025-03-03 19:54:22.839 [info] Sync done. Took 517ms
2025-03-03 19:59:22.866 [info] Auto Sync: Triggered by Interval
2025-03-03 19:59:22.866 [info] Sync started.
2025-03-03 19:59:23.339 [info] Settings: No changes found during synchronizing settings.
2025-03-03 19:59:23.344 [info] Keybindings: No changes found during synchronizing keybindings.
2025-03-03 19:59:23.349 [info] Snippets: No changes found during synchronizing snippets.
2025-03-03 19:59:23.352 [info] Tasks: No changes found during synchronizing tasks.
2025-03-03 19:59:23.355 [info] GlobalState: No changes found during synchronizing ui state.
2025-03-03 19:59:23.386 [info] Extensions: No changes found during synchronizing extensions.
2025-03-03 19:59:23.386 [info] Profiles: No changes found during synchronizing profiles.
2025-03-03 19:59:23.387 [info] Sync done. Took 524ms
2025-03-03 20:04:23.408 [info] Auto Sync: Triggered by Interval
2025-03-03 20:04:23.409 [info] Sync started.
2025-03-03 20:04:23.884 [info] Settings: No changes found during synchronizing settings.
2025-03-03 20:04:23.888 [info] Keybindings: No changes found during synchronizing keybindings.
2025-03-03 20:04:23.893 [info] Snippets: No changes found during synchronizing snippets.
2025-03-03 20:04:23.895 [info] Tasks: No changes found during synchronizing tasks.
2025-03-03 20:04:23.899 [info] GlobalState: No changes found during synchronizing ui state.
2025-03-03 20:04:23.930 [info] Extensions: No changes found during synchronizing extensions.
2025-03-03 20:04:23.930 [info] Profiles: No changes found during synchronizing profiles.
2025-03-03 20:04:23.931 [info] Sync done. Took 525ms
2025-03-03 20:33:55.991 [info] Auto Sync: Triggered by Activity
2025-03-03 20:33:55.992 [info] Sync started.
2025-03-03 20:33:56.233 [info] Settings: No changes found during synchronizing settings.
2025-03-03 20:33:56.237 [info] Keybindings: No changes found during synchronizing keybindings.
2025-03-03 20:33:56.240 [info] Snippets: No changes found during synchronizing snippets.
2025-03-03 20:33:56.242 [info] Tasks: No changes found during synchronizing tasks.
2025-03-03 20:33:56.245 [info] GlobalState: No changes found during synchronizing ui state.
2025-03-03 20:33:56.273 [info] Extensions: No changes found during synchronizing extensions.
2025-03-03 20:33:56.274 [info] Profiles: No changes found during synchronizing profiles.
2025-03-03 20:33:56.275 [info] Sync done. Took 284ms
2025-03-03 20:35:44.501 [info] Auto Sync: Triggered by Activity
2025-03-03 20:35:44.501 [info] Sync started.
2025-03-03 20:35:44.681 [info] Settings: No changes found during synchronizing settings.
2025-03-03 20:35:44.687 [info] Keybindings: No changes found during synchronizing keybindings.
2025-03-03 20:35:44.694 [info] Snippets: No changes found during synchronizing snippets.
2025-03-03 20:35:44.699 [info] Tasks: No changes found during synchronizing tasks.
2025-03-03 20:35:44.705 [info] GlobalState: No changes found during synchronizing ui state.
2025-03-03 20:35:44.762 [info] Extensions: No changes found during synchronizing extensions.
2025-03-03 20:35:44.763 [info] Profiles: No changes found during synchronizing profiles.
2025-03-03 20:35:44.764 [info] Sync done. Took 264ms
2025-03-03 20:36:47.561 [info] Auto Sync: Triggered by Activity
2025-03-03 20:36:47.562 [info] Sync started.
2025-03-03 20:36:47.754 [info] Settings: No changes found during synchronizing settings.
2025-03-03 20:36:47.760 [info] Keybindings: No changes found during synchronizing keybindings.
2025-03-03 20:36:47.765 [info] Snippets: No changes found during synchronizing snippets.
2025-03-03 20:36:47.769 [info] Tasks: No changes found during synchronizing tasks.
2025-03-03 20:36:47.774 [info] GlobalState: No changes found during synchronizing ui state.
2025-03-03 20:36:47.802 [info] Extensions: No changes found during synchronizing extensions.
2025-03-03 20:36:47.802 [info] Profiles: No changes found during synchronizing profiles.
2025-03-03 20:36:47.803 [info] Sync done. Took 243ms
2025-03-03 20:37:00.395 [info] Auto Sync: Triggered by Activity
2025-03-03 20:37:00.396 [info] Sync started.
2025-03-03 20:37:00.557 [info] Settings: No changes found during synchronizing settings.
2025-03-03 20:37:00.561 [info] Keybindings: No changes found during synchronizing keybindings.
2025-03-03 20:37:00.564 [info] Snippets: No changes found during synchronizing snippets.
2025-03-03 20:37:00.567 [info] Tasks: No changes found during synchronizing tasks.
2025-03-03 20:37:00.569 [info] GlobalState: No changes found during synchronizing ui state.
2025-03-03 20:37:00.602 [info] Extensions: No changes found during synchronizing extensions.
2025-03-03 20:37:00.603 [info] Profiles: No changes found during synchronizing profiles.
2025-03-03 20:37:00.603 [info] Sync done. Took 210ms
2025-03-03 20:37:20.583 [info] Auto Sync: Triggered by Activity
2025-03-03 20:37:20.583 [info] Sync started.
2025-03-03 20:37:20.731 [info] Settings: No changes found during synchronizing settings.
2025-03-03 20:37:20.736 [info] Keybindings: No changes found during synchronizing keybindings.
2025-03-03 20:37:20.741 [info] Snippets: No changes found during synchronizing snippets.
2025-03-03 20:37:20.744 [info] Tasks: No changes found during synchronizing tasks.
2025-03-03 20:37:20.748 [info] GlobalState: No changes found during synchronizing ui state.
2025-03-03 20:37:20.791 [info] Extensions: No changes found during synchronizing extensions.
2025-03-03 20:37:20.792 [info] Profiles: No changes found during synchronizing profiles.
2025-03-03 20:37:20.794 [info] Sync done. Took 212ms
2025-03-03 20:37:46.367 [info] Auto Sync: Triggered by Activity
2025-03-03 20:37:46.367 [info] Sync started.
2025-03-03 20:37:46.534 [info] Settings: No changes found during synchronizing settings.
2025-03-03 20:37:46.538 [info] Keybindings: No changes found during synchronizing keybindings.
2025-03-03 20:37:46.545 [info] Snippets: No changes found during synchronizing snippets.
2025-03-03 20:37:46.548 [info] Tasks: No changes found during synchronizing tasks.
2025-03-03 20:37:46.552 [info] GlobalState: No changes found during synchronizing ui state.
2025-03-03 20:37:46.588 [info] Extensions: No changes found during synchronizing extensions.
2025-03-03 20:37:46.588 [info] Profiles: No changes found during synchronizing profiles.
2025-03-03 20:37:46.589 [info] Sync done. Took 223ms
2025-03-03 20:38:05.086 [info] Auto Sync: Triggered by Activity
2025-03-03 20:38:05.086 [info] Sync started.
2025-03-03 20:38:05.278 [info] Settings: No changes found during synchronizing settings.
2025-03-03 20:38:05.283 [info] Keybindings: No changes found during synchronizing keybindings.
2025-03-03 20:38:05.288 [info] Snippets: No changes found during synchronizing snippets.
2025-03-03 20:38:05.292 [info] Tasks: No changes found during synchronizing tasks.
2025-03-03 20:38:05.295 [info] GlobalState: No changes found during synchronizing ui state.
2025-03-03 20:38:05.338 [info] Extensions: No changes found during synchronizing extensions.
2025-03-03 20:38:05.339 [info] Profiles: No changes found during synchronizing profiles.
2025-03-03 20:38:05.340 [info] Sync done. Took 254ms
2025-03-03 20:38:25.652 [info] Auto Sync: Triggered by Activity
2025-03-03 20:38:25.652 [info] Sync started.
2025-03-03 20:38:25.858 [info] Settings: No changes found during synchronizing settings.
2025-03-03 20:38:25.863 [info] Keybindings: No changes found during synchronizing keybindings.
2025-03-03 20:38:25.868 [info] Snippets: No changes found during synchronizing snippets.
2025-03-03 20:38:25.871 [info] Tasks: No changes found during synchronizing tasks.
2025-03-03 20:38:25.876 [info] GlobalState: No changes found during synchronizing ui state.
2025-03-03 20:38:25.911 [info] Extensions: No changes found during synchronizing extensions.
2025-03-03 20:38:25.911 [info] Profiles: No changes found during synchronizing profiles.
2025-03-03 20:38:25.911 [info] Sync done. Took 261ms
2025-03-03 20:39:53.435 [info] Auto Sync: Triggered by Activity
2025-03-03 20:39:53.435 [info] Sync started.
2025-03-03 20:39:53.924 [info] Settings: No changes found during synchronizing settings.
2025-03-03 20:39:53.928 [info] Keybindings: No changes found during synchronizing keybindings.
2025-03-03 20:39:53.931 [info] Snippets: No changes found during synchronizing snippets.
2025-03-03 20:39:53.933 [info] Tasks: No changes found during synchronizing tasks.
2025-03-03 20:39:53.936 [info] GlobalState: No changes found during synchronizing ui state.
2025-03-03 20:39:53.974 [info] Extensions: No changes found during synchronizing extensions.
2025-03-03 20:39:53.974 [info] Profiles: No changes found during synchronizing profiles.
2025-03-03 20:39:53.975 [info] Sync done. Took 542ms
2025-03-03 20:40:36.355 [info] Auto Sync: Triggered by Activity
2025-03-03 20:40:36.355 [info] Sync started.
2025-03-03 20:40:36.522 [info] Settings: No changes found during synchronizing settings.
2025-03-03 20:40:36.526 [info] Keybindings: No changes found during synchronizing keybindings.
2025-03-03 20:40:36.529 [info] Snippets: No changes found during synchronizing snippets.
2025-03-03 20:40:36.532 [info] Tasks: No changes found during synchronizing tasks.
2025-03-03 20:40:36.534 [info] GlobalState: No changes found during synchronizing ui state.
2025-03-03 20:40:36.586 [info] Extensions: No changes found during synchronizing extensions.
2025-03-03 20:40:36.586 [info] Profiles: No changes found during synchronizing profiles.
2025-03-03 20:40:36.587 [info] Sync done. Took 232ms
2025-03-03 20:40:48.172 [info] Auto Sync: Triggered by Activity
2025-03-03 20:40:48.172 [info] Sync started.
2025-03-03 20:40:48.501 [info] Settings: No changes found during synchronizing settings.
2025-03-03 20:40:48.506 [info] Keybindings: No changes found during synchronizing keybindings.
2025-03-03 20:40:48.515 [info] Snippets: No changes found during synchronizing snippets.
2025-03-03 20:40:48.520 [info] Tasks: No changes found during synchronizing tasks.
2025-03-03 20:40:48.525 [info] GlobalState: No changes found during synchronizing ui state.
2025-03-03 20:40:48.594 [info] Extensions: No changes found during synchronizing extensions.
2025-03-03 20:40:48.597 [info] Profiles: No changes found during synchronizing profiles.
2025-03-03 20:40:48.599 [info] Sync done. Took 429ms
2025-03-03 20:41:06.375 [info] Auto Sync: Triggered by Activity
2025-03-03 20:41:06.375 [info] Sync started.
2025-03-03 20:41:06.524 [info] Settings: No changes found during synchronizing settings.
2025-03-03 20:41:06.529 [info] Keybindings: No changes found during synchronizing keybindings.
2025-03-03 20:41:06.533 [info] Snippets: No changes found during synchronizing snippets.
2025-03-03 20:41:06.536 [info] Tasks: No changes found during synchronizing tasks.
2025-03-03 20:41:06.539 [info] GlobalState: No changes found during synchronizing ui state.
2025-03-03 20:41:06.573 [info] Extensions: No changes found during synchronizing extensions.
2025-03-03 20:41:06.575 [info] Profiles: No changes found during synchronizing profiles.
2025-03-03 20:41:06.576 [info] Sync done. Took 202ms
2025-03-03 20:41:23.946 [info] Auto Sync: Triggered by Activity
2025-03-03 20:41:23.946 [info] Sync started.
2025-03-03 20:41:24.138 [info] Settings: No changes found during synchronizing settings.
2025-03-03 20:41:24.142 [info] Keybindings: No changes found during synchronizing keybindings.
2025-03-03 20:41:24.147 [info] Snippets: No changes found during synchronizing snippets.
2025-03-03 20:41:24.150 [info] Tasks: No changes found during synchronizing tasks.
2025-03-03 20:41:24.153 [info] GlobalState: No changes found during synchronizing ui state.
2025-03-03 20:41:24.191 [info] Extensions: No changes found during synchronizing extensions.
2025-03-03 20:41:24.192 [info] Profiles: No changes found during synchronizing profiles.
2025-03-03 20:41:24.193 [info] Sync done. Took 249ms
2025-03-03 20:41:52.131 [info] Auto Sync: Triggered by Activity
2025-03-03 20:41:52.131 [info] Sync started.
2025-03-03 20:41:52.294 [info] Settings: No changes found during synchronizing settings.
2025-03-03 20:41:52.296 [info] Keybindings: No changes found during synchronizing keybindings.
2025-03-03 20:41:52.299 [info] Snippets: No changes found during synchronizing snippets.
2025-03-03 20:41:52.300 [info] Tasks: No changes found during synchronizing tasks.
2025-03-03 20:41:52.302 [info] GlobalState: No changes found during synchronizing ui state.
2025-03-03 20:41:52.324 [info] Extensions: No changes found during synchronizing extensions.
2025-03-03 20:41:52.325 [info] Profiles: No changes found during synchronizing profiles.
2025-03-03 20:41:52.325 [info] Sync done. Took 197ms
2025-03-03 20:42:39.165 [info] Auto Sync: Triggered by Activity
2025-03-03 20:42:39.165 [info] Sync started.
2025-03-03 20:42:39.300 [info] Settings: No changes found during synchronizing settings.
2025-03-03 20:42:39.306 [info] Keybindings: No changes found during synchronizing keybindings.
2025-03-03 20:42:39.311 [info] Snippets: No changes found during synchronizing snippets.
2025-03-03 20:42:39.316 [info] Tasks: No changes found during synchronizing tasks.
2025-03-03 20:42:39.322 [info] GlobalState: No changes found during synchronizing ui state.
2025-03-03 20:42:39.361 [info] Extensions: No changes found during synchronizing extensions.
2025-03-03 20:42:39.361 [info] Profiles: No changes found during synchronizing profiles.
2025-03-03 20:42:39.362 [info] Sync done. Took 198ms
2025-03-03 20:45:10.261 [info] Auto Sync: Triggered by Activity
2025-03-03 20:45:10.261 [info] Sync started.
2025-03-03 20:45:10.745 [info] Settings: No changes found during synchronizing settings.
2025-03-03 20:45:10.748 [info] Keybindings: No changes found during synchronizing keybindings.
2025-03-03 20:45:10.751 [info] Snippets: No changes found during synchronizing snippets.
2025-03-03 20:45:10.753 [info] Tasks: No changes found during synchronizing tasks.
2025-03-03 20:45:10.755 [info] GlobalState: No changes found during synchronizing ui state.
2025-03-03 20:45:10.783 [info] Extensions: No changes found during synchronizing extensions.
2025-03-03 20:45:10.784 [info] Profiles: No changes found during synchronizing profiles.
2025-03-03 20:45:10.785 [info] Sync done. Took 528ms
2025-03-03 20:46:57.989 [info] Auto Sync: Triggered by Activity
2025-03-03 20:46:57.989 [info] Sync started.
2025-03-03 20:46:58.167 [info] Settings: No changes found during synchronizing settings.
2025-03-03 20:46:58.171 [info] Keybindings: No changes found during synchronizing keybindings.
2025-03-03 20:46:58.174 [info] Snippets: No changes found during synchronizing snippets.
2025-03-03 20:46:58.176 [info] Tasks: No changes found during synchronizing tasks.
2025-03-03 20:46:58.179 [info] GlobalState: No changes found during synchronizing ui state.
2025-03-03 20:46:58.210 [info] Extensions: No changes found during synchronizing extensions.
2025-03-03 20:46:58.211 [info] Profiles: No changes found during synchronizing profiles.
2025-03-03 20:46:58.211 [info] Sync done. Took 225ms
2025-03-03 20:49:33.798 [info] Auto Sync: Triggered by Activity
2025-03-03 20:49:33.798 [info] Sync started.
2025-03-03 20:49:34.224 [info] Settings: No changes found during synchronizing settings.
2025-03-03 20:49:34.229 [info] Keybindings: No changes found during synchronizing keybindings.
2025-03-03 20:49:34.234 [info] Snippets: No changes found during synchronizing snippets.
2025-03-03 20:49:34.238 [info] Tasks: No changes found during synchronizing tasks.
2025-03-03 20:49:34.243 [info] GlobalState: No changes found during synchronizing ui state.
2025-03-03 20:49:34.284 [info] Extensions: No changes found during synchronizing extensions.
2025-03-03 20:49:34.286 [info] Profiles: No changes found during synchronizing profiles.
2025-03-03 20:49:34.286 [info] Sync done. Took 490ms
2025-03-03 20:50:13.042 [info] Auto Sync: Triggered by Activity
2025-03-03 20:50:13.042 [info] Sync started.
2025-03-03 20:50:13.241 [info] Settings: No changes found during synchronizing settings.
2025-03-03 20:50:13.247 [info] Keybindings: No changes found during synchronizing keybindings.
2025-03-03 20:50:13.255 [info] Snippets: No changes found during synchronizing snippets.
2025-03-03 20:50:13.260 [info] Tasks: No changes found during synchronizing tasks.
2025-03-03 20:50:13.267 [info] GlobalState: No changes found during synchronizing ui state.
2025-03-03 20:50:13.314 [info] Extensions: No changes found during synchronizing extensions.
2025-03-03 20:50:13.315 [info] Profiles: No changes found during synchronizing profiles.
2025-03-03 20:50:13.316 [info] Sync done. Took 275ms
2025-03-03 20:50:31.829 [info] Auto Sync: Triggered by Activity
2025-03-03 20:50:31.829 [info] Sync started.
2025-03-03 20:50:31.971 [info] Settings: No changes found during synchronizing settings.
2025-03-03 20:50:31.976 [info] Keybindings: No changes found during synchronizing keybindings.
2025-03-03 20:50:31.980 [info] Snippets: No changes found during synchronizing snippets.
2025-03-03 20:50:31.983 [info] Tasks: No changes found during synchronizing tasks.
2025-03-03 20:50:31.987 [info] GlobalState: No changes found during synchronizing ui state.
2025-03-03 20:50:32.027 [info] Extensions: No changes found during synchronizing extensions.
2025-03-03 20:50:32.028 [info] Profiles: No changes found during synchronizing profiles.
2025-03-03 20:50:32.028 [info] Sync done. Took 202ms
2025-03-03 20:51:12.283 [info] Auto Sync: Triggered by Activity
2025-03-03 20:51:12.283 [info] Sync started.
2025-03-03 20:51:12.425 [info] Settings: No changes found during synchronizing settings.
2025-03-03 20:51:12.430 [info] Keybindings: No changes found during synchronizing keybindings.
2025-03-03 20:51:12.433 [info] Snippets: No changes found during synchronizing snippets.
2025-03-03 20:51:12.435 [info] Tasks: No changes found during synchronizing tasks.
2025-03-03 20:51:12.437 [info] GlobalState: No changes found during synchronizing ui state.
2025-03-03 20:51:12.474 [info] Extensions: No changes found during synchronizing extensions.
2025-03-03 20:51:12.475 [info] Profiles: No changes found during synchronizing profiles.
2025-03-03 20:51:12.476 [info] Sync done. Took 194ms
2025-03-03 20:51:46.955 [info] Auto Sync: Triggered by Activity
2025-03-03 20:51:46.956 [info] Sync started.
2025-03-03 20:51:47.137 [info] Settings: No changes found during synchronizing settings.
2025-03-03 20:51:47.141 [info] Keybindings: No changes found during synchronizing keybindings.
2025-03-03 20:51:47.144 [info] Snippets: No changes found during synchronizing snippets.
2025-03-03 20:51:47.147 [info] Tasks: No changes found during synchronizing tasks.
2025-03-03 20:51:47.149 [info] GlobalState: No changes found during synchronizing ui state.
2025-03-03 20:51:47.185 [info] Extensions: No changes found during synchronizing extensions.
2025-03-03 20:51:47.186 [info] Profiles: No changes found during synchronizing profiles.
2025-03-03 20:51:47.187 [info] Sync done. Took 233ms
2025-03-03 20:52:05.413 [info] Auto Sync: Triggered by Activity
2025-03-03 20:52:05.413 [info] Sync started.
2025-03-03 20:52:05.573 [info] Settings: No changes found during synchronizing settings.
2025-03-03 20:52:05.579 [info] Keybindings: No changes found during synchronizing keybindings.
2025-03-03 20:52:05.584 [info] Snippets: No changes found during synchronizing snippets.
2025-03-03 20:52:05.588 [info] Tasks: No changes found during synchronizing tasks.
2025-03-03 20:52:05.593 [info] GlobalState: No changes found during synchronizing ui state.
2025-03-03 20:52:05.628 [info] Extensions: No changes found during synchronizing extensions.
2025-03-03 20:52:05.629 [info] Profiles: No changes found during synchronizing profiles.
2025-03-03 20:52:05.629 [info] Sync done. Took 218ms
2025-03-03 20:53:12.036 [info] Auto Sync: Triggered by Activity
2025-03-03 20:53:12.036 [info] Sync started.
2025-03-03 20:53:12.131 [info] Settings: No changes found during synchronizing settings.
2025-03-03 20:53:12.136 [info] Keybindings: No changes found during synchronizing keybindings.
2025-03-03 20:53:12.140 [info] Snippets: No changes found during synchronizing snippets.
2025-03-03 20:53:12.143 [info] Tasks: No changes found during synchronizing tasks.
2025-03-03 20:53:12.147 [info] GlobalState: No changes found during synchronizing ui state.
2025-03-03 20:53:12.181 [info] Extensions: No changes found during synchronizing extensions.
2025-03-03 20:53:12.182 [info] Profiles: No changes found during synchronizing profiles.
2025-03-03 20:53:12.183 [info] Sync done. Took 149ms
2025-03-03 20:58:12.216 [info] Auto Sync: Triggered by Interval
2025-03-03 20:58:12.216 [info] Sync started.
2025-03-03 20:58:12.778 [info] Settings: No changes found during synchronizing settings.
2025-03-03 20:58:12.783 [info] Keybindings: No changes found during synchronizing keybindings.
2025-03-03 20:58:12.788 [info] Snippets: No changes found during synchronizing snippets.
2025-03-03 20:58:12.791 [info] Tasks: No changes found during synchronizing tasks.
2025-03-03 20:58:12.796 [info] GlobalState: No changes found during synchronizing ui state.
2025-03-03 20:58:12.828 [info] Extensions: No changes found during synchronizing extensions.
2025-03-03 20:58:12.829 [info] Profiles: No changes found during synchronizing profiles.
2025-03-03 20:58:12.829 [info] Sync done. Took 615ms
2025-03-03 21:03:12.862 [info] Auto Sync: Triggered by Interval
2025-03-03 21:03:12.863 [info] Sync started.
2025-03-03 21:03:13.732 [info] Settings: No changes found during synchronizing settings.
2025-03-03 21:03:13.737 [info] Keybindings: No changes found during synchronizing keybindings.
2025-03-03 21:03:13.741 [info] Snippets: No changes found during synchronizing snippets.
2025-03-03 21:03:13.745 [info] Tasks: No changes found during synchronizing tasks.
2025-03-03 21:03:13.748 [info] GlobalState: No changes found during synchronizing ui state.
2025-03-03 21:03:13.784 [info] Extensions: No changes found during synchronizing extensions.
2025-03-03 21:03:13.785 [info] Profiles: No changes found during synchronizing profiles.
2025-03-03 21:03:13.785 [info] Sync done. Took 925ms
2025-03-03 21:08:13.819 [info] Auto Sync: Triggered by Interval
2025-03-03 21:08:13.820 [info] Sync started.
2025-03-03 21:08:14.786 [info] Settings: No changes found during synchronizing settings.
2025-03-03 21:08:14.790 [info] Keybindings: No changes found during synchronizing keybindings.
2025-03-03 21:08:14.793 [info] Snippets: No changes found during synchronizing snippets.
2025-03-03 21:08:14.796 [info] Tasks: No changes found during synchronizing tasks.
2025-03-03 21:08:14.799 [info] GlobalState: No changes found during synchronizing ui state.
2025-03-03 21:08:14.836 [info] Extensions: No changes found during synchronizing extensions.
2025-03-03 21:08:14.837 [info] Profiles: No changes found during synchronizing profiles.
2025-03-03 21:08:14.838 [info] Sync done. Took 1020ms
2025-03-03 21:13:14.874 [info] Auto Sync: Triggered by Interval
2025-03-03 21:13:14.874 [info] Sync started.
2025-03-03 21:13:15.948 [info] Settings: No changes found during synchronizing settings.
2025-03-03 21:13:15.951 [info] Keybindings: No changes found during synchronizing keybindings.
2025-03-03 21:13:15.960 [info] Snippets: No changes found during synchronizing snippets.
2025-03-03 21:13:15.964 [info] Tasks: No changes found during synchronizing tasks.
2025-03-03 21:13:15.968 [info] GlobalState: No changes found during synchronizing ui state.
2025-03-03 21:13:16.012 [info] Extensions: No changes found during synchronizing extensions.
2025-03-03 21:13:16.013 [info] Profiles: No changes found during synchronizing profiles.
2025-03-03 21:13:16.014 [info] Sync done. Took 1142ms
2025-03-03 21:18:16.049 [info] Auto Sync: Triggered by Interval
2025-03-03 21:18:16.049 [info] Sync started.
2025-03-03 21:18:16.492 [info] Settings: No changes found during synchronizing settings.
2025-03-03 21:18:16.497 [info] Keybindings: No changes found during synchronizing keybindings.
2025-03-03 21:18:16.500 [info] Snippets: No changes found during synchronizing snippets.
2025-03-03 21:18:16.503 [info] Tasks: No changes found during synchronizing tasks.
2025-03-03 21:18:16.505 [info] GlobalState: No changes found during synchronizing ui state.
2025-03-03 21:18:16.538 [info] Extensions: No changes found during synchronizing extensions.
2025-03-03 21:18:16.538 [info] Profiles: No changes found during synchronizing profiles.
2025-03-03 21:18:16.539 [info] Sync done. Took 492ms
2025-03-03 21:23:16.575 [info] Auto Sync: Triggered by Interval
2025-03-03 21:23:16.576 [info] Sync started.
2025-03-03 21:23:17.753 [info] Settings: No changes found during synchronizing settings.
2025-03-03 21:23:17.758 [info] Keybindings: No changes found during synchronizing keybindings.
2025-03-03 21:23:17.763 [info] Snippets: No changes found during synchronizing snippets.
2025-03-03 21:23:17.767 [info] Tasks: No changes found during synchronizing tasks.
2025-03-03 21:23:17.772 [info] GlobalState: No changes found during synchronizing ui state.
2025-03-03 21:23:17.803 [info] Extensions: No changes found during synchronizing extensions.
2025-03-03 21:23:17.803 [info] Profiles: No changes found during synchronizing profiles.
2025-03-03 21:23:17.804 [info] Sync done. Took 1231ms
2025-03-03 21:28:17.840 [info] Auto Sync: Triggered by Interval
2025-03-03 21:28:17.840 [info] Sync started.
2025-03-03 21:28:18.081 [info] Settings: No changes found during synchronizing settings.
2025-03-03 21:28:18.086 [info] Keybindings: No changes found during synchronizing keybindings.
2025-03-03 21:28:18.091 [info] Snippets: No changes found during synchronizing snippets.
2025-03-03 21:28:18.095 [info] Tasks: No changes found during synchronizing tasks.
2025-03-03 21:28:18.099 [info] GlobalState: No changes found during synchronizing ui state.
2025-03-03 21:28:18.138 [info] Extensions: No changes found during synchronizing extensions.
2025-03-03 21:28:18.138 [info] Profiles: No changes found during synchronizing profiles.
2025-03-03 21:28:18.139 [info] Sync done. Took 299ms
