2025-03-03 14:49:50.933 [info] Reading sessions from keychain...
2025-03-03 14:49:50.933 [info] Getting sessions for all scopes...
2025-03-03 14:49:50.933 [info] Getting sessions for all scopes...
2025-03-03 14:49:50.933 [info] Getting sessions for all scopes...
2025-03-03 14:49:50.933 [info] Getting sessions for user:email...
2025-03-03 14:49:50.938 [info] Getting sessions for user:email...
2025-03-03 14:49:50.938 [info] Getting sessions for user:email...
2025-03-03 14:49:50.948 [info] Got stored sessions!
2025-03-03 14:49:50.948 [info] Got 1 verified sessions.
2025-03-03 14:49:50.948 [info] Got 1 sessions for ...
2025-03-03 14:49:50.948 [info] Got 1 sessions for ...
2025-03-03 14:49:50.948 [info] Got 1 sessions for ...
2025-03-03 14:49:50.948 [info] Got 1 sessions for user:email...
2025-03-03 14:49:50.948 [info] Got 1 sessions for user:email...
2025-03-03 14:49:50.948 [info] Got 1 sessions for user:email...
2025-03-03 14:49:51.753 [info] Getting sessions for read:user,repo,user:email,workflow...
2025-03-03 14:49:51.753 [info] Got 0 sessions for read:user,repo,user:email,workflow...
2025-03-03 14:49:51.753 [info] Getting sessions for all scopes...
2025-03-03 14:49:51.753 [info] Got 1 sessions for ...
2025-03-03 14:49:51.753 [info] Getting sessions for all scopes...
2025-03-03 14:49:51.753 [info] Got 1 sessions for ...
2025-03-03 14:49:51.872 [info] Getting sessions for read:user...
2025-03-03 14:49:51.872 [info] Got 0 sessions for read:user...
2025-03-03 14:49:51.872 [info] Getting sessions for read:user,repo,user:email,workflow...
2025-03-03 14:49:51.872 [info] Got 0 sessions for read:user,repo,user:email,workflow...
2025-03-03 14:49:51.953 [info] Getting sessions for user:email...
2025-03-03 14:49:51.953 [info] Got 1 sessions for user:email...
2025-03-03 14:49:51.953 [info] Getting sessions for read:user,repo,user:email,workflow...
2025-03-03 14:49:51.953 [info] Got 0 sessions for read:user,repo,user:email,workflow...
2025-03-03 14:49:51.953 [info] Getting sessions for user:email...
2025-03-03 14:49:51.953 [info] Got 1 sessions for user:email...
2025-03-03 14:49:51.988 [info] Getting sessions for all scopes...
2025-03-03 14:49:51.988 [info] Got 1 sessions for ...
2025-03-03 14:49:52.013 [info] Getting sessions for read:user,repo,user:email,workflow...
2025-03-03 14:49:52.013 [info] Got 0 sessions for read:user,repo,user:email,workflow...
2025-03-03 14:49:52.775 [info] Getting sessions for user:email...
2025-03-03 14:49:52.775 [info] Got 1 sessions for user:email...
2025-03-03 14:49:52.817 [info] Getting sessions for all scopes...
2025-03-03 14:49:52.817 [info] Got 1 sessions for ...
2025-03-03 14:49:52.823 [info] Getting sessions for read:user,repo,user:email,workflow...
2025-03-03 14:49:52.824 [info] Got 0 sessions for read:user,repo,user:email,workflow...
2025-03-03 14:49:52.841 [info] Getting sessions for user:email...
2025-03-03 14:49:52.841 [info] Got 1 sessions for user:email...
2025-03-03 14:49:52.862 [info] Getting sessions for all scopes...
2025-03-03 14:49:52.862 [info] Got 1 sessions for ...
2025-03-03 14:49:54.219 [info] Getting sessions for all scopes...
2025-03-03 14:49:54.219 [info] Got 1 sessions for ...
2025-03-03 14:49:54.219 [info] Getting sessions for all scopes...
2025-03-03 14:49:54.219 [info] Got 1 sessions for ...
2025-03-03 14:49:54.227 [info] Getting sessions for read:user,repo,user:email,workflow...
2025-03-03 14:49:54.227 [info] Got 0 sessions for read:user,repo,user:email,workflow...
2025-03-03 14:49:54.229 [info] Getting sessions for user:email...
2025-03-03 14:49:54.229 [info] Got 1 sessions for user:email...
2025-03-03 14:49:54.230 [info] Getting sessions for all scopes...
2025-03-03 14:49:54.230 [info] Got 1 sessions for ...
2025-03-03 14:49:54.231 [info] Getting sessions for read:user,repo,user:email,workflow...
2025-03-03 14:49:54.231 [info] Got 0 sessions for read:user,repo,user:email,workflow...
2025-03-03 14:49:54.231 [info] Getting sessions for user:email...
2025-03-03 14:49:54.231 [info] Got 1 sessions for user:email...
2025-03-03 14:49:54.261 [info] Getting sessions for all scopes...
2025-03-03 14:49:54.261 [info] Got 1 sessions for ...
2025-03-03 14:49:54.262 [info] Getting sessions for read:user,repo,user:email,workflow...
2025-03-03 14:49:54.262 [info] Got 0 sessions for read:user,repo,user:email,workflow...
2025-03-03 14:49:54.263 [info] Getting sessions for user:email...
2025-03-03 14:49:54.263 [info] Got 1 sessions for user:email...
2025-03-03 14:49:54.804 [info] Getting sessions for all scopes...
2025-03-03 14:49:54.804 [info] Got 1 sessions for ...
2025-03-03 14:49:54.805 [info] Getting sessions for read:user,repo,user:email,workflow...
2025-03-03 14:49:54.805 [info] Got 0 sessions for read:user,repo,user:email,workflow...
2025-03-03 14:49:54.806 [info] Getting sessions for user:email...
2025-03-03 14:49:54.806 [info] Got 1 sessions for user:email...
2025-03-03 14:49:54.809 [info] Getting sessions for all scopes...
2025-03-03 14:49:54.810 [info] Got 1 sessions for ...
2025-03-03 14:49:54.810 [info] Getting sessions for read:user,repo,user:email,workflow...
2025-03-03 14:49:54.810 [info] Got 0 sessions for read:user,repo,user:email,workflow...
2025-03-03 14:49:54.811 [info] Getting sessions for user:email...
2025-03-03 14:49:54.811 [info] Got 1 sessions for user:email...
