2025-03-09 15:35:59.947 [info] Reading sessions from keychain...
2025-03-09 15:35:59.947 [info] Getting sessions for all scopes...
2025-03-09 15:35:59.947 [info] Getting sessions for all scopes...
2025-03-09 15:35:59.947 [info] Getting sessions for all scopes...
2025-03-09 15:35:59.947 [info] Getting sessions for user:email...
2025-03-09 15:35:59.947 [info] Getting sessions for user:email...
2025-03-09 15:35:59.947 [info] Getting sessions for user:email...
2025-03-09 15:35:59.947 [info] Got 0 sessions for ...
2025-03-09 15:35:59.947 [info] Got 0 sessions for ...
2025-03-09 15:35:59.947 [info] Got 0 sessions for ...
2025-03-09 15:35:59.947 [info] Got 0 sessions for user:email...
2025-03-09 15:35:59.947 [info] Got 0 sessions for user:email...
2025-03-09 15:35:59.947 [info] Got 0 sessions for user:email...
2025-03-09 15:35:59.962 [info] Getting sessions for read:user,repo,user:email,workflow...
2025-03-09 15:35:59.962 [info] Got 0 sessions for read:user,repo,user:email,workflow...
2025-03-09 15:35:59.962 [info] Getting sessions for all scopes...
2025-03-09 15:35:59.962 [info] Got 0 sessions for ...
2025-03-09 15:35:59.962 [info] Getting sessions for all scopes...
2025-03-09 15:35:59.962 [info] Got 0 sessions for ...
2025-03-09 15:35:59.980 [info] Getting sessions for read:user...
2025-03-09 15:35:59.980 [info] Got 0 sessions for read:user...
2025-03-09 15:35:59.980 [info] Getting sessions for user:email...
2025-03-09 15:35:59.980 [info] Got 0 sessions for user:email...
2025-03-09 15:35:59.980 [info] Getting sessions for read:user,repo,user:email,workflow...
2025-03-09 15:35:59.980 [info] Got 0 sessions for read:user,repo,user:email,workflow...
2025-03-09 15:35:59.990 [info] Getting sessions for user:email...
2025-03-09 15:35:59.990 [info] Got 0 sessions for user:email...
2025-03-09 15:35:59.990 [info] Getting sessions for all scopes...
2025-03-09 15:35:59.990 [info] Got 0 sessions for ...
2025-03-09 15:35:59.996 [info] Getting sessions for user:email...
2025-03-09 15:35:59.996 [info] Got 0 sessions for user:email...
2025-03-09 15:36:00.741 [info] Getting sessions for all scopes...
2025-03-09 15:36:00.741 [info] Got 0 sessions for ...
2025-03-09 15:36:00.745 [info] Getting sessions for user:email...
2025-03-09 15:36:00.745 [info] Got 0 sessions for user:email...
2025-03-09 15:36:01.137 [info] Getting sessions for all scopes...
2025-03-09 15:36:01.137 [info] Got 0 sessions for ...
2025-03-09 15:36:03.070 [info] Getting sessions for all scopes...
2025-03-09 15:36:03.070 [info] Got 0 sessions for ...
2025-03-09 15:36:03.072 [info] Getting sessions for user:email...
2025-03-09 15:36:03.072 [info] Got 0 sessions for user:email...
2025-03-09 15:36:03.073 [info] Getting sessions for all scopes...
2025-03-09 15:36:03.073 [info] Got 0 sessions for ...
2025-03-09 15:36:03.075 [info] Getting sessions for user:email...
2025-03-09 15:36:03.075 [info] Got 0 sessions for user:email...
