2025-03-08 18:46:17.621 [info] Reading sessions from keychain...
2025-03-08 18:46:17.621 [info] Getting sessions for all scopes...
2025-03-08 18:46:17.621 [info] Getting sessions for all scopes...
2025-03-08 18:46:17.621 [info] Getting sessions for user:email...
2025-03-08 18:46:17.621 [info] Getting sessions for all scopes...
2025-03-08 18:46:17.621 [info] Got 0 sessions for ...
2025-03-08 18:46:17.621 [info] Got 0 sessions for ...
2025-03-08 18:46:17.621 [info] Got 0 sessions for user:email...
2025-03-08 18:46:17.621 [info] Got 0 sessions for ...
2025-03-08 18:46:17.621 [info] Getting sessions for user:email...
2025-03-08 18:46:17.621 [info] Got 0 sessions for user:email...
2025-03-08 18:46:17.621 [info] Getting sessions for user:email...
2025-03-08 18:46:17.621 [info] Got 0 sessions for user:email...
2025-03-08 18:46:18.200 [info] Getting sessions for read:user,repo,user:email,workflow...
2025-03-08 18:46:18.200 [info] Got 0 sessions for read:user,repo,user:email,workflow...
2025-03-08 18:46:18.200 [info] Getting sessions for all scopes...
2025-03-08 18:46:18.200 [info] Got 0 sessions for ...
2025-03-08 18:46:18.200 [info] Getting sessions for all scopes...
2025-03-08 18:46:18.200 [info] Got 0 sessions for ...
2025-03-08 18:46:18.205 [info] Getting sessions for read:user...
2025-03-08 18:46:18.205 [info] Got 0 sessions for read:user...
2025-03-08 18:46:18.205 [info] Getting sessions for user:email...
2025-03-08 18:46:18.205 [info] Got 0 sessions for user:email...
2025-03-08 18:46:18.205 [info] Getting sessions for read:user,repo,user:email,workflow...
2025-03-08 18:46:18.205 [info] Got 0 sessions for read:user,repo,user:email,workflow...
2025-03-08 18:46:18.206 [info] Getting sessions for user:email...
2025-03-08 18:46:18.206 [info] Got 0 sessions for user:email...
2025-03-08 18:46:18.206 [info] Getting sessions for all scopes...
2025-03-08 18:46:18.206 [info] Got 0 sessions for ...
2025-03-08 18:46:18.209 [info] Getting sessions for user:email...
2025-03-08 18:46:18.209 [info] Got 0 sessions for user:email...
2025-03-08 18:46:18.211 [info] Getting sessions for all scopes...
2025-03-08 18:46:18.211 [info] Got 0 sessions for ...
2025-03-08 18:46:18.964 [info] Getting sessions for user:email...
2025-03-08 18:46:18.964 [info] Got 0 sessions for user:email...
2025-03-08 18:46:19.019 [info] Getting sessions for all scopes...
2025-03-08 18:46:19.019 [info] Got 0 sessions for ...
2025-03-08 18:46:19.021 [info] Getting sessions for user:email...
2025-03-08 18:46:19.021 [info] Got 0 sessions for user:email...
2025-03-08 18:46:19.021 [info] Getting sessions for all scopes...
2025-03-08 18:46:19.022 [info] Got 0 sessions for ...
2025-03-08 18:46:19.023 [info] Getting sessions for user:email...
2025-03-08 18:46:19.023 [info] Got 0 sessions for user:email...
2025-03-08 18:46:19.455 [info] Getting sessions for all scopes...
2025-03-08 18:46:19.455 [info] Got 0 sessions for ...
