2025-03-12 09:05:46.042 [info] [main] Log level: Info
2025-03-12 09:05:46.042 [info] [main] Validating found git in: "git"
2025-03-12 09:05:46.042 [info] [main] Using git "2.48.1" from "git"
2025-03-12 09:05:46.042 [info] [Model][doInitialScan] Initial repository scan started
2025-03-12 09:05:46.042 [info] > git rev-parse --show-toplevel [2ms]
2025-03-12 09:05:46.042 [info] > git rev-parse --git-dir --git-common-dir [113ms]
2025-03-12 09:05:46.042 [info] [Model][openRepository] Opened repository: /home/JakeRA/learning/html/Portfolio
2025-03-12 09:05:46.045 [info] > git rev-parse --show-toplevel [6ms]
2025-03-12 09:05:46.046 [info] > git config --get commit.template [14ms]
2025-03-12 09:05:46.064 [info] > git rev-parse --show-toplevel [10ms]
2025-03-12 09:05:46.066 [info] [Model][doInitialScan] Initial repository scan completed - repositories (1), closed repositories (0), parent repositories (0), unsafe repositories (0)
2025-03-12 09:05:46.068 [info] > git for-each-ref --format=%(refname)%00%(upstream:short)%00%(objectname)%00%(upstream:track)%00%(upstream:remotename)%00%(upstream:remoteref) refs/heads/main refs/remotes/main [5ms]
2025-03-12 09:05:46.087 [info] > git status -z -uall [10ms]
2025-03-12 09:05:46.091 [info] > git for-each-ref --sort -committerdate --format %(refname) %(objectname) %(*objectname) [4ms]
2025-03-12 09:05:46.112 [info] > git for-each-ref --format=%(refname)%00%(upstream:short)%00%(objectname)%00%(upstream:track)%00%(upstream:remotename)%00%(upstream:remoteref) refs/heads/main refs/remotes/main [11ms]
2025-03-12 09:05:46.121 [info] > git config --local branch.main.vscode-merge-base [1ms]
2025-03-12 09:05:46.122 [warning] [Git][config] git config failed: Failed to execute git
2025-03-12 09:05:46.130 [info] > git config --get commit.template [19ms]
2025-03-12 09:05:46.143 [info] > git reflog main --grep-reflog=branch: Created from *. [13ms]
2025-03-12 09:05:46.151 [info] > git for-each-ref --format=%(refname)%00%(upstream:short)%00%(objectname)%00%(upstream:track)%00%(upstream:remotename)%00%(upstream:remoteref) refs/heads/main refs/remotes/main [11ms]
2025-03-12 09:05:46.152 [info] > git symbolic-ref --short refs/remotes/origin/HEAD [2ms]
2025-03-12 09:05:46.152 [info] fatal: ref refs/remotes/origin/HEAD is not a symbolic ref
2025-03-12 09:05:46.152 [warning] [Repository][getDefaultBranch] Failed to get default branch details: Failed to execute git.
2025-03-12 09:05:46.910 [info] > git merge-base refs/heads/main refs/remotes/origin/main [750ms]
2025-03-12 09:05:46.939 [info] > git check-ignore -v -z --stdin [13ms]
2025-03-12 09:05:46.940 [info] > git diff --name-status -z --diff-filter=ADMR d6847e17d947fe8949631763027c89baffb94abb...refs/remotes/origin/main [21ms]
2025-03-12 09:05:46.972 [info] > git show --textconv :index.html [23ms]
2025-03-12 09:05:46.972 [info] > git status -z -uall [8ms]
2025-03-12 09:05:46.973 [info] > git ls-files --stage -- /home/JakeRA/learning/html/Portfolio/index.html [16ms]
2025-03-12 09:05:46.981 [info] > git for-each-ref --sort -committerdate --format %(refname) %(objectname) %(*objectname) [9ms]
2025-03-12 09:05:46.984 [info] > git cat-file -s 7399a7dd62f41b036f52b216eb4b960bcd848e84 [4ms]
2025-03-12 09:07:47.508 [info] > git config --get commit.template [10ms]
2025-03-12 09:07:47.509 [info] > git for-each-ref --format=%(refname)%00%(upstream:short)%00%(objectname)%00%(upstream:track)%00%(upstream:remotename)%00%(upstream:remoteref) refs/heads/main refs/remotes/main [1ms]
2025-03-12 09:07:47.529 [info] > git status -z -uall [11ms]
2025-03-12 09:07:47.529 [info] > git for-each-ref --sort -committerdate --format %(refname) %(objectname) %(*objectname) [1ms]
2025-03-12 09:12:46.486 [info] > git config --get commit.template [12ms]
2025-03-12 09:12:46.487 [info] > git for-each-ref --format=%(refname)%00%(upstream:short)%00%(objectname)%00%(upstream:track)%00%(upstream:remotename)%00%(upstream:remoteref) refs/heads/main refs/remotes/main [1ms]
2025-03-12 09:12:46.506 [info] > git status -z -uall [9ms]
2025-03-12 09:12:46.507 [info] > git for-each-ref --sort -committerdate --format %(refname) %(objectname) %(*objectname) [1ms]
2025-03-12 09:13:32.392 [info] > git config --get commit.template [1ms]
2025-03-12 09:13:32.402 [info] > git for-each-ref --format=%(refname)%00%(upstream:short)%00%(objectname)%00%(upstream:track)%00%(upstream:remotename)%00%(upstream:remoteref) refs/heads/main refs/remotes/main [1ms]
2025-03-12 09:13:32.425 [info] > git status -z -uall [14ms]
2025-03-12 09:13:32.426 [info] > git for-each-ref --sort -committerdate --format %(refname) %(objectname) %(*objectname) [1ms]
2025-03-12 09:15:41.400 [info] > git config --get commit.template [16ms]
2025-03-12 09:15:41.401 [info] > git for-each-ref --format=%(refname)%00%(upstream:short)%00%(objectname)%00%(upstream:track)%00%(upstream:remotename)%00%(upstream:remoteref) refs/heads/main refs/remotes/main [2ms]
2025-03-12 09:15:41.435 [info] > git status -z -uall [19ms]
2025-03-12 09:15:41.435 [info] > git for-each-ref --sort -committerdate --format %(refname) %(objectname) %(*objectname) [1ms]
2025-03-12 09:16:56.246 [info] > git config --get commit.template [1ms]
2025-03-12 09:16:56.262 [info] > git for-each-ref --format=%(refname)%00%(upstream:short)%00%(objectname)%00%(upstream:track)%00%(upstream:remotename)%00%(upstream:remoteref) refs/heads/main refs/remotes/main [2ms]
2025-03-12 09:16:56.295 [info] > git status -z -uall [14ms]
2025-03-12 09:16:56.296 [info] > git for-each-ref --sort -committerdate --format %(refname) %(objectname) %(*objectname) [2ms]
2025-03-12 09:18:34.935 [info] > git config --get commit.template [10ms]
2025-03-12 09:18:34.935 [info] > git for-each-ref --format=%(refname)%00%(upstream:short)%00%(objectname)%00%(upstream:track)%00%(upstream:remotename)%00%(upstream:remoteref) refs/heads/main refs/remotes/main [1ms]
2025-03-12 09:18:34.961 [info] > git status -z -uall [14ms]
2025-03-12 09:18:34.962 [info] > git for-each-ref --sort -committerdate --format %(refname) %(objectname) %(*objectname) [2ms]
2025-03-12 09:19:12.810 [info] > git config --get commit.template [9ms]
2025-03-12 09:19:12.811 [info] > git for-each-ref --format=%(refname)%00%(upstream:short)%00%(objectname)%00%(upstream:track)%00%(upstream:remotename)%00%(upstream:remoteref) refs/heads/main refs/remotes/main [1ms]
2025-03-12 09:19:12.834 [info] > git status -z -uall [12ms]
2025-03-12 09:19:12.849 [info] > git for-each-ref --sort -committerdate --format %(refname) %(objectname) %(*objectname) [16ms]
2025-03-12 09:19:12.867 [info] > git ls-files --stage -- /home/JakeRA/learning/html/Portfolio/index.html [18ms]
2025-03-12 09:19:12.881 [info] > git merge-base refs/heads/main refs/remotes/origin/main [16ms]
2025-03-12 09:19:12.892 [info] > git cat-file -s a2c8de0adf95987ffdfcee5ed75882a183c4038b [12ms]
2025-03-12 09:19:12.893 [info] > git diff --name-status -z --diff-filter=ADMR e9c89ccf737287268a8a19c22cf054c06a9b8687...refs/remotes/origin/main [2ms]
2025-03-12 09:19:12.908 [info] > git show --textconv :index.html [2ms]
2025-03-12 09:19:16.458 [info] > git show --textconv :style.css [7ms]
2025-03-12 09:19:16.464 [info] > git ls-files --stage -- /home/JakeRA/learning/html/Portfolio/style.css [6ms]
2025-03-12 09:19:16.475 [info] > git cat-file -s f57efd44c9c7adbcdd1c9f9bd5f060a8a7d7952c [2ms]
2025-03-12 09:19:17.887 [info] > git config --get commit.template [0ms]
2025-03-12 09:19:17.900 [info] > git for-each-ref --format=%(refname)%00%(upstream:short)%00%(objectname)%00%(upstream:track)%00%(upstream:remotename)%00%(upstream:remoteref) refs/heads/main refs/remotes/main [1ms]
2025-03-12 09:19:17.922 [info] > git status -z -uall [11ms]
2025-03-12 09:19:17.923 [info] > git for-each-ref --sort -committerdate --format %(refname) %(objectname) %(*objectname) [1ms]
2025-03-12 09:19:31.569 [info] > git show --textconv :index.html [15ms]
2025-03-12 09:19:31.570 [info] > git ls-files --stage -- /home/JakeRA/learning/html/Portfolio/index.html [2ms]
2025-03-12 09:19:31.584 [info] > git cat-file -s a2c8de0adf95987ffdfcee5ed75882a183c4038b [1ms]
2025-03-12 09:19:33.119 [info] > git show --textconv :style.css [14ms]
2025-03-12 09:19:33.120 [info] > git ls-files --stage -- /home/JakeRA/learning/html/Portfolio/style.css [2ms]
2025-03-12 09:19:33.129 [info] > git cat-file -s f57efd44c9c7adbcdd1c9f9bd5f060a8a7d7952c [0ms]
2025-03-12 09:19:38.655 [info] > git config --get commit.template [11ms]
2025-03-12 09:19:38.655 [info] > git for-each-ref --format=%(refname)%00%(upstream:short)%00%(objectname)%00%(upstream:track)%00%(upstream:remotename)%00%(upstream:remoteref) refs/heads/main refs/remotes/main [1ms]
2025-03-12 09:19:38.677 [info] > git status -z -uall [9ms]
2025-03-12 09:19:38.678 [info] > git for-each-ref --sort -committerdate --format %(refname) %(objectname) %(*objectname) [1ms]
2025-03-12 09:19:55.998 [info] > git show --textconv :index.html [22ms]
2025-03-12 09:19:55.999 [info] > git ls-files --stage -- /home/JakeRA/learning/html/Portfolio/index.html [1ms]
2025-03-12 09:19:56.017 [info] > git cat-file -s a2c8de0adf95987ffdfcee5ed75882a183c4038b [1ms]
2025-03-12 09:20:04.605 [info] > git show --textconv :style.css [11ms]
2025-03-12 09:20:04.606 [info] > git ls-files --stage -- /home/JakeRA/learning/html/Portfolio/style.css [1ms]
2025-03-12 09:20:04.619 [info] > git cat-file -s f57efd44c9c7adbcdd1c9f9bd5f060a8a7d7952c [1ms]
2025-03-12 09:20:09.270 [info] > git config --get commit.template [1ms]
2025-03-12 09:20:09.283 [info] > git for-each-ref --format=%(refname)%00%(upstream:short)%00%(objectname)%00%(upstream:track)%00%(upstream:remotename)%00%(upstream:remoteref) refs/heads/main refs/remotes/main [1ms]
2025-03-12 09:20:09.311 [info] > git status -z -uall [15ms]
2025-03-12 09:20:09.311 [info] > git for-each-ref --sort -committerdate --format %(refname) %(objectname) %(*objectname) [1ms]
2025-03-12 09:20:40.332 [info] > git config --get commit.template [16ms]
2025-03-12 09:20:40.333 [info] > git for-each-ref --format=%(refname)%00%(upstream:short)%00%(objectname)%00%(upstream:track)%00%(upstream:remotename)%00%(upstream:remoteref) refs/heads/main refs/remotes/main [2ms]
2025-03-12 09:20:40.368 [info] > git status -z -uall [20ms]
2025-03-12 09:20:40.369 [info] > git for-each-ref --sort -committerdate --format %(refname) %(objectname) %(*objectname) [2ms]
2025-03-12 09:20:43.607 [info] > git show --textconv :index.html [16ms]
2025-03-12 09:20:43.608 [info] > git ls-files --stage -- /home/JakeRA/learning/html/Portfolio/index.html [3ms]
2025-03-12 09:20:43.623 [info] > git cat-file -s a2c8de0adf95987ffdfcee5ed75882a183c4038b [1ms]
2025-03-12 09:20:54.968 [info] > git show --textconv :style.css [16ms]
2025-03-12 09:20:54.969 [info] > git ls-files --stage -- /home/JakeRA/learning/html/Portfolio/style.css [2ms]
2025-03-12 09:20:54.986 [info] > git cat-file -s f57efd44c9c7adbcdd1c9f9bd5f060a8a7d7952c [2ms]
2025-03-12 09:20:55.103 [info] > git config --get commit.template [24ms]
2025-03-12 09:20:55.104 [info] > git for-each-ref --format=%(refname)%00%(upstream:short)%00%(objectname)%00%(upstream:track)%00%(upstream:remotename)%00%(upstream:remoteref) refs/heads/main refs/remotes/main [2ms]
2025-03-12 09:20:55.125 [info] > git status -z -uall [10ms]
2025-03-12 09:20:55.126 [info] > git for-each-ref --sort -committerdate --format %(refname) %(objectname) %(*objectname) [1ms]
2025-03-12 09:21:27.342 [info] > git for-each-ref --format=%(refname)%00%(upstream:short)%00%(objectname)%00%(upstream:track)%00%(upstream:remotename)%00%(upstream:remoteref) refs/heads/main refs/remotes/main [2ms]
2025-03-12 09:21:27.342 [info] > git config --get commit.template [15ms]
2025-03-12 09:21:27.371 [info] > git status -z -uall [15ms]
2025-03-12 09:21:27.372 [info] > git for-each-ref --sort -committerdate --format %(refname) %(objectname) %(*objectname) [1ms]
2025-03-12 09:22:02.722 [info] > git config --get commit.template [14ms]
2025-03-12 09:22:02.722 [info] > git for-each-ref --format=%(refname)%00%(upstream:short)%00%(objectname)%00%(upstream:track)%00%(upstream:remotename)%00%(upstream:remoteref) refs/heads/main refs/remotes/main [1ms]
2025-03-12 09:22:02.749 [info] > git status -z -uall [14ms]
2025-03-12 09:22:02.750 [info] > git for-each-ref --sort -committerdate --format %(refname) %(objectname) %(*objectname) [2ms]
2025-03-12 09:22:39.256 [info] > git show --textconv :index.html [14ms]
2025-03-12 09:22:39.257 [info] > git ls-files --stage -- /home/JakeRA/learning/html/Portfolio/index.html [2ms]
2025-03-12 09:22:39.268 [info] > git cat-file -s a2c8de0adf95987ffdfcee5ed75882a183c4038b [1ms]
2025-03-12 09:22:46.427 [info] > git show --textconv :style.css [17ms]
2025-03-12 09:22:46.428 [info] > git ls-files --stage -- /home/JakeRA/learning/html/Portfolio/style.css [2ms]
2025-03-12 09:22:46.444 [info] > git cat-file -s f57efd44c9c7adbcdd1c9f9bd5f060a8a7d7952c [1ms]
2025-03-12 09:23:24.727 [info] > git config --get commit.template [0ms]
2025-03-12 09:23:24.740 [info] > git for-each-ref --format=%(refname)%00%(upstream:short)%00%(objectname)%00%(upstream:track)%00%(upstream:remotename)%00%(upstream:remoteref) refs/heads/main refs/remotes/main [2ms]
2025-03-12 09:23:24.764 [info] > git status -z -uall [12ms]
2025-03-12 09:23:24.765 [info] > git for-each-ref --sort -committerdate --format %(refname) %(objectname) %(*objectname) [2ms]
2025-03-12 09:23:29.804 [info] > git config --get commit.template [17ms]
2025-03-12 09:23:29.806 [info] > git for-each-ref --format=%(refname)%00%(upstream:short)%00%(objectname)%00%(upstream:track)%00%(upstream:remotename)%00%(upstream:remoteref) refs/heads/main refs/remotes/main [4ms]
2025-03-12 09:23:29.839 [info] > git status -z -uall [14ms]
2025-03-12 09:23:29.839 [info] > git for-each-ref --sort -committerdate --format %(refname) %(objectname) %(*objectname) [1ms]
2025-03-12 09:23:30.697 [info] > git show --textconv :index.html [19ms]
2025-03-12 09:23:30.698 [info] > git ls-files --stage -- /home/JakeRA/learning/html/Portfolio/index.html [2ms]
2025-03-12 09:23:30.717 [info] > git cat-file -s a2c8de0adf95987ffdfcee5ed75882a183c4038b [2ms]
2025-03-12 09:23:35.020 [info] > git config --get commit.template [12ms]
2025-03-12 09:23:35.021 [info] > git for-each-ref --format=%(refname)%00%(upstream:short)%00%(objectname)%00%(upstream:track)%00%(upstream:remotename)%00%(upstream:remoteref) refs/heads/main refs/remotes/main [1ms]
2025-03-12 09:23:35.043 [info] > git status -z -uall [12ms]
2025-03-12 09:23:35.044 [info] > git for-each-ref --sort -committerdate --format %(refname) %(objectname) %(*objectname) [1ms]
2025-03-12 09:23:37.819 [info] > git show --textconv :style.css [18ms]
2025-03-12 09:23:37.820 [info] > git ls-files --stage -- /home/JakeRA/learning/html/Portfolio/style.css [2ms]
2025-03-12 09:23:37.832 [info] > git cat-file -s f57efd44c9c7adbcdd1c9f9bd5f060a8a7d7952c [1ms]
2025-03-12 09:23:40.342 [info] > git show --textconv :index.html [12ms]
2025-03-12 09:23:40.342 [info] > git ls-files --stage -- /home/JakeRA/learning/html/Portfolio/index.html [1ms]
2025-03-12 09:23:40.353 [info] > git cat-file -s a2c8de0adf95987ffdfcee5ed75882a183c4038b [1ms]
2025-03-12 09:23:46.596 [info] > git show --textconv :style.css [17ms]
2025-03-12 09:23:46.597 [info] > git ls-files --stage -- /home/JakeRA/learning/html/Portfolio/style.css [2ms]
2025-03-12 09:23:46.612 [info] > git cat-file -s f57efd44c9c7adbcdd1c9f9bd5f060a8a7d7952c [2ms]
2025-03-12 09:24:04.376 [info] > git config --get commit.template [2ms]
2025-03-12 09:24:04.398 [info] > git for-each-ref --format=%(refname)%00%(upstream:short)%00%(objectname)%00%(upstream:track)%00%(upstream:remotename)%00%(upstream:remoteref) refs/heads/main refs/remotes/main [3ms]
2025-03-12 09:24:04.437 [info] > git status -z -uall [19ms]
2025-03-12 09:24:04.438 [info] > git for-each-ref --sort -committerdate --format %(refname) %(objectname) %(*objectname) [1ms]
2025-03-12 09:24:15.056 [info] > git config --get commit.template [15ms]
2025-03-12 09:24:15.057 [info] > git for-each-ref --format=%(refname)%00%(upstream:short)%00%(objectname)%00%(upstream:track)%00%(upstream:remotename)%00%(upstream:remoteref) refs/heads/main refs/remotes/main [2ms]
2025-03-12 09:24:15.102 [info] > git status -z -uall [27ms]
2025-03-12 09:24:15.103 [info] > git for-each-ref --sort -committerdate --format %(refname) %(objectname) %(*objectname) [3ms]
2025-03-12 09:24:25.611 [info] > git config --get commit.template [1ms]
2025-03-12 09:24:25.626 [info] > git for-each-ref --format=%(refname)%00%(upstream:short)%00%(objectname)%00%(upstream:track)%00%(upstream:remotename)%00%(upstream:remoteref) refs/heads/main refs/remotes/main [1ms]
2025-03-12 09:24:25.664 [info] > git status -z -uall [19ms]
2025-03-12 09:24:25.664 [info] > git for-each-ref --sort -committerdate --format %(refname) %(objectname) %(*objectname) [1ms]
2025-03-12 09:24:33.764 [info] > git config --get commit.template [2ms]
2025-03-12 09:24:33.777 [info] > git for-each-ref --format=%(refname)%00%(upstream:short)%00%(objectname)%00%(upstream:track)%00%(upstream:remotename)%00%(upstream:remoteref) refs/heads/main refs/remotes/main [1ms]
2025-03-12 09:24:33.798 [info] > git status -z -uall [10ms]
2025-03-12 09:24:33.799 [info] > git for-each-ref --sort -committerdate --format %(refname) %(objectname) %(*objectname) [1ms]
2025-03-12 09:24:56.259 [info] > git config --get commit.template [18ms]
2025-03-12 09:24:56.260 [info] > git for-each-ref --format=%(refname)%00%(upstream:short)%00%(objectname)%00%(upstream:track)%00%(upstream:remotename)%00%(upstream:remoteref) refs/heads/main refs/remotes/main [1ms]
2025-03-12 09:24:56.282 [info] > git status -z -uall [12ms]
2025-03-12 09:24:56.283 [info] > git for-each-ref --sort -committerdate --format %(refname) %(objectname) %(*objectname) [2ms]
2025-03-12 09:24:59.685 [info] > git show --textconv :index.html [20ms]
2025-03-12 09:24:59.687 [info] > git ls-files --stage -- /home/JakeRA/learning/html/Portfolio/index.html [3ms]
2025-03-12 09:24:59.707 [info] > git cat-file -s a2c8de0adf95987ffdfcee5ed75882a183c4038b [2ms]
2025-03-12 09:25:09.349 [info] > git show --textconv :style.css [19ms]
2025-03-12 09:25:09.350 [info] > git ls-files --stage -- /home/JakeRA/learning/html/Portfolio/style.css [2ms]
2025-03-12 09:25:09.369 [info] > git cat-file -s f57efd44c9c7adbcdd1c9f9bd5f060a8a7d7952c [2ms]
2025-03-12 09:25:59.064 [info] > git show --textconv :index.html [19ms]
2025-03-12 09:25:59.065 [info] > git ls-files --stage -- /home/JakeRA/learning/html/Portfolio/index.html [1ms]
2025-03-12 09:25:59.078 [info] > git cat-file -s a2c8de0adf95987ffdfcee5ed75882a183c4038b [2ms]
2025-03-12 09:26:02.823 [info] > git show --textconv :style.css [17ms]
2025-03-12 09:26:02.824 [info] > git ls-files --stage -- /home/JakeRA/learning/html/Portfolio/style.css [1ms]
2025-03-12 09:26:02.839 [info] > git cat-file -s f57efd44c9c7adbcdd1c9f9bd5f060a8a7d7952c [2ms]
2025-03-12 09:26:09.350 [info] > git config --get commit.template [15ms]
2025-03-12 09:26:09.351 [info] > git for-each-ref --format=%(refname)%00%(upstream:short)%00%(objectname)%00%(upstream:track)%00%(upstream:remotename)%00%(upstream:remoteref) refs/heads/main refs/remotes/main [1ms]
2025-03-12 09:26:09.381 [info] > git status -z -uall [15ms]
2025-03-12 09:26:09.381 [info] > git for-each-ref --sort -committerdate --format %(refname) %(objectname) %(*objectname) [2ms]
2025-03-12 09:26:28.354 [info] > git show --textconv :index.html [22ms]
2025-03-12 09:26:28.356 [info] > git ls-files --stage -- /home/JakeRA/learning/html/Portfolio/index.html [4ms]
2025-03-12 09:26:28.373 [info] > git cat-file -s a2c8de0adf95987ffdfcee5ed75882a183c4038b [2ms]
2025-03-12 09:26:44.186 [info] > git show --textconv :style.css [20ms]
2025-03-12 09:26:44.188 [info] > git ls-files --stage -- /home/JakeRA/learning/html/Portfolio/style.css [3ms]
2025-03-12 09:26:44.206 [info] > git cat-file -s f57efd44c9c7adbcdd1c9f9bd5f060a8a7d7952c [2ms]
2025-03-12 09:26:59.361 [info] > git show --textconv :index.html [15ms]
2025-03-12 09:26:59.363 [info] > git ls-files --stage -- /home/JakeRA/learning/html/Portfolio/index.html [2ms]
2025-03-12 09:26:59.375 [info] > git cat-file -s a2c8de0adf95987ffdfcee5ed75882a183c4038b [1ms]
2025-03-12 09:27:02.871 [info] > git config --get commit.template [1ms]
2025-03-12 09:27:02.883 [info] > git for-each-ref --format=%(refname)%00%(upstream:short)%00%(objectname)%00%(upstream:track)%00%(upstream:remotename)%00%(upstream:remoteref) refs/heads/main refs/remotes/main [1ms]
2025-03-12 09:27:02.905 [info] > git status -z -uall [10ms]
2025-03-12 09:27:02.906 [info] > git for-each-ref --sort -committerdate --format %(refname) %(objectname) %(*objectname) [1ms]
2025-03-12 09:27:03.163 [info] > git show --textconv :style.css [16ms]
2025-03-12 09:27:03.165 [info] > git ls-files --stage -- /home/JakeRA/learning/html/Portfolio/style.css [3ms]
2025-03-12 09:27:03.183 [info] > git cat-file -s f57efd44c9c7adbcdd1c9f9bd5f060a8a7d7952c [1ms]
2025-03-12 09:27:09.367 [info] > git config --get commit.template [0ms]
2025-03-12 09:27:09.378 [info] > git for-each-ref --format=%(refname)%00%(upstream:short)%00%(objectname)%00%(upstream:track)%00%(upstream:remotename)%00%(upstream:remoteref) refs/heads/main refs/remotes/main [0ms]
2025-03-12 09:27:09.398 [info] > git status -z -uall [10ms]
2025-03-12 09:27:09.399 [info] > git for-each-ref --sort -committerdate --format %(refname) %(objectname) %(*objectname) [0ms]
2025-03-12 09:27:33.753 [info] > git config --get commit.template [10ms]
2025-03-12 09:27:33.754 [info] > git for-each-ref --format=%(refname)%00%(upstream:short)%00%(objectname)%00%(upstream:track)%00%(upstream:remotename)%00%(upstream:remoteref) refs/heads/main refs/remotes/main [1ms]
2025-03-12 09:27:33.782 [info] > git status -z -uall [9ms]
2025-03-12 09:27:33.782 [info] > git ls-files --stage -- /home/JakeRA/learning/html/Portfolio/style.css [18ms]
2025-03-12 09:27:33.792 [info] > git for-each-ref --sort -committerdate --format %(refname) %(objectname) %(*objectname) [10ms]
2025-03-12 09:27:33.805 [info] > git cat-file -s 51e5e406f16a6aceb4d9374165355e5b0dd140c6 [13ms]
2025-03-12 09:27:33.805 [info] > git merge-base refs/heads/main refs/remotes/origin/main [1ms]
2025-03-12 09:27:33.833 [info] > git diff --name-status -z --diff-filter=ADMR 068ada5670759a3384cb511e6bf81cf31b341661...refs/remotes/origin/main [14ms]
2025-03-12 09:27:33.834 [info] > git show --textconv :style.css [2ms]
2025-03-12 09:27:38.834 [info] > git config --get commit.template [12ms]
2025-03-12 09:27:38.835 [info] > git for-each-ref --format=%(refname)%00%(upstream:short)%00%(objectname)%00%(upstream:track)%00%(upstream:remotename)%00%(upstream:remoteref) refs/heads/main refs/remotes/main [1ms]
2025-03-12 09:27:38.857 [info] > git status -z -uall [11ms]
2025-03-12 09:27:38.858 [info] > git for-each-ref --sort -committerdate --format %(refname) %(objectname) %(*objectname) [1ms]
2025-03-12 09:27:54.787 [info] > git config --get commit.template [13ms]
2025-03-12 09:27:54.788 [info] > git for-each-ref --format=%(refname)%00%(upstream:short)%00%(objectname)%00%(upstream:track)%00%(upstream:remotename)%00%(upstream:remoteref) refs/heads/main refs/remotes/main [2ms]
2025-03-12 09:27:54.807 [info] > git status -z -uall [9ms]
2025-03-12 09:27:54.808 [info] > git for-each-ref --sort -committerdate --format %(refname) %(objectname) %(*objectname) [1ms]
2025-03-12 09:27:59.843 [info] > git config --get commit.template [13ms]
2025-03-12 09:27:59.844 [info] > git for-each-ref --format=%(refname)%00%(upstream:short)%00%(objectname)%00%(upstream:track)%00%(upstream:remotename)%00%(upstream:remoteref) refs/heads/main refs/remotes/main [1ms]
2025-03-12 09:27:59.866 [info] > git status -z -uall [11ms]
2025-03-12 09:27:59.866 [info] > git for-each-ref --sort -committerdate --format %(refname) %(objectname) %(*objectname) [1ms]
2025-03-12 09:28:36.847 [info] > git config --get commit.template [10ms]
2025-03-12 09:28:36.847 [info] > git for-each-ref --format=%(refname)%00%(upstream:short)%00%(objectname)%00%(upstream:track)%00%(upstream:remotename)%00%(upstream:remoteref) refs/heads/main refs/remotes/main [1ms]
2025-03-12 09:28:36.871 [info] > git status -z -uall [13ms]
2025-03-12 09:28:36.872 [info] > git for-each-ref --sort -committerdate --format %(refname) %(objectname) %(*objectname) [2ms]
2025-03-12 09:28:47.705 [info] > git config --get commit.template [19ms]
2025-03-12 09:28:47.707 [info] > git for-each-ref --format=%(refname)%00%(upstream:short)%00%(objectname)%00%(upstream:track)%00%(upstream:remotename)%00%(upstream:remoteref) refs/heads/main refs/remotes/main [3ms]
2025-03-12 09:28:47.742 [info] > git status -z -uall [18ms]
2025-03-12 09:28:47.744 [info] > git for-each-ref --sort -committerdate --format %(refname) %(objectname) %(*objectname) [2ms]
2025-03-12 09:28:54.969 [info] > git config --get commit.template [12ms]
2025-03-12 09:28:54.970 [info] > git for-each-ref --format=%(refname)%00%(upstream:short)%00%(objectname)%00%(upstream:track)%00%(upstream:remotename)%00%(upstream:remoteref) refs/heads/main refs/remotes/main [1ms]
2025-03-12 09:28:54.992 [info] > git status -z -uall [10ms]
2025-03-12 09:28:54.993 [info] > git for-each-ref --sort -committerdate --format %(refname) %(objectname) %(*objectname) [1ms]
2025-03-12 09:29:15.611 [info] > git config --get commit.template [12ms]
2025-03-12 09:29:15.612 [info] > git for-each-ref --format=%(refname)%00%(upstream:short)%00%(objectname)%00%(upstream:track)%00%(upstream:remotename)%00%(upstream:remoteref) refs/heads/main refs/remotes/main [1ms]
2025-03-12 09:29:15.632 [info] > git status -z -uall [9ms]
2025-03-12 09:29:15.633 [info] > git for-each-ref --sort -committerdate --format %(refname) %(objectname) %(*objectname) [1ms]
2025-03-12 09:29:29.740 [info] > git config --get commit.template [1ms]
2025-03-12 09:29:29.754 [info] > git for-each-ref --format=%(refname)%00%(upstream:short)%00%(objectname)%00%(upstream:track)%00%(upstream:remotename)%00%(upstream:remoteref) refs/heads/main refs/remotes/main [1ms]
2025-03-12 09:29:29.775 [info] > git status -z -uall [10ms]
2025-03-12 09:29:29.776 [info] > git for-each-ref --sort -committerdate --format %(refname) %(objectname) %(*objectname) [1ms]
2025-03-12 09:30:40.746 [info] > git config --get commit.template [11ms]
2025-03-12 09:30:40.747 [info] > git for-each-ref --format=%(refname)%00%(upstream:short)%00%(objectname)%00%(upstream:track)%00%(upstream:remotename)%00%(upstream:remoteref) refs/heads/main refs/remotes/main [1ms]
2025-03-12 09:30:40.780 [info] > git status -z -uall [15ms]
2025-03-12 09:30:40.781 [info] > git for-each-ref --sort -committerdate --format %(refname) %(objectname) %(*objectname) [1ms]
2025-03-12 09:31:27.073 [info] > git show --textconv :index.html [16ms]
2025-03-12 09:31:27.074 [info] > git ls-files --stage -- /home/JakeRA/learning/html/Portfolio/index.html [1ms]
2025-03-12 09:31:27.090 [info] > git cat-file -s a2c8de0adf95987ffdfcee5ed75882a183c4038b [2ms]
2025-03-12 09:32:25.865 [info] > git show --textconv :style.css [14ms]
2025-03-12 09:32:25.866 [info] > git ls-files --stage -- /home/JakeRA/learning/html/Portfolio/style.css [1ms]
2025-03-12 09:32:25.878 [info] > git cat-file -s 51e5e406f16a6aceb4d9374165355e5b0dd140c6 [1ms]
2025-03-12 09:32:33.869 [info] > git config --get commit.template [15ms]
2025-03-12 09:32:33.871 [info] > git for-each-ref --format=%(refname)%00%(upstream:short)%00%(objectname)%00%(upstream:track)%00%(upstream:remotename)%00%(upstream:remoteref) refs/heads/main refs/remotes/main [3ms]
2025-03-12 09:32:33.895 [info] > git status -z -uall [11ms]
2025-03-12 09:32:33.896 [info] > git for-each-ref --sort -committerdate --format %(refname) %(objectname) %(*objectname) [1ms]
2025-03-12 09:32:36.484 [info] > git show --textconv :index.html [18ms]
2025-03-12 09:32:36.485 [info] > git ls-files --stage -- /home/JakeRA/learning/html/Portfolio/index.html [1ms]
2025-03-12 09:32:36.502 [info] > git cat-file -s a2c8de0adf95987ffdfcee5ed75882a183c4038b [1ms]
2025-03-12 09:32:42.367 [info] > git config --get commit.template [13ms]
2025-03-12 09:32:42.368 [info] > git for-each-ref --format=%(refname)%00%(upstream:short)%00%(objectname)%00%(upstream:track)%00%(upstream:remotename)%00%(upstream:remoteref) refs/heads/main refs/remotes/main [1ms]
2025-03-12 09:32:42.398 [info] > git status -z -uall [17ms]
2025-03-12 09:32:42.400 [info] > git for-each-ref --sort -committerdate --format %(refname) %(objectname) %(*objectname) [3ms]
2025-03-12 09:33:20.196 [info] > git config --get commit.template [10ms]
2025-03-12 09:33:20.196 [info] > git for-each-ref --format=%(refname)%00%(upstream:short)%00%(objectname)%00%(upstream:track)%00%(upstream:remotename)%00%(upstream:remoteref) refs/heads/main refs/remotes/main [1ms]
2025-03-12 09:33:20.219 [info] > git status -z -uall [12ms]
2025-03-12 09:33:20.220 [info] > git for-each-ref --sort -committerdate --format %(refname) %(objectname) %(*objectname) [2ms]
2025-03-12 09:33:31.813 [info] > git config --get commit.template [11ms]
2025-03-12 09:33:31.813 [info] > git for-each-ref --format=%(refname)%00%(upstream:short)%00%(objectname)%00%(upstream:track)%00%(upstream:remotename)%00%(upstream:remoteref) refs/heads/main refs/remotes/main [1ms]
2025-03-12 09:33:31.835 [info] > git status -z -uall [11ms]
2025-03-12 09:33:31.847 [info] > git for-each-ref --sort -committerdate --format %(refname) %(objectname) %(*objectname) [12ms]
2025-03-12 09:33:31.858 [info] > git ls-files --stage -- /home/JakeRA/learning/html/Portfolio/index.html [12ms]
2025-03-12 09:33:31.869 [info] > git merge-base refs/heads/main refs/remotes/origin/main [12ms]
2025-03-12 09:33:31.879 [info] > git cat-file -s d1d5d510fcb1feae63bc671ff5433b3ed8b92774 [11ms]
2025-03-12 09:33:31.880 [info] > git diff --name-status -z --diff-filter=ADMR 068ada5670759a3384cb511e6bf81cf31b341661...refs/remotes/origin/main [1ms]
2025-03-12 09:33:31.894 [info] > git show --textconv :index.html [1ms]
2025-03-12 09:35:02.054 [info] > git config --get commit.template [10ms]
2025-03-12 09:35:02.065 [info] > git ls-files --stage -- /home/JakeRA/learning/html/Portfolio/index.html [12ms]
2025-03-12 09:35:02.077 [info] > git for-each-ref --format=%(refname)%00%(upstream:short)%00%(objectname)%00%(upstream:track)%00%(upstream:remotename)%00%(upstream:remoteref) refs/heads/main refs/remotes/main [12ms]
2025-03-12 09:35:02.078 [info] > git cat-file -s d1d5d510fcb1feae63bc671ff5433b3ed8b92774 [1ms]
2025-03-12 09:35:02.128 [info] > git show --textconv :index.html [35ms]
2025-03-12 09:35:02.129 [info] > git status -z -uall [19ms]
2025-03-12 09:35:02.131 [info] > git for-each-ref --sort -committerdate --format %(refname) %(objectname) %(*objectname) [2ms]
2025-03-12 09:35:02.146 [info] > git merge-base refs/heads/main refs/remotes/origin/main [1ms]
2025-03-12 09:35:02.157 [info] > git diff --name-status -z --diff-filter=ADMR 4fcfb02d21c65a93784d807f3e03c75fe4ecc726...refs/remotes/origin/main [1ms]
2025-03-12 09:35:03.986 [info] > git show --textconv :style.css [13ms]
2025-03-12 09:35:03.987 [info] > git ls-files --stage -- /home/JakeRA/learning/html/Portfolio/style.css [1ms]
2025-03-12 09:35:04.004 [info] > git cat-file -s 38e62c188a66fd106e349f5e2b9172be7d6fe7c5 [2ms]
2025-03-12 09:37:06.727 [info] > git config --get commit.template [1ms]
2025-03-12 09:37:06.739 [info] > git for-each-ref --format=%(refname)%00%(upstream:short)%00%(objectname)%00%(upstream:track)%00%(upstream:remotename)%00%(upstream:remoteref) refs/heads/main refs/remotes/main [1ms]
2025-03-12 09:37:06.763 [info] > git status -z -uall [12ms]
2025-03-12 09:37:06.764 [info] > git for-each-ref --sort -committerdate --format %(refname) %(objectname) %(*objectname) [1ms]
2025-03-12 09:37:19.820 [info] > git config --get commit.template [1ms]
2025-03-12 09:37:19.840 [info] > git for-each-ref --format=%(refname)%00%(upstream:short)%00%(objectname)%00%(upstream:track)%00%(upstream:remotename)%00%(upstream:remoteref) refs/heads/main refs/remotes/main [1ms]
2025-03-12 09:37:19.880 [info] > git status -z -uall [21ms]
2025-03-12 09:37:19.881 [info] > git for-each-ref --sort -committerdate --format %(refname) %(objectname) %(*objectname) [2ms]
2025-03-12 09:37:32.594 [info] > git config --get commit.template [15ms]
2025-03-12 09:37:32.595 [info] > git for-each-ref --format=%(refname)%00%(upstream:short)%00%(objectname)%00%(upstream:track)%00%(upstream:remotename)%00%(upstream:remoteref) refs/heads/main refs/remotes/main [2ms]
2025-03-12 09:37:32.620 [info] > git status -z -uall [11ms]
2025-03-12 09:37:32.621 [info] > git for-each-ref --sort -committerdate --format %(refname) %(objectname) %(*objectname) [1ms]
2025-03-12 09:39:44.166 [info] > git show --textconv :index.html [15ms]
2025-03-12 09:39:44.167 [info] > git ls-files --stage -- /home/JakeRA/learning/html/Portfolio/index.html [1ms]
2025-03-12 09:39:44.178 [info] > git cat-file -s d1d5d510fcb1feae63bc671ff5433b3ed8b92774 [1ms]
2025-03-12 09:39:52.169 [info] > git config --get commit.template [11ms]
2025-03-12 09:39:52.170 [info] > git for-each-ref --format=%(refname)%00%(upstream:short)%00%(objectname)%00%(upstream:track)%00%(upstream:remotename)%00%(upstream:remoteref) refs/heads/main refs/remotes/main [1ms]
2025-03-12 09:39:52.192 [info] > git status -z -uall [10ms]
2025-03-12 09:39:52.194 [info] > git for-each-ref --sort -committerdate --format %(refname) %(objectname) %(*objectname) [1ms]
2025-03-12 09:40:22.296 [info] > git show --textconv :style.css [18ms]
2025-03-12 09:40:22.297 [info] > git ls-files --stage -- /home/JakeRA/learning/html/Portfolio/style.css [2ms]
2025-03-12 09:40:22.312 [info] > git cat-file -s 38e62c188a66fd106e349f5e2b9172be7d6fe7c5 [2ms]
2025-03-12 09:40:34.197 [info] > git config --get commit.template [16ms]
2025-03-12 09:40:34.199 [info] > git for-each-ref --format=%(refname)%00%(upstream:short)%00%(objectname)%00%(upstream:track)%00%(upstream:remotename)%00%(upstream:remoteref) refs/heads/main refs/remotes/main [2ms]
2025-03-12 09:40:34.241 [info] > git status -z -uall [22ms]
2025-03-12 09:40:34.243 [info] > git for-each-ref --sort -committerdate --format %(refname) %(objectname) %(*objectname) [3ms]
2025-03-12 09:40:56.224 [info] > git show --textconv :index.html [14ms]
2025-03-12 09:40:56.224 [info] > git ls-files --stage -- /home/JakeRA/learning/html/Portfolio/index.html [1ms]
2025-03-12 09:40:56.235 [info] > git cat-file -s d1d5d510fcb1feae63bc671ff5433b3ed8b92774 [1ms]
2025-03-12 09:41:28.990 [info] > git show --textconv :style.css [12ms]
2025-03-12 09:41:28.990 [info] > git ls-files --stage -- /home/JakeRA/learning/html/Portfolio/style.css [0ms]
2025-03-12 09:41:29.001 [info] > git cat-file -s 38e62c188a66fd106e349f5e2b9172be7d6fe7c5 [1ms]
2025-03-12 09:43:28.990 [info] > git config --get commit.template [17ms]
2025-03-12 09:43:28.991 [info] > git for-each-ref --format=%(refname)%00%(upstream:short)%00%(objectname)%00%(upstream:track)%00%(upstream:remotename)%00%(upstream:remoteref) refs/heads/main refs/remotes/main [2ms]
2025-03-12 09:43:29.022 [info] > git status -z -uall [15ms]
2025-03-12 09:43:29.023 [info] > git for-each-ref --sort -committerdate --format %(refname) %(objectname) %(*objectname) [1ms]
2025-03-12 09:43:30.617 [info] > git show --textconv :index.html [14ms]
2025-03-12 09:43:30.618 [info] > git ls-files --stage -- /home/JakeRA/learning/html/Portfolio/index.html [1ms]
2025-03-12 09:43:30.631 [info] > git cat-file -s d1d5d510fcb1feae63bc671ff5433b3ed8b92774 [1ms]
2025-03-12 09:43:39.261 [info] > git config --get commit.template [1ms]
2025-03-12 09:43:39.274 [info] > git for-each-ref --format=%(refname)%00%(upstream:short)%00%(objectname)%00%(upstream:track)%00%(upstream:remotename)%00%(upstream:remoteref) refs/heads/main refs/remotes/main [2ms]
2025-03-12 09:43:39.296 [info] > git status -z -uall [10ms]
2025-03-12 09:43:39.297 [info] > git for-each-ref --sort -committerdate --format %(refname) %(objectname) %(*objectname) [2ms]
2025-03-12 09:43:58.117 [info] > git show --textconv :style.css [17ms]
2025-03-12 09:43:58.119 [info] > git ls-files --stage -- /home/JakeRA/learning/html/Portfolio/style.css [3ms]
2025-03-12 09:43:58.135 [info] > git cat-file -s 38e62c188a66fd106e349f5e2b9172be7d6fe7c5 [2ms]
2025-03-12 09:45:13.792 [info] > git config --get commit.template [17ms]
2025-03-12 09:45:13.793 [info] > git for-each-ref --format=%(refname)%00%(upstream:short)%00%(objectname)%00%(upstream:track)%00%(upstream:remotename)%00%(upstream:remoteref) refs/heads/main refs/remotes/main [2ms]
2025-03-12 09:45:13.816 [info] > git status -z -uall [11ms]
2025-03-12 09:45:13.817 [info] > git for-each-ref --sort -committerdate --format %(refname) %(objectname) %(*objectname) [1ms]
2025-03-12 09:45:38.118 [info] > git config --get commit.template [11ms]
2025-03-12 09:45:38.118 [info] > git for-each-ref --format=%(refname)%00%(upstream:short)%00%(objectname)%00%(upstream:track)%00%(upstream:remotename)%00%(upstream:remoteref) refs/heads/main refs/remotes/main [1ms]
2025-03-12 09:45:38.139 [info] > git status -z -uall [11ms]
2025-03-12 09:45:38.140 [info] > git for-each-ref --sort -committerdate --format %(refname) %(objectname) %(*objectname) [1ms]
2025-03-12 09:45:39.807 [info] > git show --textconv :index.html [16ms]
2025-03-12 09:45:39.807 [info] > git ls-files --stage -- /home/JakeRA/learning/html/Portfolio/index.html [1ms]
2025-03-12 09:45:39.826 [info] > git cat-file -s d1d5d510fcb1feae63bc671ff5433b3ed8b92774 [1ms]
2025-03-12 09:46:03.654 [info] > git config --get commit.template [18ms]
2025-03-12 09:46:03.655 [info] > git for-each-ref --format=%(refname)%00%(upstream:short)%00%(objectname)%00%(upstream:track)%00%(upstream:remotename)%00%(upstream:remoteref) refs/heads/main refs/remotes/main [1ms]
2025-03-12 09:46:03.677 [info] > git status -z -uall [9ms]
2025-03-12 09:46:03.677 [info] > git for-each-ref --sort -committerdate --format %(refname) %(objectname) %(*objectname) [1ms]
2025-03-12 09:46:16.571 [info] > git config --get commit.template [17ms]
2025-03-12 09:46:16.571 [info] > git for-each-ref --format=%(refname)%00%(upstream:short)%00%(objectname)%00%(upstream:track)%00%(upstream:remotename)%00%(upstream:remoteref) refs/heads/main refs/remotes/main [1ms]
2025-03-12 09:46:16.600 [info] > git status -z -uall [14ms]
2025-03-12 09:46:16.602 [info] > git for-each-ref --sort -committerdate --format %(refname) %(objectname) %(*objectname) [2ms]
2025-03-12 09:46:18.568 [info] > git show --textconv :style.css [14ms]
2025-03-12 09:46:18.569 [info] > git ls-files --stage -- /home/JakeRA/learning/html/Portfolio/style.css [1ms]
2025-03-12 09:46:18.582 [info] > git cat-file -s 38e62c188a66fd106e349f5e2b9172be7d6fe7c5 [1ms]
2025-03-12 09:46:33.537 [info] > git config --get commit.template [1ms]
2025-03-12 09:46:33.551 [info] > git for-each-ref --format=%(refname)%00%(upstream:short)%00%(objectname)%00%(upstream:track)%00%(upstream:remotename)%00%(upstream:remoteref) refs/heads/main refs/remotes/main [2ms]
2025-03-12 09:46:33.594 [info] > git status -z -uall [22ms]
2025-03-12 09:46:33.595 [info] > git for-each-ref --sort -committerdate --format %(refname) %(objectname) %(*objectname) [1ms]
2025-03-12 09:46:46.031 [info] > git config --get commit.template [21ms]
2025-03-12 09:46:46.032 [info] > git for-each-ref --format=%(refname)%00%(upstream:short)%00%(objectname)%00%(upstream:track)%00%(upstream:remotename)%00%(upstream:remoteref) refs/heads/main refs/remotes/main [2ms]
2025-03-12 09:46:46.073 [info] > git status -z -uall [18ms]
2025-03-12 09:46:46.075 [info] > git for-each-ref --sort -committerdate --format %(refname) %(objectname) %(*objectname) [2ms]
2025-03-12 09:47:05.412 [info] > git config --get commit.template [9ms]
2025-03-12 09:47:05.413 [info] > git for-each-ref --format=%(refname)%00%(upstream:short)%00%(objectname)%00%(upstream:track)%00%(upstream:remotename)%00%(upstream:remoteref) refs/heads/main refs/remotes/main [1ms]
2025-03-12 09:47:05.434 [info] > git status -z -uall [11ms]
2025-03-12 09:47:05.434 [info] > git for-each-ref --sort -committerdate --format %(refname) %(objectname) %(*objectname) [1ms]
2025-03-12 09:47:27.070 [info] > git config --get commit.template [17ms]
2025-03-12 09:47:27.071 [info] > git for-each-ref --format=%(refname)%00%(upstream:short)%00%(objectname)%00%(upstream:track)%00%(upstream:remotename)%00%(upstream:remoteref) refs/heads/main refs/remotes/main [1ms]
2025-03-12 09:47:27.097 [info] > git status -z -uall [13ms]
2025-03-12 09:47:27.098 [info] > git for-each-ref --sort -committerdate --format %(refname) %(objectname) %(*objectname) [1ms]
2025-03-12 09:49:54.709 [info] > git config --get commit.template [17ms]
2025-03-12 09:49:54.710 [info] > git for-each-ref --format=%(refname)%00%(upstream:short)%00%(objectname)%00%(upstream:track)%00%(upstream:remotename)%00%(upstream:remoteref) refs/heads/main refs/remotes/main [1ms]
2025-03-12 09:49:54.744 [info] > git status -z -uall [18ms]
2025-03-12 09:49:54.744 [info] > git for-each-ref --sort -committerdate --format %(refname) %(objectname) %(*objectname) [1ms]
2025-03-12 09:50:14.469 [info] > git config --get commit.template [11ms]
2025-03-12 09:50:14.470 [info] > git for-each-ref --format=%(refname)%00%(upstream:short)%00%(objectname)%00%(upstream:track)%00%(upstream:remotename)%00%(upstream:remoteref) refs/heads/main refs/remotes/main [2ms]
2025-03-12 09:50:14.498 [info] > git status -z -uall [10ms]
2025-03-12 09:50:14.498 [info] > git ls-files --stage -- /home/JakeRA/learning/html/Portfolio/style.css [18ms]
2025-03-12 09:50:14.507 [info] > git for-each-ref --sort -committerdate --format %(refname) %(objectname) %(*objectname) [10ms]
2025-03-12 09:50:14.518 [info] > git merge-base refs/heads/main refs/remotes/origin/main [1ms]
2025-03-12 09:50:14.528 [info] > git cat-file -s 75b3e11d3bd80c651b2f34f9ead422df3fce4052 [22ms]
2025-03-12 09:50:14.543 [info] > git diff --name-status -z --diff-filter=ADMR 46af0d6b92549246e76693185bbed033071f95aa...refs/remotes/origin/main [15ms]
2025-03-12 09:50:14.545 [info] > git show --textconv :style.css [3ms]
2025-03-12 10:33:42.182 [info] > git config --get commit.template [12ms]
2025-03-12 10:33:42.183 [info] > git for-each-ref --format=%(refname)%00%(upstream:short)%00%(objectname)%00%(upstream:track)%00%(upstream:remotename)%00%(upstream:remoteref) refs/heads/main refs/remotes/main [1ms]
2025-03-12 10:33:42.209 [info] > git status -z -uall [13ms]
2025-03-12 10:33:42.210 [info] > git for-each-ref --sort -committerdate --format %(refname) %(objectname) %(*objectname) [2ms]
