2025-03-03 14:49:51.754 [info] [main] Log level: Info
2025-03-03 14:49:51.754 [info] [main] Validating found git in: "git"
2025-03-03 14:49:51.754 [info] [main] Using git "2.47.1" from "git"
2025-03-03 14:49:51.754 [info] [Model][doInitialScan] Initial repository scan started
2025-03-03 14:49:51.754 [info] > git rev-parse --show-toplevel [2ms]
2025-03-03 14:49:51.754 [info] > git rev-parse --git-dir --git-common-dir [90ms]
2025-03-03 14:49:51.754 [info] [Model][openRepository] Opened repository: /home/JakeRA/learning/html/Portfolio
2025-03-03 14:49:51.756 [info] > git rev-parse --show-toplevel [6ms]
2025-03-03 14:49:51.756 [info] > git config --get commit.template [13ms]
2025-03-03 14:49:51.775 [info] > git rev-parse --show-toplevel [10ms]
2025-03-03 14:49:51.777 [info] [Model][doInitialScan] Initial repository scan completed - repositories (1), closed repositories (0), parent repositories (0), unsafe repositories (0)
2025-03-03 14:49:51.778 [info] > git for-each-ref --format=%(refname)%00%(upstream:short)%00%(objectname)%00%(upstream:track)%00%(upstream:remotename)%00%(upstream:remoteref) refs/heads/main refs/remotes/main [4ms]
2025-03-03 14:49:51.907 [info] > git status -z -uall [26ms]
2025-03-03 14:49:51.907 [info] > git for-each-ref --sort -committerdate --format %(refname) %(objectname) %(*objectname) [17ms]
2025-03-03 14:49:51.937 [info] > git for-each-ref --format=%(refname)%00%(upstream:short)%00%(objectname)%00%(upstream:track)%00%(upstream:remotename)%00%(upstream:remoteref) refs/heads/main refs/remotes/main [19ms]
2025-03-03 14:49:51.945 [info] > git config --local branch.main.vscode-merge-base [1ms]
2025-03-03 14:49:51.945 [warning] [Git][config] git config failed: Failed to execute git
2025-03-03 14:49:51.952 [info] > git config --get commit.template [16ms]
2025-03-03 14:49:51.963 [info] > git reflog main --grep-reflog=branch: Created from *. [11ms]
2025-03-03 14:49:51.971 [info] > git symbolic-ref --short refs/remotes/origin/HEAD [2ms]
2025-03-03 14:49:51.971 [info] fatal: ref refs/remotes/origin/HEAD is not a symbolic ref
2025-03-03 14:49:51.971 [warning] [Repository][getDefaultBranch] Failed to get default branch details: Failed to execute git.
2025-03-03 14:49:51.980 [info] > git for-each-ref --format=%(refname)%00%(upstream:short)%00%(objectname)%00%(upstream:track)%00%(upstream:remotename)%00%(upstream:remoteref) refs/heads/main refs/remotes/main [18ms]
2025-03-03 14:49:51.981 [info] > git merge-base refs/heads/main refs/remotes/origin/main [2ms]
2025-03-03 14:49:51.991 [info] > git diff --name-status -z --diff-filter=ADMR 095f30324441c8104968285d0ef2d46eca18e1bc...refs/remotes/origin/main [3ms]
2025-03-03 14:49:52.014 [info] > git status -z -uall [9ms]
2025-03-03 14:49:52.014 [info] > git for-each-ref --sort -committerdate --format %(refname) %(objectname) %(*objectname) [1ms]
2025-03-03 14:49:52.775 [info] > git check-ignore -v -z --stdin [7ms]
2025-03-03 14:49:52.796 [info] > git show --textconv :index.html [11ms]
2025-03-03 14:49:52.798 [info] > git ls-files --stage -- /home/JakeRA/learning/html/Portfolio/index.html [3ms]
2025-03-03 14:49:52.810 [info] > git cat-file -s 4fe83e3b5316b00cfe8144ce12a5e9764c409f2c [4ms]
