2025-03-09 15:32:41.458 [info] Reading sessions from keychain...
2025-03-09 15:32:41.458 [info] Getting sessions for all scopes...
2025-03-09 15:32:41.458 [info] Getting sessions for all scopes...
2025-03-09 15:32:41.458 [info] Got 0 sessions for ...
2025-03-09 15:32:41.458 [info] Got 0 sessions for ...
2025-03-09 15:32:41.458 [info] Getting sessions for user:email...
2025-03-09 15:32:41.458 [info] Got 0 sessions for user:email...
2025-03-09 15:32:42.224 [info] Getting sessions for read:user,repo,user:email,workflow...
2025-03-09 15:32:42.224 [info] Got 0 sessions for read:user,repo,user:email,workflow...
2025-03-09 15:32:42.224 [info] Getting sessions for all scopes...
2025-03-09 15:32:42.224 [info] Got 0 sessions for ...
2025-03-09 15:32:42.225 [info] Getting sessions for all scopes...
2025-03-09 15:32:42.225 [info] Got 0 sessions for ...
2025-03-09 15:32:42.249 [info] Getting sessions for read:user...
2025-03-09 15:32:42.249 [info] Got 0 sessions for read:user...
2025-03-09 15:32:42.249 [info] Getting sessions for user:email...
2025-03-09 15:32:42.249 [info] Got 0 sessions for user:email...
2025-03-09 15:32:42.249 [info] Getting sessions for read:user,repo,user:email,workflow...
2025-03-09 15:32:42.249 [info] Got 0 sessions for read:user,repo,user:email,workflow...
2025-03-09 15:32:42.250 [info] Getting sessions for user:email...
2025-03-09 15:32:42.250 [info] Got 0 sessions for user:email...
2025-03-09 15:32:42.250 [info] Getting sessions for all scopes...
2025-03-09 15:32:42.250 [info] Got 0 sessions for ...
2025-03-09 15:32:42.254 [info] Getting sessions for user:email...
2025-03-09 15:32:42.254 [info] Got 0 sessions for user:email...
2025-03-09 15:32:42.255 [info] Getting sessions for all scopes...
2025-03-09 15:32:42.255 [info] Got 0 sessions for ...
2025-03-09 15:32:43.094 [info] Getting sessions for read:user,repo,user:email,workflow...
2025-03-09 15:32:43.094 [info] Got 0 sessions for read:user,repo,user:email,workflow...
2025-03-09 15:32:43.094 [info] Getting sessions for user:email...
2025-03-09 15:32:43.094 [info] Got 0 sessions for user:email...
2025-03-09 15:32:43.504 [info] Getting sessions for all scopes...
2025-03-09 15:32:43.504 [info] Got 0 sessions for ...
2025-03-09 15:32:44.015 [info] Getting sessions for all scopes...
2025-03-09 15:32:44.015 [info] Got 0 sessions for ...
2025-03-09 15:32:44.016 [info] Getting sessions for user:email...
2025-03-09 15:32:44.016 [info] Got 0 sessions for user:email...
2025-03-09 15:32:44.017 [info] Getting sessions for all scopes...
2025-03-09 15:32:44.017 [info] Got 0 sessions for ...
2025-03-09 15:32:44.017 [info] Getting sessions for user:email...
2025-03-09 15:32:44.017 [info] Got 0 sessions for user:email...
