2025-03-09 15:46:43.631 [info] Reading sessions from keychain...
2025-03-09 15:46:43.631 [info] Getting sessions for all scopes...
2025-03-09 15:46:43.631 [info] Getting sessions for all scopes...
2025-03-09 15:46:43.631 [info] Getting sessions for all scopes...
2025-03-09 15:46:43.631 [info] Got 0 sessions for ...
2025-03-09 15:46:43.631 [info] Got 0 sessions for ...
2025-03-09 15:46:43.631 [info] Got 0 sessions for ...
2025-03-09 15:46:43.631 [info] Getting sessions for user:email...
2025-03-09 15:46:43.631 [info] Got 0 sessions for user:email...
2025-03-09 15:46:44.226 [info] Getting sessions for read:user,repo,user:email,workflow...
2025-03-09 15:46:44.227 [info] Got 0 sessions for read:user,repo,user:email,workflow...
2025-03-09 15:46:44.227 [info] Getting sessions for all scopes...
2025-03-09 15:46:44.227 [info] Got 0 sessions for ...
2025-03-09 15:46:44.227 [info] Getting sessions for all scopes...
2025-03-09 15:46:44.227 [info] Got 0 sessions for ...
2025-03-09 15:46:44.229 [info] Getting sessions for read:user...
2025-03-09 15:46:44.229 [info] Got 0 sessions for read:user...
2025-03-09 15:46:44.229 [info] Getting sessions for user:email...
2025-03-09 15:46:44.229 [info] Got 0 sessions for user:email...
2025-03-09 15:46:44.230 [info] Getting sessions for read:user,repo,user:email,workflow...
2025-03-09 15:46:44.230 [info] Got 0 sessions for read:user,repo,user:email,workflow...
2025-03-09 15:46:44.230 [info] Getting sessions for user:email...
2025-03-09 15:46:44.230 [info] Got 0 sessions for user:email...
2025-03-09 15:46:44.230 [info] Getting sessions for all scopes...
2025-03-09 15:46:44.230 [info] Got 0 sessions for ...
2025-03-09 15:46:44.969 [info] Getting sessions for user:email...
2025-03-09 15:46:44.969 [info] Got 0 sessions for user:email...
2025-03-09 15:46:44.971 [info] Getting sessions for all scopes...
2025-03-09 15:46:44.971 [info] Got 0 sessions for ...
2025-03-09 15:46:44.973 [info] Getting sessions for user:email...
2025-03-09 15:46:44.973 [info] Got 0 sessions for user:email...
2025-03-09 15:46:45.580 [info] Getting sessions for all scopes...
2025-03-09 15:46:45.580 [info] Got 0 sessions for ...
2025-03-09 15:46:47.482 [info] Getting sessions for all scopes...
2025-03-09 15:46:47.482 [info] Got 0 sessions for ...
2025-03-09 15:46:47.484 [info] Getting sessions for user:email...
2025-03-09 15:46:47.484 [info] Got 0 sessions for user:email...
2025-03-09 15:46:47.486 [info] Getting sessions for all scopes...
2025-03-09 15:46:47.486 [info] Got 0 sessions for ...
2025-03-09 15:46:47.488 [info] Getting sessions for user:email...
2025-03-09 15:46:47.488 [info] Got 0 sessions for user:email...
