2025-03-08 18:43:44.749 [info] Reading sessions from keychain...
2025-03-08 18:43:44.749 [info] Getting sessions for all scopes...
2025-03-08 18:43:44.749 [info] Getting sessions for all scopes...
2025-03-08 18:43:44.749 [info] Getting sessions for user:email...
2025-03-08 18:43:44.749 [info] Got 0 sessions for ...
2025-03-08 18:43:44.749 [info] Got 0 sessions for ...
2025-03-08 18:43:44.749 [info] Got 0 sessions for user:email...
2025-03-08 18:43:44.749 [info] Getting sessions for user:email...
2025-03-08 18:43:44.749 [info] Got 0 sessions for user:email...
2025-03-08 18:43:44.749 [info] Getting sessions for user:email...
2025-03-08 18:43:44.749 [info] Got 0 sessions for user:email...
2025-03-08 18:43:45.510 [info] Getting sessions for read:user,repo,user:email,workflow...
2025-03-08 18:43:45.510 [info] Got 0 sessions for read:user,repo,user:email,workflow...
2025-03-08 18:43:45.510 [info] Getting sessions for all scopes...
2025-03-08 18:43:45.510 [info] Got 0 sessions for ...
2025-03-08 18:43:45.511 [info] Getting sessions for all scopes...
2025-03-08 18:43:45.511 [info] Got 0 sessions for ...
2025-03-08 18:43:45.515 [info] Getting sessions for read:user...
2025-03-08 18:43:45.515 [info] Got 0 sessions for read:user...
2025-03-08 18:43:45.515 [info] Getting sessions for user:email...
2025-03-08 18:43:45.515 [info] Got 0 sessions for user:email...
2025-03-08 18:43:45.515 [info] Getting sessions for read:user,repo,user:email,workflow...
2025-03-08 18:43:45.515 [info] Got 0 sessions for read:user,repo,user:email,workflow...
2025-03-08 18:43:45.516 [info] Getting sessions for user:email...
2025-03-08 18:43:45.516 [info] Got 0 sessions for user:email...
2025-03-08 18:43:45.517 [info] Getting sessions for all scopes...
2025-03-08 18:43:45.517 [info] Got 0 sessions for ...
2025-03-08 18:43:45.523 [info] Getting sessions for user:email...
2025-03-08 18:43:45.523 [info] Got 0 sessions for user:email...
2025-03-08 18:43:46.251 [info] Getting sessions for all scopes...
2025-03-08 18:43:46.251 [info] Got 0 sessions for ...
2025-03-08 18:43:46.291 [info] Getting sessions for user:email...
2025-03-08 18:43:46.291 [info] Got 0 sessions for user:email...
2025-03-08 18:43:46.303 [info] Getting sessions for all scopes...
2025-03-08 18:43:46.303 [info] Got 0 sessions for ...
2025-03-08 18:43:46.305 [info] Getting sessions for user:email...
2025-03-08 18:43:46.305 [info] Got 0 sessions for user:email...
2025-03-08 18:43:46.306 [info] Getting sessions for all scopes...
2025-03-08 18:43:46.306 [info] Got 0 sessions for ...
2025-03-08 18:43:46.306 [info] Getting sessions for user:email...
2025-03-08 18:43:46.306 [info] Got 0 sessions for user:email...
2025-03-08 18:43:46.751 [info] Getting sessions for all scopes...
2025-03-08 18:43:46.751 [info] Got 0 sessions for ...
