2025-03-14 19:01:59.667 [info] [main] Log level: Info
2025-03-14 19:01:59.667 [info] [main] Validating found git in: "git"
2025-03-14 19:01:59.667 [info] [main] Using git "2.48.1" from "git"
2025-03-14 19:01:59.667 [info] [Model][doInitialScan] Initial repository scan started
2025-03-14 19:01:59.667 [info] > git rev-parse --show-toplevel [2ms]
2025-03-14 19:01:59.667 [info] > git rev-parse --git-dir --git-common-dir [1ms]
2025-03-14 19:01:59.667 [info] [Model][openRepository] Opened repository: /home/JakeRA/my_project/Resume_Shortlisting
2025-03-14 19:01:59.782 [info] > git config --get commit.template [106ms]
2025-03-14 19:01:59.807 [info] > git rev-parse --show-toplevel [30ms]
2025-03-14 19:02:00.068 [info] > git rev-parse --show-toplevel [234ms]
2025-03-14 19:02:00.068 [info] > git for-each-ref --format=%(refname)%00%(upstream:short)%00%(objectname)%00%(upstream:track)%00%(upstream:remotename)%00%(upstream:remoteref) refs/heads/main refs/remotes/main [242ms]
2025-03-14 19:02:00.080 [info] > git rev-parse --show-toplevel [1ms]
2025-03-14 19:02:00.108 [info] > git status -z -uall [12ms]
2025-03-14 19:02:00.108 [info] > git rev-parse --show-toplevel [21ms]
2025-03-14 19:02:00.119 [info] > git for-each-ref --sort -committerdate --format %(refname) %(objectname) %(*objectname) [13ms]
2025-03-14 19:02:00.141 [info] > git for-each-ref --format=%(refname)%00%(upstream:short)%00%(objectname)%00%(upstream:track)%00%(upstream:remotename)%00%(upstream:remoteref) refs/heads/main refs/remotes/main [11ms]
2025-03-14 19:02:00.150 [info] > git rev-parse --show-toplevel [32ms]
2025-03-14 19:02:00.151 [info] [Model][doInitialScan] Initial repository scan completed - repositories (1), closed repositories (0), parent repositories (0), unsafe repositories (0)
2025-03-14 19:02:00.152 [info] > git config --local branch.main.vscode-merge-base [2ms]
2025-03-14 19:02:00.152 [warning] [Git][config] git config failed: Failed to execute git
2025-03-14 19:02:00.160 [info] > git config --get commit.template [19ms]
2025-03-14 19:02:00.196 [info] > git reflog main --grep-reflog=branch: Created from *. [37ms]
2025-03-14 19:02:00.221 [info] > git check-ignore -v -z --stdin [9ms]
2025-03-14 19:02:00.221 [info] > git symbolic-ref --short refs/remotes/origin/HEAD [16ms]
2025-03-14 19:02:00.221 [info] fatal: ref refs/remotes/origin/HEAD is not a symbolic ref
2025-03-14 19:02:00.221 [warning] [Repository][getDefaultBranch] Failed to get default branch details: Failed to execute git.
2025-03-14 19:02:00.231 [info] > git for-each-ref --format=%(refname)%00%(upstream:short)%00%(objectname)%00%(upstream:track)%00%(upstream:remotename)%00%(upstream:remoteref) refs/heads/main refs/remotes/main [60ms]
2025-03-14 19:02:00.236 [info] > git merge-base refs/heads/main refs/remotes/origin/main [6ms]
2025-03-14 19:02:00.248 [info] > git diff --name-status -z --diff-filter=ADMR 94bcf8d05043a9f5c7cba0f1eaf7920ecb881380...refs/remotes/origin/main [2ms]
2025-03-14 19:02:00.276 [info] > git status -z -uall [10ms]
2025-03-14 19:02:01.063 [info] > git for-each-ref --sort -committerdate --format %(refname) %(objectname) %(*objectname) [788ms]
2025-03-14 19:02:02.121 [info] > git check-ignore -v -z --stdin [1ms]
2025-03-14 19:02:02.412 [info] > git show --textconv :frontend/index.html [9ms]
2025-03-14 19:02:02.413 [info] > git ls-files --stage -- /home/JakeRA/my_project/Resume_Shortlisting/frontend/index.html [1ms]
2025-03-14 19:02:02.423 [info] > git cat-file -s 89979f3f2d2db095283bdbc9c407916484ef8b82 [2ms]
2025-03-14 19:02:36.606 [info] > git config --get commit.template [17ms]
2025-03-14 19:02:36.607 [info] > git for-each-ref --format=%(refname)%00%(upstream:short)%00%(objectname)%00%(upstream:track)%00%(upstream:remotename)%00%(upstream:remoteref) refs/heads/main refs/remotes/main [2ms]
2025-03-14 19:02:36.645 [info] > git status -z -uall [20ms]
2025-03-14 19:02:36.646 [info] > git for-each-ref --sort -committerdate --format %(refname) %(objectname) %(*objectname) [3ms]
2025-03-14 19:02:39.194 [info] > git show --textconv :frontend/style.css [11ms]
2025-03-14 19:02:39.195 [info] > git ls-files --stage -- /home/JakeRA/my_project/Resume_Shortlisting/frontend/style.css [1ms]
2025-03-14 19:02:39.205 [info] > git cat-file -s cc9facd71fc824db8f75d8388573d1da605782c1 [1ms]
2025-03-14 19:02:49.806 [info] > git config --get commit.template [15ms]
2025-03-14 19:02:49.807 [info] > git for-each-ref --format=%(refname)%00%(upstream:short)%00%(objectname)%00%(upstream:track)%00%(upstream:remotename)%00%(upstream:remoteref) refs/heads/main refs/remotes/main [2ms]
2025-03-14 19:02:49.837 [info] > git status -z -uall [17ms]
2025-03-14 19:02:49.837 [info] > git for-each-ref --sort -committerdate --format %(refname) %(objectname) %(*objectname) [1ms]
2025-03-14 19:03:14.027 [info] > git config --get commit.template [12ms]
2025-03-14 19:03:14.028 [info] > git for-each-ref --format=%(refname)%00%(upstream:short)%00%(objectname)%00%(upstream:track)%00%(upstream:remotename)%00%(upstream:remoteref) refs/heads/main refs/remotes/main [1ms]
2025-03-14 19:03:14.053 [info] > git status -z -uall [12ms]
2025-03-14 19:03:14.053 [info] > git for-each-ref --sort -committerdate --format %(refname) %(objectname) %(*objectname) [2ms]
2025-03-14 19:03:52.452 [info] > git config --get commit.template [1ms]
2025-03-14 19:03:52.463 [info] > git for-each-ref --format=%(refname)%00%(upstream:short)%00%(objectname)%00%(upstream:track)%00%(upstream:remotename)%00%(upstream:remoteref) refs/heads/main refs/remotes/main [1ms]
2025-03-14 19:03:52.486 [info] > git status -z -uall [12ms]
2025-03-14 19:03:52.496 [info] > git for-each-ref --sort -committerdate --format %(refname) %(objectname) %(*objectname) [11ms]
2025-03-14 19:03:52.510 [info] > git merge-base refs/heads/main refs/remotes/origin/main [2ms]
2025-03-14 19:03:52.519 [info] > git ls-files --stage -- /home/JakeRA/my_project/Resume_Shortlisting/frontend/style.css [23ms]
2025-03-14 19:03:52.529 [info] > git diff --name-status -z --diff-filter=ADMR 94bcf8d05043a9f5c7cba0f1eaf7920ecb881380...refs/remotes/origin/main [10ms]
2025-03-14 19:03:52.530 [info] > git cat-file -s 4e8b6a34ca648d20b865536ce5d0928153b64ee4 [1ms]
2025-03-14 19:03:52.540 [info] > git show --textconv :frontend/style.css [1ms]
2025-03-14 19:04:05.953 [info] > git config --get commit.template [17ms]
2025-03-14 19:04:05.953 [info] > git for-each-ref --format=%(refname)%00%(upstream:short)%00%(objectname)%00%(upstream:track)%00%(upstream:remotename)%00%(upstream:remoteref) refs/heads/main refs/remotes/main [1ms]
2025-03-14 19:04:05.977 [info] > git status -z -uall [11ms]
2025-03-14 19:04:05.978 [info] > git for-each-ref --sort -committerdate --format %(refname) %(objectname) %(*objectname) [2ms]
2025-03-14 19:04:07.890 [info] > git show --textconv :frontend/index.html [16ms]
2025-03-14 19:04:07.891 [info] > git ls-files --stage -- /home/JakeRA/my_project/Resume_Shortlisting/frontend/index.html [1ms]
2025-03-14 19:04:07.906 [info] > git cat-file -s 8d6b200fd9da1763b4232a306fd6ded75468497b [2ms]
2025-03-14 19:04:21.102 [info] > git config --get commit.template [2ms]
2025-03-14 19:04:21.120 [info] > git for-each-ref --format=%(refname)%00%(upstream:short)%00%(objectname)%00%(upstream:track)%00%(upstream:remotename)%00%(upstream:remoteref) refs/heads/main refs/remotes/main [2ms]
2025-03-14 19:04:21.155 [info] > git status -z -uall [17ms]
2025-03-14 19:04:21.156 [info] > git for-each-ref --sort -committerdate --format %(refname) %(objectname) %(*objectname) [2ms]
2025-03-14 19:05:00.639 [info] > git config --get commit.template [18ms]
2025-03-14 19:05:00.641 [info] > git for-each-ref --format=%(refname)%00%(upstream:short)%00%(objectname)%00%(upstream:track)%00%(upstream:remotename)%00%(upstream:remoteref) refs/heads/main refs/remotes/main [3ms]
2025-03-14 19:05:00.685 [info] > git status -z -uall [18ms]
2025-03-14 19:05:00.686 [info] > git for-each-ref --sort -committerdate --format %(refname) %(objectname) %(*objectname) [2ms]
2025-03-14 19:06:02.125 [info] > git config --get commit.template [0ms]
2025-03-14 19:06:02.146 [info] > git for-each-ref --format=%(refname)%00%(upstream:short)%00%(objectname)%00%(upstream:track)%00%(upstream:remotename)%00%(upstream:remoteref) refs/heads/main refs/remotes/main [12ms]
2025-03-14 19:06:02.147 [info] > git ls-files --stage -- /home/JakeRA/my_project/Resume_Shortlisting/frontend/index.html [1ms]
2025-03-14 19:06:02.188 [info] > git status -z -uall [16ms]
2025-03-14 19:06:02.189 [info] > git cat-file -s e2643a8ebf87c21d9c7d0db49cf5e89091cd470a [32ms]
2025-03-14 19:06:02.190 [info] > git for-each-ref --sort -committerdate --format %(refname) %(objectname) %(*objectname) [3ms]
2025-03-14 19:06:02.217 [info] > git show --textconv :frontend/index.html [1ms]
2025-03-14 19:06:02.218 [info] > git merge-base refs/heads/main refs/remotes/origin/main [12ms]
2025-03-14 19:06:02.232 [info] > git diff --name-status -z --diff-filter=ADMR 3c2acb2d48ea8ac1c414738dce0e848b2e2210d5...refs/remotes/origin/main [2ms]
2025-03-14 19:06:07.989 [info] > git config --get commit.template [15ms]
2025-03-14 19:06:08.004 [info] > git ls-files --stage -- /home/JakeRA/my_project/Resume_Shortlisting/frontend/index.html [16ms]
2025-03-14 19:06:08.017 [info] > git for-each-ref --format=%(refname)%00%(upstream:short)%00%(objectname)%00%(upstream:track)%00%(upstream:remotename)%00%(upstream:remoteref) refs/heads/main refs/remotes/main [14ms]
2025-03-14 19:06:08.018 [info] > git cat-file -s e2643a8ebf87c21d9c7d0db49cf5e89091cd470a [2ms]
2025-03-14 19:06:08.056 [info] > git status -z -uall [25ms]
2025-03-14 19:06:08.056 [info] > git for-each-ref --sort -committerdate --format %(refname) %(objectname) %(*objectname) [11ms]
2025-03-14 19:06:08.070 [info] > git show --textconv :frontend/index.html [14ms]
2025-03-14 19:06:08.070 [info] > git merge-base refs/heads/main refs/remotes/origin/main [1ms]
2025-03-14 19:06:08.080 [info] > git diff --name-status -z --diff-filter=ADMR 10e3a0516c52366f1e0d9c052810618ae4a2e69c...refs/remotes/origin/main [1ms]
2025-03-14 19:06:13.098 [info] > git config --get commit.template [11ms]
2025-03-14 19:06:13.099 [info] > git for-each-ref --format=%(refname)%00%(upstream:short)%00%(objectname)%00%(upstream:track)%00%(upstream:remotename)%00%(upstream:remoteref) refs/heads/main refs/remotes/main [2ms]
2025-03-14 19:06:13.120 [info] > git status -z -uall [10ms]
2025-03-14 19:06:13.121 [info] > git for-each-ref --sort -committerdate --format %(refname) %(objectname) %(*objectname) [1ms]
2025-03-14 19:06:22.098 [info] > git show --textconv :frontend/style.css [17ms]
2025-03-14 19:06:22.099 [info] > git ls-files --stage -- /home/JakeRA/my_project/Resume_Shortlisting/frontend/style.css [2ms]
2025-03-14 19:06:22.117 [info] > git cat-file -s 4e8b6a34ca648d20b865536ce5d0928153b64ee4 [1ms]
2025-03-14 19:06:48.373 [info] > git config --get commit.template [10ms]
2025-03-14 19:06:48.374 [info] > git for-each-ref --format=%(refname)%00%(upstream:short)%00%(objectname)%00%(upstream:track)%00%(upstream:remotename)%00%(upstream:remoteref) refs/heads/main refs/remotes/main [1ms]
2025-03-14 19:06:48.393 [info] > git status -z -uall [10ms]
2025-03-14 19:06:48.394 [info] > git for-each-ref --sort -committerdate --format %(refname) %(objectname) %(*objectname) [2ms]
2025-03-14 19:06:59.640 [info] > git config --get commit.template [16ms]
2025-03-14 19:06:59.641 [info] > git for-each-ref --format=%(refname)%00%(upstream:short)%00%(objectname)%00%(upstream:track)%00%(upstream:remotename)%00%(upstream:remoteref) refs/heads/main refs/remotes/main [1ms]
2025-03-14 19:06:59.671 [info] > git status -z -uall [13ms]
2025-03-14 19:06:59.672 [info] > git for-each-ref --sort -committerdate --format %(refname) %(objectname) %(*objectname) [1ms]
2025-03-14 19:07:20.004 [info] > git config --get commit.template [11ms]
2025-03-14 19:07:20.004 [info] > git for-each-ref --format=%(refname)%00%(upstream:short)%00%(objectname)%00%(upstream:track)%00%(upstream:remotename)%00%(upstream:remoteref) refs/heads/main refs/remotes/main [1ms]
2025-03-14 19:07:20.025 [info] > git status -z -uall [11ms]
2025-03-14 19:07:20.026 [info] > git for-each-ref --sort -committerdate --format %(refname) %(objectname) %(*objectname) [1ms]
2025-03-14 19:07:34.515 [info] > git show --textconv :frontend/index.html [19ms]
2025-03-14 19:07:34.515 [info] > git ls-files --stage -- /home/JakeRA/my_project/Resume_Shortlisting/frontend/index.html [1ms]
2025-03-14 19:07:34.527 [info] > git cat-file -s e2643a8ebf87c21d9c7d0db49cf5e89091cd470a [1ms]
2025-03-14 19:08:41.477 [info] > git config --get commit.template [13ms]
2025-03-14 19:08:41.477 [info] > git for-each-ref --format=%(refname)%00%(upstream:short)%00%(objectname)%00%(upstream:track)%00%(upstream:remotename)%00%(upstream:remoteref) refs/heads/main refs/remotes/main [1ms]
2025-03-14 19:08:41.510 [info] > git status -z -uall [17ms]
2025-03-14 19:08:41.511 [info] > git for-each-ref --sort -committerdate --format %(refname) %(objectname) %(*objectname) [1ms]
2025-03-14 19:08:46.543 [info] > git config --get commit.template [12ms]
2025-03-14 19:08:46.544 [info] > git for-each-ref --format=%(refname)%00%(upstream:short)%00%(objectname)%00%(upstream:track)%00%(upstream:remotename)%00%(upstream:remoteref) refs/heads/main refs/remotes/main [2ms]
2025-03-14 19:08:46.565 [info] > git status -z -uall [11ms]
2025-03-14 19:08:46.565 [info] > git for-each-ref --sort -committerdate --format %(refname) %(objectname) %(*objectname) [1ms]
2025-03-14 19:10:04.548 [info] > git config --get commit.template [23ms]
2025-03-14 19:10:04.548 [info] > git for-each-ref --format=%(refname)%00%(upstream:short)%00%(objectname)%00%(upstream:track)%00%(upstream:remotename)%00%(upstream:remoteref) refs/heads/main refs/remotes/main [1ms]
2025-03-14 19:10:04.584 [info] > git status -z -uall [19ms]
2025-03-14 19:10:04.585 [info] > git for-each-ref --sort -committerdate --format %(refname) %(objectname) %(*objectname) [2ms]
2025-03-14 19:10:38.816 [info] > git show --textconv :frontend/style.css [10ms]
2025-03-14 19:10:38.816 [info] > git ls-files --stage -- /home/JakeRA/my_project/Resume_Shortlisting/frontend/style.css [1ms]
2025-03-14 19:10:38.827 [info] > git cat-file -s 4e8b6a34ca648d20b865536ce5d0928153b64ee4 [1ms]
2025-03-14 19:11:11.049 [info] > git config --get commit.template [22ms]
2025-03-14 19:11:11.050 [info] > git for-each-ref --format=%(refname)%00%(upstream:short)%00%(objectname)%00%(upstream:track)%00%(upstream:remotename)%00%(upstream:remoteref) refs/heads/main refs/remotes/main [3ms]
2025-03-14 19:11:11.077 [info] > git status -z -uall [11ms]
2025-03-14 19:11:11.078 [info] > git for-each-ref --sort -committerdate --format %(refname) %(objectname) %(*objectname) [2ms]
2025-03-14 19:11:12.045 [info] > git show --textconv :frontend/index.html [19ms]
2025-03-14 19:11:12.046 [info] > git ls-files --stage -- /home/JakeRA/my_project/Resume_Shortlisting/frontend/index.html [2ms]
2025-03-14 19:11:12.060 [info] > git cat-file -s e2643a8ebf87c21d9c7d0db49cf5e89091cd470a [2ms]
2025-03-14 19:11:40.395 [info] > git config --get commit.template [16ms]
2025-03-14 19:11:40.397 [info] > git for-each-ref --format=%(refname)%00%(upstream:short)%00%(objectname)%00%(upstream:track)%00%(upstream:remotename)%00%(upstream:remoteref) refs/heads/main refs/remotes/main [3ms]
2025-03-14 19:11:40.423 [info] > git status -z -uall [11ms]
2025-03-14 19:11:40.424 [info] > git for-each-ref --sort -committerdate --format %(refname) %(objectname) %(*objectname) [1ms]
2025-03-14 19:11:47.811 [info] > git config --get commit.template [1ms]
2025-03-14 19:11:47.823 [info] > git for-each-ref --format=%(refname)%00%(upstream:short)%00%(objectname)%00%(upstream:track)%00%(upstream:remotename)%00%(upstream:remoteref) refs/heads/main refs/remotes/main [1ms]
2025-03-14 19:11:47.850 [info] > git status -z -uall [16ms]
2025-03-14 19:11:47.851 [info] > git for-each-ref --sort -committerdate --format %(refname) %(objectname) %(*objectname) [2ms]
2025-03-14 19:11:50.083 [info] > git show --textconv :frontend/style.css [11ms]
2025-03-14 19:11:50.084 [info] > git ls-files --stage -- /home/JakeRA/my_project/Resume_Shortlisting/frontend/style.css [1ms]
2025-03-14 19:11:50.095 [info] > git cat-file -s 4e8b6a34ca648d20b865536ce5d0928153b64ee4 [1ms]
2025-03-14 19:13:00.039 [info] > git config --get commit.template [12ms]
2025-03-14 19:13:00.040 [info] > git for-each-ref --format=%(refname)%00%(upstream:short)%00%(objectname)%00%(upstream:track)%00%(upstream:remotename)%00%(upstream:remoteref) refs/heads/main refs/remotes/main [1ms]
2025-03-14 19:13:00.060 [info] > git status -z -uall [10ms]
2025-03-14 19:13:00.071 [info] > git for-each-ref --sort -committerdate --format %(refname) %(objectname) %(*objectname) [12ms]
2025-03-14 19:13:00.083 [info] > git merge-base refs/heads/main refs/remotes/origin/main [1ms]
2025-03-14 19:13:00.092 [info] > git ls-files --stage -- /home/JakeRA/my_project/Resume_Shortlisting/frontend/style.css [22ms]
2025-03-14 19:13:00.104 [info] > git diff --name-status -z --diff-filter=ADMR ae18f35886568cf2d0de6c8cd21687868d2f0188...refs/remotes/origin/main [11ms]
2025-03-14 19:13:00.104 [info] > git cat-file -s a9fabdf0052366a0dbaf5962cf5e2814d131a750 [2ms]
2025-03-14 19:13:00.116 [info] > git show --textconv :frontend/style.css [1ms]
