2025-03-14 10:32:15.246 [info] Reading sessions from keychain...
2025-03-14 10:32:15.246 [info] Getting sessions for all scopes...
2025-03-14 10:32:15.246 [info] Getting sessions for all scopes...
2025-03-14 10:32:15.246 [info] Getting sessions for user:email...
2025-03-14 10:32:15.246 [info] Getting sessions for all scopes...
2025-03-14 10:32:15.246 [info] Got 0 sessions for ...
2025-03-14 10:32:15.246 [info] Got 0 sessions for ...
2025-03-14 10:32:15.246 [info] Got 0 sessions for user:email...
2025-03-14 10:32:15.246 [info] Got 0 sessions for ...
2025-03-14 10:32:15.246 [info] Getting sessions for user:email...
2025-03-14 10:32:15.246 [info] Got 0 sessions for user:email...
2025-03-14 10:32:15.246 [info] Getting sessions for user:email...
2025-03-14 10:32:15.246 [info] Got 0 sessions for user:email...
2025-03-14 10:32:15.246 [info] Getting sessions for read:user,repo,user:email,workflow...
2025-03-14 10:32:15.246 [info] Got 0 sessions for read:user,repo,user:email,workflow...
2025-03-14 10:32:15.246 [info] Getting sessions for all scopes...
2025-03-14 10:32:15.246 [info] Got 0 sessions for ...
2025-03-14 10:32:15.246 [info] Getting sessions for all scopes...
2025-03-14 10:32:15.246 [info] Got 0 sessions for ...
2025-03-14 10:32:15.246 [info] Getting sessions for read:user...
2025-03-14 10:32:15.246 [info] Got 0 sessions for read:user...
2025-03-14 10:32:15.246 [info] Getting sessions for user:email...
2025-03-14 10:32:15.246 [info] Got 0 sessions for user:email...
2025-03-14 10:32:15.246 [info] Getting sessions for read:user,repo,user:email,workflow...
2025-03-14 10:32:15.246 [info] Got 0 sessions for read:user,repo,user:email,workflow...
2025-03-14 10:32:15.247 [info] Getting sessions for user:email...
2025-03-14 10:32:15.247 [info] Got 0 sessions for user:email...
2025-03-14 10:32:15.247 [info] Getting sessions for all scopes...
2025-03-14 10:32:15.247 [info] Got 0 sessions for ...
2025-03-14 10:32:15.253 [info] Getting sessions for user:email...
2025-03-14 10:32:15.253 [info] Got 0 sessions for user:email...
2025-03-14 10:32:15.965 [info] Getting sessions for all scopes...
2025-03-14 10:32:15.965 [info] Got 0 sessions for ...
2025-03-14 10:32:15.968 [info] Getting sessions for user:email...
2025-03-14 10:32:15.968 [info] Got 0 sessions for user:email...
2025-03-14 10:32:16.137 [info] Getting sessions for all scopes...
2025-03-14 10:32:16.138 [info] Got 0 sessions for ...
2025-03-14 10:32:16.138 [info] Getting sessions for user:email...
2025-03-14 10:32:16.138 [info] Got 0 sessions for user:email...
2025-03-14 10:32:16.138 [info] Getting sessions for all scopes...
2025-03-14 10:32:16.138 [info] Got 0 sessions for ...
2025-03-14 10:32:16.138 [info] Getting sessions for user:email...
2025-03-14 10:32:16.138 [info] Got 0 sessions for user:email...
2025-03-14 10:32:16.532 [info] Getting sessions for all scopes...
2025-03-14 10:32:16.532 [info] Got 0 sessions for ...
2025-03-14 10:47:16.144 [info] Getting sessions for all scopes...
2025-03-14 10:47:16.144 [info] Got 0 sessions for ...
2025-03-14 10:47:16.147 [info] Getting sessions for user:email...
2025-03-14 10:47:16.147 [info] Got 0 sessions for user:email...
2025-03-14 10:47:16.186 [info] Getting sessions for all scopes...
2025-03-14 10:47:16.186 [info] Got 0 sessions for ...
2025-03-14 10:47:16.187 [info] Getting sessions for user:email...
2025-03-14 10:47:16.187 [info] Got 0 sessions for user:email...
2025-03-14 11:02:16.190 [info] Getting sessions for all scopes...
2025-03-14 11:02:16.191 [info] Got 0 sessions for ...
2025-03-14 11:02:16.194 [info] Getting sessions for user:email...
2025-03-14 11:02:16.194 [info] Got 0 sessions for user:email...
2025-03-14 11:02:16.196 [info] Getting sessions for all scopes...
2025-03-14 11:02:16.196 [info] Got 0 sessions for ...
2025-03-14 11:02:16.198 [info] Getting sessions for user:email...
2025-03-14 11:02:16.199 [info] Got 0 sessions for user:email...
2025-03-14 11:17:16.203 [info] Getting sessions for all scopes...
2025-03-14 11:17:16.203 [info] Got 0 sessions for ...
2025-03-14 11:17:16.206 [info] Getting sessions for user:email...
2025-03-14 11:17:16.206 [info] Got 0 sessions for user:email...
2025-03-14 11:17:16.209 [info] Getting sessions for all scopes...
2025-03-14 11:17:16.209 [info] Got 0 sessions for ...
2025-03-14 11:17:16.212 [info] Getting sessions for user:email...
2025-03-14 11:17:16.212 [info] Got 0 sessions for user:email...
2025-03-14 11:32:16.217 [info] Getting sessions for all scopes...
2025-03-14 11:32:16.217 [info] Got 0 sessions for ...
2025-03-14 11:32:16.220 [info] Getting sessions for user:email...
2025-03-14 11:32:16.220 [info] Got 0 sessions for user:email...
2025-03-14 11:32:16.223 [info] Getting sessions for all scopes...
2025-03-14 11:32:16.223 [info] Got 0 sessions for ...
2025-03-14 11:32:16.226 [info] Getting sessions for user:email...
2025-03-14 11:32:16.227 [info] Got 0 sessions for user:email...
2025-03-14 11:47:16.233 [info] Getting sessions for all scopes...
2025-03-14 11:47:16.233 [info] Got 0 sessions for ...
2025-03-14 11:47:16.236 [info] Getting sessions for user:email...
2025-03-14 11:47:16.236 [info] Got 0 sessions for user:email...
2025-03-14 11:47:16.239 [info] Getting sessions for all scopes...
2025-03-14 11:47:16.239 [info] Got 0 sessions for ...
2025-03-14 11:47:16.242 [info] Getting sessions for user:email...
2025-03-14 11:47:16.242 [info] Got 0 sessions for user:email...
2025-03-14 12:02:16.248 [info] Getting sessions for all scopes...
2025-03-14 12:02:16.248 [info] Got 0 sessions for ...
2025-03-14 12:02:16.251 [info] Getting sessions for user:email...
2025-03-14 12:02:16.251 [info] Got 0 sessions for user:email...
2025-03-14 12:02:16.254 [info] Getting sessions for all scopes...
2025-03-14 12:02:16.254 [info] Got 0 sessions for ...
2025-03-14 12:02:16.256 [info] Getting sessions for user:email...
2025-03-14 12:02:16.256 [info] Got 0 sessions for user:email...
2025-03-14 12:17:16.262 [info] Getting sessions for all scopes...
2025-03-14 12:17:16.262 [info] Got 0 sessions for ...
2025-03-14 12:17:16.265 [info] Getting sessions for user:email...
2025-03-14 12:17:16.271 [info] Got 0 sessions for user:email...
2025-03-14 12:17:16.275 [info] Getting sessions for all scopes...
2025-03-14 12:17:16.275 [info] Got 0 sessions for ...
2025-03-14 12:17:16.278 [info] Getting sessions for user:email...
2025-03-14 12:17:16.278 [info] Got 0 sessions for user:email...
2025-03-14 12:32:16.284 [info] Getting sessions for all scopes...
2025-03-14 12:32:16.284 [info] Got 0 sessions for ...
2025-03-14 12:32:16.287 [info] Getting sessions for user:email...
2025-03-14 12:32:16.287 [info] Got 0 sessions for user:email...
2025-03-14 12:32:16.291 [info] Getting sessions for all scopes...
2025-03-14 12:32:16.291 [info] Got 0 sessions for ...
2025-03-14 12:32:16.294 [info] Getting sessions for user:email...
2025-03-14 12:32:16.294 [info] Got 0 sessions for user:email...
2025-03-14 12:47:16.300 [info] Getting sessions for all scopes...
2025-03-14 12:47:16.300 [info] Got 0 sessions for ...
2025-03-14 12:47:16.304 [info] Getting sessions for user:email...
2025-03-14 12:47:16.304 [info] Got 0 sessions for user:email...
2025-03-14 12:47:16.308 [info] Getting sessions for all scopes...
2025-03-14 12:47:16.308 [info] Got 0 sessions for ...
2025-03-14 12:47:16.311 [info] Getting sessions for user:email...
2025-03-14 12:47:16.311 [info] Got 0 sessions for user:email...
2025-03-14 13:02:16.317 [info] Getting sessions for all scopes...
2025-03-14 13:02:16.317 [info] Got 0 sessions for ...
2025-03-14 13:02:16.320 [info] Getting sessions for user:email...
2025-03-14 13:02:16.320 [info] Got 0 sessions for user:email...
2025-03-14 13:02:16.323 [info] Getting sessions for all scopes...
2025-03-14 13:02:16.324 [info] Got 0 sessions for ...
2025-03-14 13:02:16.326 [info] Getting sessions for user:email...
2025-03-14 13:02:16.326 [info] Got 0 sessions for user:email...
2025-03-14 13:17:16.334 [info] Getting sessions for all scopes...
2025-03-14 13:17:16.334 [info] Got 0 sessions for ...
2025-03-14 13:17:16.337 [info] Getting sessions for user:email...
2025-03-14 13:17:16.337 [info] Got 0 sessions for user:email...
2025-03-14 13:17:16.341 [info] Getting sessions for all scopes...
2025-03-14 13:17:16.341 [info] Got 0 sessions for ...
2025-03-14 13:17:16.344 [info] Getting sessions for user:email...
2025-03-14 13:17:16.344 [info] Got 0 sessions for user:email...
2025-03-14 13:32:16.349 [info] Getting sessions for all scopes...
2025-03-14 13:32:16.349 [info] Got 0 sessions for ...
2025-03-14 13:32:16.352 [info] Getting sessions for user:email...
2025-03-14 13:32:16.352 [info] Got 0 sessions for user:email...
2025-03-14 13:32:16.355 [info] Getting sessions for all scopes...
2025-03-14 13:32:16.355 [info] Got 0 sessions for ...
2025-03-14 13:32:16.359 [info] Getting sessions for user:email...
2025-03-14 13:32:16.359 [info] Got 0 sessions for user:email...
2025-03-14 13:47:16.365 [info] Getting sessions for all scopes...
2025-03-14 13:47:16.365 [info] Got 0 sessions for ...
2025-03-14 13:47:16.369 [info] Getting sessions for user:email...
2025-03-14 13:47:16.369 [info] Got 0 sessions for user:email...
2025-03-14 13:47:16.372 [info] Getting sessions for all scopes...
2025-03-14 13:47:16.373 [info] Got 0 sessions for ...
2025-03-14 13:47:16.376 [info] Getting sessions for user:email...
2025-03-14 13:47:16.376 [info] Got 0 sessions for user:email...
2025-03-14 14:02:16.381 [info] Getting sessions for all scopes...
2025-03-14 14:02:16.381 [info] Got 0 sessions for ...
2025-03-14 14:02:16.383 [info] Getting sessions for user:email...
2025-03-14 14:02:16.384 [info] Got 0 sessions for user:email...
2025-03-14 14:02:16.387 [info] Getting sessions for all scopes...
2025-03-14 14:02:16.387 [info] Got 0 sessions for ...
2025-03-14 14:02:16.390 [info] Getting sessions for user:email...
2025-03-14 14:02:16.390 [info] Got 0 sessions for user:email...
2025-03-14 14:17:16.394 [info] Getting sessions for all scopes...
2025-03-14 14:17:16.394 [info] Got 0 sessions for ...
2025-03-14 14:17:16.396 [info] Getting sessions for user:email...
2025-03-14 14:17:16.396 [info] Got 0 sessions for user:email...
2025-03-14 14:17:16.397 [info] Getting sessions for all scopes...
2025-03-14 14:17:16.397 [info] Got 0 sessions for ...
2025-03-14 14:17:16.398 [info] Getting sessions for user:email...
2025-03-14 14:17:16.398 [info] Got 0 sessions for user:email...
2025-03-14 14:32:16.401 [info] Getting sessions for all scopes...
2025-03-14 14:32:16.401 [info] Got 0 sessions for ...
2025-03-14 14:32:16.404 [info] Getting sessions for user:email...
2025-03-14 14:32:16.404 [info] Got 0 sessions for user:email...
2025-03-14 14:32:16.406 [info] Getting sessions for all scopes...
2025-03-14 14:32:16.406 [info] Got 0 sessions for ...
2025-03-14 14:32:16.407 [info] Getting sessions for user:email...
2025-03-14 14:32:16.407 [info] Got 0 sessions for user:email...
2025-03-14 14:47:16.414 [info] Getting sessions for all scopes...
2025-03-14 14:47:16.414 [info] Got 0 sessions for ...
2025-03-14 14:47:16.416 [info] Getting sessions for user:email...
2025-03-14 14:47:16.416 [info] Got 0 sessions for user:email...
2025-03-14 14:47:16.417 [info] Getting sessions for all scopes...
2025-03-14 14:47:16.417 [info] Got 0 sessions for ...
2025-03-14 14:47:16.419 [info] Getting sessions for user:email...
2025-03-14 14:47:16.419 [info] Got 0 sessions for user:email...
2025-03-14 15:02:16.423 [info] Getting sessions for all scopes...
2025-03-14 15:02:16.423 [info] Got 0 sessions for ...
2025-03-14 15:02:16.425 [info] Getting sessions for user:email...
2025-03-14 15:02:16.425 [info] Got 0 sessions for user:email...
2025-03-14 15:02:16.428 [info] Getting sessions for all scopes...
2025-03-14 15:02:16.428 [info] Got 0 sessions for ...
2025-03-14 15:02:16.430 [info] Getting sessions for user:email...
2025-03-14 15:02:16.430 [info] Got 0 sessions for user:email...
2025-03-14 15:17:16.436 [info] Getting sessions for all scopes...
2025-03-14 15:17:16.436 [info] Got 0 sessions for ...
2025-03-14 15:17:16.439 [info] Getting sessions for user:email...
2025-03-14 15:17:16.439 [info] Got 0 sessions for user:email...
2025-03-14 15:17:16.442 [info] Getting sessions for all scopes...
2025-03-14 15:17:16.442 [info] Got 0 sessions for ...
2025-03-14 15:17:16.444 [info] Getting sessions for user:email...
2025-03-14 15:17:16.444 [info] Got 0 sessions for user:email...
2025-03-14 15:32:16.448 [info] Getting sessions for all scopes...
2025-03-14 15:32:16.448 [info] Got 0 sessions for ...
2025-03-14 15:32:16.450 [info] Getting sessions for user:email...
2025-03-14 15:32:16.451 [info] Got 0 sessions for user:email...
2025-03-14 15:32:16.452 [info] Getting sessions for all scopes...
2025-03-14 15:32:16.452 [info] Got 0 sessions for ...
2025-03-14 15:32:16.453 [info] Getting sessions for user:email...
2025-03-14 15:32:16.453 [info] Got 0 sessions for user:email...
2025-03-14 15:47:16.458 [info] Getting sessions for all scopes...
2025-03-14 15:47:16.458 [info] Got 0 sessions for ...
2025-03-14 15:47:16.461 [info] Getting sessions for user:email...
2025-03-14 15:47:16.461 [info] Got 0 sessions for user:email...
2025-03-14 15:47:16.463 [info] Getting sessions for all scopes...
2025-03-14 15:47:16.463 [info] Got 0 sessions for ...
2025-03-14 15:47:16.464 [info] Getting sessions for user:email...
2025-03-14 15:47:16.464 [info] Got 0 sessions for user:email...
2025-03-14 16:02:16.469 [info] Getting sessions for all scopes...
2025-03-14 16:02:16.469 [info] Got 0 sessions for ...
2025-03-14 16:02:16.472 [info] Getting sessions for user:email...
2025-03-14 16:02:16.472 [info] Got 0 sessions for user:email...
2025-03-14 16:02:16.475 [info] Getting sessions for all scopes...
2025-03-14 16:02:16.475 [info] Got 0 sessions for ...
2025-03-14 16:02:16.477 [info] Getting sessions for user:email...
2025-03-14 16:02:16.477 [info] Got 0 sessions for user:email...
2025-03-14 16:17:16.482 [info] Getting sessions for all scopes...
2025-03-14 16:17:16.482 [info] Got 0 sessions for ...
2025-03-14 16:17:16.485 [info] Getting sessions for user:email...
2025-03-14 16:17:16.485 [info] Got 0 sessions for user:email...
2025-03-14 16:17:16.487 [info] Getting sessions for all scopes...
2025-03-14 16:17:16.487 [info] Got 0 sessions for ...
2025-03-14 16:17:16.489 [info] Getting sessions for user:email...
2025-03-14 16:17:16.489 [info] Got 0 sessions for user:email...
2025-03-14 16:32:16.495 [info] Getting sessions for all scopes...
2025-03-14 16:32:16.495 [info] Got 0 sessions for ...
2025-03-14 16:32:16.498 [info] Getting sessions for user:email...
2025-03-14 16:32:16.498 [info] Got 0 sessions for user:email...
2025-03-14 16:32:16.500 [info] Getting sessions for all scopes...
2025-03-14 16:32:16.500 [info] Got 0 sessions for ...
2025-03-14 16:32:16.503 [info] Getting sessions for user:email...
2025-03-14 16:32:16.503 [info] Got 0 sessions for user:email...
2025-03-14 16:47:16.507 [info] Getting sessions for all scopes...
2025-03-14 16:47:16.507 [info] Got 0 sessions for ...
2025-03-14 16:47:16.510 [info] Getting sessions for user:email...
2025-03-14 16:47:16.510 [info] Got 0 sessions for user:email...
2025-03-14 16:47:16.512 [info] Getting sessions for all scopes...
2025-03-14 16:47:16.512 [info] Got 0 sessions for ...
2025-03-14 16:47:16.514 [info] Getting sessions for user:email...
2025-03-14 16:47:16.514 [info] Got 0 sessions for user:email...
2025-03-14 17:02:16.518 [info] Getting sessions for all scopes...
2025-03-14 17:02:16.519 [info] Got 0 sessions for ...
2025-03-14 17:02:16.521 [info] Getting sessions for user:email...
2025-03-14 17:02:16.521 [info] Got 0 sessions for user:email...
2025-03-14 17:02:16.523 [info] Getting sessions for all scopes...
2025-03-14 17:02:16.523 [info] Got 0 sessions for ...
2025-03-14 17:02:16.525 [info] Getting sessions for user:email...
2025-03-14 17:02:16.525 [info] Got 0 sessions for user:email...
2025-03-14 17:17:16.530 [info] Getting sessions for all scopes...
2025-03-14 17:17:16.530 [info] Got 0 sessions for ...
2025-03-14 17:17:16.533 [info] Getting sessions for user:email...
2025-03-14 17:17:16.533 [info] Got 0 sessions for user:email...
2025-03-14 17:17:16.536 [info] Getting sessions for all scopes...
2025-03-14 17:17:16.536 [info] Got 0 sessions for ...
2025-03-14 17:17:16.538 [info] Getting sessions for user:email...
2025-03-14 17:17:16.538 [info] Got 0 sessions for user:email...
2025-03-14 17:32:16.542 [info] Getting sessions for all scopes...
2025-03-14 17:32:16.542 [info] Got 0 sessions for ...
2025-03-14 17:32:16.543 [info] Getting sessions for user:email...
2025-03-14 17:32:16.543 [info] Got 0 sessions for user:email...
2025-03-14 17:32:16.544 [info] Getting sessions for all scopes...
2025-03-14 17:32:16.544 [info] Got 0 sessions for ...
2025-03-14 17:32:16.545 [info] Getting sessions for user:email...
2025-03-14 17:32:16.545 [info] Got 0 sessions for user:email...
2025-03-14 17:47:16.550 [info] Getting sessions for all scopes...
2025-03-14 17:47:16.550 [info] Got 0 sessions for ...
2025-03-14 17:47:16.553 [info] Getting sessions for user:email...
2025-03-14 17:47:16.553 [info] Got 0 sessions for user:email...
2025-03-14 17:47:16.556 [info] Getting sessions for all scopes...
2025-03-14 17:47:16.556 [info] Got 0 sessions for ...
2025-03-14 17:47:16.558 [info] Getting sessions for user:email...
2025-03-14 17:47:16.558 [info] Got 0 sessions for user:email...
2025-03-14 18:02:16.561 [info] Getting sessions for all scopes...
2025-03-14 18:02:16.561 [info] Got 0 sessions for ...
2025-03-14 18:02:16.564 [info] Getting sessions for user:email...
2025-03-14 18:02:16.564 [info] Got 0 sessions for user:email...
2025-03-14 18:02:16.567 [info] Getting sessions for all scopes...
2025-03-14 18:02:16.567 [info] Got 0 sessions for ...
2025-03-14 18:02:16.569 [info] Getting sessions for user:email...
2025-03-14 18:02:16.569 [info] Got 0 sessions for user:email...
2025-03-14 18:17:16.574 [info] Getting sessions for all scopes...
2025-03-14 18:17:16.574 [info] Got 0 sessions for ...
2025-03-14 18:17:16.576 [info] Getting sessions for user:email...
2025-03-14 18:17:16.576 [info] Got 0 sessions for user:email...
2025-03-14 18:17:16.578 [info] Getting sessions for all scopes...
2025-03-14 18:17:16.578 [info] Got 0 sessions for ...
2025-03-14 18:17:16.579 [info] Getting sessions for user:email...
2025-03-14 18:17:16.579 [info] Got 0 sessions for user:email...
2025-03-14 18:32:16.584 [info] Getting sessions for all scopes...
2025-03-14 18:32:16.585 [info] Got 0 sessions for ...
2025-03-14 18:32:16.588 [info] Getting sessions for user:email...
2025-03-14 18:32:16.588 [info] Got 0 sessions for user:email...
2025-03-14 18:32:16.591 [info] Getting sessions for all scopes...
2025-03-14 18:32:16.591 [info] Got 0 sessions for ...
2025-03-14 18:32:16.593 [info] Getting sessions for user:email...
2025-03-14 18:32:16.593 [info] Got 0 sessions for user:email...
2025-03-14 18:47:16.598 [info] Getting sessions for all scopes...
2025-03-14 18:47:16.598 [info] Got 0 sessions for ...
2025-03-14 18:47:16.601 [info] Getting sessions for user:email...
2025-03-14 18:47:16.601 [info] Got 0 sessions for user:email...
2025-03-14 18:47:16.604 [info] Getting sessions for all scopes...
2025-03-14 18:47:16.604 [info] Got 0 sessions for ...
2025-03-14 18:47:16.606 [info] Getting sessions for user:email...
2025-03-14 18:47:16.606 [info] Got 0 sessions for user:email...
