2025-03-06 20:57:56.888 [info] Reading sessions from keychain...
2025-03-06 20:57:56.888 [info] Getting sessions for all scopes...
2025-03-06 20:57:56.888 [info] Getting sessions for all scopes...
2025-03-06 20:57:56.888 [info] Got stored sessions!
2025-03-06 20:57:56.888 [info] Got 1 verified sessions.
2025-03-06 20:57:56.888 [info] Got 1 sessions for ...
2025-03-06 20:57:56.888 [info] Got 1 sessions for ...
2025-03-06 20:57:56.888 [info] Getting sessions for user:email...
2025-03-06 20:57:56.888 [info] Got 1 sessions for user:email...
2025-03-06 20:57:57.613 [info] Getting sessions for read:user,repo,user:email,workflow...
2025-03-06 20:57:57.613 [info] Got 0 sessions for read:user,repo,user:email,workflow...
2025-03-06 20:57:57.613 [info] Getting sessions for all scopes...
2025-03-06 20:57:57.613 [info] Got 1 sessions for ...
2025-03-06 20:57:57.613 [info] Getting sessions for all scopes...
2025-03-06 20:57:57.613 [info] Got 1 sessions for ...
2025-03-06 20:57:57.660 [info] Getting sessions for read:user...
2025-03-06 20:57:57.660 [info] Got 0 sessions for read:user...
2025-03-06 20:57:57.660 [info] Getting sessions for read:user,repo,user:email,workflow...
2025-03-06 20:57:57.660 [info] Got 0 sessions for read:user,repo,user:email,workflow...
2025-03-06 20:57:57.811 [info] Getting sessions for user:email...
2025-03-06 20:57:57.811 [info] Got 1 sessions for user:email...
2025-03-06 20:57:57.811 [info] Getting sessions for user:email...
2025-03-06 20:57:57.811 [info] Got 1 sessions for user:email...
2025-03-06 20:57:57.819 [info] Getting sessions for read:user,repo,user:email,workflow...
2025-03-06 20:57:57.819 [info] Got 0 sessions for read:user,repo,user:email,workflow...
2025-03-06 20:57:57.873 [info] Getting sessions for all scopes...
2025-03-06 20:57:57.873 [info] Got 1 sessions for ...
2025-03-06 20:57:57.919 [info] Getting sessions for read:user,repo,user:email,workflow...
2025-03-06 20:57:57.919 [info] Got 0 sessions for read:user,repo,user:email,workflow...
2025-03-06 20:57:58.672 [info] Getting sessions for user:email...
2025-03-06 20:57:58.672 [info] Got 1 sessions for user:email...
2025-03-06 20:57:58.683 [info] Getting sessions for all scopes...
2025-03-06 20:57:58.683 [info] Got 1 sessions for ...
2025-03-06 20:57:58.685 [info] Getting sessions for read:user,repo,user:email,workflow...
2025-03-06 20:57:58.685 [info] Got 0 sessions for read:user,repo,user:email,workflow...
2025-03-06 20:57:58.686 [info] Getting sessions for user:email...
2025-03-06 20:57:58.686 [info] Got 1 sessions for user:email...
2025-03-06 20:57:58.820 [info] Getting sessions for all scopes...
2025-03-06 20:57:58.820 [info] Got 1 sessions for ...
2025-03-06 20:57:58.822 [info] Getting sessions for read:user,repo,user:email,workflow...
2025-03-06 20:57:58.822 [info] Got 0 sessions for read:user,repo,user:email,workflow...
2025-03-06 20:57:58.822 [info] Getting sessions for user:email...
2025-03-06 20:57:58.822 [info] Got 1 sessions for user:email...
2025-03-06 20:57:58.844 [info] Getting sessions for all scopes...
2025-03-06 20:57:58.844 [info] Got 1 sessions for ...
2025-03-06 20:57:59.750 [info] Getting sessions for all scopes...
2025-03-06 20:57:59.750 [info] Got 1 sessions for ...
2025-03-06 20:57:59.750 [info] Getting sessions for all scopes...
2025-03-06 20:57:59.750 [info] Got 1 sessions for ...
2025-03-06 20:57:59.766 [info] Getting sessions for read:user,repo,user:email,workflow...
2025-03-06 20:57:59.766 [info] Got 0 sessions for read:user,repo,user:email,workflow...
2025-03-06 20:57:59.768 [info] Getting sessions for user:email...
2025-03-06 20:57:59.768 [info] Got 1 sessions for user:email...
2025-03-06 20:57:59.770 [info] Getting sessions for all scopes...
2025-03-06 20:57:59.770 [info] Got 1 sessions for ...
2025-03-06 20:57:59.772 [info] Getting sessions for read:user,repo,user:email,workflow...
2025-03-06 20:57:59.772 [info] Got 0 sessions for read:user,repo,user:email,workflow...
2025-03-06 20:57:59.773 [info] Getting sessions for user:email...
2025-03-06 20:57:59.773 [info] Got 1 sessions for user:email...
2025-03-06 20:57:59.809 [info] Getting sessions for all scopes...
2025-03-06 20:57:59.809 [info] Got 1 sessions for ...
2025-03-06 20:57:59.812 [info] Getting sessions for read:user,repo,user:email,workflow...
2025-03-06 20:57:59.812 [info] Got 0 sessions for read:user,repo,user:email,workflow...
2025-03-06 20:57:59.812 [info] Getting sessions for user:email...
2025-03-06 20:57:59.812 [info] Got 1 sessions for user:email...
2025-03-06 21:13:01.062 [info] Getting sessions for all scopes...
2025-03-06 21:13:01.062 [info] Got 1 sessions for ...
2025-03-06 21:13:01.066 [info] Getting sessions for read:user,repo,user:email,workflow...
2025-03-06 21:13:01.066 [info] Got 0 sessions for read:user,repo,user:email,workflow...
2025-03-06 21:13:01.069 [info] Getting sessions for user:email...
2025-03-06 21:13:01.069 [info] Got 1 sessions for user:email...
2025-03-06 21:13:01.103 [info] Getting sessions for all scopes...
2025-03-06 21:13:01.103 [info] Got 1 sessions for ...
2025-03-06 21:13:01.105 [info] Getting sessions for read:user,repo,user:email,workflow...
2025-03-06 21:13:01.105 [info] Got 0 sessions for read:user,repo,user:email,workflow...
2025-03-06 21:13:01.106 [info] Getting sessions for user:email...
2025-03-06 21:13:01.106 [info] Got 1 sessions for user:email...
2025-03-06 21:13:11.457 [info] Getting sessions for all scopes...
2025-03-06 21:13:11.457 [info] Got 1 sessions for ...
2025-03-06 21:13:11.461 [info] Getting sessions for read:user,repo,user:email,workflow...
2025-03-06 21:13:11.461 [info] Got 0 sessions for read:user,repo,user:email,workflow...
2025-03-06 21:13:11.464 [info] Getting sessions for user:email...
2025-03-06 21:13:11.464 [info] Got 1 sessions for user:email...
2025-03-06 21:22:59.298 [info] Getting sessions for read:user,repo,user:email,workflow...
2025-03-06 21:22:59.299 [info] Got 0 sessions for read:user,repo,user:email,workflow...
2025-03-06 21:22:59.301 [info] Getting sessions for read:user...
2025-03-06 21:22:59.301 [info] Got 0 sessions for read:user...
2025-03-06 21:22:59.303 [info] Getting sessions for user:email...
2025-03-06 21:22:59.303 [info] Got 1 sessions for user:email...
2025-03-06 21:22:59.736 [info] Getting sessions for all scopes...
2025-03-06 21:22:59.736 [info] Got 1 sessions for ...
2025-03-06 21:22:59.739 [info] Getting sessions for read:user,repo,user:email,workflow...
2025-03-06 21:22:59.739 [info] Got 0 sessions for read:user,repo,user:email,workflow...
2025-03-06 21:22:59.743 [info] Getting sessions for user:email...
2025-03-06 21:22:59.743 [info] Got 1 sessions for user:email...
2025-03-06 21:23:00.982 [info] Getting sessions for all scopes...
2025-03-06 21:23:00.982 [info] Got 1 sessions for ...
2025-03-06 21:23:00.983 [info] Getting sessions for all scopes...
2025-03-06 21:23:00.983 [info] Got 1 sessions for ...
2025-03-06 21:23:00.986 [info] Getting sessions for read:user,repo,user:email,workflow...
2025-03-06 21:23:00.986 [info] Got 0 sessions for read:user,repo,user:email,workflow...
2025-03-06 21:23:00.989 [info] Getting sessions for user:email...
2025-03-06 21:23:00.989 [info] Got 1 sessions for user:email...
2025-03-06 21:23:00.993 [info] Getting sessions for all scopes...
2025-03-06 21:23:00.993 [info] Got 1 sessions for ...
2025-03-06 21:23:00.995 [info] Getting sessions for read:user,repo,user:email,workflow...
2025-03-06 21:23:00.995 [info] Got 0 sessions for read:user,repo,user:email,workflow...
2025-03-06 21:23:00.998 [info] Getting sessions for user:email...
2025-03-06 21:23:00.998 [info] Got 1 sessions for user:email...
2025-03-06 21:23:01.003 [info] Getting sessions for all scopes...
2025-03-06 21:23:01.003 [info] Got 1 sessions for ...
2025-03-06 21:23:01.005 [info] Getting sessions for read:user,repo,user:email,workflow...
2025-03-06 21:23:01.005 [info] Got 0 sessions for read:user,repo,user:email,workflow...
2025-03-06 21:23:01.006 [info] Getting sessions for user:email...
2025-03-06 21:23:01.006 [info] Got 1 sessions for user:email...
2025-03-06 21:23:01.008 [info] Getting sessions for all scopes...
2025-03-06 21:23:01.008 [info] Got 1 sessions for ...
2025-03-06 21:23:01.009 [info] Getting sessions for read:user,repo,user:email,workflow...
2025-03-06 21:23:01.009 [info] Got 0 sessions for read:user,repo,user:email,workflow...
2025-03-06 21:23:01.010 [info] Getting sessions for user:email...
2025-03-06 21:23:01.010 [info] Got 1 sessions for user:email...
2025-03-06 21:28:15.146 [info] Getting sessions for all scopes...
2025-03-06 21:28:15.146 [info] Got 1 sessions for ...
2025-03-06 21:28:15.149 [info] Getting sessions for read:user,repo,user:email,workflow...
2025-03-06 21:28:15.149 [info] Got 0 sessions for read:user,repo,user:email,workflow...
2025-03-06 21:28:15.151 [info] Getting sessions for user:email...
2025-03-06 21:28:15.151 [info] Got 1 sessions for user:email...
