2025-03-10 12:50:48.716 [info] [main] Log level: Info
2025-03-10 12:50:48.716 [info] [main] Validating found git in: "git"
2025-03-10 12:50:48.716 [info] [main] Using git "2.48.1" from "git"
2025-03-10 12:50:48.716 [info] [Model][doInitialScan] Initial repository scan started
2025-03-10 12:50:48.716 [info] > git rev-parse --show-toplevel [3ms]
2025-03-10 12:50:48.716 [info] > git rev-parse --git-dir --git-common-dir [14ms]
2025-03-10 12:50:48.716 [info] [Model][openRepository] Opened repository: /home/JakeRA/learning/html/Portfolio
2025-03-10 12:50:48.734 [info] > git rev-parse --show-toplevel [4ms]
2025-03-10 12:50:48.734 [info] > git config --get commit.template [10ms]
2025-03-10 12:50:48.753 [info] > git rev-parse --show-toplevel [10ms]
2025-03-10 12:50:48.754 [info] [Model][doInitialScan] Initial repository scan completed - repositories (1), closed repositories (0), parent repositories (0), unsafe repositories (0)
2025-03-10 12:50:48.756 [info] > git for-each-ref --format=%(refname)%00%(upstream:short)%00%(objectname)%00%(upstream:track)%00%(upstream:remotename)%00%(upstream:remoteref) refs/heads/main refs/remotes/main [4ms]
2025-03-10 12:50:48.772 [info] > git status -z -uall [9ms]
2025-03-10 12:50:48.772 [info] > git for-each-ref --sort -committerdate --format %(refname) %(objectname) %(*objectname) [1ms]
2025-03-10 12:50:48.796 [info] > git for-each-ref --format=%(refname)%00%(upstream:short)%00%(objectname)%00%(upstream:track)%00%(upstream:remotename)%00%(upstream:remoteref) refs/heads/main refs/remotes/main [11ms]
2025-03-10 12:50:48.806 [info] > git config --local branch.main.vscode-merge-base [1ms]
2025-03-10 12:50:48.806 [warning] [Git][config] git config failed: Failed to execute git
2025-03-10 12:50:48.813 [info] > git config --get commit.template [17ms]
2025-03-10 12:50:48.821 [info] > git reflog main --grep-reflog=branch: Created from *. [8ms]
2025-03-10 12:50:48.829 [info] > git symbolic-ref --short refs/remotes/origin/HEAD [0ms]
2025-03-10 12:50:48.829 [info] fatal: ref refs/remotes/origin/HEAD is not a symbolic ref
2025-03-10 12:50:48.829 [warning] [Repository][getDefaultBranch] Failed to get default branch details: Failed to execute git.
2025-03-10 12:50:48.839 [info] > git for-each-ref --format=%(refname)%00%(upstream:short)%00%(objectname)%00%(upstream:track)%00%(upstream:remotename)%00%(upstream:remoteref) refs/heads/main refs/remotes/main [18ms]
2025-03-10 12:50:48.842 [info] > git merge-base refs/heads/main refs/remotes/origin/main [4ms]
2025-03-10 12:50:48.851 [info] > git diff --name-status -z --diff-filter=ADMR d6847e17d947fe8949631763027c89baffb94abb...refs/remotes/origin/main [1ms]
2025-03-10 12:50:48.868 [info] > git status -z -uall [8ms]
2025-03-10 12:50:48.869 [info] > git for-each-ref --sort -committerdate --format %(refname) %(objectname) %(*objectname) [3ms]
2025-03-10 12:50:49.631 [info] > git check-ignore -v -z --stdin [3ms]
2025-03-10 12:50:49.656 [info] > git show --textconv :index.html [12ms]
2025-03-10 12:50:49.657 [info] > git ls-files --stage -- /home/JakeRA/learning/html/Portfolio/index.html [1ms]
2025-03-10 12:50:49.670 [info] > git cat-file -s 7399a7dd62f41b036f52b216eb4b960bcd848e84 [2ms]
