2025-03-13 19:08:57.053 [info] [main] Log level: Info
2025-03-13 19:08:57.053 [info] [main] Validating found git in: "git"
2025-03-13 19:08:57.053 [info] [main] Using git "2.48.1" from "git"
2025-03-13 19:08:57.053 [info] [Model][doInitialScan] Initial repository scan started
2025-03-13 19:08:57.053 [info] > git rev-parse --show-toplevel [526ms]
2025-03-13 19:08:57.053 [info] > git rev-parse --git-dir --git-common-dir [5ms]
2025-03-13 19:08:57.053 [info] [Model][openRepository] Opened repository: /home/JakeRA/learning/html/Portfolio
2025-03-13 19:08:57.072 [info] > git rev-parse --show-toplevel [4ms]
2025-03-13 19:08:57.073 [info] > git config --get commit.template [11ms]
2025-03-13 19:08:57.090 [info] > git rev-parse --show-toplevel [9ms]
2025-03-13 19:08:57.092 [info] [Model][doInitialScan] Initial repository scan completed - repositories (1), closed repositories (0), parent repositories (0), unsafe repositories (0)
2025-03-13 19:08:57.092 [info] > git for-each-ref --format=%(refname)%00%(upstream:short)%00%(objectname)%00%(upstream:track)%00%(upstream:remotename)%00%(upstream:remoteref) refs/heads/main refs/remotes/main [3ms]
2025-03-13 19:08:57.110 [info] > git status -z -uall [9ms]
2025-03-13 19:08:57.110 [info] > git for-each-ref --sort -committerdate --format %(refname) %(objectname) %(*objectname) [1ms]
2025-03-13 19:08:57.132 [info] > git for-each-ref --format=%(refname)%00%(upstream:short)%00%(objectname)%00%(upstream:track)%00%(upstream:remotename)%00%(upstream:remoteref) refs/heads/main refs/remotes/main [12ms]
2025-03-13 19:08:57.140 [info] > git config --local branch.main.vscode-merge-base [1ms]
2025-03-13 19:08:57.140 [warning] [Git][config] git config failed: Failed to execute git
2025-03-13 19:08:57.151 [info] > git config --get commit.template [19ms]
2025-03-13 19:08:57.164 [info] > git for-each-ref --format=%(refname)%00%(upstream:short)%00%(objectname)%00%(upstream:track)%00%(upstream:remotename)%00%(upstream:remoteref) refs/heads/main refs/remotes/main [5ms]
2025-03-13 19:08:57.164 [info] > git reflog main --grep-reflog=branch: Created from *. [13ms]
2025-03-13 19:08:57.927 [info] > git symbolic-ref --short refs/remotes/origin/HEAD [755ms]
2025-03-13 19:08:57.927 [info] fatal: ref refs/remotes/origin/HEAD is not a symbolic ref
2025-03-13 19:08:57.927 [warning] [Repository][getDefaultBranch] Failed to get default branch details: Failed to execute git.
2025-03-13 19:08:57.975 [info] > git check-ignore -v -z --stdin [31ms]
2025-03-13 19:08:57.975 [info] > git status -z -uall [23ms]
2025-03-13 19:08:57.975 [info] > git merge-base refs/heads/main refs/remotes/origin/main [40ms]
2025-03-13 19:08:57.984 [info] > git diff --name-status -z --diff-filter=ADMR 46af0d6b92549246e76693185bbed033071f95aa...refs/remotes/origin/main [1ms]
2025-03-13 19:08:57.985 [info] > git for-each-ref --sort -committerdate --format %(refname) %(objectname) %(*objectname) [24ms]
2025-03-13 19:08:58.010 [info] > git show --textconv :style.css [15ms]
2025-03-13 19:08:58.011 [info] > git ls-files --stage -- /home/JakeRA/learning/html/Portfolio/style.css [2ms]
2025-03-13 19:08:58.027 [info] > git cat-file -s 75b3e11d3bd80c651b2f34f9ead422df3fce4052 [2ms]
2025-03-13 19:09:00.699 [info] > git show --textconv :index.html [7ms]
2025-03-13 19:09:00.700 [info] > git ls-files --stage -- /home/JakeRA/learning/html/Portfolio/index.html [1ms]
2025-03-13 19:09:00.708 [info] > git cat-file -s 87199442a3312894084b3719c335226da8109180 [1ms]
2025-03-13 19:09:22.660 [info] > git show --textconv :style.css [10ms]
2025-03-13 19:09:22.661 [info] > git ls-files --stage -- /home/JakeRA/learning/html/Portfolio/style.css [1ms]
2025-03-13 19:09:22.674 [info] > git cat-file -s 75b3e11d3bd80c651b2f34f9ead422df3fce4052 [2ms]
2025-03-13 19:10:21.069 [info] > git config --get commit.template [1ms]
2025-03-13 19:10:21.091 [info] > git for-each-ref --format=%(refname)%00%(upstream:short)%00%(objectname)%00%(upstream:track)%00%(upstream:remotename)%00%(upstream:remoteref) refs/heads/main refs/remotes/main [3ms]
2025-03-13 19:10:21.123 [info] > git status -z -uall [14ms]
2025-03-13 19:10:21.124 [info] > git for-each-ref --sort -committerdate --format %(refname) %(objectname) %(*objectname) [1ms]
2025-03-13 19:11:07.909 [info] > git config --get commit.template [8ms]
2025-03-13 19:11:07.910 [info] > git for-each-ref --format=%(refname)%00%(upstream:short)%00%(objectname)%00%(upstream:track)%00%(upstream:remotename)%00%(upstream:remoteref) refs/heads/main refs/remotes/main [1ms]
2025-03-13 19:11:07.928 [info] > git status -z -uall [9ms]
2025-03-13 19:11:07.937 [info] > git for-each-ref --sort -committerdate --format %(refname) %(objectname) %(*objectname) [9ms]
2025-03-13 19:11:07.948 [info] > git merge-base refs/heads/main refs/remotes/origin/main [1ms]
2025-03-13 19:11:07.958 [info] > git ls-files --stage -- /home/JakeRA/learning/html/Portfolio/style.css [21ms]
2025-03-13 19:11:07.965 [info] > git diff --name-status -z --diff-filter=ADMR 46af0d6b92549246e76693185bbed033071f95aa...refs/remotes/origin/main [8ms]
2025-03-13 19:11:07.966 [info] > git cat-file -s d1c2bb7353b9ddc6e881a4cb0ce1f028c9dfbede [1ms]
2025-03-13 19:11:07.975 [info] > git show --textconv :style.css [1ms]
2025-03-13 19:11:17.443 [info] > git config --get commit.template [13ms]
2025-03-13 19:11:17.458 [info] > git ls-files --stage -- /home/JakeRA/learning/html/Portfolio/style.css [16ms]
2025-03-13 19:11:17.468 [info] > git for-each-ref --format=%(refname)%00%(upstream:short)%00%(objectname)%00%(upstream:track)%00%(upstream:remotename)%00%(upstream:remoteref) refs/heads/main refs/remotes/main [11ms]
2025-03-13 19:11:17.469 [info] > git cat-file -s d1c2bb7353b9ddc6e881a4cb0ce1f028c9dfbede [1ms]
2025-03-13 19:11:17.508 [info] > git status -z -uall [25ms]
2025-03-13 19:11:17.508 [info] > git for-each-ref --sort -committerdate --format %(refname) %(objectname) %(*objectname) [13ms]
2025-03-13 19:11:17.521 [info] > git show --textconv :style.css [14ms]
2025-03-13 19:11:17.521 [info] > git merge-base refs/heads/main refs/remotes/origin/main [1ms]
2025-03-13 19:11:17.532 [info] > git diff --name-status -z --diff-filter=ADMR 3f9edece616cdc3a133a28b645c0bf3fdd3d48c8...refs/remotes/origin/main [1ms]
2025-03-13 19:12:06.714 [info] > git for-each-ref --format=%(refname)%00%(upstream:short)%00%(objectname)%00%(upstream:track)%00%(upstream:remotename)%00%(upstream:remoteref) refs/heads/main refs/remotes/main [1ms]
2025-03-13 19:12:06.714 [info] > git config --get commit.template [21ms]
2025-03-13 19:12:06.736 [info] > git status -z -uall [10ms]
2025-03-13 19:12:06.737 [info] > git for-each-ref --sort -committerdate --format %(refname) %(objectname) %(*objectname) [2ms]
2025-03-13 19:12:15.482 [info] > git config --get commit.template [1ms]
2025-03-13 19:12:15.502 [info] > git for-each-ref --format=%(refname)%00%(upstream:short)%00%(objectname)%00%(upstream:track)%00%(upstream:remotename)%00%(upstream:remoteref) refs/heads/main refs/remotes/main [2ms]
2025-03-13 19:12:15.545 [info] > git status -z -uall [20ms]
2025-03-13 19:12:15.547 [info] > git for-each-ref --sort -committerdate --format %(refname) %(objectname) %(*objectname) [3ms]
2025-03-13 19:12:33.842 [info] > git config --get commit.template [11ms]
2025-03-13 19:12:33.842 [info] > git for-each-ref --format=%(refname)%00%(upstream:short)%00%(objectname)%00%(upstream:track)%00%(upstream:remotename)%00%(upstream:remoteref) refs/heads/main refs/remotes/main [1ms]
2025-03-13 19:12:33.866 [info] > git status -z -uall [13ms]
2025-03-13 19:12:33.866 [info] > git for-each-ref --sort -committerdate --format %(refname) %(objectname) %(*objectname) [1ms]
2025-03-13 19:13:14.970 [info] > git config --get commit.template [15ms]
2025-03-13 19:13:14.971 [info] > git for-each-ref --format=%(refname)%00%(upstream:short)%00%(objectname)%00%(upstream:track)%00%(upstream:remotename)%00%(upstream:remoteref) refs/heads/main refs/remotes/main [1ms]
2025-03-13 19:13:15.001 [info] > git status -z -uall [16ms]
2025-03-13 19:13:15.003 [info] > git for-each-ref --sort -committerdate --format %(refname) %(objectname) %(*objectname) [1ms]
2025-03-13 20:11:48.699 [info] > git config --get commit.template [17ms]
2025-03-13 20:11:48.699 [info] > git for-each-ref --format=%(refname)%00%(upstream:short)%00%(objectname)%00%(upstream:track)%00%(upstream:remotename)%00%(upstream:remoteref) refs/heads/main refs/remotes/main [1ms]
2025-03-13 20:11:48.729 [info] > git status -z -uall [15ms]
2025-03-13 20:11:48.731 [info] > git for-each-ref --sort -committerdate --format %(refname) %(objectname) %(*objectname) [3ms]
2025-03-13 20:21:55.852 [info] > git config --get commit.template [10ms]
2025-03-13 20:21:55.852 [info] > git for-each-ref --format=%(refname)%00%(upstream:short)%00%(objectname)%00%(upstream:track)%00%(upstream:remotename)%00%(upstream:remoteref) refs/heads/main refs/remotes/main [0ms]
2025-03-13 20:21:55.872 [info] > git status -z -uall [11ms]
2025-03-13 20:21:55.882 [info] > git for-each-ref --sort -committerdate --format %(refname) %(objectname) %(*objectname) [10ms]
2025-03-13 20:21:55.894 [info] > git merge-base refs/heads/main refs/remotes/origin/main [1ms]
2025-03-13 20:21:55.904 [info] > git ls-files --stage -- /home/JakeRA/learning/html/Portfolio/style.css [23ms]
2025-03-13 20:21:55.912 [info] > git diff --name-status -z --diff-filter=ADMR 831e64c324ab27593f74bddf206f79fb070ac2de...refs/remotes/origin/main [8ms]
2025-03-13 20:21:55.913 [info] > git cat-file -s 75b3e11d3bd80c651b2f34f9ead422df3fce4052 [1ms]
2025-03-13 20:21:55.922 [info] > git show --textconv :style.css [1ms]
