2025-03-05 21:04:08.764 [info] Reading sessions from keychain...
2025-03-05 21:04:08.764 [info] Getting sessions for all scopes...
2025-03-05 21:04:08.764 [info] Getting sessions for all scopes...
2025-03-05 21:04:08.764 [info] Getting sessions for user:email...
2025-03-05 21:04:08.829 [info] Got stored sessions!
2025-03-05 21:04:08.829 [info] Got 1 verified sessions.
2025-03-05 21:04:08.829 [info] Got 1 sessions for ...
2025-03-05 21:04:08.829 [info] Got 1 sessions for ...
2025-03-05 21:04:08.829 [info] Got 1 sessions for user:email...
2025-03-05 21:04:09.548 [info] Getting sessions for read:user,repo,user:email,workflow...
2025-03-05 21:04:09.548 [info] Got 0 sessions for read:user,repo,user:email,workflow...
2025-03-05 21:04:09.548 [info] Getting sessions for all scopes...
2025-03-05 21:04:09.548 [info] Got 1 sessions for ...
2025-03-05 21:04:09.548 [info] Getting sessions for all scopes...
2025-03-05 21:04:09.548 [info] Got 1 sessions for ...
2025-03-05 21:04:09.672 [info] Getting sessions for read:user...
2025-03-05 21:04:09.672 [info] Got 0 sessions for read:user...
2025-03-05 21:04:09.673 [info] Getting sessions for read:user,repo,user:email,workflow...
2025-03-05 21:04:09.673 [info] Got 0 sessions for read:user,repo,user:email,workflow...
2025-03-05 21:04:09.699 [info] Getting sessions for user:email...
2025-03-05 21:04:09.699 [info] Got 1 sessions for user:email...
2025-03-05 21:04:09.699 [info] Getting sessions for user:email...
2025-03-05 21:04:09.699 [info] Got 1 sessions for user:email...
2025-03-05 21:04:09.704 [info] Getting sessions for all scopes...
2025-03-05 21:04:09.704 [info] Got 1 sessions for ...
2025-03-05 21:04:10.433 [info] Getting sessions for read:user,repo,user:email,workflow...
2025-03-05 21:04:10.433 [info] Got 0 sessions for read:user,repo,user:email,workflow...
2025-03-05 21:04:10.437 [info] Getting sessions for user:email...
2025-03-05 21:04:10.437 [info] Got 1 sessions for user:email...
2025-03-05 21:04:10.438 [info] Getting sessions for all scopes...
2025-03-05 21:04:10.438 [info] Got 1 sessions for ...
2025-03-05 21:04:10.440 [info] Getting sessions for read:user,repo,user:email,workflow...
2025-03-05 21:04:10.440 [info] Got 0 sessions for read:user,repo,user:email,workflow...
2025-03-05 21:04:10.441 [info] Getting sessions for user:email...
2025-03-05 21:04:10.441 [info] Got 1 sessions for user:email...
2025-03-05 21:04:10.512 [info] Getting sessions for all scopes...
2025-03-05 21:04:10.512 [info] Got 1 sessions for ...
2025-03-05 21:04:10.513 [info] Getting sessions for read:user,repo,user:email,workflow...
2025-03-05 21:04:10.513 [info] Got 0 sessions for read:user,repo,user:email,workflow...
2025-03-05 21:04:10.515 [info] Getting sessions for user:email...
2025-03-05 21:04:10.515 [info] Got 1 sessions for user:email...
2025-03-05 21:04:10.828 [info] Getting sessions for all scopes...
2025-03-05 21:04:10.828 [info] Got 1 sessions for ...
2025-03-05 21:04:11.555 [info] Getting sessions for all scopes...
2025-03-05 21:04:11.555 [info] Got 1 sessions for ...
2025-03-05 21:04:11.556 [info] Getting sessions for all scopes...
2025-03-05 21:04:11.556 [info] Got 1 sessions for ...
2025-03-05 21:04:11.557 [info] Getting sessions for read:user,repo,user:email,workflow...
2025-03-05 21:04:11.557 [info] Got 0 sessions for read:user,repo,user:email,workflow...
2025-03-05 21:04:11.568 [info] Getting sessions for user:email...
2025-03-05 21:04:11.568 [info] Got 1 sessions for user:email...
2025-03-05 21:04:11.570 [info] Getting sessions for all scopes...
2025-03-05 21:04:11.570 [info] Got 1 sessions for ...
2025-03-05 21:04:11.572 [info] Getting sessions for read:user,repo,user:email,workflow...
2025-03-05 21:04:11.572 [info] Got 0 sessions for read:user,repo,user:email,workflow...
2025-03-05 21:04:11.574 [info] Getting sessions for user:email...
2025-03-05 21:04:11.574 [info] Got 1 sessions for user:email...
2025-03-05 21:04:11.603 [info] Getting sessions for all scopes...
2025-03-05 21:04:11.603 [info] Got 1 sessions for ...
2025-03-05 21:04:11.606 [info] Getting sessions for read:user,repo,user:email,workflow...
2025-03-05 21:04:11.606 [info] Got 0 sessions for read:user,repo,user:email,workflow...
2025-03-05 21:04:11.607 [info] Getting sessions for user:email...
2025-03-05 21:04:11.607 [info] Got 1 sessions for user:email...
2025-03-05 21:19:12.873 [info] Getting sessions for all scopes...
2025-03-05 21:19:12.874 [info] Got 1 sessions for ...
2025-03-05 21:19:12.877 [info] Getting sessions for read:user,repo,user:email,workflow...
2025-03-05 21:19:12.877 [info] Got 0 sessions for read:user,repo,user:email,workflow...
2025-03-05 21:19:12.880 [info] Getting sessions for user:email...
2025-03-05 21:19:12.880 [info] Got 1 sessions for user:email...
2025-03-05 21:19:12.883 [info] Getting sessions for all scopes...
2025-03-05 21:19:12.883 [info] Got 1 sessions for ...
2025-03-05 21:19:12.885 [info] Getting sessions for read:user,repo,user:email,workflow...
2025-03-05 21:19:12.885 [info] Got 0 sessions for read:user,repo,user:email,workflow...
2025-03-05 21:19:12.887 [info] Getting sessions for user:email...
2025-03-05 21:19:12.887 [info] Got 1 sessions for user:email...
2025-03-05 21:29:10.967 [info] Getting sessions for read:user,repo,user:email,workflow...
2025-03-05 21:29:10.967 [info] Got 0 sessions for read:user,repo,user:email,workflow...
2025-03-05 21:29:10.970 [info] Getting sessions for read:user...
2025-03-05 21:29:10.970 [info] Got 0 sessions for read:user...
2025-03-05 21:29:10.973 [info] Getting sessions for user:email...
2025-03-05 21:29:10.973 [info] Got 1 sessions for user:email...
2025-03-05 21:29:11.546 [info] Getting sessions for all scopes...
2025-03-05 21:29:11.546 [info] Got 1 sessions for ...
2025-03-05 21:29:11.549 [info] Getting sessions for read:user,repo,user:email,workflow...
2025-03-05 21:29:11.549 [info] Got 0 sessions for read:user,repo,user:email,workflow...
2025-03-05 21:29:11.552 [info] Getting sessions for user:email...
2025-03-05 21:29:11.552 [info] Got 1 sessions for user:email...
2025-03-05 21:29:21.756 [info] Getting sessions for all scopes...
2025-03-05 21:29:21.756 [info] Got 1 sessions for ...
2025-03-05 21:29:21.756 [info] Getting sessions for all scopes...
2025-03-05 21:29:21.756 [info] Got 1 sessions for ...
2025-03-05 21:29:21.758 [info] Getting sessions for read:user,repo,user:email,workflow...
2025-03-05 21:29:21.758 [info] Got 0 sessions for read:user,repo,user:email,workflow...
2025-03-05 21:29:21.760 [info] Getting sessions for user:email...
2025-03-05 21:29:21.760 [info] Got 1 sessions for user:email...
2025-03-05 21:29:21.762 [info] Getting sessions for all scopes...
2025-03-05 21:29:21.762 [info] Got 1 sessions for ...
2025-03-05 21:29:21.763 [info] Getting sessions for read:user,repo,user:email,workflow...
2025-03-05 21:29:21.763 [info] Got 0 sessions for read:user,repo,user:email,workflow...
2025-03-05 21:29:21.765 [info] Getting sessions for user:email...
2025-03-05 21:29:21.765 [info] Got 1 sessions for user:email...
2025-03-05 21:29:21.767 [info] Getting sessions for all scopes...
2025-03-05 21:29:21.767 [info] Got 1 sessions for ...
2025-03-05 21:29:21.769 [info] Getting sessions for read:user,repo,user:email,workflow...
2025-03-05 21:29:21.769 [info] Got 0 sessions for read:user,repo,user:email,workflow...
2025-03-05 21:29:21.770 [info] Getting sessions for user:email...
2025-03-05 21:29:21.770 [info] Got 1 sessions for user:email...
2025-03-05 21:29:30.164 [info] Getting sessions for all scopes...
2025-03-05 21:29:30.164 [info] Got 1 sessions for ...
2025-03-05 21:29:30.164 [info] Getting sessions for all scopes...
2025-03-05 21:29:30.164 [info] Got 1 sessions for ...
2025-03-05 21:29:30.166 [info] Getting sessions for read:user,repo,user:email,workflow...
2025-03-05 21:29:30.166 [info] Got 0 sessions for read:user,repo,user:email,workflow...
2025-03-05 21:29:30.168 [info] Getting sessions for user:email...
2025-03-05 21:29:30.168 [info] Got 1 sessions for user:email...
2025-03-05 21:29:30.170 [info] Getting sessions for all scopes...
2025-03-05 21:29:30.170 [info] Got 1 sessions for ...
2025-03-05 21:29:30.172 [info] Getting sessions for read:user,repo,user:email,workflow...
2025-03-05 21:29:30.172 [info] Got 0 sessions for read:user,repo,user:email,workflow...
2025-03-05 21:29:30.173 [info] Getting sessions for user:email...
2025-03-05 21:29:30.173 [info] Got 1 sessions for user:email...
2025-03-05 21:29:30.175 [info] Getting sessions for all scopes...
2025-03-05 21:29:30.175 [info] Got 1 sessions for ...
2025-03-05 21:29:30.176 [info] Getting sessions for read:user,repo,user:email,workflow...
2025-03-05 21:29:30.176 [info] Got 0 sessions for read:user,repo,user:email,workflow...
2025-03-05 21:29:30.177 [info] Getting sessions for user:email...
2025-03-05 21:29:30.177 [info] Got 1 sessions for user:email...
2025-03-05 21:34:14.733 [info] Getting sessions for all scopes...
2025-03-05 21:34:14.733 [info] Got 1 sessions for ...
2025-03-05 21:34:14.736 [info] Getting sessions for read:user,repo,user:email,workflow...
2025-03-05 21:34:14.736 [info] Got 0 sessions for read:user,repo,user:email,workflow...
2025-03-05 21:34:14.739 [info] Getting sessions for user:email...
2025-03-05 21:34:14.739 [info] Got 1 sessions for user:email...
2025-03-05 21:44:33.946 [info] Getting sessions for all scopes...
2025-03-05 21:44:33.947 [info] Got 1 sessions for ...
2025-03-05 21:44:33.950 [info] Getting sessions for read:user,repo,user:email,workflow...
2025-03-05 21:44:33.950 [info] Got 0 sessions for read:user,repo,user:email,workflow...
2025-03-05 21:44:33.953 [info] Getting sessions for user:email...
2025-03-05 21:44:33.954 [info] Got 1 sessions for user:email...
2025-03-05 21:44:33.956 [info] Getting sessions for all scopes...
2025-03-05 21:44:33.956 [info] Got 1 sessions for ...
2025-03-05 21:44:33.959 [info] Getting sessions for read:user,repo,user:email,workflow...
2025-03-05 21:44:33.959 [info] Got 0 sessions for read:user,repo,user:email,workflow...
2025-03-05 21:44:33.960 [info] Getting sessions for user:email...
2025-03-05 21:44:33.960 [info] Got 1 sessions for user:email...
2025-03-05 21:44:33.965 [info] Getting sessions for all scopes...
2025-03-05 21:44:33.965 [info] Got 1 sessions for ...
2025-03-05 21:44:33.966 [info] Getting sessions for read:user,repo,user:email,workflow...
2025-03-05 21:44:33.966 [info] Got 0 sessions for read:user,repo,user:email,workflow...
2025-03-05 21:44:33.968 [info] Getting sessions for user:email...
2025-03-05 21:44:33.968 [info] Got 1 sessions for user:email...
2025-03-05 21:49:14.745 [info] Getting sessions for all scopes...
2025-03-05 21:49:14.745 [info] Got 1 sessions for ...
2025-03-05 21:49:14.748 [info] Getting sessions for read:user,repo,user:email,workflow...
2025-03-05 21:49:14.748 [info] Got 0 sessions for read:user,repo,user:email,workflow...
2025-03-05 21:49:14.751 [info] Getting sessions for user:email...
2025-03-05 21:49:14.751 [info] Got 1 sessions for user:email...
2025-03-05 21:49:14.755 [info] Getting sessions for all scopes...
2025-03-05 21:49:14.755 [info] Got 1 sessions for ...
2025-03-05 21:49:14.757 [info] Getting sessions for read:user,repo,user:email,workflow...
2025-03-05 21:49:14.757 [info] Got 0 sessions for read:user,repo,user:email,workflow...
2025-03-05 21:49:14.759 [info] Getting sessions for user:email...
2025-03-05 21:49:14.760 [info] Got 1 sessions for user:email...
2025-03-05 21:49:14.764 [info] Getting sessions for all scopes...
2025-03-05 21:49:14.764 [info] Got 1 sessions for ...
2025-03-05 21:49:14.765 [info] Getting sessions for read:user,repo,user:email,workflow...
2025-03-05 21:49:14.765 [info] Got 0 sessions for read:user,repo,user:email,workflow...
2025-03-05 21:49:14.767 [info] Getting sessions for user:email...
2025-03-05 21:49:14.767 [info] Got 1 sessions for user:email...
2025-03-05 21:54:15.910 [info] Getting sessions for read:user,repo,user:email,workflow...
2025-03-05 21:54:15.910 [info] Got 0 sessions for read:user,repo,user:email,workflow...
2025-03-05 21:54:15.913 [info] Getting sessions for read:user...
2025-03-05 21:54:15.913 [info] Got 0 sessions for read:user...
2025-03-05 21:54:15.916 [info] Getting sessions for user:email...
2025-03-05 21:54:15.916 [info] Got 1 sessions for user:email...
2025-03-05 21:54:30.166 [info] Getting sessions for all scopes...
2025-03-05 21:54:30.166 [info] Got 1 sessions for ...
2025-03-05 21:54:30.170 [info] Getting sessions for read:user,repo,user:email,workflow...
2025-03-05 21:54:30.170 [info] Got 0 sessions for read:user,repo,user:email,workflow...
2025-03-05 21:54:30.173 [info] Getting sessions for user:email...
2025-03-05 21:54:30.173 [info] Got 1 sessions for user:email...
2025-03-05 21:54:30.179 [info] Getting sessions for all scopes...
2025-03-05 21:54:30.179 [info] Got 1 sessions for ...
2025-03-05 21:54:30.179 [info] Getting sessions for all scopes...
2025-03-05 21:54:30.179 [info] Got 1 sessions for ...
2025-03-05 21:54:30.181 [info] Getting sessions for read:user,repo,user:email,workflow...
2025-03-05 21:54:30.181 [info] Got 0 sessions for read:user,repo,user:email,workflow...
2025-03-05 21:54:30.184 [info] Getting sessions for user:email...
2025-03-05 21:54:30.184 [info] Got 1 sessions for user:email...
2025-03-05 21:54:30.186 [info] Getting sessions for all scopes...
2025-03-05 21:54:30.186 [info] Got 1 sessions for ...
2025-03-05 21:54:30.188 [info] Getting sessions for read:user,repo,user:email,workflow...
2025-03-05 21:54:30.189 [info] Got 0 sessions for read:user,repo,user:email,workflow...
2025-03-05 21:54:30.190 [info] Getting sessions for user:email...
2025-03-05 21:54:30.190 [info] Got 1 sessions for user:email...
2025-03-05 21:54:30.192 [info] Getting sessions for all scopes...
2025-03-05 21:54:30.192 [info] Got 1 sessions for ...
2025-03-05 21:54:30.193 [info] Getting sessions for read:user,repo,user:email,workflow...
2025-03-05 21:54:30.193 [info] Got 0 sessions for read:user,repo,user:email,workflow...
2025-03-05 21:54:30.195 [info] Getting sessions for user:email...
2025-03-05 21:54:30.195 [info] Got 1 sessions for user:email...
2025-03-05 21:54:30.244 [info] Getting sessions for all scopes...
2025-03-05 21:54:30.244 [info] Got 1 sessions for ...
2025-03-05 21:54:30.246 [info] Getting sessions for read:user,repo,user:email,workflow...
2025-03-05 21:54:30.246 [info] Got 0 sessions for read:user,repo,user:email,workflow...
2025-03-05 21:54:30.247 [info] Getting sessions for user:email...
2025-03-05 21:54:30.247 [info] Got 1 sessions for user:email...
2025-03-05 21:54:30.254 [info] Getting sessions for all scopes...
2025-03-05 21:54:30.254 [info] Got 1 sessions for ...
2025-03-05 21:54:30.254 [info] Getting sessions for read:user,repo,user:email,workflow...
2025-03-05 21:54:30.254 [info] Got 0 sessions for read:user,repo,user:email,workflow...
2025-03-05 21:54:30.256 [info] Getting sessions for user:email...
2025-03-05 21:54:30.256 [info] Got 1 sessions for user:email...
2025-03-05 21:59:33.975 [info] Getting sessions for all scopes...
2025-03-05 21:59:33.975 [info] Got 1 sessions for ...
2025-03-05 21:59:33.978 [info] Getting sessions for read:user,repo,user:email,workflow...
2025-03-05 21:59:33.979 [info] Got 0 sessions for read:user,repo,user:email,workflow...
2025-03-05 21:59:33.981 [info] Getting sessions for user:email...
2025-03-05 21:59:33.981 [info] Got 1 sessions for user:email...
2025-03-05 21:59:33.984 [info] Getting sessions for all scopes...
2025-03-05 21:59:33.984 [info] Got 1 sessions for ...
2025-03-05 21:59:33.986 [info] Getting sessions for read:user,repo,user:email,workflow...
2025-03-05 21:59:33.986 [info] Got 0 sessions for read:user,repo,user:email,workflow...
2025-03-05 21:59:33.989 [info] Getting sessions for user:email...
2025-03-05 21:59:33.989 [info] Got 1 sessions for user:email...
2025-03-05 22:04:14.773 [info] Getting sessions for all scopes...
2025-03-05 22:04:14.773 [info] Got 1 sessions for ...
2025-03-05 22:04:14.777 [info] Getting sessions for read:user,repo,user:email,workflow...
2025-03-05 22:04:14.777 [info] Got 0 sessions for read:user,repo,user:email,workflow...
2025-03-05 22:04:14.780 [info] Getting sessions for user:email...
2025-03-05 22:04:14.780 [info] Got 1 sessions for user:email...
2025-03-05 22:04:14.783 [info] Getting sessions for all scopes...
2025-03-05 22:04:14.783 [info] Got 1 sessions for ...
2025-03-05 22:04:14.786 [info] Getting sessions for read:user,repo,user:email,workflow...
2025-03-05 22:04:14.786 [info] Got 0 sessions for read:user,repo,user:email,workflow...
2025-03-05 22:04:14.788 [info] Getting sessions for user:email...
2025-03-05 22:04:14.788 [info] Got 1 sessions for user:email...
2025-03-06 10:13:49.099 [info] Getting sessions for all scopes...
2025-03-06 10:13:49.099 [info] Got 1 sessions for ...
2025-03-06 10:13:49.103 [info] Getting sessions for read:user,repo,user:email,workflow...
2025-03-06 10:13:49.103 [info] Got 0 sessions for read:user,repo,user:email,workflow...
2025-03-06 10:13:49.106 [info] Getting sessions for user:email...
2025-03-06 10:13:49.106 [info] Got 1 sessions for user:email...
2025-03-06 10:13:49.108 [info] Getting sessions for all scopes...
2025-03-06 10:13:49.108 [info] Got 1 sessions for ...
2025-03-06 10:13:49.111 [info] Getting sessions for read:user,repo,user:email,workflow...
2025-03-06 10:13:49.111 [info] Got 0 sessions for read:user,repo,user:email,workflow...
2025-03-06 10:13:49.113 [info] Getting sessions for user:email...
2025-03-06 10:13:49.113 [info] Got 1 sessions for user:email...
2025-03-06 10:13:51.134 [info] Getting sessions for all scopes...
2025-03-06 10:13:51.134 [info] Got 1 sessions for ...
2025-03-06 10:13:51.134 [info] Getting sessions for all scopes...
2025-03-06 10:13:51.134 [info] Got 1 sessions for ...
2025-03-06 10:13:51.136 [info] Getting sessions for read:user,repo,user:email,workflow...
2025-03-06 10:13:51.136 [info] Got 0 sessions for read:user,repo,user:email,workflow...
2025-03-06 10:13:51.137 [info] Getting sessions for user:email...
2025-03-06 10:13:51.137 [info] Got 1 sessions for user:email...
2025-03-06 10:13:51.138 [info] Getting sessions for all scopes...
2025-03-06 10:13:51.138 [info] Got 1 sessions for ...
2025-03-06 10:13:51.139 [info] Getting sessions for read:user,repo,user:email,workflow...
2025-03-06 10:13:51.139 [info] Got 0 sessions for read:user,repo,user:email,workflow...
2025-03-06 10:13:51.140 [info] Getting sessions for user:email...
2025-03-06 10:13:51.140 [info] Got 1 sessions for user:email...
2025-03-06 10:13:51.197 [info] Getting sessions for all scopes...
2025-03-06 10:13:51.197 [info] Got 1 sessions for ...
2025-03-06 10:13:51.198 [info] Getting sessions for read:user,repo,user:email,workflow...
2025-03-06 10:13:51.198 [info] Got 0 sessions for read:user,repo,user:email,workflow...
2025-03-06 10:13:51.200 [info] Getting sessions for user:email...
2025-03-06 10:13:51.200 [info] Got 1 sessions for user:email...
2025-03-06 10:18:52.831 [info] Getting sessions for all scopes...
2025-03-06 10:18:52.831 [info] Got 1 sessions for ...
2025-03-06 10:18:52.835 [info] Getting sessions for read:user,repo,user:email,workflow...
2025-03-06 10:18:52.835 [info] Got 0 sessions for read:user,repo,user:email,workflow...
2025-03-06 10:18:52.838 [info] Getting sessions for user:email...
2025-03-06 10:18:52.838 [info] Got 1 sessions for user:email...
2025-03-06 10:23:33.632 [info] Getting sessions for all scopes...
2025-03-06 10:23:33.632 [info] Got 1 sessions for ...
2025-03-06 10:23:33.636 [info] Getting sessions for read:user,repo,user:email,workflow...
2025-03-06 10:23:33.636 [info] Got 0 sessions for read:user,repo,user:email,workflow...
2025-03-06 10:23:33.638 [info] Getting sessions for user:email...
2025-03-06 10:23:33.639 [info] Got 1 sessions for user:email...
