2025-03-07 08:38:27.412 [info] Using settings sync service https://vscode-sync.trafficmanager.net/
2025-03-07 08:38:27.412 [info] Auto Sync is enabled.
2025-03-07 08:38:27.412 [info] Auto Sync: Suspended until auth token is available.
2025-03-07 08:38:27.948 [info] Auto Sync: Triggered by Interval
2025-03-07 08:38:27.948 [info] Sync started.
2025-03-07 08:38:29.560 [info] Settings: No changes found during synchronizing settings.
2025-03-07 08:38:29.565 [info] Keybindings: No changes found during synchronizing keybindings.
2025-03-07 08:38:29.568 [info] Snippets: No changes found during synchronizing snippets.
2025-03-07 08:38:29.571 [info] Tasks: No changes found during synchronizing tasks.
2025-03-07 08:38:30.826 [info] GlobalState: Updated remote ui state. Updated: cpp.1.lastSessionDate,cpp.1.sessionCount,java.2.lastSessionDate,java.2.sessionCount,javascript.1.lastSessionDate,javascript.1.sessionCount,typescript.1.lastSessionDate,typescript.1.sessionCount,csharp.1.lastSessionDate,csharp.1.sessionCount.
2025-03-07 08:38:30.847 [info] GlobalState: Updated last synchronized ui state
2025-03-07 08:38:30.905 [info] Extensions: No changes found during synchronizing extensions.
2025-03-07 08:38:30.909 [info] Profiles: No changes found during synchronizing profiles.
2025-03-07 08:38:30.911 [info] Sync done. Took 2963ms
2025-03-07 08:40:16.638 [info] Auto Sync: Triggered by Activity
2025-03-07 08:40:16.638 [info] Sync started.
2025-03-07 08:40:16.918 [info] Settings: No changes found during synchronizing settings.
2025-03-07 08:40:16.922 [info] Keybindings: No changes found during synchronizing keybindings.
2025-03-07 08:40:16.926 [info] Snippets: No changes found during synchronizing snippets.
2025-03-07 08:40:16.929 [info] Tasks: No changes found during synchronizing tasks.
2025-03-07 08:40:16.932 [info] GlobalState: No changes found during synchronizing ui state.
2025-03-07 08:40:16.956 [info] Extensions: No changes found during synchronizing extensions.
2025-03-07 08:40:16.956 [info] Profiles: No changes found during synchronizing profiles.
2025-03-07 08:40:16.957 [info] Sync done. Took 320ms
2025-03-07 08:40:40.485 [info] Auto Sync: Triggered by Activity
2025-03-07 08:40:40.485 [info] Sync started.
2025-03-07 08:40:40.572 [info] Settings: No changes found during synchronizing settings.
2025-03-07 08:40:40.576 [info] Keybindings: No changes found during synchronizing keybindings.
2025-03-07 08:40:40.579 [info] Snippets: No changes found during synchronizing snippets.
2025-03-07 08:40:40.582 [info] Tasks: No changes found during synchronizing tasks.
2025-03-07 08:40:40.586 [info] GlobalState: No changes found during synchronizing ui state.
2025-03-07 08:40:40.631 [info] Extensions: No changes found during synchronizing extensions.
2025-03-07 08:40:40.633 [info] Profiles: No changes found during synchronizing profiles.
2025-03-07 08:40:40.634 [info] Sync done. Took 149ms
2025-03-07 08:43:10.224 [info] Auto Sync: Triggered by Activity
2025-03-07 08:43:10.225 [info] Sync started.
2025-03-07 08:43:11.102 [info] Settings: No changes found during synchronizing settings.
2025-03-07 08:43:11.107 [info] Keybindings: No changes found during synchronizing keybindings.
2025-03-07 08:43:11.111 [info] Snippets: No changes found during synchronizing snippets.
2025-03-07 08:43:11.115 [info] Tasks: No changes found during synchronizing tasks.
2025-03-07 08:43:11.119 [info] GlobalState: No changes found during synchronizing ui state.
2025-03-07 08:43:11.165 [info] Extensions: No changes found during synchronizing extensions.
2025-03-07 08:43:11.166 [info] Profiles: No changes found during synchronizing profiles.
2025-03-07 08:43:11.166 [info] Sync done. Took 945ms
2025-03-07 08:43:40.423 [info] Auto Sync: Triggered by Activity
2025-03-07 08:43:40.424 [info] Sync started.
2025-03-07 08:43:40.596 [info] Settings: No changes found during synchronizing settings.
2025-03-07 08:43:40.602 [info] Keybindings: No changes found during synchronizing keybindings.
2025-03-07 08:43:40.610 [info] Snippets: No changes found during synchronizing snippets.
2025-03-07 08:43:40.613 [info] Tasks: No changes found during synchronizing tasks.
2025-03-07 08:43:40.618 [info] GlobalState: No changes found during synchronizing ui state.
2025-03-07 08:43:40.647 [info] Extensions: No changes found during synchronizing extensions.
2025-03-07 08:43:40.648 [info] Profiles: No changes found during synchronizing profiles.
2025-03-07 08:43:40.649 [info] Sync done. Took 228ms
2025-03-07 08:43:55.070 [info] Auto Sync: Triggered by Activity
2025-03-07 08:43:55.070 [info] Sync started.
2025-03-07 08:43:55.339 [info] Settings: No changes found during synchronizing settings.
2025-03-07 08:43:55.344 [info] Keybindings: No changes found during synchronizing keybindings.
2025-03-07 08:43:55.349 [info] Snippets: No changes found during synchronizing snippets.
2025-03-07 08:43:55.353 [info] Tasks: No changes found during synchronizing tasks.
2025-03-07 08:43:55.356 [info] GlobalState: No changes found during synchronizing ui state.
2025-03-07 08:43:55.390 [info] Extensions: No changes found during synchronizing extensions.
2025-03-07 08:43:55.392 [info] Profiles: No changes found during synchronizing profiles.
2025-03-07 08:43:55.392 [info] Sync done. Took 325ms
2025-03-07 08:44:09.939 [info] Auto Sync: Triggered by Activity
2025-03-07 08:44:09.939 [info] Sync started.
2025-03-07 08:44:10.286 [info] Settings: No changes found during synchronizing settings.
2025-03-07 08:44:10.291 [info] Keybindings: No changes found during synchronizing keybindings.
2025-03-07 08:44:10.296 [info] Snippets: No changes found during synchronizing snippets.
2025-03-07 08:44:10.300 [info] Tasks: No changes found during synchronizing tasks.
2025-03-07 08:44:10.304 [info] GlobalState: No changes found during synchronizing ui state.
2025-03-07 08:44:10.336 [info] Extensions: No changes found during synchronizing extensions.
2025-03-07 08:44:10.337 [info] Profiles: No changes found during synchronizing profiles.
2025-03-07 08:44:10.338 [info] Sync done. Took 402ms
2025-03-07 08:44:21.760 [info] Auto Sync: Triggered by Activity
2025-03-07 08:44:21.761 [info] Sync started.
2025-03-07 08:44:21.964 [info] Settings: No changes found during synchronizing settings.
2025-03-07 08:44:21.968 [info] Keybindings: No changes found during synchronizing keybindings.
2025-03-07 08:44:21.973 [info] Snippets: No changes found during synchronizing snippets.
2025-03-07 08:44:21.976 [info] Tasks: No changes found during synchronizing tasks.
2025-03-07 08:44:21.979 [info] GlobalState: No changes found during synchronizing ui state.
2025-03-07 08:44:22.012 [info] Extensions: No changes found during synchronizing extensions.
2025-03-07 08:44:22.012 [info] Profiles: No changes found during synchronizing profiles.
2025-03-07 08:44:22.013 [info] Sync done. Took 254ms
2025-03-07 08:45:17.745 [info] Auto Sync: Triggered by Activity
2025-03-07 08:45:17.745 [info] Sync started.
2025-03-07 08:45:18.078 [info] Settings: No changes found during synchronizing settings.
2025-03-07 08:45:18.083 [info] Keybindings: No changes found during synchronizing keybindings.
2025-03-07 08:45:18.088 [info] Snippets: No changes found during synchronizing snippets.
2025-03-07 08:45:18.092 [info] Tasks: No changes found during synchronizing tasks.
2025-03-07 08:45:18.096 [info] GlobalState: No changes found during synchronizing ui state.
2025-03-07 08:45:18.133 [info] Extensions: No changes found during synchronizing extensions.
2025-03-07 08:45:18.135 [info] Profiles: No changes found during synchronizing profiles.
2025-03-07 08:45:18.136 [info] Sync done. Took 392ms
2025-03-07 08:45:59.921 [info] Auto Sync: Triggered by Activity
2025-03-07 08:45:59.921 [info] Sync started.
2025-03-07 08:46:00.265 [info] Settings: No changes found during synchronizing settings.
2025-03-07 08:46:00.269 [info] Keybindings: No changes found during synchronizing keybindings.
2025-03-07 08:46:00.273 [info] Snippets: No changes found during synchronizing snippets.
2025-03-07 08:46:00.276 [info] Tasks: No changes found during synchronizing tasks.
2025-03-07 08:46:00.279 [info] GlobalState: No changes found during synchronizing ui state.
2025-03-07 08:46:00.328 [info] Extensions: No changes found during synchronizing extensions.
2025-03-07 08:46:00.329 [info] Profiles: No changes found during synchronizing profiles.
2025-03-07 08:46:00.330 [info] Sync done. Took 410ms
2025-03-07 08:46:26.995 [info] Auto Sync: Triggered by Activity
2025-03-07 08:46:26.995 [info] Sync started.
2025-03-07 08:46:27.100 [info] Settings: No changes found during synchronizing settings.
2025-03-07 08:46:27.105 [info] Keybindings: No changes found during synchronizing keybindings.
2025-03-07 08:46:27.108 [info] Snippets: No changes found during synchronizing snippets.
2025-03-07 08:46:27.111 [info] Tasks: No changes found during synchronizing tasks.
2025-03-07 08:46:27.113 [info] GlobalState: No changes found during synchronizing ui state.
2025-03-07 08:46:27.146 [info] Extensions: No changes found during synchronizing extensions.
2025-03-07 08:46:27.148 [info] Profiles: No changes found during synchronizing profiles.
2025-03-07 08:46:27.149 [info] Sync done. Took 156ms
2025-03-07 08:46:41.232 [info] Auto Sync: Triggered by Activity
2025-03-07 08:46:41.232 [info] Sync started.
2025-03-07 08:46:41.634 [info] Settings: No changes found during synchronizing settings.
2025-03-07 08:46:41.638 [info] Keybindings: No changes found during synchronizing keybindings.
2025-03-07 08:46:41.640 [info] Snippets: No changes found during synchronizing snippets.
2025-03-07 08:46:41.642 [info] Tasks: No changes found during synchronizing tasks.
2025-03-07 08:46:41.645 [info] GlobalState: No changes found during synchronizing ui state.
2025-03-07 08:46:41.683 [info] Extensions: No changes found during synchronizing extensions.
2025-03-07 08:46:41.684 [info] Profiles: No changes found during synchronizing profiles.
2025-03-07 08:46:41.684 [info] Sync done. Took 454ms
2025-03-07 08:46:56.493 [info] Auto Sync: Triggered by Activity
2025-03-07 08:46:56.494 [info] Sync started.
2025-03-07 08:46:56.690 [info] Settings: No changes found during synchronizing settings.
2025-03-07 08:46:56.696 [info] Keybindings: No changes found during synchronizing keybindings.
2025-03-07 08:46:56.701 [info] Snippets: No changes found during synchronizing snippets.
2025-03-07 08:46:56.704 [info] Tasks: No changes found during synchronizing tasks.
2025-03-07 08:46:56.709 [info] GlobalState: No changes found during synchronizing ui state.
2025-03-07 08:46:56.749 [info] Extensions: No changes found during synchronizing extensions.
2025-03-07 08:46:56.752 [info] Profiles: No changes found during synchronizing profiles.
2025-03-07 08:46:56.752 [info] Sync done. Took 260ms
2025-03-07 08:48:22.672 [info] Auto Sync: Triggered by Activity
2025-03-07 08:48:22.672 [info] Sync started.
2025-03-07 08:48:23.014 [info] Settings: No changes found during synchronizing settings.
2025-03-07 08:48:23.019 [info] Keybindings: No changes found during synchronizing keybindings.
2025-03-07 08:48:23.023 [info] Snippets: No changes found during synchronizing snippets.
2025-03-07 08:48:23.027 [info] Tasks: No changes found during synchronizing tasks.
2025-03-07 08:48:23.031 [info] GlobalState: No changes found during synchronizing ui state.
2025-03-07 08:48:23.065 [info] Extensions: No changes found during synchronizing extensions.
2025-03-07 08:48:23.066 [info] Profiles: No changes found during synchronizing profiles.
2025-03-07 08:48:23.068 [info] Sync done. Took 396ms
2025-03-07 08:48:44.529 [info] Auto Sync: Triggered by Activity
2025-03-07 08:48:44.530 [info] Sync started.
2025-03-07 08:48:44.926 [info] Settings: No changes found during synchronizing settings.
2025-03-07 08:48:44.932 [info] Keybindings: No changes found during synchronizing keybindings.
2025-03-07 08:48:44.938 [info] Snippets: No changes found during synchronizing snippets.
2025-03-07 08:48:44.942 [info] Tasks: No changes found during synchronizing tasks.
2025-03-07 08:48:44.948 [info] GlobalState: No changes found during synchronizing ui state.
2025-03-07 08:48:45.001 [info] Extensions: No changes found during synchronizing extensions.
2025-03-07 08:48:45.002 [info] Profiles: No changes found during synchronizing profiles.
2025-03-07 08:48:45.003 [info] Sync done. Took 477ms
