2025-03-03 14:55:44.436 [info] [main] Log level: Info
2025-03-03 14:55:44.436 [info] [main] Validating found git in: "git"
2025-03-03 14:55:44.436 [info] [main] Using git "2.47.1" from "git"
2025-03-03 14:55:44.436 [info] [Model][doInitialScan] Initial repository scan started
2025-03-03 14:55:44.436 [info] > git rev-parse --show-toplevel [7ms]
2025-03-03 14:55:44.436 [info] > git rev-parse --git-dir --git-common-dir [115ms]
2025-03-03 14:55:44.436 [info] [Model][openRepository] Opened repository: /home/JakeRA/learning/html/Portfolio
2025-03-03 14:55:44.456 [info] > git rev-parse --show-toplevel [5ms]
2025-03-03 14:55:44.456 [info] > git config --get commit.template [12ms]
2025-03-03 14:55:44.475 [info] > git rev-parse --show-toplevel [11ms]
2025-03-03 14:55:44.477 [info] [Model][doInitialScan] Initial repository scan completed - repositories (1), closed repositories (0), parent repositories (0), unsafe repositories (0)
2025-03-03 14:55:44.478 [info] > git for-each-ref --format=%(refname)%00%(upstream:short)%00%(objectname)%00%(upstream:track)%00%(upstream:remotename)%00%(upstream:remoteref) refs/heads/main refs/remotes/main [4ms]
2025-03-03 14:55:44.496 [info] > git status -z -uall [8ms]
2025-03-03 14:55:44.496 [info] > git for-each-ref --sort -committerdate --format %(refname) %(objectname) %(*objectname) [1ms]
2025-03-03 14:55:44.516 [info] > git for-each-ref --format=%(refname)%00%(upstream:short)%00%(objectname)%00%(upstream:track)%00%(upstream:remotename)%00%(upstream:remoteref) refs/heads/main refs/remotes/main [9ms]
2025-03-03 14:55:44.525 [info] > git config --local branch.main.vscode-merge-base [1ms]
2025-03-03 14:55:44.525 [warning] [Git][config] git config failed: Failed to execute git
2025-03-03 14:55:44.533 [info] > git config --get commit.template [18ms]
2025-03-03 14:55:44.544 [info] > git for-each-ref --format=%(refname)%00%(upstream:short)%00%(objectname)%00%(upstream:track)%00%(upstream:remotename)%00%(upstream:remoteref) refs/heads/main refs/remotes/main [3ms]
2025-03-03 14:55:44.544 [info] > git reflog main --grep-reflog=branch: Created from *. [11ms]
2025-03-03 14:55:44.568 [info] > git status -z -uall [8ms]
2025-03-03 14:55:44.568 [info] > git symbolic-ref --short refs/remotes/origin/HEAD [17ms]
2025-03-03 14:55:44.568 [info] fatal: ref refs/remotes/origin/HEAD is not a symbolic ref
2025-03-03 14:55:44.568 [warning] [Repository][getDefaultBranch] Failed to get default branch details: Failed to execute git.
2025-03-03 14:55:44.585 [info] > git merge-base refs/heads/main refs/remotes/origin/main [3ms]
2025-03-03 14:55:44.597 [info] > git for-each-ref --sort -committerdate --format %(refname) %(objectname) %(*objectname) [29ms]
2025-03-03 14:55:44.615 [info] > git merge-base refs/heads/main refs/remotes/origin/main [2ms]
2025-03-03 14:55:44.625 [info] > git diff --name-status -z --diff-filter=ADMR 095f30324441c8104968285d0ef2d46eca18e1bc...refs/remotes/origin/main [28ms]
2025-03-03 14:55:44.628 [info] > git diff --name-status -z --diff-filter=ADMR 095f30324441c8104968285d0ef2d46eca18e1bc...refs/remotes/origin/main [3ms]
2025-03-03 14:55:45.415 [info] > git check-ignore -v -z --stdin [19ms]
2025-03-03 14:55:45.416 [info] > git show --textconv :index.html [8ms]
2025-03-03 14:55:45.456 [info] > git ls-files --stage -- /home/JakeRA/learning/html/Portfolio/index.html [41ms]
2025-03-03 14:55:45.468 [info] > git cat-file -s 4fe83e3b5316b00cfe8144ce12a5e9764c409f2c [3ms]
2025-03-03 14:55:48.117 [info] > git show --textconv :style.css [8ms]
2025-03-03 14:55:48.117 [info] > git ls-files --stage -- /home/JakeRA/learning/html/Portfolio/style.css [1ms]
2025-03-03 14:55:48.127 [info] > git cat-file -s 37d2c665e927bcbd89057e43bce2f73abf1fa608 [1ms]
2025-03-03 14:56:04.885 [info] > git config --get commit.template [14ms]
2025-03-03 14:56:04.885 [info] > git for-each-ref --format=%(refname)%00%(upstream:short)%00%(objectname)%00%(upstream:track)%00%(upstream:remotename)%00%(upstream:remoteref) refs/heads/main refs/remotes/main [1ms]
2025-03-03 14:56:04.909 [info] > git status -z -uall [13ms]
2025-03-03 14:56:04.910 [info] > git for-each-ref --sort -committerdate --format %(refname) %(objectname) %(*objectname) [2ms]
2025-03-03 14:56:43.105 [info] > git config --get commit.template [1ms]
2025-03-03 14:56:43.116 [info] > git for-each-ref --format=%(refname)%00%(upstream:short)%00%(objectname)%00%(upstream:track)%00%(upstream:remotename)%00%(upstream:remoteref) refs/heads/main refs/remotes/main [0ms]
2025-03-03 14:56:43.141 [info] > git status -z -uall [12ms]
2025-03-03 14:56:43.141 [info] > git for-each-ref --sort -committerdate --format %(refname) %(objectname) %(*objectname) [1ms]
2025-03-03 14:56:45.385 [info] > git show --textconv :index.html [17ms]
2025-03-03 14:56:45.387 [info] > git ls-files --stage -- /home/JakeRA/learning/html/Portfolio/index.html [2ms]
2025-03-03 14:56:45.403 [info] > git cat-file -s 4fe83e3b5316b00cfe8144ce12a5e9764c409f2c [1ms]
2025-03-03 14:56:54.636 [info] > git show --textconv :style.css [22ms]
2025-03-03 14:56:54.637 [info] > git ls-files --stage -- /home/JakeRA/learning/html/Portfolio/style.css [2ms]
2025-03-03 14:56:54.658 [info] > git cat-file -s 37d2c665e927bcbd89057e43bce2f73abf1fa608 [4ms]
2025-03-03 14:57:09.084 [info] > git config --get commit.template [1ms]
2025-03-03 14:57:09.096 [info] > git for-each-ref --format=%(refname)%00%(upstream:short)%00%(objectname)%00%(upstream:track)%00%(upstream:remotename)%00%(upstream:remoteref) refs/heads/main refs/remotes/main [1ms]
2025-03-03 14:57:09.120 [info] > git status -z -uall [11ms]
2025-03-03 14:57:09.120 [info] > git for-each-ref --sort -committerdate --format %(refname) %(objectname) %(*objectname) [1ms]
2025-03-03 14:57:19.973 [info] > git config --get commit.template [18ms]
2025-03-03 14:57:19.974 [info] > git for-each-ref --format=%(refname)%00%(upstream:short)%00%(objectname)%00%(upstream:track)%00%(upstream:remotename)%00%(upstream:remoteref) refs/heads/main refs/remotes/main [2ms]
2025-03-03 14:57:20.006 [info] > git status -z -uall [16ms]
2025-03-03 14:57:20.009 [info] > git for-each-ref --sort -committerdate --format %(refname) %(objectname) %(*objectname) [4ms]
2025-03-03 14:57:25.356 [info] > git config --get commit.template [1ms]
2025-03-03 14:57:25.367 [info] > git for-each-ref --format=%(refname)%00%(upstream:short)%00%(objectname)%00%(upstream:track)%00%(upstream:remotename)%00%(upstream:remoteref) refs/heads/main refs/remotes/main [1ms]
2025-03-03 14:57:25.391 [info] > git status -z -uall [12ms]
2025-03-03 14:57:25.392 [info] > git for-each-ref --sort -committerdate --format %(refname) %(objectname) %(*objectname) [1ms]
2025-03-03 14:57:27.097 [info] > git show --textconv :index.html [18ms]
2025-03-03 14:57:27.098 [info] > git ls-files --stage -- /home/JakeRA/learning/html/Portfolio/index.html [2ms]
2025-03-03 14:57:27.111 [info] > git cat-file -s 4fe83e3b5316b00cfe8144ce12a5e9764c409f2c [1ms]
2025-03-03 14:58:18.860 [info] > git config --get commit.template [0ms]
2025-03-03 14:58:18.871 [info] > git for-each-ref --format=%(refname)%00%(upstream:short)%00%(objectname)%00%(upstream:track)%00%(upstream:remotename)%00%(upstream:remoteref) refs/heads/main refs/remotes/main [1ms]
2025-03-03 14:58:18.893 [info] > git status -z -uall [10ms]
2025-03-03 14:58:18.894 [info] > git for-each-ref --sort -committerdate --format %(refname) %(objectname) %(*objectname) [1ms]
2025-03-03 14:58:21.907 [info] > git show --textconv :style.css [19ms]
2025-03-03 14:58:21.908 [info] > git ls-files --stage -- /home/JakeRA/learning/html/Portfolio/style.css [2ms]
2025-03-03 14:58:21.922 [info] > git cat-file -s 37d2c665e927bcbd89057e43bce2f73abf1fa608 [1ms]
2025-03-03 14:59:01.130 [info] > git config --get commit.template [9ms]
2025-03-03 14:59:01.130 [info] > git for-each-ref --format=%(refname)%00%(upstream:short)%00%(objectname)%00%(upstream:track)%00%(upstream:remotename)%00%(upstream:remoteref) refs/heads/main refs/remotes/main [1ms]
2025-03-03 14:59:01.154 [info] > git status -z -uall [12ms]
2025-03-03 14:59:01.155 [info] > git for-each-ref --sort -committerdate --format %(refname) %(objectname) %(*objectname) [2ms]
2025-03-03 14:59:09.225 [info] > git config --get commit.template [26ms]
2025-03-03 14:59:09.226 [info] > git for-each-ref --format=%(refname)%00%(upstream:short)%00%(objectname)%00%(upstream:track)%00%(upstream:remotename)%00%(upstream:remoteref) refs/heads/main refs/remotes/main [5ms]
2025-03-03 14:59:09.267 [info] > git status -z -uall [24ms]
2025-03-03 14:59:09.269 [info] > git for-each-ref --sort -committerdate --format %(refname) %(objectname) %(*objectname) [3ms]
2025-03-03 15:02:14.464 [info] > git config --get commit.template [0ms]
2025-03-03 15:02:14.475 [info] > git for-each-ref --format=%(refname)%00%(upstream:short)%00%(objectname)%00%(upstream:track)%00%(upstream:remotename)%00%(upstream:remoteref) refs/heads/main refs/remotes/main [1ms]
2025-03-03 15:02:14.499 [info] > git status -z -uall [14ms]
2025-03-03 15:02:14.501 [info] > git for-each-ref --sort -committerdate --format %(refname) %(objectname) %(*objectname) [2ms]
2025-03-03 15:02:22.886 [info] > git show --textconv :index.html [19ms]
2025-03-03 15:02:22.886 [info] > git ls-files --stage -- /home/JakeRA/learning/html/Portfolio/index.html [1ms]
2025-03-03 15:02:22.900 [info] > git cat-file -s 4fe83e3b5316b00cfe8144ce12a5e9764c409f2c [2ms]
2025-03-03 15:03:13.080 [info] > git config --get commit.template [26ms]
2025-03-03 15:03:13.081 [info] > git for-each-ref --format=%(refname)%00%(upstream:short)%00%(objectname)%00%(upstream:track)%00%(upstream:remotename)%00%(upstream:remoteref) refs/heads/main refs/remotes/main [3ms]
2025-03-03 15:03:13.118 [info] > git status -z -uall [17ms]
2025-03-03 15:03:13.119 [info] > git for-each-ref --sort -committerdate --format %(refname) %(objectname) %(*objectname) [2ms]
2025-03-03 15:04:01.714 [info] > git config --get commit.template [1ms]
2025-03-03 15:04:01.731 [info] > git for-each-ref --format=%(refname)%00%(upstream:short)%00%(objectname)%00%(upstream:track)%00%(upstream:remotename)%00%(upstream:remoteref) refs/heads/main refs/remotes/main [2ms]
2025-03-03 15:04:01.764 [info] > git status -z -uall [16ms]
2025-03-03 15:04:01.765 [info] > git for-each-ref --sort -committerdate --format %(refname) %(objectname) %(*objectname) [2ms]
2025-03-03 15:04:19.739 [info] > git config --get commit.template [4ms]
2025-03-03 15:04:19.761 [info] > git for-each-ref --format=%(refname)%00%(upstream:short)%00%(objectname)%00%(upstream:track)%00%(upstream:remotename)%00%(upstream:remoteref) refs/heads/main refs/remotes/main [1ms]
2025-03-03 15:04:19.797 [info] > git status -z -uall [18ms]
2025-03-03 15:04:19.798 [info] > git for-each-ref --sort -committerdate --format %(refname) %(objectname) %(*objectname) [3ms]
2025-03-03 15:04:24.456 [info] > git show --textconv :style.css [16ms]
2025-03-03 15:04:24.457 [info] > git ls-files --stage -- /home/JakeRA/learning/html/Portfolio/style.css [2ms]
2025-03-03 15:04:24.472 [info] > git cat-file -s 37d2c665e927bcbd89057e43bce2f73abf1fa608 [1ms]
2025-03-03 15:05:10.304 [info] > git config --get commit.template [0ms]
2025-03-03 15:05:10.314 [info] > git for-each-ref --format=%(refname)%00%(upstream:short)%00%(objectname)%00%(upstream:track)%00%(upstream:remotename)%00%(upstream:remoteref) refs/heads/main refs/remotes/main [1ms]
2025-03-03 15:05:10.336 [info] > git status -z -uall [12ms]
2025-03-03 15:05:10.337 [info] > git for-each-ref --sort -committerdate --format %(refname) %(objectname) %(*objectname) [1ms]
2025-03-03 15:05:35.722 [info] > git config --get commit.template [1ms]
2025-03-03 15:05:35.734 [info] > git for-each-ref --format=%(refname)%00%(upstream:short)%00%(objectname)%00%(upstream:track)%00%(upstream:remotename)%00%(upstream:remoteref) refs/heads/main refs/remotes/main [2ms]
2025-03-03 15:05:35.758 [info] > git status -z -uall [12ms]
2025-03-03 15:05:35.758 [info] > git for-each-ref --sort -committerdate --format %(refname) %(objectname) %(*objectname) [1ms]
2025-03-03 15:07:03.235 [info] > git config --get commit.template [19ms]
2025-03-03 15:07:03.236 [info] > git for-each-ref --format=%(refname)%00%(upstream:short)%00%(objectname)%00%(upstream:track)%00%(upstream:remotename)%00%(upstream:remoteref) refs/heads/main refs/remotes/main [2ms]
2025-03-03 15:07:03.265 [info] > git status -z -uall [13ms]
2025-03-03 15:07:03.266 [info] > git for-each-ref --sort -committerdate --format %(refname) %(objectname) %(*objectname) [1ms]
2025-03-03 15:07:23.603 [info] > git config --get commit.template [21ms]
2025-03-03 15:07:23.605 [info] > git for-each-ref --format=%(refname)%00%(upstream:short)%00%(objectname)%00%(upstream:track)%00%(upstream:remotename)%00%(upstream:remoteref) refs/heads/main refs/remotes/main [2ms]
2025-03-03 15:07:23.634 [info] > git status -z -uall [11ms]
2025-03-03 15:07:23.635 [info] > git for-each-ref --sort -committerdate --format %(refname) %(objectname) %(*objectname) [1ms]
2025-03-03 15:07:32.077 [info] > git config --get commit.template [2ms]
2025-03-03 15:07:32.093 [info] > git for-each-ref --format=%(refname)%00%(upstream:short)%00%(objectname)%00%(upstream:track)%00%(upstream:remotename)%00%(upstream:remoteref) refs/heads/main refs/remotes/main [1ms]
2025-03-03 15:07:32.116 [info] > git status -z -uall [12ms]
2025-03-03 15:07:32.117 [info] > git for-each-ref --sort -committerdate --format %(refname) %(objectname) %(*objectname) [1ms]
2025-03-03 15:07:47.388 [info] > git config --get commit.template [10ms]
2025-03-03 15:07:47.388 [info] > git for-each-ref --format=%(refname)%00%(upstream:short)%00%(objectname)%00%(upstream:track)%00%(upstream:remotename)%00%(upstream:remoteref) refs/heads/main refs/remotes/main [1ms]
2025-03-03 15:07:47.409 [info] > git status -z -uall [10ms]
2025-03-03 15:07:47.410 [info] > git for-each-ref --sort -committerdate --format %(refname) %(objectname) %(*objectname) [0ms]
2025-03-03 15:08:11.350 [info] > git config --get commit.template [1ms]
2025-03-03 15:08:11.364 [info] > git for-each-ref --format=%(refname)%00%(upstream:short)%00%(objectname)%00%(upstream:track)%00%(upstream:remotename)%00%(upstream:remoteref) refs/heads/main refs/remotes/main [1ms]
2025-03-03 15:08:11.385 [info] > git status -z -uall [10ms]
2025-03-03 15:08:11.386 [info] > git for-each-ref --sort -committerdate --format %(refname) %(objectname) %(*objectname) [1ms]
2025-03-03 15:09:35.120 [info] > git config --get commit.template [1ms]
2025-03-03 15:09:35.142 [info] > git for-each-ref --format=%(refname)%00%(upstream:short)%00%(objectname)%00%(upstream:track)%00%(upstream:remotename)%00%(upstream:remoteref) refs/heads/main refs/remotes/main [13ms]
2025-03-03 15:09:35.143 [info] > git ls-files --stage -- /home/JakeRA/learning/html/Portfolio/style.css [1ms]
2025-03-03 15:09:35.175 [info] > git status -z -uall [12ms]
2025-03-03 15:09:35.175 [info] > git cat-file -s 60be8a43490e47b25d87c3dcc39bdfc3b4f3c872 [22ms]
2025-03-03 15:09:35.176 [info] > git for-each-ref --sort -committerdate --format %(refname) %(objectname) %(*objectname) [2ms]
2025-03-03 15:09:35.201 [info] > git merge-base refs/heads/main refs/remotes/origin/main [11ms]
2025-03-03 15:09:35.211 [info] > git show --textconv :style.css [10ms]
2025-03-03 15:09:35.212 [info] > git diff --name-status -z --diff-filter=ADMR e657354876e14e0b8c12b1e93c4f2d418b0799c0...refs/remotes/origin/main [1ms]
2025-03-03 15:09:40.211 [info] > git config --get commit.template [1ms]
2025-03-03 15:09:40.221 [info] > git for-each-ref --format=%(refname)%00%(upstream:short)%00%(objectname)%00%(upstream:track)%00%(upstream:remotename)%00%(upstream:remoteref) refs/heads/main refs/remotes/main [1ms]
2025-03-03 15:09:40.239 [info] > git status -z -uall [9ms]
2025-03-03 15:09:40.240 [info] > git for-each-ref --sort -committerdate --format %(refname) %(objectname) %(*objectname) [1ms]
2025-03-03 15:45:41.362 [info] > git config --get commit.template [1ms]
2025-03-03 15:45:41.374 [info] > git for-each-ref --format=%(refname)%00%(upstream:short)%00%(objectname)%00%(upstream:track)%00%(upstream:remotename)%00%(upstream:remoteref) refs/heads/main refs/remotes/main [1ms]
2025-03-03 15:45:41.399 [info] > git status -z -uall [14ms]
2025-03-03 15:45:41.401 [info] > git for-each-ref --sort -committerdate --format %(refname) %(objectname) %(*objectname) [2ms]
2025-03-03 15:45:42.625 [info] > git show --textconv :index.html [19ms]
2025-03-03 15:45:42.627 [info] > git ls-files --stage -- /home/JakeRA/learning/html/Portfolio/index.html [2ms]
2025-03-03 15:45:42.642 [info] > git cat-file -s 125dab6653dd098f5e58d7a62568ec27802d0c42 [1ms]
2025-03-03 15:46:04.820 [info] > git show --textconv :style.css [12ms]
2025-03-03 15:46:04.821 [info] > git ls-files --stage -- /home/JakeRA/learning/html/Portfolio/style.css [1ms]
2025-03-03 15:46:04.830 [info] > git cat-file -s 60be8a43490e47b25d87c3dcc39bdfc3b4f3c872 [1ms]
2025-03-03 15:46:06.423 [info] > git show --textconv :index.html [10ms]
2025-03-03 15:46:06.424 [info] > git ls-files --stage -- /home/JakeRA/learning/html/Portfolio/index.html [2ms]
2025-03-03 15:46:06.434 [info] > git cat-file -s 125dab6653dd098f5e58d7a62568ec27802d0c42 [0ms]
2025-03-03 15:46:10.209 [info] > git show --textconv :style.css [18ms]
2025-03-03 15:46:10.209 [info] > git ls-files --stage -- /home/JakeRA/learning/html/Portfolio/style.css [1ms]
2025-03-03 15:46:10.230 [info] > git cat-file -s 60be8a43490e47b25d87c3dcc39bdfc3b4f3c872 [1ms]
2025-03-03 15:46:32.552 [info] > git config --get commit.template [24ms]
2025-03-03 15:46:32.554 [info] > git for-each-ref --format=%(refname)%00%(upstream:short)%00%(objectname)%00%(upstream:track)%00%(upstream:remotename)%00%(upstream:remoteref) refs/heads/main refs/remotes/main [3ms]
2025-03-03 15:46:32.596 [info] > git status -z -uall [23ms]
2025-03-03 15:46:32.597 [info] > git for-each-ref --sort -committerdate --format %(refname) %(objectname) %(*objectname) [3ms]
2025-03-03 15:46:37.635 [info] > git config --get commit.template [15ms]
2025-03-03 15:46:37.636 [info] > git for-each-ref --format=%(refname)%00%(upstream:short)%00%(objectname)%00%(upstream:track)%00%(upstream:remotename)%00%(upstream:remoteref) refs/heads/main refs/remotes/main [2ms]
2025-03-03 15:46:37.665 [info] > git status -z -uall [14ms]
2025-03-03 15:46:37.666 [info] > git for-each-ref --sort -committerdate --format %(refname) %(objectname) %(*objectname) [1ms]
2025-03-03 15:46:49.655 [info] > git config --get commit.template [17ms]
2025-03-03 15:46:49.656 [info] > git for-each-ref --format=%(refname)%00%(upstream:short)%00%(objectname)%00%(upstream:track)%00%(upstream:remotename)%00%(upstream:remoteref) refs/heads/main refs/remotes/main [1ms]
2025-03-03 15:46:49.690 [info] > git status -z -uall [20ms]
2025-03-03 15:46:49.690 [info] > git for-each-ref --sort -committerdate --format %(refname) %(objectname) %(*objectname) [1ms]
2025-03-03 15:47:19.261 [info] > git config --get commit.template [1ms]
2025-03-03 15:47:19.274 [info] > git for-each-ref --format=%(refname)%00%(upstream:short)%00%(objectname)%00%(upstream:track)%00%(upstream:remotename)%00%(upstream:remoteref) refs/heads/main refs/remotes/main [1ms]
2025-03-03 15:47:19.304 [info] > git status -z -uall [17ms]
2025-03-03 15:47:19.304 [info] > git for-each-ref --sort -committerdate --format %(refname) %(objectname) %(*objectname) [1ms]
2025-03-03 15:47:41.312 [info] > git config --get commit.template [20ms]
2025-03-03 15:47:41.313 [info] > git for-each-ref --format=%(refname)%00%(upstream:short)%00%(objectname)%00%(upstream:track)%00%(upstream:remotename)%00%(upstream:remoteref) refs/heads/main refs/remotes/main [2ms]
2025-03-03 15:47:41.357 [info] > git status -z -uall [21ms]
2025-03-03 15:47:41.358 [info] > git for-each-ref --sort -committerdate --format %(refname) %(objectname) %(*objectname) [1ms]
2025-03-03 15:48:02.450 [info] > git config --get commit.template [11ms]
2025-03-03 15:48:02.450 [info] > git for-each-ref --format=%(refname)%00%(upstream:short)%00%(objectname)%00%(upstream:track)%00%(upstream:remotename)%00%(upstream:remoteref) refs/heads/main refs/remotes/main [1ms]
2025-03-03 15:48:02.473 [info] > git status -z -uall [11ms]
2025-03-03 15:48:02.474 [info] > git for-each-ref --sort -committerdate --format %(refname) %(objectname) %(*objectname) [1ms]
2025-03-03 15:48:07.202 [info] > git show --textconv :index.html [25ms]
2025-03-03 15:48:07.203 [info] > git ls-files --stage -- /home/JakeRA/learning/html/Portfolio/index.html [3ms]
2025-03-03 15:48:07.218 [info] > git cat-file -s 125dab6653dd098f5e58d7a62568ec27802d0c42 [1ms]
2025-03-03 15:50:18.435 [info] > git config --get commit.template [17ms]
2025-03-03 15:50:18.435 [info] > git for-each-ref --format=%(refname)%00%(upstream:short)%00%(objectname)%00%(upstream:track)%00%(upstream:remotename)%00%(upstream:remoteref) refs/heads/main refs/remotes/main [1ms]
2025-03-03 15:50:18.464 [info] > git status -z -uall [15ms]
2025-03-03 15:50:18.465 [info] > git for-each-ref --sort -committerdate --format %(refname) %(objectname) %(*objectname) [1ms]
2025-03-03 15:50:42.337 [info] > git config --get commit.template [3ms]
2025-03-03 15:50:42.351 [info] > git for-each-ref --format=%(refname)%00%(upstream:short)%00%(objectname)%00%(upstream:track)%00%(upstream:remotename)%00%(upstream:remoteref) refs/heads/main refs/remotes/main [2ms]
2025-03-03 15:50:42.372 [info] > git status -z -uall [10ms]
2025-03-03 15:50:42.373 [info] > git for-each-ref --sort -committerdate --format %(refname) %(objectname) %(*objectname) [1ms]
2025-03-03 15:51:16.178 [info] > git show --textconv :style.css [26ms]
2025-03-03 15:51:16.180 [info] > git ls-files --stage -- /home/JakeRA/learning/html/Portfolio/style.css [3ms]
2025-03-03 15:51:16.195 [info] > git cat-file -s 60be8a43490e47b25d87c3dcc39bdfc3b4f3c872 [0ms]
2025-03-03 15:51:26.711 [info] > git show --textconv :index.html [11ms]
2025-03-03 15:51:26.712 [info] > git ls-files --stage -- /home/JakeRA/learning/html/Portfolio/index.html [1ms]
2025-03-03 15:51:26.726 [info] > git cat-file -s 125dab6653dd098f5e58d7a62568ec27802d0c42 [1ms]
2025-03-03 15:51:28.624 [info] > git show --textconv :style.css [14ms]
2025-03-03 15:51:28.625 [info] > git ls-files --stage -- /home/JakeRA/learning/html/Portfolio/style.css [1ms]
2025-03-03 15:51:28.638 [info] > git cat-file -s 60be8a43490e47b25d87c3dcc39bdfc3b4f3c872 [2ms]
2025-03-03 15:51:48.092 [info] > git config --get commit.template [0ms]
2025-03-03 15:51:48.103 [info] > git for-each-ref --format=%(refname)%00%(upstream:short)%00%(objectname)%00%(upstream:track)%00%(upstream:remotename)%00%(upstream:remoteref) refs/heads/main refs/remotes/main [1ms]
2025-03-03 15:51:48.126 [info] > git status -z -uall [12ms]
2025-03-03 15:51:48.127 [info] > git for-each-ref --sort -committerdate --format %(refname) %(objectname) %(*objectname) [2ms]
2025-03-03 15:52:02.179 [info] > git config --get commit.template [10ms]
2025-03-03 15:52:02.180 [info] > git for-each-ref --format=%(refname)%00%(upstream:short)%00%(objectname)%00%(upstream:track)%00%(upstream:remotename)%00%(upstream:remoteref) refs/heads/main refs/remotes/main [1ms]
2025-03-03 15:52:02.214 [info] > git status -z -uall [22ms]
2025-03-03 15:52:02.215 [info] > git for-each-ref --sort -committerdate --format %(refname) %(objectname) %(*objectname) [2ms]
2025-03-03 15:52:17.948 [info] > git config --get commit.template [15ms]
2025-03-03 15:52:17.948 [info] > git for-each-ref --format=%(refname)%00%(upstream:short)%00%(objectname)%00%(upstream:track)%00%(upstream:remotename)%00%(upstream:remoteref) refs/heads/main refs/remotes/main [1ms]
2025-03-03 15:52:17.973 [info] > git status -z -uall [12ms]
2025-03-03 15:52:17.973 [info] > git for-each-ref --sort -committerdate --format %(refname) %(objectname) %(*objectname) [1ms]
2025-03-03 15:53:20.058 [info] > git config --get commit.template [15ms]
2025-03-03 15:53:20.058 [info] > git for-each-ref --format=%(refname)%00%(upstream:short)%00%(objectname)%00%(upstream:track)%00%(upstream:remotename)%00%(upstream:remoteref) refs/heads/main refs/remotes/main [1ms]
2025-03-03 15:53:20.093 [info] > git status -z -uall [18ms]
2025-03-03 15:53:20.094 [info] > git for-each-ref --sort -committerdate --format %(refname) %(objectname) %(*objectname) [1ms]
2025-03-03 15:53:44.974 [info] > git config --get commit.template [13ms]
2025-03-03 15:53:44.975 [info] > git for-each-ref --format=%(refname)%00%(upstream:short)%00%(objectname)%00%(upstream:track)%00%(upstream:remotename)%00%(upstream:remoteref) refs/heads/main refs/remotes/main [1ms]
2025-03-03 15:53:44.999 [info] > git status -z -uall [10ms]
2025-03-03 15:53:45.000 [info] > git for-each-ref --sort -committerdate --format %(refname) %(objectname) %(*objectname) [2ms]
2025-03-03 15:54:59.524 [info] > git config --get commit.template [9ms]
2025-03-03 15:54:59.525 [info] > git for-each-ref --format=%(refname)%00%(upstream:short)%00%(objectname)%00%(upstream:track)%00%(upstream:remotename)%00%(upstream:remoteref) refs/heads/main refs/remotes/main [1ms]
2025-03-03 15:54:59.543 [info] > git status -z -uall [9ms]
2025-03-03 15:54:59.553 [info] > git ls-files --stage -- /home/JakeRA/learning/html/Portfolio/style.css [1ms]
2025-03-03 15:54:59.564 [info] > git for-each-ref --sort -committerdate --format %(refname) %(objectname) %(*objectname) [21ms]
2025-03-03 15:54:59.577 [info] > git cat-file -s 50c41c7d3c3b16651f9cb2255aafa0cf3d5bfb0f [13ms]
2025-03-03 15:54:59.578 [info] > git merge-base refs/heads/main refs/remotes/origin/main [2ms]
2025-03-03 15:54:59.597 [info] > git diff --name-status -z --diff-filter=ADMR 505a5b1b78feb7b14a2a04b148f977766c51a141...refs/remotes/origin/main [10ms]
2025-03-03 15:54:59.599 [info] > git show --textconv :style.css [2ms]
2025-03-03 15:57:49.615 [info] > git config --get commit.template [12ms]
2025-03-03 15:57:49.616 [info] > git for-each-ref --format=%(refname)%00%(upstream:short)%00%(objectname)%00%(upstream:track)%00%(upstream:remotename)%00%(upstream:remoteref) refs/heads/main refs/remotes/main [2ms]
2025-03-03 15:57:49.636 [info] > git status -z -uall [10ms]
2025-03-03 15:57:49.636 [info] > git for-each-ref --sort -committerdate --format %(refname) %(objectname) %(*objectname) [0ms]
2025-03-03 15:58:44.800 [info] > git config --get commit.template [11ms]
2025-03-03 15:58:44.801 [info] > git for-each-ref --format=%(refname)%00%(upstream:short)%00%(objectname)%00%(upstream:track)%00%(upstream:remotename)%00%(upstream:remoteref) refs/heads/main refs/remotes/main [1ms]
2025-03-03 15:58:44.828 [info] > git status -z -uall [12ms]
2025-03-03 15:58:44.828 [info] > git for-each-ref --sort -committerdate --format %(refname) %(objectname) %(*objectname) [1ms]
2025-03-03 16:03:18.962 [info] > git config --get commit.template [11ms]
2025-03-03 16:03:18.962 [info] > git for-each-ref --format=%(refname)%00%(upstream:short)%00%(objectname)%00%(upstream:track)%00%(upstream:remotename)%00%(upstream:remoteref) refs/heads/main refs/remotes/main [1ms]
2025-03-03 16:03:18.989 [info] > git status -z -uall [14ms]
2025-03-03 16:03:18.990 [info] > git for-each-ref --sort -committerdate --format %(refname) %(objectname) %(*objectname) [2ms]
2025-03-03 16:03:23.035 [info] > git show --textconv :index.html [16ms]
2025-03-03 16:03:23.036 [info] > git ls-files --stage -- /home/JakeRA/learning/html/Portfolio/index.html [1ms]
2025-03-03 16:03:23.045 [info] > git cat-file -s 0a8b4e989f5dc7708b6045296086854fed6a628f [0ms]
2025-03-03 16:03:48.462 [info] > git config --get commit.template [1ms]
2025-03-03 16:03:48.475 [info] > git for-each-ref --format=%(refname)%00%(upstream:short)%00%(objectname)%00%(upstream:track)%00%(upstream:remotename)%00%(upstream:remoteref) refs/heads/main refs/remotes/main [1ms]
2025-03-03 16:03:48.505 [info] > git status -z -uall [17ms]
2025-03-03 16:03:48.506 [info] > git for-each-ref --sort -committerdate --format %(refname) %(objectname) %(*objectname) [2ms]
2025-03-03 16:03:53.357 [info] > git show --textconv :style.css [17ms]
2025-03-03 16:03:53.358 [info] > git ls-files --stage -- /home/JakeRA/learning/html/Portfolio/style.css [2ms]
2025-03-03 16:03:53.374 [info] > git cat-file -s 50c41c7d3c3b16651f9cb2255aafa0cf3d5bfb0f [1ms]
2025-03-03 16:03:58.476 [info] > git config --get commit.template [14ms]
2025-03-03 16:03:58.476 [info] > git for-each-ref --format=%(refname)%00%(upstream:short)%00%(objectname)%00%(upstream:track)%00%(upstream:remotename)%00%(upstream:remoteref) refs/heads/main refs/remotes/main [1ms]
2025-03-03 16:03:58.510 [info] > git status -z -uall [17ms]
2025-03-03 16:03:58.511 [info] > git for-each-ref --sort -committerdate --format %(refname) %(objectname) %(*objectname) [1ms]
2025-03-03 16:04:08.726 [info] > git config --get commit.template [17ms]
2025-03-03 16:04:08.727 [info] > git for-each-ref --format=%(refname)%00%(upstream:short)%00%(objectname)%00%(upstream:track)%00%(upstream:remotename)%00%(upstream:remoteref) refs/heads/main refs/remotes/main [2ms]
2025-03-03 16:04:08.748 [info] > git status -z -uall [10ms]
2025-03-03 16:04:08.748 [info] > git for-each-ref --sort -committerdate --format %(refname) %(objectname) %(*objectname) [1ms]
2025-03-03 16:04:14.906 [info] > git config --get commit.template [0ms]
2025-03-03 16:04:14.923 [info] > git for-each-ref --format=%(refname)%00%(upstream:short)%00%(objectname)%00%(upstream:track)%00%(upstream:remotename)%00%(upstream:remoteref) refs/heads/main refs/remotes/main [2ms]
2025-03-03 16:04:14.955 [info] > git status -z -uall [16ms]
2025-03-03 16:04:14.955 [info] > git for-each-ref --sort -committerdate --format %(refname) %(objectname) %(*objectname) [1ms]
2025-03-03 16:04:19.989 [info] > git config --get commit.template [13ms]
2025-03-03 16:04:19.990 [info] > git for-each-ref --format=%(refname)%00%(upstream:short)%00%(objectname)%00%(upstream:track)%00%(upstream:remotename)%00%(upstream:remoteref) refs/heads/main refs/remotes/main [1ms]
2025-03-03 16:04:20.016 [info] > git status -z -uall [13ms]
2025-03-03 16:04:20.016 [info] > git for-each-ref --sort -committerdate --format %(refname) %(objectname) %(*objectname) [1ms]
2025-03-03 16:07:14.227 [info] > git config --get commit.template [10ms]
2025-03-03 16:07:14.227 [info] > git for-each-ref --format=%(refname)%00%(upstream:short)%00%(objectname)%00%(upstream:track)%00%(upstream:remotename)%00%(upstream:remoteref) refs/heads/main refs/remotes/main [1ms]
2025-03-03 16:07:14.253 [info] > git status -z -uall [14ms]
2025-03-03 16:07:14.254 [info] > git for-each-ref --sort -committerdate --format %(refname) %(objectname) %(*objectname) [1ms]
2025-03-03 16:07:16.941 [info] > git show --textconv :index.html [17ms]
2025-03-03 16:07:16.942 [info] > git ls-files --stage -- /home/JakeRA/learning/html/Portfolio/index.html [1ms]
2025-03-03 16:07:16.959 [info] > git cat-file -s 0a8b4e989f5dc7708b6045296086854fed6a628f [1ms]
2025-03-03 16:07:44.858 [info] > git config --get commit.template [1ms]
2025-03-03 16:07:44.871 [info] > git for-each-ref --format=%(refname)%00%(upstream:short)%00%(objectname)%00%(upstream:track)%00%(upstream:remotename)%00%(upstream:remoteref) refs/heads/main refs/remotes/main [1ms]
2025-03-03 16:07:44.894 [info] > git status -z -uall [11ms]
2025-03-03 16:07:44.895 [info] > git for-each-ref --sort -committerdate --format %(refname) %(objectname) %(*objectname) [2ms]
2025-03-03 16:08:12.151 [info] > git config --get commit.template [0ms]
2025-03-03 16:08:12.170 [info] > git for-each-ref --format=%(refname)%00%(upstream:short)%00%(objectname)%00%(upstream:track)%00%(upstream:remotename)%00%(upstream:remoteref) refs/heads/main refs/remotes/main [1ms]
2025-03-03 16:08:12.200 [info] > git status -z -uall [13ms]
2025-03-03 16:08:12.201 [info] > git for-each-ref --sort -committerdate --format %(refname) %(objectname) %(*objectname) [1ms]
2025-03-03 16:08:25.764 [info] > git config --get commit.template [20ms]
2025-03-03 16:08:25.765 [info] > git for-each-ref --format=%(refname)%00%(upstream:short)%00%(objectname)%00%(upstream:track)%00%(upstream:remotename)%00%(upstream:remoteref) refs/heads/main refs/remotes/main [2ms]
2025-03-03 16:08:25.797 [info] > git status -z -uall [17ms]
2025-03-03 16:08:25.798 [info] > git for-each-ref --sort -committerdate --format %(refname) %(objectname) %(*objectname) [2ms]
2025-03-03 16:08:37.024 [info] > git config --get commit.template [20ms]
2025-03-03 16:08:37.025 [info] > git for-each-ref --format=%(refname)%00%(upstream:short)%00%(objectname)%00%(upstream:track)%00%(upstream:remotename)%00%(upstream:remoteref) refs/heads/main refs/remotes/main [3ms]
2025-03-03 16:08:37.065 [info] > git status -z -uall [20ms]
2025-03-03 16:08:37.066 [info] > git for-each-ref --sort -committerdate --format %(refname) %(objectname) %(*objectname) [3ms]
2025-03-03 16:09:24.549 [info] > git config --get commit.template [12ms]
2025-03-03 16:09:24.559 [info] > git for-each-ref --format=%(refname)%00%(upstream:short)%00%(objectname)%00%(upstream:track)%00%(upstream:remotename)%00%(upstream:remoteref) refs/heads/main refs/remotes/main [11ms]
2025-03-03 16:09:24.560 [info] > git ls-files --stage -- /home/JakeRA/learning/html/Portfolio/index.html [1ms]
2025-03-03 16:09:24.589 [info] > git status -z -uall [11ms]
2025-03-03 16:09:24.589 [info] > git cat-file -s b93e2ee5423c42e017d0c5c03072800dbb884e9c [20ms]
2025-03-03 16:09:24.590 [info] > git for-each-ref --sort -committerdate --format %(refname) %(objectname) %(*objectname) [1ms]
2025-03-03 16:09:24.613 [info] > git merge-base refs/heads/main refs/remotes/origin/main [11ms]
2025-03-03 16:09:24.626 [info] > git show --textconv :index.html [14ms]
2025-03-03 16:09:24.627 [info] > git diff --name-status -z --diff-filter=ADMR 013922cb01e25c77a5807029c30b6199e48127d5...refs/remotes/origin/main [2ms]
2025-03-03 16:09:27.601 [info] > git show --textconv :style.css [20ms]
2025-03-03 16:09:27.604 [info] > git ls-files --stage -- /home/JakeRA/learning/html/Portfolio/style.css [4ms]
2025-03-03 16:09:27.622 [info] > git cat-file -s 53c7fc96a9cdcf4a19312c7dfa05974b2d62b998 [1ms]
2025-03-03 16:09:29.642 [info] > git config --get commit.template [17ms]
2025-03-03 16:09:29.642 [info] > git for-each-ref --format=%(refname)%00%(upstream:short)%00%(objectname)%00%(upstream:track)%00%(upstream:remotename)%00%(upstream:remoteref) refs/heads/main refs/remotes/main [1ms]
2025-03-03 16:09:29.667 [info] > git status -z -uall [12ms]
2025-03-03 16:09:29.667 [info] > git for-each-ref --sort -committerdate --format %(refname) %(objectname) %(*objectname) [1ms]
2025-03-03 16:10:14.278 [info] > git config --get commit.template [15ms]
2025-03-03 16:10:14.279 [info] > git ls-files --stage -- /home/JakeRA/learning/html/Portfolio/style.css [1ms]
2025-03-03 16:10:14.300 [info] > git cat-file -s 53c7fc96a9cdcf4a19312c7dfa05974b2d62b998 [10ms]
2025-03-03 16:10:14.300 [info] > git for-each-ref --format=%(refname)%00%(upstream:short)%00%(objectname)%00%(upstream:track)%00%(upstream:remotename)%00%(upstream:remoteref) refs/heads/main refs/remotes/main [1ms]
2025-03-03 16:10:14.333 [info] > git show --textconv :style.css [21ms]
2025-03-03 16:10:14.333 [info] > git status -z -uall [12ms]
2025-03-03 16:10:14.333 [info] > git for-each-ref --sort -committerdate --format %(refname) %(objectname) %(*objectname) [1ms]
2025-03-03 16:10:14.349 [info] > git merge-base refs/heads/main refs/remotes/origin/main [2ms]
2025-03-03 16:10:14.361 [info] > git diff --name-status -z --diff-filter=ADMR 0192cd1b288b5bab7cd335cfea3ab1133462ca92...refs/remotes/origin/main [1ms]
2025-03-03 16:10:23.804 [info] > git config --get commit.template [0ms]
2025-03-03 16:10:23.815 [info] > git for-each-ref --format=%(refname)%00%(upstream:short)%00%(objectname)%00%(upstream:track)%00%(upstream:remotename)%00%(upstream:remoteref) refs/heads/main refs/remotes/main [1ms]
2025-03-03 16:10:23.833 [info] > git status -z -uall [8ms]
2025-03-03 16:10:23.834 [info] > git for-each-ref --sort -committerdate --format %(refname) %(objectname) %(*objectname) [1ms]
2025-03-03 16:11:41.656 [info] > git config --get commit.template [19ms]
2025-03-03 16:11:41.658 [info] > git for-each-ref --format=%(refname)%00%(upstream:short)%00%(objectname)%00%(upstream:track)%00%(upstream:remotename)%00%(upstream:remoteref) refs/heads/main refs/remotes/main [3ms]
2025-03-03 16:11:41.687 [info] > git status -z -uall [13ms]
2025-03-03 16:11:41.689 [info] > git for-each-ref --sort -committerdate --format %(refname) %(objectname) %(*objectname) [2ms]
2025-03-03 20:33:53.017 [info] > git config --get commit.template [12ms]
2025-03-03 20:33:53.027 [info] > git ls-files --stage -- /home/JakeRA/learning/html/Portfolio/style.css [10ms]
2025-03-03 20:33:53.037 [info] > git for-each-ref --format=%(refname)%00%(upstream:short)%00%(objectname)%00%(upstream:track)%00%(upstream:remotename)%00%(upstream:remoteref) refs/heads/main refs/remotes/main [10ms]
2025-03-03 20:33:53.037 [info] > git cat-file -s 087ba126b5f1e1d4bc9e4adfebe1ec6712ad92fe [1ms]
2025-03-03 20:33:53.057 [info] > git status -z -uall [10ms]
2025-03-03 20:33:53.068 [info] > git for-each-ref --sort -committerdate --format %(refname) %(objectname) %(*objectname) [11ms]
2025-03-03 20:33:53.081 [info] > git show --textconv :style.css [14ms]
2025-03-03 20:33:53.081 [info] > git merge-base refs/heads/main refs/remotes/origin/main [1ms]
2025-03-03 20:33:53.091 [info] > git diff --name-status -z --diff-filter=ADMR 96739cc49c82833da684f5b2c17da4fefbcc3368...refs/remotes/origin/main [1ms]
2025-03-03 20:33:54.795 [info] > git show --textconv :index.html [10ms]
2025-03-03 20:33:54.796 [info] > git ls-files --stage -- /home/JakeRA/learning/html/Portfolio/index.html [2ms]
2025-03-03 20:33:54.807 [info] > git cat-file -s b93e2ee5423c42e017d0c5c03072800dbb884e9c [1ms]
2025-03-03 20:33:58.094 [info] > git config --get commit.template [0ms]
2025-03-03 20:33:58.110 [info] > git for-each-ref --format=%(refname)%00%(upstream:short)%00%(objectname)%00%(upstream:track)%00%(upstream:remotename)%00%(upstream:remoteref) refs/heads/main refs/remotes/main [2ms]
2025-03-03 20:33:58.134 [info] > git status -z -uall [13ms]
2025-03-03 20:33:58.135 [info] > git for-each-ref --sort -committerdate --format %(refname) %(objectname) %(*objectname) [2ms]
2025-03-03 20:36:57.414 [info] > git config --get commit.template [1ms]
2025-03-03 20:36:57.430 [info] > git for-each-ref --format=%(refname)%00%(upstream:short)%00%(objectname)%00%(upstream:track)%00%(upstream:remotename)%00%(upstream:remoteref) refs/heads/main refs/remotes/main [1ms]
2025-03-03 20:36:57.456 [info] > git status -z -uall [12ms]
2025-03-03 20:36:57.457 [info] > git for-each-ref --sort -committerdate --format %(refname) %(objectname) %(*objectname) [1ms]
2025-03-03 20:37:49.670 [info] > git config --get commit.template [15ms]
2025-03-03 20:37:49.671 [info] > git for-each-ref --format=%(refname)%00%(upstream:short)%00%(objectname)%00%(upstream:track)%00%(upstream:remotename)%00%(upstream:remoteref) refs/heads/main refs/remotes/main [1ms]
2025-03-03 20:37:49.695 [info] > git status -z -uall [11ms]
2025-03-03 20:37:49.696 [info] > git for-each-ref --sort -committerdate --format %(refname) %(objectname) %(*objectname) [1ms]
2025-03-03 20:38:22.683 [info] > git config --get commit.template [10ms]
2025-03-03 20:38:22.683 [info] > git for-each-ref --format=%(refname)%00%(upstream:short)%00%(objectname)%00%(upstream:track)%00%(upstream:remotename)%00%(upstream:remoteref) refs/heads/main refs/remotes/main [1ms]
2025-03-03 20:38:22.707 [info] > git status -z -uall [13ms]
2025-03-03 20:38:22.707 [info] > git for-each-ref --sort -committerdate --format %(refname) %(objectname) %(*objectname) [1ms]
2025-03-03 20:39:50.455 [info] > git config --get commit.template [1ms]
2025-03-03 20:39:50.465 [info] > git for-each-ref --format=%(refname)%00%(upstream:short)%00%(objectname)%00%(upstream:track)%00%(upstream:remotename)%00%(upstream:remoteref) refs/heads/main refs/remotes/main [1ms]
2025-03-03 20:39:50.488 [info] > git status -z -uall [10ms]
2025-03-03 20:39:50.489 [info] > git for-each-ref --sort -committerdate --format %(refname) %(objectname) %(*objectname) [1ms]
2025-03-03 20:39:52.164 [info] > git show --textconv :style.css [19ms]
2025-03-03 20:39:52.164 [info] > git ls-files --stage -- /home/JakeRA/learning/html/Portfolio/style.css [1ms]
2025-03-03 20:39:52.186 [info] > git cat-file -s 087ba126b5f1e1d4bc9e4adfebe1ec6712ad92fe [2ms]
2025-03-03 20:39:59.033 [info] > git show --textconv :index.html [19ms]
2025-03-03 20:39:59.035 [info] > git ls-files --stage -- /home/JakeRA/learning/html/Portfolio/index.html [3ms]
2025-03-03 20:39:59.052 [info] > git cat-file -s b93e2ee5423c42e017d0c5c03072800dbb884e9c [1ms]
2025-03-03 20:40:10.187 [info] > git show --textconv :style.css [22ms]
2025-03-03 20:40:10.190 [info] > git ls-files --stage -- /home/JakeRA/learning/html/Portfolio/style.css [3ms]
2025-03-03 20:40:10.207 [info] > git cat-file -s 087ba126b5f1e1d4bc9e4adfebe1ec6712ad92fe [1ms]
2025-03-03 20:40:33.379 [info] > git config --get commit.template [1ms]
2025-03-03 20:40:33.389 [info] > git for-each-ref --format=%(refname)%00%(upstream:short)%00%(objectname)%00%(upstream:track)%00%(upstream:remotename)%00%(upstream:remoteref) refs/heads/main refs/remotes/main [1ms]
2025-03-03 20:40:33.410 [info] > git status -z -uall [10ms]
2025-03-03 20:40:33.410 [info] > git for-each-ref --sort -committerdate --format %(refname) %(objectname) %(*objectname) [1ms]
2025-03-03 20:40:42.536 [info] > git config --get commit.template [1ms]
2025-03-03 20:40:42.554 [info] > git for-each-ref --format=%(refname)%00%(upstream:short)%00%(objectname)%00%(upstream:track)%00%(upstream:remotename)%00%(upstream:remoteref) refs/heads/main refs/remotes/main [3ms]
2025-03-03 20:40:42.594 [info] > git status -z -uall [17ms]
2025-03-03 20:40:42.595 [info] > git for-each-ref --sort -committerdate --format %(refname) %(objectname) %(*objectname) [1ms]
2025-03-03 20:41:02.162 [info] > git config --get commit.template [12ms]
2025-03-03 20:41:02.162 [info] > git for-each-ref --format=%(refname)%00%(upstream:short)%00%(objectname)%00%(upstream:track)%00%(upstream:remotename)%00%(upstream:remoteref) refs/heads/main refs/remotes/main [1ms]
2025-03-03 20:41:02.184 [info] > git status -z -uall [10ms]
2025-03-03 20:41:02.184 [info] > git for-each-ref --sort -committerdate --format %(refname) %(objectname) %(*objectname) [1ms]
2025-03-03 20:41:18.065 [info] > git config --get commit.template [1ms]
2025-03-03 20:41:18.078 [info] > git for-each-ref --format=%(refname)%00%(upstream:short)%00%(objectname)%00%(upstream:track)%00%(upstream:remotename)%00%(upstream:remoteref) refs/heads/main refs/remotes/main [1ms]
2025-03-03 20:41:18.110 [info] > git status -z -uall [17ms]
2025-03-03 20:41:18.111 [info] > git for-each-ref --sort -committerdate --format %(refname) %(objectname) %(*objectname) [1ms]
2025-03-03 20:41:49.150 [info] > git config --get commit.template [1ms]
2025-03-03 20:41:49.160 [info] > git for-each-ref --format=%(refname)%00%(upstream:short)%00%(objectname)%00%(upstream:track)%00%(upstream:remotename)%00%(upstream:remoteref) refs/heads/main refs/remotes/main [1ms]
2025-03-03 20:41:49.184 [info] > git status -z -uall [12ms]
2025-03-03 20:41:49.184 [info] > git for-each-ref --sort -committerdate --format %(refname) %(objectname) %(*objectname) [0ms]
2025-03-03 20:42:36.192 [info] > git config --get commit.template [13ms]
2025-03-03 20:42:36.192 [info] > git for-each-ref --format=%(refname)%00%(upstream:short)%00%(objectname)%00%(upstream:track)%00%(upstream:remotename)%00%(upstream:remoteref) refs/heads/main refs/remotes/main [1ms]
2025-03-03 20:42:36.213 [info] > git status -z -uall [10ms]
2025-03-03 20:42:36.214 [info] > git for-each-ref --sort -committerdate --format %(refname) %(objectname) %(*objectname) [1ms]
2025-03-03 20:49:42.802 [info] > git show --textconv :index.html [20ms]
2025-03-03 20:49:42.803 [info] > git ls-files --stage -- /home/JakeRA/learning/html/Portfolio/index.html [2ms]
2025-03-03 20:49:42.822 [info] > git cat-file -s b93e2ee5423c42e017d0c5c03072800dbb884e9c [2ms]
2025-03-03 20:49:52.155 [info] > git show --textconv :style.css [16ms]
2025-03-03 20:49:52.157 [info] > git ls-files --stage -- /home/JakeRA/learning/html/Portfolio/style.css [3ms]
2025-03-03 20:49:52.175 [info] > git cat-file -s 087ba126b5f1e1d4bc9e4adfebe1ec6712ad92fe [2ms]
2025-03-03 20:50:10.078 [info] > git config --get commit.template [12ms]
2025-03-03 20:50:10.079 [info] > git for-each-ref --format=%(refname)%00%(upstream:short)%00%(objectname)%00%(upstream:track)%00%(upstream:remotename)%00%(upstream:remoteref) refs/heads/main refs/remotes/main [2ms]
2025-03-03 20:50:10.101 [info] > git status -z -uall [11ms]
2025-03-03 20:50:10.102 [info] > git for-each-ref --sort -committerdate --format %(refname) %(objectname) %(*objectname) [1ms]
2025-03-03 20:51:09.310 [info] > git config --get commit.template [2ms]
2025-03-03 20:51:09.322 [info] > git for-each-ref --format=%(refname)%00%(upstream:short)%00%(objectname)%00%(upstream:track)%00%(upstream:remotename)%00%(upstream:remoteref) refs/heads/main refs/remotes/main [1ms]
2025-03-03 20:51:09.348 [info] > git status -z -uall [12ms]
2025-03-03 20:51:09.349 [info] > git for-each-ref --sort -committerdate --format %(refname) %(objectname) %(*objectname) [1ms]
2025-03-03 20:51:11.314 [info] > git show --textconv :index.html [18ms]
2025-03-03 20:51:11.315 [info] > git ls-files --stage -- /home/JakeRA/learning/html/Portfolio/index.html [2ms]
2025-03-03 20:51:11.329 [info] > git cat-file -s b93e2ee5423c42e017d0c5c03072800dbb884e9c [1ms]
2025-03-03 20:51:40.653 [info] > git config --get commit.template [26ms]
2025-03-03 20:51:40.655 [info] > git for-each-ref --format=%(refname)%00%(upstream:short)%00%(objectname)%00%(upstream:track)%00%(upstream:remotename)%00%(upstream:remoteref) refs/heads/main refs/remotes/main [3ms]
2025-03-03 20:51:40.681 [info] > git status -z -uall [12ms]
2025-03-03 20:51:40.682 [info] > git for-each-ref --sort -committerdate --format %(refname) %(objectname) %(*objectname) [1ms]
2025-03-03 20:51:45.732 [info] > git show --textconv :style.css [14ms]
2025-03-03 20:51:45.732 [info] > git ls-files --stage -- /home/JakeRA/learning/html/Portfolio/style.css [1ms]
2025-03-03 20:51:45.743 [info] > git cat-file -s 087ba126b5f1e1d4bc9e4adfebe1ec6712ad92fe [1ms]
2025-03-03 20:51:56.478 [info] > git config --get commit.template [9ms]
2025-03-03 20:51:56.479 [info] > git for-each-ref --format=%(refname)%00%(upstream:short)%00%(objectname)%00%(upstream:track)%00%(upstream:remotename)%00%(upstream:remoteref) refs/heads/main refs/remotes/main [1ms]
2025-03-03 20:51:56.493 [info] > git status -z -uall [7ms]
2025-03-03 20:51:56.494 [info] > git for-each-ref --sort -committerdate --format %(refname) %(objectname) %(*objectname) [1ms]
2025-03-03 20:53:09.051 [info] > git config --get commit.template [0ms]
2025-03-03 20:53:09.063 [info] > git for-each-ref --format=%(refname)%00%(upstream:short)%00%(objectname)%00%(upstream:track)%00%(upstream:remotename)%00%(upstream:remoteref) refs/heads/main refs/remotes/main [1ms]
2025-03-03 20:53:09.085 [info] > git status -z -uall [11ms]
2025-03-03 20:53:09.085 [info] > git for-each-ref --sort -committerdate --format %(refname) %(objectname) %(*objectname) [1ms]
2025-03-03 21:30:53.866 [info] > git config --get commit.template [18ms]
2025-03-03 21:30:53.881 [info] > git ls-files --stage -- /home/JakeRA/learning/html/Portfolio/style.css [16ms]
2025-03-03 21:30:53.895 [info] > git for-each-ref --format=%(refname)%00%(upstream:short)%00%(objectname)%00%(upstream:track)%00%(upstream:remotename)%00%(upstream:remoteref) refs/heads/main refs/remotes/main [14ms]
2025-03-03 21:30:53.895 [info] > git cat-file -s 2332ec1fe941117ba68e5dd2d5e3e2d875e549d6 [1ms]
2025-03-03 21:30:53.941 [info] > git status -z -uall [32ms]
2025-03-03 21:30:53.941 [info] > git for-each-ref --sort -committerdate --format %(refname) %(objectname) %(*objectname) [16ms]
2025-03-03 21:30:53.964 [info] > git show --textconv :style.css [23ms]
2025-03-03 21:30:53.966 [info] > git merge-base refs/heads/main refs/remotes/origin/main [4ms]
2025-03-03 21:30:53.984 [info] > git diff --name-status -z --diff-filter=ADMR 600884ea5f976d263a4a7b39c5cc802d29e92aea...refs/remotes/origin/main [3ms]
