2025-03-09 15:23:30.046 [info] Reading sessions from keychain...
2025-03-09 15:23:30.046 [info] Getting sessions for all scopes...
2025-03-09 15:23:30.046 [info] Getting sessions for all scopes...
2025-03-09 15:23:30.046 [info] Getting sessions for all scopes...
2025-03-09 15:23:30.046 [info] Getting sessions for user:email...
2025-03-09 15:23:30.046 [info] Got 0 sessions for ...
2025-03-09 15:23:30.046 [info] Got 0 sessions for ...
2025-03-09 15:23:30.046 [info] Got 0 sessions for ...
2025-03-09 15:23:30.046 [info] Got 0 sessions for user:email...
2025-03-09 15:23:30.046 [info] Getting sessions for user:email...
2025-03-09 15:23:30.046 [info] Got 0 sessions for user:email...
2025-03-09 15:23:30.046 [info] Getting sessions for user:email...
2025-03-09 15:23:30.046 [info] Got 0 sessions for user:email...
2025-03-09 15:23:30.046 [info] Getting sessions for read:user,repo,user:email,workflow...
2025-03-09 15:23:30.046 [info] Got 0 sessions for read:user,repo,user:email,workflow...
2025-03-09 15:23:30.046 [info] Getting sessions for all scopes...
2025-03-09 15:23:30.046 [info] Got 0 sessions for ...
2025-03-09 15:23:30.046 [info] Getting sessions for all scopes...
2025-03-09 15:23:30.046 [info] Got 0 sessions for ...
2025-03-09 15:23:30.046 [info] Getting sessions for read:user...
2025-03-09 15:23:30.046 [info] Got 0 sessions for read:user...
2025-03-09 15:23:30.046 [info] Getting sessions for user:email...
2025-03-09 15:23:30.046 [info] Got 0 sessions for user:email...
2025-03-09 15:23:30.046 [info] Getting sessions for read:user,repo,user:email,workflow...
2025-03-09 15:23:30.046 [info] Got 0 sessions for read:user,repo,user:email,workflow...
2025-03-09 15:23:30.046 [info] Getting sessions for user:email...
2025-03-09 15:23:30.046 [info] Got 0 sessions for user:email...
2025-03-09 15:23:30.046 [info] Getting sessions for all scopes...
2025-03-09 15:23:30.046 [info] Got 0 sessions for ...
2025-03-09 15:23:30.061 [info] Getting sessions for user:email...
2025-03-09 15:23:30.061 [info] Got 0 sessions for user:email...
2025-03-09 15:23:30.799 [info] Getting sessions for all scopes...
2025-03-09 15:23:30.799 [info] Got 0 sessions for ...
2025-03-09 15:23:30.800 [info] Getting sessions for user:email...
2025-03-09 15:23:30.800 [info] Got 0 sessions for user:email...
2025-03-09 15:23:31.092 [info] Getting sessions for all scopes...
2025-03-09 15:23:31.092 [info] Got 0 sessions for ...
2025-03-09 15:23:31.094 [info] Getting sessions for user:email...
2025-03-09 15:23:31.094 [info] Got 0 sessions for user:email...
2025-03-09 15:23:31.098 [info] Getting sessions for all scopes...
2025-03-09 15:23:31.098 [info] Got 0 sessions for ...
2025-03-09 15:23:31.099 [info] Getting sessions for user:email...
2025-03-09 15:23:31.099 [info] Got 0 sessions for user:email...
2025-03-09 15:23:31.260 [info] Getting sessions for all scopes...
2025-03-09 15:23:31.260 [info] Got 0 sessions for ...
