2025-03-13 19:08:57.090 [info] Reading sessions from keychain...
2025-03-13 19:08:57.090 [info] Getting sessions for all scopes...
2025-03-13 19:08:57.090 [info] Getting sessions for all scopes...
2025-03-13 19:08:57.090 [info] Getting sessions for all scopes...
2025-03-13 19:08:57.090 [info] Getting sessions for user:email...
2025-03-13 19:08:57.090 [info] Got 0 sessions for ...
2025-03-13 19:08:57.090 [info] Got 0 sessions for ...
2025-03-13 19:08:57.090 [info] Got 0 sessions for ...
2025-03-13 19:08:57.090 [info] Got 0 sessions for user:email...
2025-03-13 19:08:57.090 [info] Getting sessions for user:email...
2025-03-13 19:08:57.090 [info] Got 0 sessions for user:email...
2025-03-13 19:08:57.090 [info] Getting sessions for user:email...
2025-03-13 19:08:57.090 [info] Got 0 sessions for user:email...
2025-03-13 19:08:57.090 [info] Getting sessions for read:user,repo,user:email,workflow...
2025-03-13 19:08:57.090 [info] Got 0 sessions for read:user,repo,user:email,workflow...
2025-03-13 19:08:57.090 [info] Getting sessions for all scopes...
2025-03-13 19:08:57.090 [info] Got 0 sessions for ...
2025-03-13 19:08:57.090 [info] Getting sessions for all scopes...
2025-03-13 19:08:57.090 [info] Got 0 sessions for ...
2025-03-13 19:08:57.090 [info] Getting sessions for read:user...
2025-03-13 19:08:57.090 [info] Got 0 sessions for read:user...
2025-03-13 19:08:57.090 [info] Getting sessions for user:email...
2025-03-13 19:08:57.090 [info] Got 0 sessions for user:email...
2025-03-13 19:08:57.090 [info] Getting sessions for read:user,repo,user:email,workflow...
2025-03-13 19:08:57.090 [info] Got 0 sessions for read:user,repo,user:email,workflow...
2025-03-13 19:08:57.110 [info] Getting sessions for user:email...
2025-03-13 19:08:57.110 [info] Got 0 sessions for user:email...
2025-03-13 19:08:57.110 [info] Getting sessions for all scopes...
2025-03-13 19:08:57.110 [info] Got 0 sessions for ...
2025-03-13 19:08:57.152 [info] Getting sessions for read:user,repo,user:email,workflow...
2025-03-13 19:08:57.152 [info] Got 0 sessions for read:user,repo,user:email,workflow...
2025-03-13 19:08:57.152 [info] Getting sessions for user:email...
2025-03-13 19:08:57.152 [info] Got 0 sessions for user:email...
2025-03-13 19:08:57.172 [info] Getting sessions for all scopes...
2025-03-13 19:08:57.172 [info] Got 0 sessions for ...
2025-03-13 19:08:58.026 [info] Getting sessions for user:email...
2025-03-13 19:08:58.026 [info] Got 0 sessions for user:email...
2025-03-13 19:08:58.027 [info] Getting sessions for all scopes...
2025-03-13 19:08:58.027 [info] Got 0 sessions for ...
2025-03-13 19:08:58.036 [info] Getting sessions for user:email...
2025-03-13 19:08:58.036 [info] Got 0 sessions for user:email...
2025-03-13 19:08:58.038 [info] Getting sessions for all scopes...
2025-03-13 19:08:58.038 [info] Got 0 sessions for ...
2025-03-13 19:08:58.038 [info] Getting sessions for user:email...
2025-03-13 19:08:58.038 [info] Got 0 sessions for user:email...
2025-03-13 19:08:58.216 [info] Getting sessions for all scopes...
2025-03-13 19:08:58.216 [info] Got 0 sessions for ...
2025-03-13 19:23:58.047 [info] Getting sessions for all scopes...
2025-03-13 19:23:58.047 [info] Got 0 sessions for ...
2025-03-13 19:23:58.050 [info] Getting sessions for user:email...
2025-03-13 19:23:58.050 [info] Got 0 sessions for user:email...
2025-03-13 19:23:58.079 [info] Getting sessions for all scopes...
2025-03-13 19:23:58.079 [info] Got 0 sessions for ...
2025-03-13 19:23:58.080 [info] Getting sessions for user:email...
2025-03-13 19:23:58.080 [info] Got 0 sessions for user:email...
2025-03-13 19:38:58.085 [info] Getting sessions for all scopes...
2025-03-13 19:38:58.085 [info] Got 0 sessions for ...
2025-03-13 19:38:58.089 [info] Getting sessions for user:email...
2025-03-13 19:38:58.089 [info] Got 0 sessions for user:email...
2025-03-13 19:38:58.091 [info] Getting sessions for all scopes...
2025-03-13 19:38:58.091 [info] Got 0 sessions for ...
2025-03-13 19:38:58.094 [info] Getting sessions for user:email...
2025-03-13 19:38:58.094 [info] Got 0 sessions for user:email...
2025-03-13 19:53:58.100 [info] Getting sessions for all scopes...
2025-03-13 19:53:58.100 [info] Got 0 sessions for ...
2025-03-13 19:53:58.103 [info] Getting sessions for user:email...
2025-03-13 19:53:58.103 [info] Got 0 sessions for user:email...
2025-03-13 19:53:58.106 [info] Getting sessions for all scopes...
2025-03-13 19:53:58.106 [info] Got 0 sessions for ...
2025-03-13 19:53:58.109 [info] Getting sessions for user:email...
2025-03-13 19:53:58.109 [info] Got 0 sessions for user:email...
2025-03-13 20:08:58.113 [info] Getting sessions for all scopes...
2025-03-13 20:08:58.113 [info] Got 0 sessions for ...
2025-03-13 20:08:58.116 [info] Getting sessions for user:email...
2025-03-13 20:08:58.116 [info] Got 0 sessions for user:email...
2025-03-13 20:08:58.119 [info] Getting sessions for all scopes...
2025-03-13 20:08:58.119 [info] Got 0 sessions for ...
2025-03-13 20:08:58.121 [info] Getting sessions for user:email...
2025-03-13 20:08:58.121 [info] Got 0 sessions for user:email...
