2025-03-07 08:38:28.679 [info] [main] Log level: Info
2025-03-07 08:38:28.679 [info] [main] Validating found git in: "git"
2025-03-07 08:38:28.679 [info] [main] Using git "2.47.1" from "git"
2025-03-07 08:38:28.679 [info] [Model][doInitialScan] Initial repository scan started
2025-03-07 08:38:28.679 [info] > git rev-parse --show-toplevel [3ms]
2025-03-07 08:38:28.679 [info] > git rev-parse --git-dir --git-common-dir [117ms]
2025-03-07 08:38:28.679 [info] [Model][openRepository] Opened repository: /home/JakeRA/learning/html/Portfolio
2025-03-07 08:38:28.698 [info] > git rev-parse --show-toplevel [3ms]
2025-03-07 08:38:28.699 [info] > git config --get commit.template [10ms]
2025-03-07 08:38:28.718 [info] > git rev-parse --show-toplevel [11ms]
2025-03-07 08:38:28.720 [info] [Model][doInitialScan] Initial repository scan completed - repositories (1), closed repositories (0), parent repositories (0), unsafe repositories (0)
2025-03-07 08:38:28.720 [info] > git for-each-ref --format=%(refname)%00%(upstream:short)%00%(objectname)%00%(upstream:track)%00%(upstream:remotename)%00%(upstream:remoteref) refs/heads/main refs/remotes/main [4ms]
2025-03-07 08:38:28.739 [info] > git status -z -uall [8ms]
2025-03-07 08:38:28.739 [info] > git for-each-ref --sort -committerdate --format %(refname) %(objectname) %(*objectname) [1ms]
2025-03-07 08:38:28.758 [info] > git for-each-ref --format=%(refname)%00%(upstream:short)%00%(objectname)%00%(upstream:track)%00%(upstream:remotename)%00%(upstream:remoteref) refs/heads/main refs/remotes/main [9ms]
2025-03-07 08:38:28.768 [info] > git config --local branch.main.vscode-merge-base [2ms]
2025-03-07 08:38:28.768 [warning] [Git][config] git config failed: Failed to execute git
2025-03-07 08:38:28.779 [info] > git config --get commit.template [21ms]
2025-03-07 08:38:28.791 [info] > git reflog main --grep-reflog=branch: Created from *. [13ms]
2025-03-07 08:38:28.809 [info] > git symbolic-ref --short refs/remotes/origin/HEAD [5ms]
2025-03-07 08:38:28.809 [info] fatal: ref refs/remotes/origin/HEAD is not a symbolic ref
2025-03-07 08:38:28.809 [warning] [Repository][getDefaultBranch] Failed to get default branch details: Failed to execute git.
2025-03-07 08:38:28.822 [info] > git for-each-ref --format=%(refname)%00%(upstream:short)%00%(objectname)%00%(upstream:track)%00%(upstream:remotename)%00%(upstream:remoteref) refs/heads/main refs/remotes/main [32ms]
2025-03-07 08:38:28.823 [info] > git merge-base refs/heads/main refs/remotes/origin/main [3ms]
2025-03-07 08:38:28.856 [info] > git status -z -uall [12ms]
2025-03-07 08:38:28.856 [info] > git for-each-ref --sort -committerdate --format %(refname) %(objectname) %(*objectname) [3ms]
2025-03-07 08:38:28.869 [info] > git diff --name-status -z --diff-filter=ADMR 922ce3a3d2c8695b5dfec410da0fde970db2bc90...refs/remotes/origin/main [36ms]
2025-03-07 08:38:28.870 [info] > git merge-base refs/heads/main refs/remotes/origin/main [2ms]
2025-03-07 08:38:29.621 [info] > git diff --name-status -z --diff-filter=ADMR 922ce3a3d2c8695b5dfec410da0fde970db2bc90...refs/remotes/origin/main [741ms]
2025-03-07 08:38:29.633 [info] > git check-ignore -v -z --stdin [4ms]
2025-03-07 08:38:29.725 [info] > git show --textconv :index.html [83ms]
2025-03-07 08:38:29.725 [info] > git ls-files --stage -- /home/JakeRA/learning/html/Portfolio/index.html [76ms]
2025-03-07 08:38:29.754 [info] > git cat-file -s f0ff99b4348ae6d8875ad065e65e00061424361e [21ms]
2025-03-07 08:40:38.684 [info] > git show --textconv :style.css [15ms]
2025-03-07 08:40:38.686 [info] > git ls-files --stage -- /home/JakeRA/learning/html/Portfolio/style.css [2ms]
2025-03-07 08:40:38.695 [info] > git cat-file -s 643491671ba607d40180c04940abfc4227f1cef2 [1ms]
2025-03-07 08:43:08.638 [info] > git show --textconv :index.html [14ms]
2025-03-07 08:43:08.638 [info] > git ls-files --stage -- /home/JakeRA/learning/html/Portfolio/index.html [1ms]
2025-03-07 08:43:08.652 [info] > git cat-file -s f0ff99b4348ae6d8875ad065e65e00061424361e [2ms]
2025-03-07 08:43:37.476 [info] > git config --get commit.template [0ms]
2025-03-07 08:43:37.486 [info] > git for-each-ref --format=%(refname)%00%(upstream:short)%00%(objectname)%00%(upstream:track)%00%(upstream:remotename)%00%(upstream:remoteref) refs/heads/main refs/remotes/main [1ms]
2025-03-07 08:43:37.504 [info] > git status -z -uall [9ms]
2025-03-07 08:43:37.505 [info] > git for-each-ref --sort -committerdate --format %(refname) %(objectname) %(*objectname) [1ms]
2025-03-07 08:44:20.081 [info] > git show --textconv :style.css [17ms]
2025-03-07 08:44:20.082 [info] > git ls-files --stage -- /home/JakeRA/learning/html/Portfolio/style.css [1ms]
2025-03-07 08:44:20.094 [info] > git cat-file -s 643491671ba607d40180c04940abfc4227f1cef2 [1ms]
2025-03-07 08:45:16.280 [info] > git show --textconv :index.html [11ms]
2025-03-07 08:45:16.281 [info] > git ls-files --stage -- /home/JakeRA/learning/html/Portfolio/index.html [1ms]
2025-03-07 08:45:16.291 [info] > git cat-file -s f0ff99b4348ae6d8875ad065e65e00061424361e [1ms]
2025-03-07 08:46:53.548 [info] > git config --get commit.template [11ms]
2025-03-07 08:46:53.549 [info] > git for-each-ref --format=%(refname)%00%(upstream:short)%00%(objectname)%00%(upstream:track)%00%(upstream:remotename)%00%(upstream:remoteref) refs/heads/main refs/remotes/main [1ms]
2025-03-07 08:46:53.568 [info] > git status -z -uall [9ms]
2025-03-07 08:46:53.570 [info] > git for-each-ref --sort -committerdate --format %(refname) %(objectname) %(*objectname) [2ms]
2025-03-07 08:46:54.819 [info] > git show --textconv :style.css [14ms]
2025-03-07 08:46:54.820 [info] > git ls-files --stage -- /home/JakeRA/learning/html/Portfolio/style.css [2ms]
2025-03-07 08:46:54.834 [info] > git cat-file -s 643491671ba607d40180c04940abfc4227f1cef2 [2ms]
2025-03-07 08:46:56.073 [info] > git show --textconv :index.html [10ms]
2025-03-07 08:46:56.074 [info] > git ls-files --stage -- /home/JakeRA/learning/html/Portfolio/index.html [2ms]
2025-03-07 08:46:56.088 [info] > git cat-file -s f0ff99b4348ae6d8875ad065e65e00061424361e [1ms]
2025-03-07 08:47:01.792 [info] > git config --get commit.template [0ms]
2025-03-07 08:47:01.803 [info] > git for-each-ref --format=%(refname)%00%(upstream:short)%00%(objectname)%00%(upstream:track)%00%(upstream:remotename)%00%(upstream:remoteref) refs/heads/main refs/remotes/main [1ms]
2025-03-07 08:47:01.826 [info] > git status -z -uall [11ms]
2025-03-07 08:47:01.827 [info] > git for-each-ref --sort -committerdate --format %(refname) %(objectname) %(*objectname) [2ms]
2025-03-07 08:47:06.860 [info] > git config --get commit.template [12ms]
2025-03-07 08:47:06.861 [info] > git for-each-ref --format=%(refname)%00%(upstream:short)%00%(objectname)%00%(upstream:track)%00%(upstream:remotename)%00%(upstream:remoteref) refs/heads/main refs/remotes/main [2ms]
2025-03-07 08:47:06.886 [info] > git status -z -uall [12ms]
2025-03-07 08:47:06.888 [info] > git for-each-ref --sort -committerdate --format %(refname) %(objectname) %(*objectname) [2ms]
2025-03-07 08:47:10.533 [info] > git show --textconv :style.css [18ms]
2025-03-07 08:47:10.535 [info] > git ls-files --stage -- /home/JakeRA/learning/html/Portfolio/style.css [2ms]
2025-03-07 08:47:10.553 [info] > git cat-file -s 643491671ba607d40180c04940abfc4227f1cef2 [3ms]
2025-03-07 08:48:21.399 [info] > git show --textconv :index.html [20ms]
2025-03-07 08:48:21.401 [info] > git ls-files --stage -- /home/JakeRA/learning/html/Portfolio/index.html [3ms]
2025-03-07 08:48:21.419 [info] > git cat-file -s f0ff99b4348ae6d8875ad065e65e00061424361e [2ms]
2025-03-07 08:48:33.393 [info] > git config --get commit.template [16ms]
2025-03-07 08:48:33.395 [info] > git for-each-ref --format=%(refname)%00%(upstream:short)%00%(objectname)%00%(upstream:track)%00%(upstream:remotename)%00%(upstream:remoteref) refs/heads/main refs/remotes/main [3ms]
2025-03-07 08:48:33.429 [info] > git status -z -uall [16ms]
2025-03-07 08:48:33.430 [info] > git for-each-ref --sort -committerdate --format %(refname) %(objectname) %(*objectname) [2ms]
2025-03-07 08:48:33.515 [info] > git show --textconv :style.css [13ms]
2025-03-07 08:48:33.516 [info] > git ls-files --stage -- /home/JakeRA/learning/html/Portfolio/style.css [1ms]
2025-03-07 08:48:33.528 [info] > git cat-file -s 643491671ba607d40180c04940abfc4227f1cef2 [2ms]
2025-03-07 08:48:54.527 [info] > git show --textconv :index.html [11ms]
2025-03-07 08:48:54.528 [info] > git ls-files --stage -- /home/JakeRA/learning/html/Portfolio/index.html [1ms]
2025-03-07 08:48:54.543 [info] > git cat-file -s f0ff99b4348ae6d8875ad065e65e00061424361e [3ms]
2025-03-07 08:49:35.140 [info] > git config --get commit.template [0ms]
2025-03-07 08:49:35.151 [info] > git for-each-ref --format=%(refname)%00%(upstream:short)%00%(objectname)%00%(upstream:track)%00%(upstream:remotename)%00%(upstream:remoteref) refs/heads/main refs/remotes/main [1ms]
2025-03-07 08:49:35.184 [info] > git status -z -uall [13ms]
2025-03-07 08:49:35.184 [info] > git ls-files --stage -- /home/JakeRA/learning/html/Portfolio/index.html [24ms]
2025-03-07 08:49:35.193 [info] > git for-each-ref --sort -committerdate --format %(refname) %(objectname) %(*objectname) [10ms]
2025-03-07 08:49:35.204 [info] > git merge-base refs/heads/main refs/remotes/origin/main [1ms]
2025-03-07 08:49:35.214 [info] > git cat-file -s 1c1d8a6fe43da50cb78ac609586178bc106b7b70 [21ms]
2025-03-07 08:49:35.215 [info] > git diff --name-status -z --diff-filter=ADMR 922ce3a3d2c8695b5dfec410da0fde970db2bc90...refs/remotes/origin/main [2ms]
2025-03-07 08:49:35.227 [info] > git show --textconv :index.html [1ms]
