2025-03-14 19:01:59.767 [info] Reading sessions from keychain...
2025-03-14 19:01:59.767 [info] Getting sessions for all scopes...
2025-03-14 19:01:59.767 [info] Getting sessions for all scopes...
2025-03-14 19:01:59.767 [info] Getting sessions for all scopes...
2025-03-14 19:01:59.767 [info] Getting sessions for user:email...
2025-03-14 19:01:59.767 [info] Got 0 sessions for ...
2025-03-14 19:01:59.767 [info] Got 0 sessions for ...
2025-03-14 19:01:59.767 [info] Got 0 sessions for ...
2025-03-14 19:01:59.767 [info] Got 0 sessions for user:email...
2025-03-14 19:01:59.767 [info] Getting sessions for user:email...
2025-03-14 19:01:59.767 [info] Got 0 sessions for user:email...
2025-03-14 19:01:59.767 [info] Getting sessions for user:email...
2025-03-14 19:01:59.767 [info] Got 0 sessions for user:email...
2025-03-14 19:01:59.814 [info] Getting sessions for read:user,repo,user:email,workflow...
2025-03-14 19:01:59.814 [info] Got 0 sessions for read:user,repo,user:email,workflow...
2025-03-14 19:01:59.814 [info] Getting sessions for all scopes...
2025-03-14 19:01:59.814 [info] Got 0 sessions for ...
2025-03-14 19:01:59.814 [info] Getting sessions for all scopes...
2025-03-14 19:01:59.814 [info] Got 0 sessions for ...
2025-03-14 19:02:00.079 [info] Getting sessions for read:user...
2025-03-14 19:02:00.079 [info] Got 0 sessions for read:user...
2025-03-14 19:02:00.079 [info] Getting sessions for user:email...
2025-03-14 19:02:00.079 [info] Got 0 sessions for user:email...
2025-03-14 19:02:00.079 [info] Getting sessions for read:user,repo,user:email,workflow...
2025-03-14 19:02:00.079 [info] Got 0 sessions for read:user,repo,user:email,workflow...
2025-03-14 19:02:00.151 [info] Getting sessions for user:email...
2025-03-14 19:02:00.151 [info] Got 0 sessions for user:email...
2025-03-14 19:02:00.151 [info] Getting sessions for all scopes...
2025-03-14 19:02:00.151 [info] Got 0 sessions for ...
2025-03-14 19:02:00.160 [info] Getting sessions for read:user,repo,user:email,workflow...
2025-03-14 19:02:00.160 [info] Got 0 sessions for read:user,repo,user:email,workflow...
2025-03-14 19:02:00.246 [info] Getting sessions for user:email...
2025-03-14 19:02:00.246 [info] Got 0 sessions for user:email...
2025-03-14 19:02:00.276 [info] Getting sessions for all scopes...
2025-03-14 19:02:00.276 [info] Got 0 sessions for ...
2025-03-14 19:02:01.069 [info] Getting sessions for all scopes...
2025-03-14 19:02:01.069 [info] Got 0 sessions for ...
2025-03-14 19:02:01.102 [info] Getting sessions for user:email...
2025-03-14 19:02:01.102 [info] Got 0 sessions for user:email...
2025-03-14 19:02:01.112 [info] Getting sessions for all scopes...
2025-03-14 19:02:01.112 [info] Got 0 sessions for ...
2025-03-14 19:02:01.122 [info] Getting sessions for user:email...
2025-03-14 19:02:01.122 [info] Got 0 sessions for user:email...
2025-03-14 19:02:01.135 [info] Getting sessions for all scopes...
2025-03-14 19:02:01.135 [info] Got 0 sessions for ...
2025-03-14 19:02:01.137 [info] Getting sessions for user:email...
2025-03-14 19:02:01.137 [info] Got 0 sessions for user:email...
