2025-03-09 15:34:04.519 [info] [main] Log level: Info
2025-03-09 15:34:04.519 [info] [main] Validating found git in: "git"
2025-03-09 15:34:04.519 [info] [main] Using git "2.48.1" from "git"
2025-03-09 15:34:04.519 [info] [Model][doInitialScan] Initial repository scan started
2025-03-09 15:34:04.519 [info] > git rev-parse --show-toplevel [469ms]
2025-03-09 15:34:04.519 [info] > git rev-parse --git-dir --git-common-dir [4ms]
2025-03-09 15:34:04.519 [info] [Model][openRepository] Opened repository: /home/JakeRA/.config
2025-03-09 15:34:04.529 [info] > git config --get commit.template [3ms]
2025-03-09 15:34:04.539 [info] > git for-each-ref --format=%(refname)%00%(upstream:short)%00%(objectname)%00%(upstream:track)%00%(upstream:remotename)%00%(upstream:remoteref) refs/heads/main refs/remotes/main [1ms]
2025-03-09 15:34:04.558 [info] > git for-each-ref --sort -committerdate --format %(refname) %(objectname) %(*objectname) [1ms]
2025-03-09 15:34:04.580 [info] > git status -z -uall [30ms]
2025-03-09 15:34:04.592 [info] > git rev-parse --show-toplevel [25ms]
2025-03-09 15:34:04.618 [info] > git for-each-ref --format=%(refname)%00%(upstream:short)%00%(objectname)%00%(upstream:track)%00%(upstream:remotename)%00%(upstream:remoteref) refs/heads/main refs/remotes/main [27ms]
2025-03-09 15:34:04.638 [info] > git config --local branch.main.vscode-merge-base [10ms]
2025-03-09 15:34:04.638 [warning] [Git][config] git config failed: Failed to execute git
2025-03-09 15:34:04.645 [info] > git rev-parse --show-toplevel [29ms]
2025-03-09 15:34:04.645 [info] > git config --get commit.template [37ms]
2025-03-09 15:34:04.653 [info] > git reflog main --grep-reflog=branch: Created from *. [8ms]
2025-03-09 15:34:04.669 [info] > git rev-parse --show-toplevel [16ms]
2025-03-09 15:34:04.677 [info] > git for-each-ref --format=%(refname)%00%(upstream:short)%00%(objectname)%00%(upstream:track)%00%(upstream:remotename)%00%(upstream:remoteref) refs/heads/main refs/remotes/main [8ms]
2025-03-09 15:34:04.677 [info] > git symbolic-ref --short refs/remotes/origin/HEAD [16ms]
2025-03-09 15:34:04.677 [info] fatal: ref refs/remotes/origin/HEAD is not a symbolic ref
2025-03-09 15:34:04.677 [warning] [Repository][getDefaultBranch] Failed to get default branch details: Failed to execute git.
2025-03-09 15:34:04.688 [info] > git merge-base refs/heads/main refs/remotes/origin/main [3ms]
2025-03-09 15:34:04.697 [info] > git rev-parse --show-toplevel [20ms]
2025-03-09 15:34:04.706 [info] > git diff --name-status -z --diff-filter=ADMR 4e84599b3e7c8e15002300e1584f9be57b3bc984...refs/remotes/origin/main [9ms]
2025-03-09 15:34:04.722 [info] > git rev-parse --show-toplevel [16ms]
2025-03-09 15:34:04.729 [info] > git status -z -uall [16ms]
2025-03-09 15:34:04.730 [info] > git for-each-ref --sort -committerdate --format %(refname) %(objectname) %(*objectname) [9ms]
2025-03-09 15:34:04.730 [info] > git rev-parse --show-toplevel [1ms]
2025-03-09 15:34:05.469 [info] > git check-ignore -v -z --stdin [4ms]
2025-03-09 15:34:05.470 [info] > git rev-parse --show-toplevel [729ms]
2025-03-09 15:34:05.483 [info] > git rev-parse --show-toplevel [1ms]
2025-03-09 15:34:05.491 [info] > git rev-parse --show-toplevel [0ms]
2025-03-09 15:34:05.501 [info] > git rev-parse --show-toplevel [2ms]
2025-03-09 15:34:05.511 [info] > git rev-parse --show-toplevel [1ms]
2025-03-09 15:34:05.519 [info] > git rev-parse --show-toplevel [1ms]
2025-03-09 15:34:05.528 [info] > git rev-parse --show-toplevel [1ms]
2025-03-09 15:34:05.537 [info] > git rev-parse --show-toplevel [1ms]
2025-03-09 15:34:05.546 [info] > git rev-parse --show-toplevel [1ms]
2025-03-09 15:34:05.554 [info] > git rev-parse --show-toplevel [1ms]
2025-03-09 15:34:05.564 [info] > git rev-parse --show-toplevel [1ms]
2025-03-09 15:34:05.579 [info] > git rev-parse --show-toplevel [1ms]
2025-03-09 15:34:05.592 [info] > git rev-parse --show-toplevel [1ms]
2025-03-09 15:34:05.606 [info] > git rev-parse --show-toplevel [1ms]
2025-03-09 15:34:05.621 [info] > git rev-parse --show-toplevel [2ms]
2025-03-09 15:34:05.634 [info] > git rev-parse --show-toplevel [1ms]
2025-03-09 15:34:05.649 [info] > git rev-parse --show-toplevel [1ms]
2025-03-09 15:34:05.664 [info] > git rev-parse --show-toplevel [1ms]
2025-03-09 15:34:05.678 [info] > git rev-parse --show-toplevel [1ms]
2025-03-09 15:34:05.687 [info] > git rev-parse --show-toplevel [0ms]
2025-03-09 15:34:05.696 [info] > git rev-parse --show-toplevel [0ms]
2025-03-09 15:34:05.716 [info] > git rev-parse --show-toplevel [8ms]
2025-03-09 15:34:05.726 [info] > git rev-parse --show-toplevel [1ms]
2025-03-09 15:34:05.738 [info] > git rev-parse --show-toplevel [1ms]
2025-03-09 15:34:05.754 [info] > git rev-parse --show-toplevel [1ms]
2025-03-09 15:34:05.770 [info] > git rev-parse --show-toplevel [2ms]
2025-03-09 15:34:05.785 [info] > git rev-parse --show-toplevel [2ms]
2025-03-09 15:34:05.789 [info] [Model][doInitialScan] Initial repository scan completed - repositories (1), closed repositories (0), parent repositories (0), unsafe repositories (0)
2025-03-09 15:34:10.202 [info] > git config --get commit.template [10ms]
2025-03-09 15:34:10.202 [info] > git for-each-ref --format=%(refname)%00%(upstream:short)%00%(objectname)%00%(upstream:track)%00%(upstream:remotename)%00%(upstream:remoteref) refs/heads/main refs/remotes/main [1ms]
2025-03-09 15:34:10.224 [info] > git for-each-ref --sort -committerdate --format %(refname) %(objectname) %(*objectname) [1ms]
2025-03-09 15:34:10.235 [info] > git status -z -uall [23ms]
2025-03-09 15:34:16.064 [info] > git config --get commit.template [13ms]
2025-03-09 15:34:16.065 [info] > git for-each-ref --format=%(refname)%00%(upstream:short)%00%(objectname)%00%(upstream:track)%00%(upstream:remotename)%00%(upstream:remoteref) refs/heads/main refs/remotes/main [2ms]
2025-03-09 15:34:16.103 [info] > git for-each-ref --sort -committerdate --format %(refname) %(objectname) %(*objectname) [2ms]
2025-03-09 15:34:16.112 [info] > git status -z -uall [27ms]
2025-03-09 15:34:18.979 [info] > git check-ignore -v -z --stdin [3ms]
