2025-03-03 14:55:43.820 [info] Reading sessions from keychain...
2025-03-03 14:55:43.820 [info] Getting sessions for all scopes...
2025-03-03 14:55:43.820 [info] Getting sessions for all scopes...
2025-03-03 14:55:43.820 [info] Getting sessions for all scopes...
2025-03-03 14:55:43.820 [info] Getting sessions for user:email...
2025-03-03 14:55:43.820 [info] Got stored sessions!
2025-03-03 14:55:43.820 [info] Got 1 verified sessions.
2025-03-03 14:55:43.820 [info] Got 1 sessions for ...
2025-03-03 14:55:43.820 [info] Got 1 sessions for ...
2025-03-03 14:55:43.820 [info] Got 1 sessions for ...
2025-03-03 14:55:43.820 [info] Got 1 sessions for user:email...
2025-03-03 14:55:43.820 [info] Getting sessions for user:email...
2025-03-03 14:55:43.820 [info] Got 1 sessions for user:email...
2025-03-03 14:55:43.820 [info] Getting sessions for user:email...
2025-03-03 14:55:43.820 [info] Got 1 sessions for user:email...
2025-03-03 14:55:44.454 [info] Getting sessions for read:user,repo,user:email,workflow...
2025-03-03 14:55:44.454 [info] Got 0 sessions for read:user,repo,user:email,workflow...
2025-03-03 14:55:44.454 [info] Getting sessions for all scopes...
2025-03-03 14:55:44.454 [info] Got 1 sessions for ...
2025-03-03 14:55:44.454 [info] Getting sessions for all scopes...
2025-03-03 14:55:44.454 [info] Got 1 sessions for ...
2025-03-03 14:55:44.495 [info] Getting sessions for read:user...
2025-03-03 14:55:44.495 [info] Got 0 sessions for read:user...
2025-03-03 14:55:44.495 [info] Getting sessions for read:user,repo,user:email,workflow...
2025-03-03 14:55:44.495 [info] Got 0 sessions for read:user,repo,user:email,workflow...
2025-03-03 14:55:44.533 [info] Getting sessions for user:email...
2025-03-03 14:55:44.533 [info] Got 1 sessions for user:email...
2025-03-03 14:55:44.533 [info] Getting sessions for read:user,repo,user:email,workflow...
2025-03-03 14:55:44.533 [info] Got 0 sessions for read:user,repo,user:email,workflow...
2025-03-03 14:55:44.534 [info] Getting sessions for user:email...
2025-03-03 14:55:44.534 [info] Got 1 sessions for user:email...
2025-03-03 14:55:44.615 [info] Getting sessions for all scopes...
2025-03-03 14:55:44.615 [info] Got 1 sessions for ...
2025-03-03 14:55:45.399 [info] Getting sessions for read:user,repo,user:email,workflow...
2025-03-03 14:55:45.399 [info] Got 0 sessions for read:user,repo,user:email,workflow...
2025-03-03 14:55:45.550 [info] Getting sessions for user:email...
2025-03-03 14:55:45.550 [info] Got 1 sessions for user:email...
2025-03-03 14:55:45.570 [info] Getting sessions for all scopes...
2025-03-03 14:55:45.570 [info] Got 1 sessions for ...
2025-03-03 14:55:45.602 [info] Getting sessions for all scopes...
2025-03-03 14:55:45.602 [info] Got 1 sessions for ...
2025-03-03 14:55:45.603 [info] Getting sessions for read:user,repo,user:email,workflow...
2025-03-03 14:55:45.603 [info] Got 0 sessions for read:user,repo,user:email,workflow...
2025-03-03 14:55:45.604 [info] Getting sessions for user:email...
2025-03-03 14:55:45.604 [info] Got 1 sessions for user:email...
2025-03-03 14:55:46.977 [info] Getting sessions for all scopes...
2025-03-03 14:55:46.977 [info] Got 1 sessions for ...
2025-03-03 14:55:46.977 [info] Getting sessions for all scopes...
2025-03-03 14:55:46.977 [info] Got 1 sessions for ...
2025-03-03 14:55:46.985 [info] Getting sessions for read:user,repo,user:email,workflow...
2025-03-03 14:55:46.985 [info] Got 0 sessions for read:user,repo,user:email,workflow...
2025-03-03 14:55:46.986 [info] Getting sessions for user:email...
2025-03-03 14:55:46.986 [info] Got 1 sessions for user:email...
2025-03-03 14:55:46.987 [info] Getting sessions for all scopes...
2025-03-03 14:55:46.987 [info] Got 1 sessions for ...
2025-03-03 14:55:46.987 [info] Getting sessions for read:user,repo,user:email,workflow...
2025-03-03 14:55:46.987 [info] Got 0 sessions for read:user,repo,user:email,workflow...
2025-03-03 14:55:46.987 [info] Getting sessions for user:email...
2025-03-03 14:55:46.987 [info] Got 1 sessions for user:email...
2025-03-03 14:55:47.017 [info] Getting sessions for all scopes...
2025-03-03 14:55:47.017 [info] Got 1 sessions for ...
2025-03-03 14:55:47.018 [info] Getting sessions for read:user,repo,user:email,workflow...
2025-03-03 14:55:47.018 [info] Got 0 sessions for read:user,repo,user:email,workflow...
2025-03-03 14:55:47.018 [info] Getting sessions for user:email...
2025-03-03 14:55:47.018 [info] Got 1 sessions for user:email...
2025-03-03 14:55:52.430 [info] Getting sessions for all scopes...
2025-03-03 14:55:52.430 [info] Got 1 sessions for ...
2025-03-03 14:55:52.432 [info] Getting sessions for read:user,repo,user:email,workflow...
2025-03-03 14:55:52.432 [info] Got 0 sessions for read:user,repo,user:email,workflow...
2025-03-03 14:55:52.434 [info] Getting sessions for user:email...
2025-03-03 14:55:52.434 [info] Got 1 sessions for user:email...
2025-03-03 14:55:52.439 [info] Getting sessions for all scopes...
2025-03-03 14:55:52.439 [info] Got 1 sessions for ...
2025-03-03 14:55:52.443 [info] Getting sessions for read:user,repo,user:email,workflow...
2025-03-03 14:55:52.443 [info] Got 0 sessions for read:user,repo,user:email,workflow...
2025-03-03 14:55:52.445 [info] Getting sessions for user:email...
2025-03-03 14:55:52.445 [info] Got 1 sessions for user:email...
2025-03-03 15:10:53.122 [info] Getting sessions for all scopes...
2025-03-03 15:10:53.123 [info] Got 1 sessions for ...
2025-03-03 15:10:53.126 [info] Getting sessions for read:user,repo,user:email,workflow...
2025-03-03 15:10:53.132 [info] Got 0 sessions for read:user,repo,user:email,workflow...
2025-03-03 15:10:53.135 [info] Getting sessions for user:email...
2025-03-03 15:10:53.135 [info] Got 1 sessions for user:email...
2025-03-03 15:10:53.139 [info] Getting sessions for all scopes...
2025-03-03 15:10:53.139 [info] Got 1 sessions for ...
2025-03-03 15:10:53.142 [info] Getting sessions for read:user,repo,user:email,workflow...
2025-03-03 15:10:53.142 [info] Got 0 sessions for read:user,repo,user:email,workflow...
2025-03-03 15:10:53.144 [info] Getting sessions for user:email...
2025-03-03 15:10:53.144 [info] Got 1 sessions for user:email...
2025-03-03 15:20:46.237 [info] Getting sessions for read:user,repo,user:email,workflow...
2025-03-03 15:20:46.237 [info] Got 0 sessions for read:user,repo,user:email,workflow...
2025-03-03 15:20:46.240 [info] Getting sessions for read:user...
2025-03-03 15:20:46.240 [info] Got 0 sessions for read:user...
2025-03-03 15:20:46.243 [info] Getting sessions for user:email...
2025-03-03 15:20:46.243 [info] Got 1 sessions for user:email...
2025-03-03 15:20:46.966 [info] Getting sessions for all scopes...
2025-03-03 15:20:46.966 [info] Got 1 sessions for ...
2025-03-03 15:20:46.969 [info] Getting sessions for read:user,repo,user:email,workflow...
2025-03-03 15:20:46.969 [info] Got 0 sessions for read:user,repo,user:email,workflow...
2025-03-03 15:20:46.972 [info] Getting sessions for user:email...
2025-03-03 15:20:46.972 [info] Got 1 sessions for user:email...
2025-03-03 15:20:48.367 [info] Getting sessions for all scopes...
2025-03-03 15:20:48.367 [info] Got 1 sessions for ...
2025-03-03 15:20:48.367 [info] Getting sessions for all scopes...
2025-03-03 15:20:48.367 [info] Got 1 sessions for ...
2025-03-03 15:20:48.369 [info] Getting sessions for read:user,repo,user:email,workflow...
2025-03-03 15:20:48.369 [info] Got 0 sessions for read:user,repo,user:email,workflow...
2025-03-03 15:20:48.371 [info] Getting sessions for user:email...
2025-03-03 15:20:48.371 [info] Got 1 sessions for user:email...
2025-03-03 15:20:48.373 [info] Getting sessions for all scopes...
2025-03-03 15:20:48.373 [info] Got 1 sessions for ...
2025-03-03 15:20:48.375 [info] Getting sessions for read:user,repo,user:email,workflow...
2025-03-03 15:20:48.375 [info] Got 0 sessions for read:user,repo,user:email,workflow...
2025-03-03 15:20:48.377 [info] Getting sessions for user:email...
2025-03-03 15:20:48.377 [info] Got 1 sessions for user:email...
2025-03-03 15:20:48.385 [info] Getting sessions for all scopes...
2025-03-03 15:20:48.385 [info] Got 1 sessions for ...
2025-03-03 15:20:48.387 [info] Getting sessions for read:user,repo,user:email,workflow...
2025-03-03 15:20:48.387 [info] Got 0 sessions for read:user,repo,user:email,workflow...
2025-03-03 15:20:48.389 [info] Getting sessions for user:email...
2025-03-03 15:20:48.389 [info] Got 1 sessions for user:email...
2025-03-03 15:25:54.856 [info] Getting sessions for all scopes...
2025-03-03 15:25:54.856 [info] Got 1 sessions for ...
2025-03-03 15:25:54.859 [info] Getting sessions for read:user,repo,user:email,workflow...
2025-03-03 15:25:54.859 [info] Got 0 sessions for read:user,repo,user:email,workflow...
2025-03-03 15:25:54.861 [info] Getting sessions for user:email...
2025-03-03 15:25:54.862 [info] Got 1 sessions for user:email...
2025-03-03 15:25:54.864 [info] Getting sessions for all scopes...
2025-03-03 15:25:54.864 [info] Got 1 sessions for ...
2025-03-03 15:25:54.865 [info] Getting sessions for read:user,repo,user:email,workflow...
2025-03-03 15:25:54.865 [info] Got 0 sessions for read:user,repo,user:email,workflow...
2025-03-03 15:25:54.867 [info] Getting sessions for user:email...
2025-03-03 15:25:54.867 [info] Got 1 sessions for user:email...
2025-03-03 15:35:48.394 [info] Getting sessions for all scopes...
2025-03-03 15:35:48.394 [info] Got 1 sessions for ...
2025-03-03 15:35:48.396 [info] Getting sessions for read:user,repo,user:email,workflow...
2025-03-03 15:35:48.396 [info] Got 0 sessions for read:user,repo,user:email,workflow...
2025-03-03 15:35:48.399 [info] Getting sessions for user:email...
2025-03-03 15:35:48.399 [info] Got 1 sessions for user:email...
2025-03-03 15:40:56.286 [info] Getting sessions for all scopes...
2025-03-03 15:40:56.286 [info] Got 1 sessions for ...
2025-03-03 15:40:56.287 [info] Getting sessions for read:user,repo,user:email,workflow...
2025-03-03 15:40:56.287 [info] Got 0 sessions for read:user,repo,user:email,workflow...
2025-03-03 15:40:56.288 [info] Getting sessions for user:email...
2025-03-03 15:40:56.288 [info] Got 1 sessions for user:email...
2025-03-03 15:40:56.290 [info] Getting sessions for all scopes...
2025-03-03 15:40:56.290 [info] Got 1 sessions for ...
2025-03-03 15:40:56.291 [info] Getting sessions for read:user,repo,user:email,workflow...
2025-03-03 15:40:56.291 [info] Got 0 sessions for read:user,repo,user:email,workflow...
2025-03-03 15:40:56.292 [info] Getting sessions for user:email...
2025-03-03 15:40:56.292 [info] Got 1 sessions for user:email...
2025-03-03 15:45:46.937 [info] Getting sessions for read:user,repo,user:email,workflow...
2025-03-03 15:45:46.937 [info] Got 0 sessions for read:user,repo,user:email,workflow...
2025-03-03 15:45:46.939 [info] Getting sessions for read:user...
2025-03-03 15:45:46.939 [info] Got 0 sessions for read:user...
2025-03-03 15:45:46.942 [info] Getting sessions for user:email...
2025-03-03 15:45:46.942 [info] Got 1 sessions for user:email...
2025-03-03 15:45:48.368 [info] Getting sessions for all scopes...
2025-03-03 15:45:48.368 [info] Got 1 sessions for ...
2025-03-03 15:45:48.371 [info] Getting sessions for read:user,repo,user:email,workflow...
2025-03-03 15:45:48.371 [info] Got 0 sessions for read:user,repo,user:email,workflow...
2025-03-03 15:45:48.374 [info] Getting sessions for user:email...
2025-03-03 15:45:48.374 [info] Got 1 sessions for user:email...
2025-03-03 15:45:49.755 [info] Getting sessions for all scopes...
2025-03-03 15:45:49.755 [info] Got 1 sessions for ...
2025-03-03 15:45:49.755 [info] Getting sessions for all scopes...
2025-03-03 15:45:49.755 [info] Got 1 sessions for ...
2025-03-03 15:45:49.757 [info] Getting sessions for read:user,repo,user:email,workflow...
2025-03-03 15:45:49.757 [info] Got 0 sessions for read:user,repo,user:email,workflow...
2025-03-03 15:45:49.759 [info] Getting sessions for user:email...
2025-03-03 15:45:49.759 [info] Got 1 sessions for user:email...
2025-03-03 15:45:49.762 [info] Getting sessions for all scopes...
2025-03-03 15:45:49.762 [info] Got 1 sessions for ...
2025-03-03 15:45:49.764 [info] Getting sessions for read:user,repo,user:email,workflow...
2025-03-03 15:45:49.764 [info] Got 0 sessions for read:user,repo,user:email,workflow...
2025-03-03 15:45:49.766 [info] Getting sessions for user:email...
2025-03-03 15:45:49.766 [info] Got 1 sessions for user:email...
2025-03-03 15:45:49.774 [info] Getting sessions for all scopes...
2025-03-03 15:45:49.774 [info] Got 1 sessions for ...
2025-03-03 15:45:49.776 [info] Getting sessions for read:user,repo,user:email,workflow...
2025-03-03 15:45:49.776 [info] Got 0 sessions for read:user,repo,user:email,workflow...
2025-03-03 15:45:49.778 [info] Getting sessions for user:email...
2025-03-03 15:45:49.778 [info] Got 1 sessions for user:email...
2025-03-03 15:50:48.403 [info] Getting sessions for all scopes...
2025-03-03 15:50:48.403 [info] Got 1 sessions for ...
2025-03-03 15:50:48.406 [info] Getting sessions for read:user,repo,user:email,workflow...
2025-03-03 15:50:48.413 [info] Got 0 sessions for read:user,repo,user:email,workflow...
2025-03-03 15:50:48.416 [info] Getting sessions for user:email...
2025-03-03 15:50:48.416 [info] Got 1 sessions for user:email...
2025-03-03 15:55:57.712 [info] Getting sessions for all scopes...
2025-03-03 15:55:57.712 [info] Got 1 sessions for ...
2025-03-03 15:55:57.716 [info] Getting sessions for read:user,repo,user:email,workflow...
2025-03-03 15:55:57.716 [info] Got 0 sessions for read:user,repo,user:email,workflow...
2025-03-03 15:55:57.718 [info] Getting sessions for user:email...
2025-03-03 15:55:57.718 [info] Got 1 sessions for user:email...
2025-03-03 15:55:57.721 [info] Getting sessions for all scopes...
2025-03-03 15:55:57.721 [info] Got 1 sessions for ...
2025-03-03 15:55:57.724 [info] Getting sessions for read:user,repo,user:email,workflow...
2025-03-03 15:55:57.724 [info] Got 0 sessions for read:user,repo,user:email,workflow...
2025-03-03 15:55:57.727 [info] Getting sessions for user:email...
2025-03-03 15:55:57.727 [info] Got 1 sessions for user:email...
2025-03-03 16:00:49.784 [info] Getting sessions for all scopes...
2025-03-03 16:00:49.784 [info] Got 1 sessions for ...
2025-03-03 16:00:49.787 [info] Getting sessions for read:user,repo,user:email,workflow...
2025-03-03 16:00:49.787 [info] Got 0 sessions for read:user,repo,user:email,workflow...
2025-03-03 16:00:49.789 [info] Getting sessions for user:email...
2025-03-03 16:00:49.790 [info] Got 1 sessions for user:email...
2025-03-03 16:05:48.422 [info] Getting sessions for all scopes...
2025-03-03 16:05:48.422 [info] Got 1 sessions for ...
2025-03-03 16:05:48.425 [info] Getting sessions for read:user,repo,user:email,workflow...
2025-03-03 16:05:48.425 [info] Got 0 sessions for read:user,repo,user:email,workflow...
2025-03-03 16:05:48.428 [info] Getting sessions for user:email...
2025-03-03 16:05:48.428 [info] Got 1 sessions for user:email...
2025-03-03 16:10:47.604 [info] Getting sessions for read:user,repo,user:email,workflow...
2025-03-03 16:10:47.604 [info] Got 0 sessions for read:user,repo,user:email,workflow...
2025-03-03 16:10:47.606 [info] Getting sessions for read:user...
2025-03-03 16:10:47.606 [info] Got 0 sessions for read:user...
2025-03-03 16:10:47.610 [info] Getting sessions for user:email...
2025-03-03 16:10:47.610 [info] Got 1 sessions for user:email...
2025-03-03 16:10:49.755 [info] Getting sessions for all scopes...
2025-03-03 16:10:49.755 [info] Got 1 sessions for ...
2025-03-03 16:10:49.759 [info] Getting sessions for read:user,repo,user:email,workflow...
2025-03-03 16:10:49.759 [info] Got 0 sessions for read:user,repo,user:email,workflow...
2025-03-03 16:10:49.762 [info] Getting sessions for user:email...
2025-03-03 16:10:49.762 [info] Got 1 sessions for user:email...
2025-03-03 16:10:51.136 [info] Getting sessions for all scopes...
2025-03-03 16:10:51.136 [info] Got 1 sessions for ...
2025-03-03 16:10:51.137 [info] Getting sessions for all scopes...
2025-03-03 16:10:51.137 [info] Got 1 sessions for ...
2025-03-03 16:10:51.139 [info] Getting sessions for read:user,repo,user:email,workflow...
2025-03-03 16:10:51.139 [info] Got 0 sessions for read:user,repo,user:email,workflow...
2025-03-03 16:10:51.141 [info] Getting sessions for user:email...
2025-03-03 16:10:51.142 [info] Got 1 sessions for user:email...
2025-03-03 16:10:51.144 [info] Getting sessions for all scopes...
2025-03-03 16:10:51.144 [info] Got 1 sessions for ...
2025-03-03 16:10:51.145 [info] Getting sessions for read:user,repo,user:email,workflow...
2025-03-03 16:10:51.146 [info] Got 0 sessions for read:user,repo,user:email,workflow...
2025-03-03 16:10:51.147 [info] Getting sessions for user:email...
2025-03-03 16:10:51.147 [info] Got 1 sessions for user:email...
2025-03-03 16:10:51.152 [info] Getting sessions for all scopes...
2025-03-03 16:10:51.152 [info] Got 1 sessions for ...
2025-03-03 16:10:51.154 [info] Getting sessions for read:user,repo,user:email,workflow...
2025-03-03 16:10:51.154 [info] Got 0 sessions for read:user,repo,user:email,workflow...
2025-03-03 16:10:51.156 [info] Getting sessions for user:email...
2025-03-03 16:10:51.156 [info] Got 1 sessions for user:email...
2025-03-03 16:10:51.159 [info] Getting sessions for all scopes...
2025-03-03 16:10:51.159 [info] Got 1 sessions for ...
2025-03-03 16:10:51.160 [info] Getting sessions for read:user,repo,user:email,workflow...
2025-03-03 16:10:51.160 [info] Got 0 sessions for read:user,repo,user:email,workflow...
2025-03-03 16:10:51.161 [info] Getting sessions for user:email...
2025-03-03 16:10:51.161 [info] Got 1 sessions for user:email...
2025-03-03 16:10:59.345 [info] Getting sessions for all scopes...
2025-03-03 16:10:59.345 [info] Got 1 sessions for ...
2025-03-03 16:10:59.348 [info] Getting sessions for read:user,repo,user:email,workflow...
2025-03-03 16:10:59.348 [info] Got 0 sessions for read:user,repo,user:email,workflow...
2025-03-03 16:10:59.350 [info] Getting sessions for user:email...
2025-03-03 16:10:59.350 [info] Got 1 sessions for user:email...
2025-03-03 16:15:49.793 [info] Getting sessions for all scopes...
2025-03-03 16:15:49.793 [info] Got 1 sessions for ...
2025-03-03 16:15:49.797 [info] Getting sessions for read:user,repo,user:email,workflow...
2025-03-03 16:15:49.797 [info] Got 0 sessions for read:user,repo,user:email,workflow...
2025-03-03 16:15:49.800 [info] Getting sessions for user:email...
2025-03-03 16:15:49.800 [info] Got 1 sessions for user:email...
2025-03-03 16:20:48.434 [info] Getting sessions for all scopes...
2025-03-03 16:20:48.434 [info] Got 1 sessions for ...
2025-03-03 16:20:48.439 [info] Getting sessions for read:user,repo,user:email,workflow...
2025-03-03 16:20:48.439 [info] Got 0 sessions for read:user,repo,user:email,workflow...
2025-03-03 16:20:48.443 [info] Getting sessions for user:email...
2025-03-03 16:20:48.443 [info] Got 1 sessions for user:email...
2025-03-03 16:25:52.889 [info] Getting sessions for all scopes...
2025-03-03 16:25:52.889 [info] Got 1 sessions for ...
2025-03-03 16:25:52.893 [info] Getting sessions for read:user,repo,user:email,workflow...
2025-03-03 16:25:52.893 [info] Got 0 sessions for read:user,repo,user:email,workflow...
2025-03-03 16:25:52.896 [info] Getting sessions for user:email...
2025-03-03 16:25:52.896 [info] Got 1 sessions for user:email...
2025-03-03 16:25:52.898 [info] Getting sessions for all scopes...
2025-03-03 16:25:52.898 [info] Got 1 sessions for ...
2025-03-03 16:25:52.900 [info] Getting sessions for read:user,repo,user:email,workflow...
2025-03-03 16:25:52.900 [info] Got 0 sessions for read:user,repo,user:email,workflow...
2025-03-03 16:25:52.903 [info] Getting sessions for user:email...
2025-03-03 16:25:52.903 [info] Got 1 sessions for user:email...
2025-03-03 16:25:59.357 [info] Getting sessions for all scopes...
2025-03-03 16:25:59.357 [info] Got 1 sessions for ...
2025-03-03 16:25:59.361 [info] Getting sessions for read:user,repo,user:email,workflow...
2025-03-03 16:25:59.361 [info] Got 0 sessions for read:user,repo,user:email,workflow...
2025-03-03 16:25:59.364 [info] Getting sessions for user:email...
2025-03-03 16:25:59.364 [info] Got 1 sessions for user:email...
2025-03-03 19:53:50.368 [info] Getting sessions for all scopes...
2025-03-03 19:53:50.368 [info] Got 1 sessions for ...
2025-03-03 19:53:50.372 [info] Getting sessions for read:user,repo,user:email,workflow...
2025-03-03 19:53:50.372 [info] Got 0 sessions for read:user,repo,user:email,workflow...
2025-03-03 19:53:50.375 [info] Getting sessions for user:email...
2025-03-03 19:53:50.375 [info] Got 1 sessions for user:email...
2025-03-03 19:53:50.377 [info] Getting sessions for all scopes...
2025-03-03 19:53:50.377 [info] Got 1 sessions for ...
2025-03-03 19:53:50.380 [info] Getting sessions for read:user,repo,user:email,workflow...
2025-03-03 19:53:50.380 [info] Got 0 sessions for read:user,repo,user:email,workflow...
2025-03-03 19:53:50.382 [info] Getting sessions for user:email...
2025-03-03 19:53:50.382 [info] Got 1 sessions for user:email...
2025-03-03 19:53:51.558 [info] Getting sessions for all scopes...
2025-03-03 19:53:51.558 [info] Got 1 sessions for ...
2025-03-03 19:53:51.559 [info] Getting sessions for all scopes...
2025-03-03 19:53:51.559 [info] Got 1 sessions for ...
2025-03-03 19:53:51.561 [info] Getting sessions for read:user,repo,user:email,workflow...
2025-03-03 19:53:51.561 [info] Got 0 sessions for read:user,repo,user:email,workflow...
2025-03-03 19:53:51.563 [info] Getting sessions for user:email...
2025-03-03 19:53:51.563 [info] Got 1 sessions for user:email...
2025-03-03 19:53:51.566 [info] Getting sessions for all scopes...
2025-03-03 19:53:51.566 [info] Got 1 sessions for ...
2025-03-03 19:53:51.568 [info] Getting sessions for read:user,repo,user:email,workflow...
2025-03-03 19:53:51.568 [info] Got 0 sessions for read:user,repo,user:email,workflow...
2025-03-03 19:53:51.570 [info] Getting sessions for user:email...
2025-03-03 19:53:51.570 [info] Got 1 sessions for user:email...
2025-03-03 19:53:51.572 [info] Getting sessions for all scopes...
2025-03-03 19:53:51.572 [info] Got 1 sessions for ...
2025-03-03 19:53:51.574 [info] Getting sessions for read:user,repo,user:email,workflow...
2025-03-03 19:53:51.574 [info] Got 0 sessions for read:user,repo,user:email,workflow...
2025-03-03 19:53:51.575 [info] Getting sessions for user:email...
2025-03-03 19:53:51.575 [info] Got 1 sessions for user:email...
2025-03-03 19:58:49.010 [info] Getting sessions for all scopes...
2025-03-03 19:58:49.010 [info] Got 1 sessions for ...
2025-03-03 19:58:49.014 [info] Getting sessions for read:user,repo,user:email,workflow...
2025-03-03 19:58:49.014 [info] Got 0 sessions for read:user,repo,user:email,workflow...
2025-03-03 19:58:49.017 [info] Getting sessions for user:email...
2025-03-03 19:58:49.017 [info] Got 1 sessions for user:email...
2025-03-03 19:58:49.148 [info] Getting sessions for read:user,repo,user:email,workflow...
2025-03-03 19:58:49.148 [info] Got 0 sessions for read:user,repo,user:email,workflow...
2025-03-03 19:58:49.151 [info] Getting sessions for read:user...
2025-03-03 19:58:49.151 [info] Got 0 sessions for read:user...
2025-03-03 19:58:49.154 [info] Getting sessions for user:email...
2025-03-03 19:58:49.154 [info] Got 1 sessions for user:email...
2025-03-03 20:03:55.314 [info] Getting sessions for all scopes...
2025-03-03 20:03:55.314 [info] Got 1 sessions for ...
2025-03-03 20:03:55.317 [info] Getting sessions for read:user,repo,user:email,workflow...
2025-03-03 20:03:55.317 [info] Got 0 sessions for read:user,repo,user:email,workflow...
2025-03-03 20:03:55.320 [info] Getting sessions for user:email...
2025-03-03 20:03:55.320 [info] Got 1 sessions for user:email...
2025-03-03 20:03:55.323 [info] Getting sessions for all scopes...
2025-03-03 20:03:55.323 [info] Got 1 sessions for ...
2025-03-03 20:03:55.325 [info] Getting sessions for read:user,repo,user:email,workflow...
2025-03-03 20:03:55.325 [info] Got 0 sessions for read:user,repo,user:email,workflow...
2025-03-03 20:03:55.328 [info] Getting sessions for user:email...
2025-03-03 20:03:55.328 [info] Got 1 sessions for user:email...
2025-03-03 20:03:59.935 [info] Getting sessions for all scopes...
2025-03-03 20:03:59.935 [info] Got 1 sessions for ...
2025-03-03 20:03:59.938 [info] Getting sessions for read:user,repo,user:email,workflow...
2025-03-03 20:03:59.938 [info] Got 0 sessions for read:user,repo,user:email,workflow...
2025-03-03 20:03:59.941 [info] Getting sessions for user:email...
2025-03-03 20:03:59.941 [info] Got 1 sessions for user:email...
2025-03-03 20:34:13.154 [info] Getting sessions for read:user,repo,user:email,workflow...
2025-03-03 20:34:13.154 [info] Got 0 sessions for read:user,repo,user:email,workflow...
2025-03-03 20:34:13.157 [info] Getting sessions for read:user...
2025-03-03 20:34:13.157 [info] Got 0 sessions for read:user...
2025-03-03 20:34:13.160 [info] Getting sessions for user:email...
2025-03-03 20:34:13.160 [info] Got 1 sessions for user:email...
2025-03-03 20:34:13.525 [info] Getting sessions for read:user,repo,user:email,workflow...
2025-03-03 20:34:13.525 [info] Got 0 sessions for read:user,repo,user:email,workflow...
2025-03-03 20:34:13.528 [info] Getting sessions for read:user...
2025-03-03 20:34:13.528 [info] Got 0 sessions for read:user...
2025-03-03 20:34:13.531 [info] Getting sessions for user:email...
2025-03-03 20:34:13.531 [info] Got 1 sessions for user:email...
2025-03-03 20:36:43.887 [info] Getting sessions for all scopes...
2025-03-03 20:36:43.887 [info] Got 1 sessions for ...
2025-03-03 20:36:43.890 [info] Getting sessions for read:user,repo,user:email,workflow...
2025-03-03 20:36:43.890 [info] Got 0 sessions for read:user,repo,user:email,workflow...
2025-03-03 20:36:43.893 [info] Getting sessions for user:email...
2025-03-03 20:36:43.893 [info] Got 1 sessions for user:email...
2025-03-03 20:36:43.896 [info] Getting sessions for all scopes...
2025-03-03 20:36:43.896 [info] Got 1 sessions for ...
2025-03-03 20:36:43.898 [info] Getting sessions for read:user,repo,user:email,workflow...
2025-03-03 20:36:43.898 [info] Got 0 sessions for read:user,repo,user:email,workflow...
2025-03-03 20:36:43.901 [info] Getting sessions for user:email...
2025-03-03 20:36:43.901 [info] Got 1 sessions for user:email...
2025-03-03 20:36:45.194 [info] Getting sessions for all scopes...
2025-03-03 20:36:45.194 [info] Got 1 sessions for ...
2025-03-03 20:36:45.195 [info] Getting sessions for all scopes...
2025-03-03 20:36:45.195 [info] Got 1 sessions for ...
2025-03-03 20:36:45.197 [info] Getting sessions for read:user,repo,user:email,workflow...
2025-03-03 20:36:45.197 [info] Got 0 sessions for read:user,repo,user:email,workflow...
2025-03-03 20:36:45.199 [info] Getting sessions for user:email...
2025-03-03 20:36:45.199 [info] Got 1 sessions for user:email...
2025-03-03 20:36:45.201 [info] Getting sessions for all scopes...
2025-03-03 20:36:45.201 [info] Got 1 sessions for ...
2025-03-03 20:36:45.202 [info] Getting sessions for read:user,repo,user:email,workflow...
2025-03-03 20:36:45.202 [info] Got 0 sessions for read:user,repo,user:email,workflow...
2025-03-03 20:36:45.203 [info] Getting sessions for user:email...
2025-03-03 20:36:45.203 [info] Got 1 sessions for user:email...
2025-03-03 20:36:45.204 [info] Getting sessions for all scopes...
2025-03-03 20:36:45.204 [info] Got 1 sessions for ...
2025-03-03 20:36:45.205 [info] Getting sessions for read:user,repo,user:email,workflow...
2025-03-03 20:36:45.205 [info] Got 0 sessions for read:user,repo,user:email,workflow...
2025-03-03 20:36:45.205 [info] Getting sessions for user:email...
2025-03-03 20:36:45.205 [info] Got 1 sessions for user:email...
2025-03-03 20:41:40.126 [info] Getting sessions for all scopes...
2025-03-03 20:41:40.126 [info] Got 1 sessions for ...
2025-03-03 20:41:40.131 [info] Getting sessions for read:user,repo,user:email,workflow...
2025-03-03 20:41:40.131 [info] Got 0 sessions for read:user,repo,user:email,workflow...
2025-03-03 20:41:40.135 [info] Getting sessions for user:email...
2025-03-03 20:41:40.135 [info] Got 1 sessions for user:email...
2025-03-03 20:46:47.743 [info] Getting sessions for all scopes...
2025-03-03 20:46:47.743 [info] Got 1 sessions for ...
2025-03-03 20:46:47.746 [info] Getting sessions for read:user,repo,user:email,workflow...
2025-03-03 20:46:47.746 [info] Got 0 sessions for read:user,repo,user:email,workflow...
2025-03-03 20:46:47.748 [info] Getting sessions for user:email...
2025-03-03 20:46:47.748 [info] Got 1 sessions for user:email...
2025-03-03 20:46:47.750 [info] Getting sessions for all scopes...
2025-03-03 20:46:47.750 [info] Got 1 sessions for ...
2025-03-03 20:46:47.751 [info] Getting sessions for read:user,repo,user:email,workflow...
2025-03-03 20:46:47.751 [info] Got 0 sessions for read:user,repo,user:email,workflow...
2025-03-03 20:46:47.753 [info] Getting sessions for user:email...
2025-03-03 20:46:47.753 [info] Got 1 sessions for user:email...
2025-03-03 20:46:51.048 [info] Getting sessions for all scopes...
2025-03-03 20:46:51.048 [info] Got 1 sessions for ...
2025-03-03 20:46:51.050 [info] Getting sessions for read:user,repo,user:email,workflow...
2025-03-03 20:46:51.050 [info] Got 0 sessions for read:user,repo,user:email,workflow...
2025-03-03 20:46:51.053 [info] Getting sessions for user:email...
2025-03-03 20:46:51.053 [info] Got 1 sessions for user:email...
2025-03-03 20:51:40.954 [info] Getting sessions for read:user,repo,user:email,workflow...
2025-03-03 20:51:40.954 [info] Got 0 sessions for read:user,repo,user:email,workflow...
2025-03-03 20:51:40.957 [info] Getting sessions for read:user...
2025-03-03 20:51:40.957 [info] Got 0 sessions for read:user...
2025-03-03 20:51:40.959 [info] Getting sessions for user:email...
2025-03-03 20:51:40.959 [info] Got 1 sessions for user:email...
2025-03-03 20:51:46.343 [info] Getting sessions for all scopes...
2025-03-03 20:51:46.343 [info] Got 1 sessions for ...
2025-03-03 20:51:46.346 [info] Getting sessions for read:user,repo,user:email,workflow...
2025-03-03 20:51:46.346 [info] Got 0 sessions for read:user,repo,user:email,workflow...
2025-03-03 20:51:46.348 [info] Getting sessions for user:email...
2025-03-03 20:51:46.348 [info] Got 1 sessions for user:email...
2025-03-03 20:56:40.140 [info] Getting sessions for all scopes...
2025-03-03 20:56:40.140 [info] Got 1 sessions for ...
2025-03-03 20:56:40.143 [info] Getting sessions for read:user,repo,user:email,workflow...
2025-03-03 20:56:40.143 [info] Got 0 sessions for read:user,repo,user:email,workflow...
2025-03-03 20:56:40.146 [info] Getting sessions for user:email...
2025-03-03 20:56:40.146 [info] Got 1 sessions for user:email...
2025-03-03 21:01:45.195 [info] Getting sessions for all scopes...
2025-03-03 21:01:45.195 [info] Got 1 sessions for ...
2025-03-03 21:01:45.198 [info] Getting sessions for read:user,repo,user:email,workflow...
2025-03-03 21:01:45.198 [info] Got 0 sessions for read:user,repo,user:email,workflow...
2025-03-03 21:01:45.201 [info] Getting sessions for user:email...
2025-03-03 21:01:45.201 [info] Got 1 sessions for user:email...
2025-03-03 21:01:46.479 [info] Getting sessions for all scopes...
2025-03-03 21:01:46.479 [info] Got 1 sessions for ...
2025-03-03 21:01:46.479 [info] Getting sessions for all scopes...
2025-03-03 21:01:46.479 [info] Got 1 sessions for ...
2025-03-03 21:01:46.481 [info] Getting sessions for read:user,repo,user:email,workflow...
2025-03-03 21:01:46.481 [info] Got 0 sessions for read:user,repo,user:email,workflow...
2025-03-03 21:01:46.483 [info] Getting sessions for user:email...
2025-03-03 21:01:46.483 [info] Got 1 sessions for user:email...
2025-03-03 21:01:46.486 [info] Getting sessions for all scopes...
2025-03-03 21:01:46.486 [info] Got 1 sessions for ...
2025-03-03 21:01:46.487 [info] Getting sessions for read:user,repo,user:email,workflow...
2025-03-03 21:01:46.487 [info] Got 0 sessions for read:user,repo,user:email,workflow...
2025-03-03 21:01:46.488 [info] Getting sessions for user:email...
2025-03-03 21:01:46.488 [info] Got 1 sessions for user:email...
2025-03-03 21:01:46.492 [info] Getting sessions for all scopes...
2025-03-03 21:01:46.492 [info] Got 1 sessions for ...
2025-03-03 21:01:46.493 [info] Getting sessions for read:user,repo,user:email,workflow...
2025-03-03 21:01:46.493 [info] Got 0 sessions for read:user,repo,user:email,workflow...
2025-03-03 21:01:46.494 [info] Getting sessions for user:email...
2025-03-03 21:01:46.494 [info] Got 1 sessions for user:email...
2025-03-03 21:01:46.496 [info] Getting sessions for all scopes...
2025-03-03 21:01:46.496 [info] Got 1 sessions for ...
2025-03-03 21:01:46.497 [info] Getting sessions for read:user,repo,user:email,workflow...
2025-03-03 21:01:46.497 [info] Got 0 sessions for read:user,repo,user:email,workflow...
2025-03-03 21:01:46.497 [info] Getting sessions for user:email...
2025-03-03 21:01:46.497 [info] Got 1 sessions for user:email...
2025-03-03 21:01:49.022 [info] Getting sessions for all scopes...
2025-03-03 21:01:49.022 [info] Got 1 sessions for ...
2025-03-03 21:01:49.023 [info] Getting sessions for read:user,repo,user:email,workflow...
2025-03-03 21:01:49.023 [info] Got 0 sessions for read:user,repo,user:email,workflow...
2025-03-03 21:01:49.025 [info] Getting sessions for user:email...
2025-03-03 21:01:49.025 [info] Got 1 sessions for user:email...
2025-03-03 21:01:51.057 [info] Getting sessions for all scopes...
2025-03-03 21:01:51.057 [info] Got 1 sessions for ...
2025-03-03 21:01:51.060 [info] Getting sessions for read:user,repo,user:email,workflow...
2025-03-03 21:01:51.060 [info] Got 0 sessions for read:user,repo,user:email,workflow...
2025-03-03 21:01:51.063 [info] Getting sessions for user:email...
2025-03-03 21:01:51.063 [info] Got 1 sessions for user:email...
2025-03-03 21:06:46.352 [info] Getting sessions for all scopes...
2025-03-03 21:06:46.352 [info] Got 1 sessions for ...
2025-03-03 21:06:46.356 [info] Getting sessions for read:user,repo,user:email,workflow...
2025-03-03 21:06:46.356 [info] Got 0 sessions for read:user,repo,user:email,workflow...
2025-03-03 21:06:46.359 [info] Getting sessions for user:email...
2025-03-03 21:06:46.359 [info] Got 1 sessions for user:email...
2025-03-03 21:11:40.151 [info] Getting sessions for all scopes...
2025-03-03 21:11:40.151 [info] Got 1 sessions for ...
2025-03-03 21:11:40.155 [info] Getting sessions for read:user,repo,user:email,workflow...
2025-03-03 21:11:40.155 [info] Got 0 sessions for read:user,repo,user:email,workflow...
2025-03-03 21:11:40.158 [info] Getting sessions for user:email...
2025-03-03 21:11:40.158 [info] Got 1 sessions for user:email...
2025-03-03 21:16:41.619 [info] Getting sessions for read:user,repo,user:email,workflow...
2025-03-03 21:16:41.619 [info] Got 0 sessions for read:user,repo,user:email,workflow...
2025-03-03 21:16:41.622 [info] Getting sessions for read:user...
2025-03-03 21:16:41.622 [info] Got 0 sessions for read:user...
2025-03-03 21:16:41.625 [info] Getting sessions for user:email...
2025-03-03 21:16:41.625 [info] Got 1 sessions for user:email...
2025-03-03 21:16:47.715 [info] Getting sessions for all scopes...
2025-03-03 21:16:47.715 [info] Got 1 sessions for ...
2025-03-03 21:16:47.718 [info] Getting sessions for read:user,repo,user:email,workflow...
2025-03-03 21:16:47.718 [info] Got 0 sessions for read:user,repo,user:email,workflow...
2025-03-03 21:16:47.721 [info] Getting sessions for user:email...
2025-03-03 21:16:47.721 [info] Got 1 sessions for user:email...
2025-03-03 21:16:47.724 [info] Getting sessions for all scopes...
2025-03-03 21:16:47.725 [info] Got 1 sessions for ...
2025-03-03 21:16:47.727 [info] Getting sessions for read:user,repo,user:email,workflow...
2025-03-03 21:16:47.727 [info] Got 0 sessions for read:user,repo,user:email,workflow...
2025-03-03 21:16:47.730 [info] Getting sessions for user:email...
2025-03-03 21:16:47.730 [info] Got 1 sessions for user:email...
2025-03-03 21:16:49.029 [info] Getting sessions for all scopes...
2025-03-03 21:16:49.030 [info] Got 1 sessions for ...
2025-03-03 21:16:49.034 [info] Getting sessions for read:user,repo,user:email,workflow...
2025-03-03 21:16:49.034 [info] Got 0 sessions for read:user,repo,user:email,workflow...
2025-03-03 21:16:49.036 [info] Getting sessions for user:email...
2025-03-03 21:16:49.036 [info] Got 1 sessions for user:email...
2025-03-03 21:16:51.068 [info] Getting sessions for all scopes...
2025-03-03 21:16:51.068 [info] Got 1 sessions for ...
2025-03-03 21:16:51.071 [info] Getting sessions for read:user,repo,user:email,workflow...
2025-03-03 21:16:51.071 [info] Got 0 sessions for read:user,repo,user:email,workflow...
2025-03-03 21:16:51.074 [info] Getting sessions for user:email...
2025-03-03 21:16:51.074 [info] Got 1 sessions for user:email...
2025-03-03 21:21:46.363 [info] Getting sessions for all scopes...
2025-03-03 21:21:46.363 [info] Got 1 sessions for ...
2025-03-03 21:21:46.366 [info] Getting sessions for read:user,repo,user:email,workflow...
2025-03-03 21:21:46.366 [info] Got 0 sessions for read:user,repo,user:email,workflow...
2025-03-03 21:21:46.368 [info] Getting sessions for user:email...
2025-03-03 21:21:46.369 [info] Got 1 sessions for user:email...
2025-03-03 21:26:40.161 [info] Getting sessions for all scopes...
2025-03-03 21:26:40.161 [info] Got 1 sessions for ...
2025-03-03 21:26:40.163 [info] Getting sessions for read:user,repo,user:email,workflow...
2025-03-03 21:26:40.171 [info] Got 0 sessions for read:user,repo,user:email,workflow...
2025-03-03 21:26:40.173 [info] Getting sessions for user:email...
2025-03-03 21:26:40.173 [info] Got 1 sessions for user:email...
2025-03-03 21:26:46.481 [info] Getting sessions for all scopes...
2025-03-03 21:26:46.481 [info] Got 1 sessions for ...
2025-03-03 21:26:46.484 [info] Getting sessions for read:user,repo,user:email,workflow...
2025-03-03 21:26:46.484 [info] Got 0 sessions for read:user,repo,user:email,workflow...
2025-03-03 21:26:46.486 [info] Getting sessions for user:email...
2025-03-03 21:26:46.486 [info] Got 1 sessions for user:email...
2025-03-03 21:26:47.771 [info] Getting sessions for all scopes...
2025-03-03 21:26:47.771 [info] Got 1 sessions for ...
2025-03-03 21:26:47.772 [info] Getting sessions for all scopes...
2025-03-03 21:26:47.772 [info] Got 1 sessions for ...
2025-03-03 21:26:47.774 [info] Getting sessions for read:user,repo,user:email,workflow...
2025-03-03 21:26:47.774 [info] Got 0 sessions for read:user,repo,user:email,workflow...
2025-03-03 21:26:47.776 [info] Getting sessions for user:email...
2025-03-03 21:26:47.776 [info] Got 1 sessions for user:email...
2025-03-03 21:26:47.779 [info] Getting sessions for all scopes...
2025-03-03 21:26:47.779 [info] Got 1 sessions for ...
2025-03-03 21:26:47.781 [info] Getting sessions for read:user,repo,user:email,workflow...
2025-03-03 21:26:47.781 [info] Got 0 sessions for read:user,repo,user:email,workflow...
2025-03-03 21:26:47.783 [info] Getting sessions for user:email...
2025-03-03 21:26:47.783 [info] Got 1 sessions for user:email...
2025-03-03 21:26:47.788 [info] Getting sessions for all scopes...
2025-03-03 21:26:47.788 [info] Got 1 sessions for ...
2025-03-03 21:26:47.790 [info] Getting sessions for read:user,repo,user:email,workflow...
2025-03-03 21:26:47.790 [info] Got 0 sessions for read:user,repo,user:email,workflow...
2025-03-03 21:26:47.792 [info] Getting sessions for user:email...
2025-03-03 21:26:47.792 [info] Got 1 sessions for user:email...
