2025-03-07 20:27:54.621 [info] [main] Log level: Info
2025-03-07 20:27:54.621 [info] [main] Validating found git in: "git"
2025-03-07 20:27:54.621 [info] [main] Using git "2.47.1" from "git"
2025-03-07 20:27:54.621 [info] [Model][doInitialScan] Initial repository scan started
2025-03-07 20:27:54.621 [info] > git rev-parse --show-toplevel [505ms]
2025-03-07 20:27:54.621 [info] > git rev-parse --git-dir --git-common-dir [4ms]
2025-03-07 20:27:54.621 [info] [Model][openRepository] Opened repository: /home/JakeRA/learning/html/Portfolio
2025-03-07 20:27:54.622 [info] > git rev-parse --show-toplevel [3ms]
2025-03-07 20:27:54.623 [info] > git config --get commit.template [11ms]
2025-03-07 20:27:54.653 [info] > git rev-parse --show-toplevel [20ms]
2025-03-07 20:27:54.654 [info] [Model][doInitialScan] Initial repository scan completed - repositories (1), closed repositories (0), parent repositories (0), unsafe repositories (0)
2025-03-07 20:27:54.655 [info] > git for-each-ref --format=%(refname)%00%(upstream:short)%00%(objectname)%00%(upstream:track)%00%(upstream:remotename)%00%(upstream:remoteref) refs/heads/main refs/remotes/main [13ms]
2025-03-07 20:27:54.673 [info] > git status -z -uall [9ms]
2025-03-07 20:27:54.674 [info] > git for-each-ref --sort -committerdate --format %(refname) %(objectname) %(*objectname) [2ms]
2025-03-07 20:27:54.692 [info] > git for-each-ref --format=%(refname)%00%(upstream:short)%00%(objectname)%00%(upstream:track)%00%(upstream:remotename)%00%(upstream:remoteref) refs/heads/main refs/remotes/main [9ms]
2025-03-07 20:27:54.700 [info] > git config --local branch.main.vscode-merge-base [1ms]
2025-03-07 20:27:54.700 [warning] [Git][config] git config failed: Failed to execute git
2025-03-07 20:27:54.708 [info] > git config --get commit.template [16ms]
2025-03-07 20:27:54.718 [info] > git reflog main --grep-reflog=branch: Created from *. [11ms]
2025-03-07 20:27:54.725 [info] > git for-each-ref --format=%(refname)%00%(upstream:short)%00%(objectname)%00%(upstream:track)%00%(upstream:remotename)%00%(upstream:remoteref) refs/heads/main refs/remotes/main [7ms]
2025-03-07 20:27:54.725 [info] > git symbolic-ref --short refs/remotes/origin/HEAD [1ms]
2025-03-07 20:27:54.725 [info] fatal: ref refs/remotes/origin/HEAD is not a symbolic ref
2025-03-07 20:27:54.725 [warning] [Repository][getDefaultBranch] Failed to get default branch details: Failed to execute git.
2025-03-07 20:27:54.737 [info] > git merge-base refs/heads/main refs/remotes/origin/main [3ms]
2025-03-07 20:27:54.759 [info] > git status -z -uall [7ms]
2025-03-07 20:27:54.759 [info] > git diff --name-status -z --diff-filter=ADMR 52d8e0c11cf9075d19e30ace176ca0ed565514fc...refs/remotes/origin/main [15ms]
2025-03-07 20:27:55.513 [info] > git for-each-ref --sort -committerdate --format %(refname) %(objectname) %(*objectname) [755ms]
2025-03-07 20:27:55.623 [info] > git check-ignore -v -z --stdin [101ms]
2025-03-07 20:27:55.624 [info] > git show --textconv :index.html [90ms]
2025-03-07 20:27:55.624 [info] > git ls-files --stage -- /home/JakeRA/learning/html/Portfolio/index.html [83ms]
2025-03-07 20:27:55.655 [info] > git cat-file -s 1c1d8a6fe43da50cb78ac609586178bc106b7b70 [23ms]
2025-03-07 20:28:42.280 [info] > git config --get commit.template [1ms]
2025-03-07 20:28:42.290 [info] > git for-each-ref --format=%(refname)%00%(upstream:short)%00%(objectname)%00%(upstream:track)%00%(upstream:remotename)%00%(upstream:remoteref) refs/heads/main refs/remotes/main [1ms]
2025-03-07 20:28:42.312 [info] > git status -z -uall [11ms]
2025-03-07 20:28:42.312 [info] > git for-each-ref --sort -committerdate --format %(refname) %(objectname) %(*objectname) [1ms]
2025-03-07 20:32:56.552 [info] > git config --get commit.template [9ms]
2025-03-07 20:32:56.552 [info] > git for-each-ref --format=%(refname)%00%(upstream:short)%00%(objectname)%00%(upstream:track)%00%(upstream:remotename)%00%(upstream:remoteref) refs/heads/main refs/remotes/main [1ms]
2025-03-07 20:32:56.574 [info] > git status -z -uall [10ms]
2025-03-07 20:32:56.575 [info] > git for-each-ref --sort -committerdate --format %(refname) %(objectname) %(*objectname) [1ms]
2025-03-07 20:33:28.033 [info] > git show --textconv :style.css [9ms]
2025-03-07 20:33:28.034 [info] > git ls-files --stage -- /home/JakeRA/learning/html/Portfolio/style.css [1ms]
2025-03-07 20:33:28.046 [info] > git cat-file -s 7ae0ccd93bb97388eff66575cf0807b00009d9d1 [1ms]
2025-03-07 20:33:47.812 [info] > git show --textconv :index.html [13ms]
2025-03-07 20:33:47.813 [info] > git ls-files --stage -- /home/JakeRA/learning/html/Portfolio/index.html [1ms]
2025-03-07 20:33:47.824 [info] > git cat-file -s 1c1d8a6fe43da50cb78ac609586178bc106b7b70 [1ms]
2025-03-07 20:33:47.964 [info] > git config --get commit.template [17ms]
2025-03-07 20:33:47.965 [info] > git for-each-ref --format=%(refname)%00%(upstream:short)%00%(objectname)%00%(upstream:track)%00%(upstream:remotename)%00%(upstream:remoteref) refs/heads/main refs/remotes/main [3ms]
2025-03-07 20:33:47.989 [info] > git status -z -uall [8ms]
2025-03-07 20:33:47.990 [info] > git for-each-ref --sort -committerdate --format %(refname) %(objectname) %(*objectname) [1ms]
2025-03-07 20:33:55.612 [info] > git config --get commit.template [17ms]
2025-03-07 20:33:55.613 [info] > git for-each-ref --format=%(refname)%00%(upstream:short)%00%(objectname)%00%(upstream:track)%00%(upstream:remotename)%00%(upstream:remoteref) refs/heads/main refs/remotes/main [2ms]
2025-03-07 20:33:55.648 [info] > git status -z -uall [17ms]
2025-03-07 20:33:55.649 [info] > git for-each-ref --sort -committerdate --format %(refname) %(objectname) %(*objectname) [2ms]
2025-03-07 20:33:59.545 [info] > git show --textconv :style.css [12ms]
2025-03-07 20:33:59.546 [info] > git ls-files --stage -- /home/JakeRA/learning/html/Portfolio/style.css [2ms]
2025-03-07 20:33:59.563 [info] > git cat-file -s 7ae0ccd93bb97388eff66575cf0807b00009d9d1 [2ms]
2025-03-07 20:34:17.942 [info] > git config --get commit.template [10ms]
2025-03-07 20:34:17.942 [info] > git for-each-ref --format=%(refname)%00%(upstream:short)%00%(objectname)%00%(upstream:track)%00%(upstream:remotename)%00%(upstream:remoteref) refs/heads/main refs/remotes/main [1ms]
2025-03-07 20:34:17.963 [info] > git status -z -uall [10ms]
2025-03-07 20:34:17.964 [info] > git for-each-ref --sort -committerdate --format %(refname) %(objectname) %(*objectname) [1ms]
2025-03-07 20:34:19.334 [info] > git show --textconv :index.html [14ms]
2025-03-07 20:34:19.335 [info] > git ls-files --stage -- /home/JakeRA/learning/html/Portfolio/index.html [2ms]
2025-03-07 20:34:19.345 [info] > git cat-file -s 1c1d8a6fe43da50cb78ac609586178bc106b7b70 [1ms]
2025-03-07 20:34:23.014 [info] > git config --get commit.template [22ms]
2025-03-07 20:34:23.016 [info] > git for-each-ref --format=%(refname)%00%(upstream:short)%00%(objectname)%00%(upstream:track)%00%(upstream:remotename)%00%(upstream:remoteref) refs/heads/main refs/remotes/main [3ms]
2025-03-07 20:34:23.052 [info] > git status -z -uall [18ms]
2025-03-07 20:34:23.054 [info] > git for-each-ref --sort -committerdate --format %(refname) %(objectname) %(*objectname) [2ms]
2025-03-07 20:34:32.164 [info] > git show --textconv :style.css [15ms]
2025-03-07 20:34:32.165 [info] > git ls-files --stage -- /home/JakeRA/learning/html/Portfolio/style.css [1ms]
2025-03-07 20:34:32.174 [info] > git cat-file -s 7ae0ccd93bb97388eff66575cf0807b00009d9d1 [1ms]
2025-03-07 20:34:42.409 [info] > git config --get commit.template [13ms]
2025-03-07 20:34:42.410 [info] > git for-each-ref --format=%(refname)%00%(upstream:short)%00%(objectname)%00%(upstream:track)%00%(upstream:remotename)%00%(upstream:remoteref) refs/heads/main refs/remotes/main [1ms]
2025-03-07 20:34:42.438 [info] > git status -z -uall [18ms]
2025-03-07 20:34:42.438 [info] > git for-each-ref --sort -committerdate --format %(refname) %(objectname) %(*objectname) [1ms]
2025-03-07 20:35:01.194 [info] > git config --get commit.template [1ms]
2025-03-07 20:35:01.208 [info] > git for-each-ref --format=%(refname)%00%(upstream:short)%00%(objectname)%00%(upstream:track)%00%(upstream:remotename)%00%(upstream:remoteref) refs/heads/main refs/remotes/main [1ms]
2025-03-07 20:35:01.229 [info] > git status -z -uall [10ms]
2025-03-07 20:35:01.230 [info] > git for-each-ref --sort -committerdate --format %(refname) %(objectname) %(*objectname) [2ms]
2025-03-07 20:35:02.729 [info] > git show --textconv :index.html [10ms]
2025-03-07 20:35:02.730 [info] > git ls-files --stage -- /home/JakeRA/learning/html/Portfolio/index.html [0ms]
2025-03-07 20:35:02.738 [info] > git cat-file -s 1c1d8a6fe43da50cb78ac609586178bc106b7b70 [1ms]
2025-03-07 20:35:06.477 [info] > git config --get commit.template [0ms]
2025-03-07 20:35:06.489 [info] > git for-each-ref --format=%(refname)%00%(upstream:short)%00%(objectname)%00%(upstream:track)%00%(upstream:remotename)%00%(upstream:remoteref) refs/heads/main refs/remotes/main [2ms]
2025-03-07 20:35:06.512 [info] > git status -z -uall [13ms]
2025-03-07 20:35:06.513 [info] > git for-each-ref --sort -committerdate --format %(refname) %(objectname) %(*objectname) [1ms]
2025-03-07 20:35:08.558 [info] > git show --textconv :style.css [18ms]
2025-03-07 20:35:08.559 [info] > git ls-files --stage -- /home/JakeRA/learning/html/Portfolio/style.css [2ms]
2025-03-07 20:35:08.576 [info] > git cat-file -s 7ae0ccd93bb97388eff66575cf0807b00009d9d1 [1ms]
2025-03-07 20:38:21.046 [info] > git config --get commit.template [20ms]
2025-03-07 20:38:21.046 [info] > git ls-files --stage -- /home/JakeRA/learning/html/Portfolio/style.css [10ms]
2025-03-07 20:38:21.056 [info] > git for-each-ref --format=%(refname)%00%(upstream:short)%00%(objectname)%00%(upstream:track)%00%(upstream:remotename)%00%(upstream:remoteref) refs/heads/main refs/remotes/main [10ms]
2025-03-07 20:38:21.057 [info] > git cat-file -s 66a7f06ec5a253dd96b9f2883edbcef23033d9b8 [1ms]
2025-03-07 20:38:21.088 [info] > git show --textconv :style.css [20ms]
2025-03-07 20:38:21.088 [info] > git status -z -uall [10ms]
2025-03-07 20:38:21.089 [info] > git for-each-ref --sort -committerdate --format %(refname) %(objectname) %(*objectname) [1ms]
2025-03-07 20:38:21.105 [info] > git merge-base refs/heads/main refs/remotes/origin/main [3ms]
2025-03-07 20:38:21.115 [info] > git diff --name-status -z --diff-filter=ADMR 3056272b01b26c4b9a7477b1a125ec31b8cb4853...refs/remotes/origin/main [1ms]
2025-03-07 20:38:26.142 [info] > git config --get commit.template [17ms]
2025-03-07 20:38:26.143 [info] > git for-each-ref --format=%(refname)%00%(upstream:short)%00%(objectname)%00%(upstream:track)%00%(upstream:remotename)%00%(upstream:remoteref) refs/heads/main refs/remotes/main [2ms]
2025-03-07 20:38:26.174 [info] > git status -z -uall [16ms]
2025-03-07 20:38:26.175 [info] > git for-each-ref --sort -committerdate --format %(refname) %(objectname) %(*objectname) [1ms]
2025-03-07 20:38:28.321 [info] > git show --textconv :index.html [13ms]
2025-03-07 20:38:28.321 [info] > git ls-files --stage -- /home/JakeRA/learning/html/Portfolio/index.html [1ms]
2025-03-07 20:38:28.330 [info] > git cat-file -s 88c9a40983928c77f19c1e767ca3900b1e2beeb1 [1ms]
2025-03-07 20:38:48.497 [info] > git config --get commit.template [10ms]
2025-03-07 20:38:48.498 [info] > git for-each-ref --format=%(refname)%00%(upstream:short)%00%(objectname)%00%(upstream:track)%00%(upstream:remotename)%00%(upstream:remoteref) refs/heads/main refs/remotes/main [1ms]
2025-03-07 20:38:48.518 [info] > git status -z -uall [9ms]
2025-03-07 20:38:48.519 [info] > git for-each-ref --sort -committerdate --format %(refname) %(objectname) %(*objectname) [2ms]
2025-03-07 20:39:34.569 [info] > git config --get commit.template [10ms]
2025-03-07 20:39:34.569 [info] > git for-each-ref --format=%(refname)%00%(upstream:short)%00%(objectname)%00%(upstream:track)%00%(upstream:remotename)%00%(upstream:remoteref) refs/heads/main refs/remotes/main [1ms]
2025-03-07 20:39:34.585 [info] > git status -z -uall [7ms]
2025-03-07 20:39:34.586 [info] > git for-each-ref --sort -committerdate --format %(refname) %(objectname) %(*objectname) [1ms]
2025-03-07 20:53:37.907 [info] > git config --get commit.template [1ms]
2025-03-07 20:53:37.921 [info] > git for-each-ref --format=%(refname)%00%(upstream:short)%00%(objectname)%00%(upstream:track)%00%(upstream:remotename)%00%(upstream:remoteref) refs/heads/main refs/remotes/main [1ms]
2025-03-07 20:53:37.945 [info] > git status -z -uall [11ms]
2025-03-07 20:53:37.945 [info] > git for-each-ref --sort -committerdate --format %(refname) %(objectname) %(*objectname) [1ms]
2025-03-07 20:56:38.266 [info] > git config --get commit.template [8ms]
2025-03-07 20:56:38.267 [info] > git for-each-ref --format=%(refname)%00%(upstream:short)%00%(objectname)%00%(upstream:track)%00%(upstream:remotename)%00%(upstream:remoteref) refs/heads/main refs/remotes/main [1ms]
2025-03-07 20:56:38.294 [info] > git status -z -uall [13ms]
2025-03-07 20:56:38.295 [info] > git for-each-ref --sort -committerdate --format %(refname) %(objectname) %(*objectname) [1ms]
2025-03-07 20:57:17.235 [info] > git show --textconv :style.css [17ms]
2025-03-07 20:57:17.236 [info] > git ls-files --stage -- /home/JakeRA/learning/html/Portfolio/style.css [2ms]
2025-03-07 20:57:17.254 [info] > git cat-file -s 66a7f06ec5a253dd96b9f2883edbcef23033d9b8 [2ms]
2025-03-07 20:57:51.794 [info] > git show --textconv :index.html [12ms]
2025-03-07 20:57:51.795 [info] > git ls-files --stage -- /home/JakeRA/learning/html/Portfolio/index.html [1ms]
2025-03-07 20:57:51.806 [info] > git cat-file -s 88c9a40983928c77f19c1e767ca3900b1e2beeb1 [1ms]
2025-03-07 20:58:05.621 [info] > git show --textconv :style.css [13ms]
2025-03-07 20:58:05.622 [info] > git ls-files --stage -- /home/JakeRA/learning/html/Portfolio/style.css [2ms]
2025-03-07 20:58:05.633 [info] > git cat-file -s 66a7f06ec5a253dd96b9f2883edbcef23033d9b8 [1ms]
2025-03-07 20:58:34.185 [info] > git config --get commit.template [11ms]
2025-03-07 20:58:34.185 [info] > git for-each-ref --format=%(refname)%00%(upstream:short)%00%(objectname)%00%(upstream:track)%00%(upstream:remotename)%00%(upstream:remoteref) refs/heads/main refs/remotes/main [1ms]
2025-03-07 20:58:34.204 [info] > git status -z -uall [9ms]
2025-03-07 20:58:34.205 [info] > git for-each-ref --sort -committerdate --format %(refname) %(objectname) %(*objectname) [1ms]
2025-03-07 20:58:40.051 [info] > git config --get commit.template [15ms]
2025-03-07 20:58:40.052 [info] > git for-each-ref --format=%(refname)%00%(upstream:short)%00%(objectname)%00%(upstream:track)%00%(upstream:remotename)%00%(upstream:remoteref) refs/heads/main refs/remotes/main [1ms]
2025-03-07 20:58:40.076 [info] > git status -z -uall [9ms]
2025-03-07 20:58:40.077 [info] > git for-each-ref --sort -committerdate --format %(refname) %(objectname) %(*objectname) [2ms]
2025-03-07 20:59:05.576 [info] > git config --get commit.template [1ms]
2025-03-07 20:59:05.588 [info] > git for-each-ref --format=%(refname)%00%(upstream:short)%00%(objectname)%00%(upstream:track)%00%(upstream:remotename)%00%(upstream:remoteref) refs/heads/main refs/remotes/main [2ms]
2025-03-07 20:59:05.608 [info] > git status -z -uall [9ms]
2025-03-07 20:59:05.609 [info] > git for-each-ref --sort -committerdate --format %(refname) %(objectname) %(*objectname) [1ms]
2025-03-07 20:59:05.763 [info] > git show --textconv :index.html [10ms]
2025-03-07 20:59:05.763 [info] > git ls-files --stage -- /home/JakeRA/learning/html/Portfolio/index.html [1ms]
2025-03-07 20:59:05.774 [info] > git cat-file -s 88c9a40983928c77f19c1e767ca3900b1e2beeb1 [1ms]
2025-03-07 20:59:14.285 [info] > git show --textconv :style.css [10ms]
2025-03-07 20:59:14.286 [info] > git ls-files --stage -- /home/JakeRA/learning/html/Portfolio/style.css [2ms]
2025-03-07 20:59:14.300 [info] > git cat-file -s 66a7f06ec5a253dd96b9f2883edbcef23033d9b8 [2ms]
2025-03-07 21:00:24.370 [info] > git config --get commit.template [1ms]
2025-03-07 21:00:24.380 [info] > git for-each-ref --format=%(refname)%00%(upstream:short)%00%(objectname)%00%(upstream:track)%00%(upstream:remotename)%00%(upstream:remoteref) refs/heads/main refs/remotes/main [1ms]
2025-03-07 21:00:24.401 [info] > git status -z -uall [11ms]
2025-03-07 21:00:24.401 [info] > git for-each-ref --sort -committerdate --format %(refname) %(objectname) %(*objectname) [1ms]
2025-03-07 21:01:00.680 [info] > git config --get commit.template [1ms]
2025-03-07 21:01:00.690 [info] > git for-each-ref --format=%(refname)%00%(upstream:short)%00%(objectname)%00%(upstream:track)%00%(upstream:remotename)%00%(upstream:remoteref) refs/heads/main refs/remotes/main [1ms]
2025-03-07 21:01:00.715 [info] > git status -z -uall [13ms]
2025-03-07 21:01:00.716 [info] > git for-each-ref --sort -committerdate --format %(refname) %(objectname) %(*objectname) [2ms]
2025-03-07 21:01:02.110 [info] > git show --textconv :index.html [11ms]
2025-03-07 21:01:02.110 [info] > git ls-files --stage -- /home/JakeRA/learning/html/Portfolio/index.html [1ms]
2025-03-07 21:01:02.122 [info] > git cat-file -s 88c9a40983928c77f19c1e767ca3900b1e2beeb1 [1ms]
2025-03-07 21:01:13.397 [info] > git show --textconv :style.css [16ms]
2025-03-07 21:01:13.398 [info] > git ls-files --stage -- /home/JakeRA/learning/html/Portfolio/style.css [2ms]
2025-03-07 21:01:13.412 [info] > git cat-file -s 66a7f06ec5a253dd96b9f2883edbcef23033d9b8 [1ms]
2025-03-07 21:01:49.692 [info] > git config --get commit.template [10ms]
2025-03-07 21:01:49.692 [info] > git for-each-ref --format=%(refname)%00%(upstream:short)%00%(objectname)%00%(upstream:track)%00%(upstream:remotename)%00%(upstream:remoteref) refs/heads/main refs/remotes/main [1ms]
2025-03-07 21:01:49.718 [info] > git status -z -uall [13ms]
2025-03-07 21:01:49.719 [info] > git for-each-ref --sort -committerdate --format %(refname) %(objectname) %(*objectname) [1ms]
2025-03-07 21:03:25.150 [info] > git config --get commit.template [1ms]
2025-03-07 21:03:25.159 [info] > git for-each-ref --format=%(refname)%00%(upstream:short)%00%(objectname)%00%(upstream:track)%00%(upstream:remotename)%00%(upstream:remoteref) refs/heads/main refs/remotes/main [1ms]
2025-03-07 21:03:25.181 [info] > git status -z -uall [11ms]
2025-03-07 21:03:25.182 [info] > git for-each-ref --sort -committerdate --format %(refname) %(objectname) %(*objectname) [1ms]
2025-03-07 21:03:28.081 [info] > git show --textconv :index.html [13ms]
2025-03-07 21:03:28.082 [info] > git ls-files --stage -- /home/JakeRA/learning/html/Portfolio/index.html [2ms]
2025-03-07 21:03:28.096 [info] > git cat-file -s 88c9a40983928c77f19c1e767ca3900b1e2beeb1 [0ms]
2025-03-07 21:03:30.204 [info] > git config --get commit.template [1ms]
2025-03-07 21:03:30.222 [info] > git for-each-ref --format=%(refname)%00%(upstream:short)%00%(objectname)%00%(upstream:track)%00%(upstream:remotename)%00%(upstream:remoteref) refs/heads/main refs/remotes/main [3ms]
2025-03-07 21:03:30.257 [info] > git status -z -uall [16ms]
2025-03-07 21:03:30.258 [info] > git for-each-ref --sort -committerdate --format %(refname) %(objectname) %(*objectname) [2ms]
2025-03-07 21:03:32.096 [info] > git show --textconv :style.css [14ms]
2025-03-07 21:03:32.096 [info] > git ls-files --stage -- /home/JakeRA/learning/html/Portfolio/style.css [2ms]
2025-03-07 21:03:32.112 [info] > git cat-file -s 66a7f06ec5a253dd96b9f2883edbcef23033d9b8 [2ms]
2025-03-07 21:03:35.757 [info] > git config --get commit.template [10ms]
2025-03-07 21:03:35.758 [info] > git for-each-ref --format=%(refname)%00%(upstream:short)%00%(objectname)%00%(upstream:track)%00%(upstream:remotename)%00%(upstream:remoteref) refs/heads/main refs/remotes/main [1ms]
2025-03-07 21:03:35.777 [info] > git status -z -uall [12ms]
2025-03-07 21:03:35.778 [info] > git for-each-ref --sort -committerdate --format %(refname) %(objectname) %(*objectname) [2ms]
2025-03-07 21:03:40.274 [info] > git show --textconv :index.html [8ms]
2025-03-07 21:03:40.275 [info] > git ls-files --stage -- /home/JakeRA/learning/html/Portfolio/index.html [1ms]
2025-03-07 21:03:40.283 [info] > git cat-file -s 88c9a40983928c77f19c1e767ca3900b1e2beeb1 [1ms]
