2025-03-14 08:42:36.252 [info] Reading sessions from keychain...
2025-03-14 08:42:36.252 [info] Getting sessions for all scopes...
2025-03-14 08:42:36.252 [info] Getting sessions for all scopes...
2025-03-14 08:42:36.252 [info] Getting sessions for user:email...
2025-03-14 08:42:36.252 [info] Got 0 sessions for ...
2025-03-14 08:42:36.252 [info] Got 0 sessions for ...
2025-03-14 08:42:36.252 [info] Got 0 sessions for user:email...
2025-03-14 08:42:37.015 [info] Getting sessions for read:user,repo,user:email,workflow...
2025-03-14 08:42:37.015 [info] Got 0 sessions for read:user,repo,user:email,workflow...
2025-03-14 08:42:37.015 [info] Getting sessions for all scopes...
2025-03-14 08:42:37.015 [info] Got 0 sessions for ...
2025-03-14 08:42:37.015 [info] Getting sessions for all scopes...
2025-03-14 08:42:37.015 [info] Got 0 sessions for ...
2025-03-14 08:42:37.030 [info] Getting sessions for read:user...
2025-03-14 08:42:37.030 [info] Got 0 sessions for read:user...
2025-03-14 08:42:37.032 [info] Getting sessions for user:email...
2025-03-14 08:42:37.032 [info] Got 0 sessions for user:email...
2025-03-14 08:42:37.032 [info] Getting sessions for read:user,repo,user:email,workflow...
2025-03-14 08:42:37.032 [info] Got 0 sessions for read:user,repo,user:email,workflow...
2025-03-14 08:42:37.033 [info] Getting sessions for user:email...
2025-03-14 08:42:37.033 [info] Got 0 sessions for user:email...
2025-03-14 08:42:37.033 [info] Getting sessions for all scopes...
2025-03-14 08:42:37.033 [info] Got 0 sessions for ...
2025-03-14 08:42:37.039 [info] Getting sessions for user:email...
2025-03-14 08:42:37.039 [info] Got 0 sessions for user:email...
2025-03-14 08:42:37.783 [info] Getting sessions for all scopes...
2025-03-14 08:42:37.783 [info] Got 0 sessions for ...
2025-03-14 08:42:37.785 [info] Getting sessions for user:email...
2025-03-14 08:42:37.785 [info] Got 0 sessions for user:email...
2025-03-14 08:42:37.963 [info] Getting sessions for all scopes...
2025-03-14 08:42:37.963 [info] Got 0 sessions for ...
2025-03-14 08:42:37.964 [info] Getting sessions for user:email...
2025-03-14 08:42:37.964 [info] Got 0 sessions for user:email...
2025-03-14 08:42:37.966 [info] Getting sessions for all scopes...
2025-03-14 08:42:37.966 [info] Got 0 sessions for ...
2025-03-14 08:42:37.967 [info] Getting sessions for user:email...
2025-03-14 08:42:37.967 [info] Got 0 sessions for user:email...
2025-03-14 08:42:38.273 [info] Getting sessions for all scopes...
2025-03-14 08:42:38.273 [info] Got 0 sessions for ...
