2025-03-07 20:27:54.643 [info] Reading sessions from keychain...
2025-03-07 20:27:54.643 [info] Getting sessions for all scopes...
2025-03-07 20:27:54.643 [info] Getting sessions for all scopes...
2025-03-07 20:27:54.643 [info] Getting sessions for all scopes...
2025-03-07 20:27:54.643 [info] Got stored sessions!
2025-03-07 20:27:54.643 [info] Got 1 verified sessions.
2025-03-07 20:27:54.643 [info] Got 1 sessions for ...
2025-03-07 20:27:54.643 [info] Got 1 sessions for ...
2025-03-07 20:27:54.643 [info] Got 1 sessions for ...
2025-03-07 20:27:54.643 [info] Getting sessions for user:email...
2025-03-07 20:27:54.643 [info] Got 1 sessions for user:email...
2025-03-07 20:27:54.643 [info] Getting sessions for read:user,repo,user:email,workflow...
2025-03-07 20:27:54.643 [info] Got 0 sessions for read:user,repo,user:email,workflow...
2025-03-07 20:27:54.643 [info] Getting sessions for all scopes...
2025-03-07 20:27:54.643 [info] Got 1 sessions for ...
2025-03-07 20:27:54.643 [info] Getting sessions for all scopes...
2025-03-07 20:27:54.643 [info] Got 1 sessions for ...
2025-03-07 20:27:54.654 [info] Getting sessions for read:user...
2025-03-07 20:27:54.654 [info] Got 0 sessions for read:user...
2025-03-07 20:27:54.654 [info] Getting sessions for read:user,repo,user:email,workflow...
2025-03-07 20:27:54.654 [info] Got 0 sessions for read:user,repo,user:email,workflow...
2025-03-07 20:27:54.699 [info] Getting sessions for user:email...
2025-03-07 20:27:54.699 [info] Got 1 sessions for user:email...
2025-03-07 20:27:54.699 [info] Getting sessions for user:email...
2025-03-07 20:27:54.699 [info] Got 1 sessions for user:email...
2025-03-07 20:27:54.708 [info] Getting sessions for read:user,repo,user:email,workflow...
2025-03-07 20:27:54.708 [info] Got 0 sessions for read:user,repo,user:email,workflow...
2025-03-07 20:27:54.725 [info] Getting sessions for all scopes...
2025-03-07 20:27:54.725 [info] Got 1 sessions for ...
2025-03-07 20:27:54.725 [info] Getting sessions for all scopes...
2025-03-07 20:27:54.725 [info] Got 1 sessions for ...
2025-03-07 20:27:54.758 [info] Getting sessions for read:user,repo,user:email,workflow...
2025-03-07 20:27:54.759 [info] Got 0 sessions for read:user,repo,user:email,workflow...
2025-03-07 20:27:55.525 [info] Getting sessions for user:email...
2025-03-07 20:27:55.525 [info] Got 1 sessions for user:email...
2025-03-07 20:27:55.658 [info] Getting sessions for all scopes...
2025-03-07 20:27:55.658 [info] Got 1 sessions for ...
2025-03-07 20:28:01.643 [info] Getting sessions for all scopes...
2025-03-07 20:28:01.643 [info] Got 1 sessions for ...
2025-03-07 20:28:01.650 [info] Getting sessions for read:user,repo,user:email,workflow...
2025-03-07 20:28:01.650 [info] Got 0 sessions for read:user,repo,user:email,workflow...
2025-03-07 20:28:01.653 [info] Getting sessions for user:email...
2025-03-07 20:28:01.653 [info] Got 1 sessions for user:email...
2025-03-07 20:28:01.655 [info] Getting sessions for all scopes...
2025-03-07 20:28:01.655 [info] Got 1 sessions for ...
2025-03-07 20:28:01.657 [info] Getting sessions for read:user,repo,user:email,workflow...
2025-03-07 20:28:01.657 [info] Got 0 sessions for read:user,repo,user:email,workflow...
2025-03-07 20:28:01.657 [info] Getting sessions for user:email...
2025-03-07 20:28:01.657 [info] Got 1 sessions for user:email...
2025-03-07 20:28:42.280 [info] Getting sessions for all scopes...
2025-03-07 20:28:42.280 [info] Got 1 sessions for ...
2025-03-07 20:28:42.291 [info] Getting sessions for read:user,repo,user:email,workflow...
2025-03-07 20:28:42.291 [info] Got 0 sessions for read:user,repo,user:email,workflow...
2025-03-07 20:28:42.315 [info] Getting sessions for user:email...
2025-03-07 20:28:42.315 [info] Got 1 sessions for user:email...
2025-03-07 20:28:42.321 [info] Getting sessions for all scopes...
2025-03-07 20:28:42.321 [info] Got 1 sessions for ...
2025-03-07 20:28:42.322 [info] Getting sessions for read:user,repo,user:email,workflow...
2025-03-07 20:28:42.322 [info] Got 0 sessions for read:user,repo,user:email,workflow...
2025-03-07 20:28:42.323 [info] Getting sessions for user:email...
2025-03-07 20:28:42.323 [info] Got 1 sessions for user:email...
2025-03-07 20:29:04.980 [info] Getting sessions for all scopes...
2025-03-07 20:29:04.980 [info] Got 1 sessions for ...
2025-03-07 20:29:04.983 [info] Getting sessions for read:user,repo,user:email,workflow...
2025-03-07 20:29:04.983 [info] Got 0 sessions for read:user,repo,user:email,workflow...
2025-03-07 20:29:04.984 [info] Getting sessions for user:email...
2025-03-07 20:29:04.984 [info] Got 1 sessions for user:email...
2025-03-07 20:29:04.986 [info] Getting sessions for all scopes...
2025-03-07 20:29:04.986 [info] Got 1 sessions for ...
2025-03-07 20:29:04.988 [info] Getting sessions for read:user,repo,user:email,workflow...
2025-03-07 20:29:04.988 [info] Got 0 sessions for read:user,repo,user:email,workflow...
2025-03-07 20:29:04.989 [info] Getting sessions for user:email...
2025-03-07 20:29:04.989 [info] Got 1 sessions for user:email...
2025-03-07 20:29:29.243 [info] Getting sessions for all scopes...
2025-03-07 20:29:29.243 [info] Got 1 sessions for ...
2025-03-07 20:29:29.247 [info] Getting sessions for read:user,repo,user:email,workflow...
2025-03-07 20:29:29.247 [info] Got 0 sessions for read:user,repo,user:email,workflow...
2025-03-07 20:29:29.249 [info] Getting sessions for user:email...
2025-03-07 20:29:29.249 [info] Got 1 sessions for user:email...
2025-03-07 20:29:29.250 [info] Getting sessions for all scopes...
2025-03-07 20:29:29.250 [info] Got 1 sessions for ...
2025-03-07 20:29:29.251 [info] Getting sessions for read:user,repo,user:email,workflow...
2025-03-07 20:29:29.251 [info] Got 0 sessions for read:user,repo,user:email,workflow...
2025-03-07 20:29:29.251 [info] Getting sessions for user:email...
2025-03-07 20:29:29.251 [info] Got 1 sessions for user:email...
2025-03-07 20:32:48.862 [info] Getting sessions for all scopes...
2025-03-07 20:32:48.862 [info] Got 1 sessions for ...
2025-03-07 20:32:48.864 [info] Getting sessions for read:user,repo,user:email,workflow...
2025-03-07 20:32:48.864 [info] Got 0 sessions for read:user,repo,user:email,workflow...
2025-03-07 20:32:48.865 [info] Getting sessions for user:email...
2025-03-07 20:32:48.865 [info] Got 1 sessions for user:email...
2025-03-07 20:32:48.867 [info] Getting sessions for all scopes...
2025-03-07 20:32:48.867 [info] Got 1 sessions for ...
2025-03-07 20:32:48.868 [info] Getting sessions for read:user,repo,user:email,workflow...
2025-03-07 20:32:48.868 [info] Got 0 sessions for read:user,repo,user:email,workflow...
2025-03-07 20:32:48.869 [info] Getting sessions for user:email...
2025-03-07 20:32:48.869 [info] Got 1 sessions for user:email...
2025-03-07 20:32:50.226 [info] Getting sessions for all scopes...
2025-03-07 20:32:50.226 [info] Got 1 sessions for ...
2025-03-07 20:32:50.227 [info] Getting sessions for all scopes...
2025-03-07 20:32:50.227 [info] Got 1 sessions for ...
2025-03-07 20:32:50.228 [info] Getting sessions for read:user,repo,user:email,workflow...
2025-03-07 20:32:50.228 [info] Got 0 sessions for read:user,repo,user:email,workflow...
2025-03-07 20:32:50.230 [info] Getting sessions for user:email...
2025-03-07 20:32:50.230 [info] Got 1 sessions for user:email...
2025-03-07 20:32:50.232 [info] Getting sessions for all scopes...
2025-03-07 20:32:50.232 [info] Got 1 sessions for ...
2025-03-07 20:32:50.233 [info] Getting sessions for read:user,repo,user:email,workflow...
2025-03-07 20:32:50.233 [info] Got 0 sessions for read:user,repo,user:email,workflow...
2025-03-07 20:32:50.234 [info] Getting sessions for user:email...
2025-03-07 20:32:50.234 [info] Got 1 sessions for user:email...
2025-03-07 20:32:50.267 [info] Getting sessions for all scopes...
2025-03-07 20:32:50.267 [info] Got 1 sessions for ...
2025-03-07 20:32:50.273 [info] Getting sessions for read:user,repo,user:email,workflow...
2025-03-07 20:32:50.273 [info] Got 0 sessions for read:user,repo,user:email,workflow...
2025-03-07 20:32:50.274 [info] Getting sessions for user:email...
2025-03-07 20:32:50.274 [info] Got 1 sessions for user:email...
2025-03-07 20:32:50.276 [info] Getting sessions for all scopes...
2025-03-07 20:32:50.276 [info] Got 1 sessions for ...
2025-03-07 20:32:50.277 [info] Getting sessions for read:user,repo,user:email,workflow...
2025-03-07 20:32:50.277 [info] Got 0 sessions for read:user,repo,user:email,workflow...
2025-03-07 20:32:50.278 [info] Getting sessions for user:email...
2025-03-07 20:32:50.278 [info] Got 1 sessions for user:email...
2025-03-07 20:42:55.768 [info] Getting sessions for all scopes...
2025-03-07 20:42:55.768 [info] Got 1 sessions for ...
2025-03-07 20:42:55.771 [info] Getting sessions for read:user,repo,user:email,workflow...
2025-03-07 20:42:55.771 [info] Got 0 sessions for read:user,repo,user:email,workflow...
2025-03-07 20:42:55.774 [info] Getting sessions for user:email...
2025-03-07 20:42:55.774 [info] Got 1 sessions for user:email...
2025-03-07 20:42:55.778 [info] Getting sessions for all scopes...
2025-03-07 20:42:55.778 [info] Got 1 sessions for ...
2025-03-07 20:42:55.780 [info] Getting sessions for read:user,repo,user:email,workflow...
2025-03-07 20:42:55.780 [info] Got 0 sessions for read:user,repo,user:email,workflow...
2025-03-07 20:42:55.783 [info] Getting sessions for user:email...
2025-03-07 20:42:55.783 [info] Got 1 sessions for user:email...
2025-03-07 20:47:51.770 [info] Getting sessions for all scopes...
2025-03-07 20:47:51.770 [info] Got 1 sessions for ...
2025-03-07 20:47:51.774 [info] Getting sessions for read:user,repo,user:email,workflow...
2025-03-07 20:47:51.774 [info] Got 0 sessions for read:user,repo,user:email,workflow...
2025-03-07 20:47:51.776 [info] Getting sessions for user:email...
2025-03-07 20:47:51.776 [info] Got 1 sessions for user:email...
2025-03-07 20:57:50.211 [info] Getting sessions for all scopes...
2025-03-07 20:57:50.211 [info] Got 1 sessions for ...
2025-03-07 20:57:50.213 [info] Getting sessions for read:user,repo,user:email,workflow...
2025-03-07 20:57:50.213 [info] Got 0 sessions for read:user,repo,user:email,workflow...
2025-03-07 20:57:50.215 [info] Getting sessions for user:email...
2025-03-07 20:57:50.215 [info] Got 1 sessions for user:email...
2025-03-07 20:57:51.620 [info] Getting sessions for all scopes...
2025-03-07 20:57:51.620 [info] Got 1 sessions for ...
2025-03-07 20:57:51.627 [info] Getting sessions for all scopes...
2025-03-07 20:57:51.627 [info] Got 1 sessions for ...
2025-03-07 20:57:51.628 [info] Getting sessions for read:user,repo,user:email,workflow...
2025-03-07 20:57:51.628 [info] Got 0 sessions for read:user,repo,user:email,workflow...
2025-03-07 20:57:51.629 [info] Getting sessions for user:email...
2025-03-07 20:57:51.629 [info] Got 1 sessions for user:email...
2025-03-07 20:57:51.630 [info] Getting sessions for all scopes...
2025-03-07 20:57:51.630 [info] Got 1 sessions for ...
2025-03-07 20:57:51.631 [info] Getting sessions for read:user,repo,user:email,workflow...
2025-03-07 20:57:51.631 [info] Got 0 sessions for read:user,repo,user:email,workflow...
2025-03-07 20:57:51.632 [info] Getting sessions for user:email...
2025-03-07 20:57:51.632 [info] Got 1 sessions for user:email...
2025-03-07 20:57:51.634 [info] Getting sessions for all scopes...
2025-03-07 20:57:51.634 [info] Got 1 sessions for ...
2025-03-07 20:57:51.634 [info] Getting sessions for read:user,repo,user:email,workflow...
2025-03-07 20:57:51.634 [info] Got 0 sessions for read:user,repo,user:email,workflow...
2025-03-07 20:57:51.635 [info] Getting sessions for user:email...
2025-03-07 20:57:51.635 [info] Got 1 sessions for user:email...
2025-03-07 20:57:51.637 [info] Getting sessions for all scopes...
2025-03-07 20:57:51.637 [info] Got 1 sessions for ...
2025-03-07 20:57:51.637 [info] Getting sessions for read:user,repo,user:email,workflow...
2025-03-07 20:57:51.637 [info] Got 0 sessions for read:user,repo,user:email,workflow...
2025-03-07 20:57:51.637 [info] Getting sessions for user:email...
2025-03-07 20:57:51.637 [info] Got 1 sessions for user:email...
2025-03-07 20:57:56.930 [info] Getting sessions for all scopes...
2025-03-07 20:57:56.931 [info] Got 1 sessions for ...
2025-03-07 20:57:56.933 [info] Getting sessions for read:user,repo,user:email,workflow...
2025-03-07 20:57:56.933 [info] Got 0 sessions for read:user,repo,user:email,workflow...
2025-03-07 20:57:56.935 [info] Getting sessions for user:email...
2025-03-07 20:57:56.935 [info] Got 1 sessions for user:email...
2025-03-07 21:02:51.781 [info] Getting sessions for all scopes...
2025-03-07 21:02:51.781 [info] Got 1 sessions for ...
2025-03-07 21:02:51.784 [info] Getting sessions for read:user,repo,user:email,workflow...
2025-03-07 21:02:51.784 [info] Got 0 sessions for read:user,repo,user:email,workflow...
2025-03-07 21:02:51.786 [info] Getting sessions for user:email...
2025-03-07 21:02:51.786 [info] Got 1 sessions for user:email...
