2025-03-05 20:54:51.031 [info] [main] Log level: Info
2025-03-05 20:54:51.031 [info] [main] Validating found git in: "git"
2025-03-05 20:54:51.031 [info] [main] Using git "2.47.1" from "git"
2025-03-05 20:54:51.031 [info] [Model][doInitialScan] Initial repository scan started
2025-03-05 20:54:51.031 [info] > git rev-parse --show-toplevel [28ms]
2025-03-05 20:54:51.031 [info] > git rev-parse --git-dir --git-common-dir [15ms]
2025-03-05 20:54:51.031 [info] [Model][openRepository] Opened repository: /home/JakeRA/learning/html/Portfolio
2025-03-05 20:54:51.051 [info] > git rev-parse --show-toplevel [4ms]
2025-03-05 20:54:51.052 [info] > git config --get commit.template [12ms]
2025-03-05 20:54:51.069 [info] > git rev-parse --show-toplevel [9ms]
2025-03-05 20:54:51.071 [info] [Model][doInitialScan] Initial repository scan completed - repositories (1), closed repositories (0), parent repositories (0), unsafe repositories (0)
2025-03-05 20:54:51.071 [info] > git for-each-ref --format=%(refname)%00%(upstream:short)%00%(objectname)%00%(upstream:track)%00%(upstream:remotename)%00%(upstream:remoteref) refs/heads/main refs/remotes/main [3ms]
2025-03-05 20:54:51.089 [info] > git status -z -uall [9ms]
2025-03-05 20:54:51.091 [info] > git for-each-ref --sort -committerdate --format %(refname) %(objectname) %(*objectname) [3ms]
2025-03-05 20:54:51.113 [info] > git for-each-ref --format=%(refname)%00%(upstream:short)%00%(objectname)%00%(upstream:track)%00%(upstream:remotename)%00%(upstream:remoteref) refs/heads/main refs/remotes/main [11ms]
2025-03-05 20:54:51.122 [info] > git config --get commit.template [10ms]
2025-03-05 20:54:51.124 [info] > git config --local branch.main.vscode-merge-base [3ms]
2025-03-05 20:54:51.124 [warning] [Git][config] git config failed: Failed to execute git
2025-03-05 20:54:51.141 [info] > git reflog main --grep-reflog=branch: Created from *. [10ms]
2025-03-05 20:54:51.149 [info] > git for-each-ref --format=%(refname)%00%(upstream:short)%00%(objectname)%00%(upstream:track)%00%(upstream:remotename)%00%(upstream:remoteref) refs/heads/main refs/remotes/main [9ms]
2025-03-05 20:54:51.881 [info] > git symbolic-ref --short refs/remotes/origin/HEAD [733ms]
2025-03-05 20:54:51.881 [info] fatal: ref refs/remotes/origin/HEAD is not a symbolic ref
2025-03-05 20:54:51.881 [warning] [Repository][getDefaultBranch] Failed to get default branch details: Failed to execute git.
2025-03-05 20:54:51.905 [info] > git check-ignore -v -z --stdin [4ms]
2025-03-05 20:54:51.905 [info] > git merge-base refs/heads/main refs/remotes/origin/main [14ms]
2025-03-05 20:54:51.932 [info] > git show --textconv :style.css [9ms]
2025-03-05 20:54:51.932 [info] > git diff --name-status -z --diff-filter=ADMR ab0e254d35ef92b263f99b4161deccb5ec4da3e9...refs/remotes/origin/main [17ms]
2025-03-05 20:54:51.948 [info] > git status -z -uall [7ms]
2025-03-05 20:54:51.949 [info] > git ls-files --stage -- /home/JakeRA/learning/html/Portfolio/style.css [17ms]
2025-03-05 20:54:51.956 [info] > git cat-file -s e5f938534ddbb486b8f51bdfa88c438681032046 [1ms]
2025-03-05 20:54:51.956 [info] > git for-each-ref --sort -committerdate --format %(refname) %(objectname) %(*objectname) [8ms]
2025-03-05 20:55:00.611 [info] > git show --textconv :index.html [7ms]
2025-03-05 20:55:00.611 [info] > git ls-files --stage -- /home/JakeRA/learning/html/Portfolio/index.html [1ms]
2025-03-05 20:55:00.620 [info] > git cat-file -s 9bfb5b6e374a539dd6e9f0eef073535917a3272a [1ms]
2025-03-05 21:03:18.839 [info] > git show --textconv :style.css [15ms]
2025-03-05 21:03:18.840 [info] > git ls-files --stage -- /home/JakeRA/learning/html/Portfolio/style.css [2ms]
2025-03-05 21:03:18.851 [info] > git cat-file -s e5f938534ddbb486b8f51bdfa88c438681032046 [2ms]
2025-03-05 21:03:19.292 [info] > git show --textconv :script.js [11ms]
2025-03-05 21:03:19.293 [info] > git ls-files --stage -- /home/JakeRA/learning/html/Portfolio/script.js [2ms]
2025-03-05 21:03:19.305 [info] > git cat-file -s 7006352173f5f9cb4b27a6b1e73451897b7131b5 [1ms]
