2025-03-09 15:34:04.538 [info] Reading sessions from keychain...
2025-03-09 15:34:04.538 [info] Getting sessions for all scopes...
2025-03-09 15:34:04.538 [info] Getting sessions for all scopes...
2025-03-09 15:34:04.538 [info] Getting sessions for user:email...
2025-03-09 15:34:04.538 [info] Getting sessions for all scopes...
2025-03-09 15:34:04.538 [info] Got 0 sessions for ...
2025-03-09 15:34:04.538 [info] Got 0 sessions for ...
2025-03-09 15:34:04.538 [info] Got 0 sessions for user:email...
2025-03-09 15:34:04.538 [info] Got 0 sessions for ...
2025-03-09 15:34:04.538 [info] Getting sessions for user:email...
2025-03-09 15:34:04.538 [info] Got 0 sessions for user:email...
2025-03-09 15:34:04.538 [info] Getting sessions for user:email...
2025-03-09 15:34:04.538 [info] Got 0 sessions for user:email...
2025-03-09 15:34:04.538 [info] Getting sessions for read:user,repo,user:email,workflow...
2025-03-09 15:34:04.538 [info] Got 0 sessions for read:user,repo,user:email,workflow...
2025-03-09 15:34:04.538 [info] Getting sessions for all scopes...
2025-03-09 15:34:04.538 [info] Got 0 sessions for ...
2025-03-09 15:34:04.538 [info] Getting sessions for all scopes...
2025-03-09 15:34:04.538 [info] Got 0 sessions for ...
2025-03-09 15:34:04.593 [info] Getting sessions for read:user...
2025-03-09 15:34:04.593 [info] Got 0 sessions for read:user...
2025-03-09 15:34:04.593 [info] Getting sessions for user:email...
2025-03-09 15:34:04.593 [info] Got 0 sessions for user:email...
2025-03-09 15:34:04.593 [info] Getting sessions for read:user,repo,user:email,workflow...
2025-03-09 15:34:04.593 [info] Got 0 sessions for read:user,repo,user:email,workflow...
2025-03-09 15:34:04.645 [info] Getting sessions for read:user,repo,user:email,workflow...
2025-03-09 15:34:04.645 [info] Got 0 sessions for read:user,repo,user:email,workflow...
2025-03-09 15:34:04.670 [info] Getting sessions for user:email...
2025-03-09 15:34:04.670 [info] Got 0 sessions for user:email...
2025-03-09 15:34:04.670 [info] Getting sessions for all scopes...
2025-03-09 15:34:04.670 [info] Got 0 sessions for ...
2025-03-09 15:34:04.730 [info] Getting sessions for user:email...
2025-03-09 15:34:04.730 [info] Got 0 sessions for user:email...
2025-03-09 15:34:05.483 [info] Getting sessions for all scopes...
2025-03-09 15:34:05.483 [info] Got 0 sessions for ...
2025-03-09 15:34:05.492 [info] Getting sessions for user:email...
2025-03-09 15:34:05.492 [info] Got 0 sessions for user:email...
2025-03-09 15:34:05.900 [info] Getting sessions for all scopes...
2025-03-09 15:34:05.900 [info] Got 0 sessions for ...
2025-03-09 15:34:05.934 [info] Getting sessions for all scopes...
2025-03-09 15:34:05.934 [info] Got 0 sessions for ...
2025-03-09 15:34:05.934 [info] Getting sessions for user:email...
2025-03-09 15:34:05.934 [info] Got 0 sessions for user:email...
2025-03-09 15:34:05.935 [info] Getting sessions for all scopes...
2025-03-09 15:34:05.935 [info] Got 0 sessions for ...
2025-03-09 15:34:05.940 [info] Getting sessions for user:email...
2025-03-09 15:34:05.940 [info] Got 0 sessions for user:email...
