2025-03-10 12:50:01.163 [info] Reading sessions from keychain...
2025-03-10 12:50:01.163 [info] Getting sessions for all scopes...
2025-03-10 12:50:01.163 [info] Getting sessions for all scopes...
2025-03-10 12:50:01.163 [info] Getting sessions for all scopes...
2025-03-10 12:50:01.163 [info] Got 0 sessions for ...
2025-03-10 12:50:01.163 [info] Got 0 sessions for ...
2025-03-10 12:50:01.163 [info] Got 0 sessions for ...
2025-03-10 12:50:01.163 [info] Getting sessions for user:email...
2025-03-10 12:50:01.163 [info] Got 0 sessions for user:email...
2025-03-10 12:50:01.163 [info] Getting sessions for read:user,repo,user:email,workflow...
2025-03-10 12:50:01.163 [info] Got 0 sessions for read:user,repo,user:email,workflow...
2025-03-10 12:50:01.163 [info] Getting sessions for all scopes...
2025-03-10 12:50:01.163 [info] Got 0 sessions for ...
2025-03-10 12:50:01.163 [info] Getting sessions for all scopes...
2025-03-10 12:50:01.163 [info] Got 0 sessions for ...
2025-03-10 12:50:01.163 [info] Getting sessions for read:user...
2025-03-10 12:50:01.163 [info] Got 0 sessions for read:user...
2025-03-10 12:50:01.163 [info] Getting sessions for user:email...
2025-03-10 12:50:01.163 [info] Got 0 sessions for user:email...
2025-03-10 12:50:01.163 [info] Getting sessions for read:user,repo,user:email,workflow...
2025-03-10 12:50:01.163 [info] Got 0 sessions for read:user,repo,user:email,workflow...
2025-03-10 12:50:01.163 [info] Getting sessions for read:user,repo,user:email,workflow...
2025-03-10 12:50:01.163 [info] Got 0 sessions for read:user,repo,user:email,workflow...
2025-03-10 12:50:01.198 [info] Getting sessions for user:email...
2025-03-10 12:50:01.198 [info] Got 0 sessions for user:email...
2025-03-10 12:50:01.198 [info] Getting sessions for all scopes...
2025-03-10 12:50:01.198 [info] Got 0 sessions for ...
2025-03-10 12:50:01.250 [info] Getting sessions for user:email...
2025-03-10 12:50:01.250 [info] Got 0 sessions for user:email...
2025-03-10 12:50:01.253 [info] Getting sessions for all scopes...
2025-03-10 12:50:01.253 [info] Got 0 sessions for ...
2025-03-10 12:50:02.028 [info] Getting sessions for all scopes...
2025-03-10 12:50:02.028 [info] Got 0 sessions for ...
2025-03-10 12:50:02.030 [info] Getting sessions for user:email...
2025-03-10 12:50:02.030 [info] Got 0 sessions for user:email...
2025-03-10 12:50:02.137 [info] Getting sessions for all scopes...
2025-03-10 12:50:02.137 [info] Got 0 sessions for ...
2025-03-10 12:50:02.139 [info] Getting sessions for user:email...
2025-03-10 12:50:02.139 [info] Got 0 sessions for user:email...
2025-03-10 12:50:02.141 [info] Getting sessions for all scopes...
2025-03-10 12:50:02.141 [info] Got 0 sessions for ...
2025-03-10 12:50:02.145 [info] Getting sessions for user:email...
2025-03-10 12:50:02.145 [info] Got 0 sessions for user:email...
