2025-03-05 20:54:51.072 [info] Reading sessions from keychain...
2025-03-05 20:54:51.072 [info] Getting sessions for all scopes...
2025-03-05 20:54:51.072 [info] Getting sessions for all scopes...
2025-03-05 20:54:51.072 [info] Getting sessions for all scopes...
2025-03-05 20:54:51.072 [info] Getting sessions for user:email...
2025-03-05 20:54:51.072 [info] Got stored sessions!
2025-03-05 20:54:51.072 [info] Got 1 verified sessions.
2025-03-05 20:54:51.072 [info] Got 1 sessions for ...
2025-03-05 20:54:51.072 [info] Got 1 sessions for ...
2025-03-05 20:54:51.072 [info] Got 1 sessions for ...
2025-03-05 20:54:51.072 [info] Got 1 sessions for user:email...
2025-03-05 20:54:51.072 [info] Getting sessions for user:email...
2025-03-05 20:54:51.072 [info] Got 1 sessions for user:email...
2025-03-05 20:54:51.072 [info] Getting sessions for user:email...
2025-03-05 20:54:51.072 [info] Got 1 sessions for user:email...
2025-03-05 20:54:51.072 [info] Getting sessions for read:user,repo,user:email,workflow...
2025-03-05 20:54:51.072 [info] Got 0 sessions for read:user,repo,user:email,workflow...
2025-03-05 20:54:51.072 [info] Getting sessions for all scopes...
2025-03-05 20:54:51.072 [info] Got 1 sessions for ...
2025-03-05 20:54:51.072 [info] Getting sessions for all scopes...
2025-03-05 20:54:51.072 [info] Got 1 sessions for ...
2025-03-05 20:54:51.072 [info] Getting sessions for read:user...
2025-03-05 20:54:51.072 [info] Got 0 sessions for read:user...
2025-03-05 20:54:51.072 [info] Getting sessions for read:user,repo,user:email,workflow...
2025-03-05 20:54:51.072 [info] Got 0 sessions for read:user,repo,user:email,workflow...
2025-03-05 20:54:51.088 [info] Getting sessions for user:email...
2025-03-05 20:54:51.088 [info] Got 1 sessions for user:email...
2025-03-05 20:54:51.089 [info] Getting sessions for user:email...
2025-03-05 20:54:51.089 [info] Got 1 sessions for user:email...
2025-03-05 20:54:51.122 [info] Getting sessions for read:user,repo,user:email,workflow...
2025-03-05 20:54:51.122 [info] Got 0 sessions for read:user,repo,user:email,workflow...
2025-03-05 20:54:51.132 [info] Getting sessions for all scopes...
2025-03-05 20:54:51.132 [info] Got 1 sessions for ...
2025-03-05 20:54:51.149 [info] Getting sessions for read:user,repo,user:email,workflow...
2025-03-05 20:54:51.149 [info] Got 0 sessions for read:user,repo,user:email,workflow...
2025-03-05 20:54:51.933 [info] Getting sessions for user:email...
2025-03-05 20:54:51.933 [info] Got 1 sessions for user:email...
2025-03-05 20:54:51.960 [info] Getting sessions for all scopes...
2025-03-05 20:54:51.960 [info] Got 1 sessions for ...
2025-03-05 20:54:51.961 [info] Getting sessions for read:user,repo,user:email,workflow...
2025-03-05 20:54:51.961 [info] Got 0 sessions for read:user,repo,user:email,workflow...
2025-03-05 20:54:51.962 [info] Getting sessions for user:email...
2025-03-05 20:54:51.962 [info] Got 1 sessions for user:email...
2025-03-05 20:54:52.062 [info] Getting sessions for all scopes...
2025-03-05 20:54:52.062 [info] Got 1 sessions for ...
2025-03-05 20:54:52.062 [info] Getting sessions for read:user,repo,user:email,workflow...
2025-03-05 20:54:52.062 [info] Got 0 sessions for read:user,repo,user:email,workflow...
2025-03-05 20:54:52.063 [info] Getting sessions for user:email...
2025-03-05 20:54:52.063 [info] Got 1 sessions for user:email...
2025-03-05 20:54:52.208 [info] Getting sessions for all scopes...
2025-03-05 20:54:52.208 [info] Got 1 sessions for ...
2025-03-05 20:54:53.283 [info] Getting sessions for all scopes...
2025-03-05 20:54:53.283 [info] Got 1 sessions for ...
2025-03-05 20:54:53.283 [info] Getting sessions for all scopes...
2025-03-05 20:54:53.283 [info] Got 1 sessions for ...
2025-03-05 20:54:53.285 [info] Getting sessions for read:user,repo,user:email,workflow...
2025-03-05 20:54:53.285 [info] Got 0 sessions for read:user,repo,user:email,workflow...
2025-03-05 20:54:53.292 [info] Getting sessions for user:email...
2025-03-05 20:54:53.292 [info] Got 1 sessions for user:email...
2025-03-05 20:54:53.294 [info] Getting sessions for all scopes...
2025-03-05 20:54:53.294 [info] Got 1 sessions for ...
2025-03-05 20:54:53.295 [info] Getting sessions for read:user,repo,user:email,workflow...
2025-03-05 20:54:53.295 [info] Got 0 sessions for read:user,repo,user:email,workflow...
2025-03-05 20:54:53.295 [info] Getting sessions for user:email...
2025-03-05 20:54:53.295 [info] Got 1 sessions for user:email...
2025-03-05 20:54:53.326 [info] Getting sessions for all scopes...
2025-03-05 20:54:53.326 [info] Got 1 sessions for ...
2025-03-05 20:54:53.326 [info] Getting sessions for read:user,repo,user:email,workflow...
2025-03-05 20:54:53.326 [info] Got 0 sessions for read:user,repo,user:email,workflow...
2025-03-05 20:54:53.327 [info] Getting sessions for user:email...
2025-03-05 20:54:53.327 [info] Got 1 sessions for user:email...
