2025-03-04 16:03:53.322 [info] Reading sessions from keychain...
2025-03-04 16:03:53.322 [info] Getting sessions for all scopes...
2025-03-04 16:03:53.322 [info] Getting sessions for all scopes...
2025-03-04 16:03:53.322 [info] Getting sessions for all scopes...
2025-03-04 16:03:53.322 [info] Getting sessions for user:email...
2025-03-04 16:03:53.322 [info] Got stored sessions!
2025-03-04 16:03:53.322 [info] Got 1 verified sessions.
2025-03-04 16:03:53.322 [info] Got 1 sessions for ...
2025-03-04 16:03:53.322 [info] Got 1 sessions for ...
2025-03-04 16:03:53.322 [info] Got 1 sessions for ...
2025-03-04 16:03:53.322 [info] Got 1 sessions for user:email...
2025-03-04 16:03:53.352 [info] Getting sessions for read:user,repo,user:email,workflow...
2025-03-04 16:03:53.352 [info] Got 0 sessions for read:user,repo,user:email,workflow...
2025-03-04 16:03:53.352 [info] Getting sessions for all scopes...
2025-03-04 16:03:53.352 [info] Got 1 sessions for ...
2025-03-04 16:03:53.353 [info] Getting sessions for all scopes...
2025-03-04 16:03:53.353 [info] Got 1 sessions for ...
2025-03-04 16:03:53.394 [info] Getting sessions for read:user...
2025-03-04 16:03:53.394 [info] Got 0 sessions for read:user...
2025-03-04 16:03:53.394 [info] Getting sessions for read:user,repo,user:email,workflow...
2025-03-04 16:03:53.394 [info] Got 0 sessions for read:user,repo,user:email,workflow...
2025-03-04 16:03:53.410 [info] Getting sessions for user:email...
2025-03-04 16:03:53.410 [info] Got 1 sessions for user:email...
2025-03-04 16:03:53.421 [info] Getting sessions for user:email...
2025-03-04 16:03:53.421 [info] Got 1 sessions for user:email...
2025-03-04 16:03:53.447 [info] Getting sessions for read:user,repo,user:email,workflow...
2025-03-04 16:03:53.447 [info] Got 0 sessions for read:user,repo,user:email,workflow...
2025-03-04 16:03:53.448 [info] Getting sessions for all scopes...
2025-03-04 16:03:53.448 [info] Got 1 sessions for ...
2025-03-04 16:03:53.468 [info] Getting sessions for read:user,repo,user:email,workflow...
2025-03-04 16:03:53.468 [info] Got 0 sessions for read:user,repo,user:email,workflow...
2025-03-04 16:03:54.261 [info] Getting sessions for user:email...
2025-03-04 16:03:54.261 [info] Got 1 sessions for user:email...
2025-03-04 16:03:54.386 [info] Getting sessions for all scopes...
2025-03-04 16:03:54.386 [info] Got 1 sessions for ...
2025-03-04 16:03:54.413 [info] Getting sessions for read:user,repo,user:email,workflow...
2025-03-04 16:03:54.413 [info] Got 0 sessions for read:user,repo,user:email,workflow...
2025-03-04 16:03:54.415 [info] Getting sessions for user:email...
2025-03-04 16:03:54.415 [info] Got 1 sessions for user:email...
2025-03-04 16:03:54.587 [info] Getting sessions for all scopes...
2025-03-04 16:03:54.587 [info] Got 1 sessions for ...
2025-03-04 16:03:55.501 [info] Getting sessions for all scopes...
2025-03-04 16:03:55.501 [info] Got 1 sessions for ...
2025-03-04 16:03:55.502 [info] Getting sessions for all scopes...
2025-03-04 16:03:55.502 [info] Got 1 sessions for ...
2025-03-04 16:03:55.502 [info] Getting sessions for read:user,repo,user:email,workflow...
2025-03-04 16:03:55.502 [info] Got 0 sessions for read:user,repo,user:email,workflow...
2025-03-04 16:03:55.517 [info] Getting sessions for user:email...
2025-03-04 16:03:55.517 [info] Got 1 sessions for user:email...
2025-03-04 16:03:55.521 [info] Getting sessions for all scopes...
2025-03-04 16:03:55.521 [info] Got 1 sessions for ...
2025-03-04 16:03:55.523 [info] Getting sessions for read:user,repo,user:email,workflow...
2025-03-04 16:03:55.523 [info] Got 0 sessions for read:user,repo,user:email,workflow...
2025-03-04 16:03:55.524 [info] Getting sessions for user:email...
2025-03-04 16:03:55.524 [info] Got 1 sessions for user:email...
2025-03-04 16:03:55.558 [info] Getting sessions for all scopes...
2025-03-04 16:03:55.558 [info] Got 1 sessions for ...
2025-03-04 16:03:55.559 [info] Getting sessions for read:user,repo,user:email,workflow...
2025-03-04 16:03:55.559 [info] Got 0 sessions for read:user,repo,user:email,workflow...
2025-03-04 16:03:55.559 [info] Getting sessions for user:email...
2025-03-04 16:03:55.559 [info] Got 1 sessions for user:email...
2025-03-04 16:18:56.749 [info] Getting sessions for all scopes...
2025-03-04 16:18:56.749 [info] Got 1 sessions for ...
2025-03-04 16:18:56.752 [info] Getting sessions for read:user,repo,user:email,workflow...
2025-03-04 16:18:56.752 [info] Got 0 sessions for read:user,repo,user:email,workflow...
2025-03-04 16:18:56.755 [info] Getting sessions for user:email...
2025-03-04 16:18:56.755 [info] Got 1 sessions for user:email...
2025-03-04 16:18:56.781 [info] Getting sessions for all scopes...
2025-03-04 16:18:56.781 [info] Got 1 sessions for ...
2025-03-04 16:18:56.783 [info] Getting sessions for read:user,repo,user:email,workflow...
2025-03-04 16:18:56.783 [info] Got 0 sessions for read:user,repo,user:email,workflow...
2025-03-04 16:18:56.784 [info] Getting sessions for user:email...
2025-03-04 16:18:56.784 [info] Got 1 sessions for user:email...
2025-03-04 20:52:06.759 [info] Getting sessions for read:user,repo,user:email,workflow...
2025-03-04 20:52:06.759 [info] Got 0 sessions for read:user,repo,user:email,workflow...
2025-03-04 20:52:06.762 [info] Getting sessions for read:user...
2025-03-04 20:52:06.762 [info] Got 0 sessions for read:user...
2025-03-04 20:52:06.763 [info] Getting sessions for user:email...
2025-03-04 20:52:06.763 [info] Got 1 sessions for user:email...
2025-03-04 20:52:07.465 [info] Getting sessions for all scopes...
2025-03-04 20:52:07.465 [info] Got 1 sessions for ...
2025-03-04 20:52:07.468 [info] Getting sessions for read:user,repo,user:email,workflow...
2025-03-04 20:52:07.468 [info] Got 0 sessions for read:user,repo,user:email,workflow...
2025-03-04 20:52:07.472 [info] Getting sessions for user:email...
2025-03-04 20:52:07.472 [info] Got 1 sessions for user:email...
2025-03-04 20:52:08.791 [info] Getting sessions for all scopes...
2025-03-04 20:52:08.791 [info] Got 1 sessions for ...
2025-03-04 20:52:08.792 [info] Getting sessions for all scopes...
2025-03-04 20:52:08.792 [info] Got 1 sessions for ...
2025-03-04 20:52:08.794 [info] Getting sessions for read:user,repo,user:email,workflow...
2025-03-04 20:52:08.794 [info] Got 0 sessions for read:user,repo,user:email,workflow...
2025-03-04 20:52:08.796 [info] Getting sessions for user:email...
2025-03-04 20:52:08.796 [info] Got 1 sessions for user:email...
2025-03-04 20:52:08.798 [info] Getting sessions for all scopes...
2025-03-04 20:52:08.798 [info] Got 1 sessions for ...
2025-03-04 20:52:08.799 [info] Getting sessions for read:user,repo,user:email,workflow...
2025-03-04 20:52:08.799 [info] Got 0 sessions for read:user,repo,user:email,workflow...
2025-03-04 20:52:08.801 [info] Getting sessions for user:email...
2025-03-04 20:52:08.801 [info] Got 1 sessions for user:email...
2025-03-04 20:52:08.807 [info] Getting sessions for all scopes...
2025-03-04 20:52:08.807 [info] Got 1 sessions for ...
2025-03-04 20:52:08.813 [info] Getting sessions for read:user,repo,user:email,workflow...
2025-03-04 20:52:08.813 [info] Got 0 sessions for read:user,repo,user:email,workflow...
2025-03-04 20:52:08.814 [info] Getting sessions for user:email...
2025-03-04 20:52:08.814 [info] Got 1 sessions for user:email...
2025-03-04 20:52:08.821 [info] Getting sessions for all scopes...
2025-03-04 20:52:08.821 [info] Got 1 sessions for ...
2025-03-04 20:52:08.822 [info] Getting sessions for read:user,repo,user:email,workflow...
2025-03-04 20:52:08.822 [info] Got 0 sessions for read:user,repo,user:email,workflow...
2025-03-04 20:52:08.823 [info] Getting sessions for user:email...
2025-03-04 20:52:08.823 [info] Got 1 sessions for user:email...
2025-03-04 20:57:10.121 [info] Getting sessions for all scopes...
2025-03-04 20:57:10.122 [info] Got 1 sessions for ...
2025-03-04 20:57:10.125 [info] Getting sessions for read:user,repo,user:email,workflow...
2025-03-04 20:57:10.125 [info] Got 0 sessions for read:user,repo,user:email,workflow...
2025-03-04 20:57:10.128 [info] Getting sessions for user:email...
2025-03-04 20:57:10.128 [info] Got 1 sessions for user:email...
2025-03-04 21:07:11.511 [info] Getting sessions for all scopes...
2025-03-04 21:07:11.511 [info] Got 1 sessions for ...
2025-03-04 21:07:11.514 [info] Getting sessions for read:user,repo,user:email,workflow...
2025-03-04 21:07:11.514 [info] Got 0 sessions for read:user,repo,user:email,workflow...
2025-03-04 21:07:11.517 [info] Getting sessions for user:email...
2025-03-04 21:07:11.517 [info] Got 1 sessions for user:email...
2025-03-04 21:07:11.520 [info] Getting sessions for all scopes...
2025-03-04 21:07:11.520 [info] Got 1 sessions for ...
2025-03-04 21:07:11.522 [info] Getting sessions for read:user,repo,user:email,workflow...
2025-03-04 21:07:11.522 [info] Got 0 sessions for read:user,repo,user:email,workflow...
2025-03-04 21:07:11.525 [info] Getting sessions for user:email...
2025-03-04 21:07:11.525 [info] Got 1 sessions for user:email...
2025-03-04 21:12:10.133 [info] Getting sessions for all scopes...
2025-03-04 21:12:10.134 [info] Got 1 sessions for ...
2025-03-04 21:12:10.137 [info] Getting sessions for read:user,repo,user:email,workflow...
2025-03-04 21:12:10.137 [info] Got 0 sessions for read:user,repo,user:email,workflow...
2025-03-04 21:12:10.140 [info] Getting sessions for user:email...
2025-03-04 21:12:10.140 [info] Got 1 sessions for user:email...
2025-03-04 21:17:07.321 [info] Getting sessions for read:user,repo,user:email,workflow...
2025-03-04 21:17:07.322 [info] Got 0 sessions for read:user,repo,user:email,workflow...
2025-03-04 21:17:07.325 [info] Getting sessions for read:user...
2025-03-04 21:17:07.325 [info] Got 0 sessions for read:user...
2025-03-04 21:17:07.327 [info] Getting sessions for user:email...
2025-03-04 21:17:07.327 [info] Got 1 sessions for user:email...
2025-03-04 21:17:08.792 [info] Getting sessions for all scopes...
2025-03-04 21:17:08.792 [info] Got 1 sessions for ...
2025-03-04 21:17:08.795 [info] Getting sessions for read:user,repo,user:email,workflow...
2025-03-04 21:17:08.795 [info] Got 0 sessions for read:user,repo,user:email,workflow...
2025-03-04 21:17:08.798 [info] Getting sessions for user:email...
2025-03-04 21:17:08.798 [info] Got 1 sessions for user:email...
2025-03-04 21:17:10.755 [info] Getting sessions for all scopes...
2025-03-04 21:17:10.755 [info] Got 1 sessions for ...
2025-03-04 21:17:10.755 [info] Getting sessions for all scopes...
2025-03-04 21:17:10.755 [info] Got 1 sessions for ...
2025-03-04 21:17:10.757 [info] Getting sessions for read:user,repo,user:email,workflow...
2025-03-04 21:17:10.757 [info] Got 0 sessions for read:user,repo,user:email,workflow...
2025-03-04 21:17:10.759 [info] Getting sessions for user:email...
2025-03-04 21:17:10.759 [info] Got 1 sessions for user:email...
2025-03-04 21:17:10.761 [info] Getting sessions for all scopes...
2025-03-04 21:17:10.761 [info] Got 1 sessions for ...
2025-03-04 21:17:10.762 [info] Getting sessions for read:user,repo,user:email,workflow...
2025-03-04 21:17:10.762 [info] Got 0 sessions for read:user,repo,user:email,workflow...
2025-03-04 21:17:10.763 [info] Getting sessions for user:email...
2025-03-04 21:17:10.763 [info] Got 1 sessions for user:email...
2025-03-04 21:17:10.770 [info] Getting sessions for all scopes...
2025-03-04 21:17:10.770 [info] Got 1 sessions for ...
2025-03-04 21:17:10.771 [info] Getting sessions for read:user,repo,user:email,workflow...
2025-03-04 21:17:10.771 [info] Got 0 sessions for read:user,repo,user:email,workflow...
2025-03-04 21:17:10.772 [info] Getting sessions for user:email...
2025-03-04 21:17:10.772 [info] Got 1 sessions for user:email...
2025-03-04 21:22:13.059 [info] Getting sessions for all scopes...
2025-03-04 21:22:13.059 [info] Got 1 sessions for ...
2025-03-04 21:22:13.062 [info] Getting sessions for read:user,repo,user:email,workflow...
2025-03-04 21:22:13.062 [info] Got 0 sessions for read:user,repo,user:email,workflow...
2025-03-04 21:22:13.064 [info] Getting sessions for user:email...
2025-03-04 21:22:13.064 [info] Got 1 sessions for user:email...
2025-03-04 21:22:13.068 [info] Getting sessions for all scopes...
2025-03-04 21:22:13.068 [info] Got 1 sessions for ...
2025-03-04 21:22:13.070 [info] Getting sessions for read:user,repo,user:email,workflow...
2025-03-04 21:22:13.070 [info] Got 0 sessions for read:user,repo,user:email,workflow...
2025-03-04 21:22:13.073 [info] Getting sessions for user:email...
2025-03-04 21:22:13.073 [info] Got 1 sessions for user:email...
