2025-03-12 10:32:45.765 [info] Reading sessions from keychain...
2025-03-12 10:32:45.765 [info] Getting sessions for all scopes...
2025-03-12 10:32:45.765 [info] Getting sessions for all scopes...
2025-03-12 10:32:45.765 [info] Got 0 sessions for ...
2025-03-12 10:32:45.765 [info] Got 0 sessions for ...
2025-03-12 10:32:45.765 [info] Getting sessions for user:email...
2025-03-12 10:32:45.765 [info] Got 0 sessions for user:email...
2025-03-12 10:32:46.463 [info] Getting sessions for read:user,repo,user:email,workflow...
2025-03-12 10:32:46.463 [info] Got 0 sessions for read:user,repo,user:email,workflow...
2025-03-12 10:32:46.464 [info] Getting sessions for all scopes...
2025-03-12 10:32:46.464 [info] Got 0 sessions for ...
2025-03-12 10:32:46.464 [info] Getting sessions for all scopes...
2025-03-12 10:32:46.464 [info] Got 0 sessions for ...
2025-03-12 10:32:46.465 [info] Getting sessions for read:user...
2025-03-12 10:32:46.465 [info] Got 0 sessions for read:user...
2025-03-12 10:32:46.465 [info] Getting sessions for user:email...
2025-03-12 10:32:46.465 [info] Got 0 sessions for user:email...
2025-03-12 10:32:46.465 [info] Getting sessions for read:user,repo,user:email,workflow...
2025-03-12 10:32:46.465 [info] Got 0 sessions for read:user,repo,user:email,workflow...
2025-03-12 10:32:46.465 [info] Getting sessions for user:email...
2025-03-12 10:32:46.465 [info] Got 0 sessions for user:email...
2025-03-12 10:32:46.465 [info] Getting sessions for all scopes...
2025-03-12 10:32:46.465 [info] Got 0 sessions for ...
2025-03-12 10:32:46.469 [info] Getting sessions for user:email...
2025-03-12 10:32:46.469 [info] Got 0 sessions for user:email...
2025-03-12 10:32:46.471 [info] Getting sessions for all scopes...
2025-03-12 10:32:46.471 [info] Got 0 sessions for ...
2025-03-12 10:32:47.173 [info] Getting sessions for user:email...
2025-03-12 10:32:47.173 [info] Got 0 sessions for user:email...
2025-03-12 10:32:47.821 [info] Getting sessions for all scopes...
2025-03-12 10:32:47.821 [info] Got 0 sessions for ...
2025-03-12 10:32:48.499 [info] Getting sessions for all scopes...
2025-03-12 10:32:48.499 [info] Got 0 sessions for ...
2025-03-12 10:32:48.501 [info] Getting sessions for user:email...
2025-03-12 10:32:48.501 [info] Got 0 sessions for user:email...
2025-03-12 10:32:48.501 [info] Getting sessions for all scopes...
2025-03-12 10:32:48.501 [info] Got 0 sessions for ...
2025-03-12 10:32:48.502 [info] Getting sessions for user:email...
2025-03-12 10:32:48.502 [info] Got 0 sessions for user:email...
