2025-03-05 21:03:41.108 [info] [main] Log level: Info
2025-03-05 21:03:41.108 [info] [main] Validating found git in: "git"
2025-03-05 21:03:41.108 [info] [main] Using git "2.47.1" from "git"
2025-03-05 21:03:41.108 [info] [Model][doInitialScan] Initial repository scan started
2025-03-05 21:03:41.108 [info] > git rev-parse --show-toplevel [6ms]
2025-03-05 21:03:41.108 [info] > git rev-parse --git-dir --git-common-dir [103ms]
2025-03-05 21:03:41.108 [info] [Model][openRepository] Opened repository: /home/JakeRA/my_project/Resume_Shortlisting
2025-03-05 21:03:41.109 [info] > git rev-parse --show-toplevel [11ms]
2025-03-05 21:03:41.109 [info] > git config --get commit.template [18ms]
2025-03-05 21:03:41.142 [info] > git rev-parse --show-toplevel [24ms]
2025-03-05 21:03:41.162 [info] > git for-each-ref --format=%(refname)%00%(upstream:short)%00%(objectname)%00%(upstream:track)%00%(upstream:remotename)%00%(upstream:remoteref) refs/heads/main refs/remotes/main [36ms]
2025-03-05 21:03:41.164 [info] > git rev-parse --show-toplevel [3ms]
2025-03-05 21:03:41.191 [info] > git status -z -uall [8ms]
2025-03-05 21:03:41.192 [info] > git rev-parse --show-toplevel [19ms]
2025-03-05 21:03:41.193 [info] [Model][doInitialScan] Initial repository scan completed - repositories (1), closed repositories (0), parent repositories (0), unsafe repositories (0)
2025-03-05 21:03:41.196 [info] > git for-each-ref --sort -committerdate --format %(refname) %(objectname) %(*objectname) [5ms]
2025-03-05 21:03:41.216 [info] > git for-each-ref --format=%(refname)%00%(upstream:short)%00%(objectname)%00%(upstream:track)%00%(upstream:remotename)%00%(upstream:remoteref) refs/heads/main refs/remotes/main [9ms]
2025-03-05 21:03:41.229 [info] > git config --local branch.main.vscode-merge-base [4ms]
2025-03-05 21:03:41.229 [warning] [Git][config] git config failed: Failed to execute git
2025-03-05 21:03:41.237 [info] > git config --get commit.template [21ms]
2025-03-05 21:03:41.249 [info] > git reflog main --grep-reflog=branch: Created from *. [12ms]
2025-03-05 21:03:41.263 [info] > git for-each-ref --format=%(refname)%00%(upstream:short)%00%(objectname)%00%(upstream:track)%00%(upstream:remotename)%00%(upstream:remoteref) refs/heads/main refs/remotes/main [14ms]
2025-03-05 21:03:41.263 [info] > git symbolic-ref --short refs/remotes/origin/HEAD [7ms]
2025-03-05 21:03:41.263 [info] fatal: ref refs/remotes/origin/HEAD is not a symbolic ref
2025-03-05 21:03:41.263 [warning] [Repository][getDefaultBranch] Failed to get default branch details: Failed to execute git.
2025-03-05 21:03:41.991 [info] > git merge-base refs/heads/main refs/remotes/origin/main [720ms]
2025-03-05 21:03:42.017 [info] > git check-ignore -v -z --stdin [8ms]
2025-03-05 21:03:42.018 [info] > git diff --name-status -z --diff-filter=ADMR 0765fc47507aa860b94c27fa6c721377bbc601dc...refs/remotes/origin/main [16ms]
2025-03-05 21:03:42.037 [info] > git status -z -uall [9ms]
2025-03-05 21:03:42.037 [info] > git for-each-ref --sort -committerdate --format %(refname) %(objectname) %(*objectname) [1ms]
