2025-03-12 09:05:16.433 [info] Reading sessions from keychain...
2025-03-12 09:05:16.433 [info] Getting sessions for all scopes...
2025-03-12 09:05:16.433 [info] Getting sessions for all scopes...
2025-03-12 09:05:16.433 [info] Getting sessions for all scopes...
2025-03-12 09:05:16.433 [info] Getting sessions for user:email...
2025-03-12 09:05:16.434 [info] Getting sessions for user:email...
2025-03-12 09:05:16.434 [info] Getting sessions for user:email...
2025-03-12 09:05:16.434 [info] Got 0 sessions for ...
2025-03-12 09:05:16.434 [info] Got 0 sessions for ...
2025-03-12 09:05:16.434 [info] Got 0 sessions for ...
2025-03-12 09:05:16.434 [info] Got 0 sessions for user:email...
2025-03-12 09:05:16.434 [info] Got 0 sessions for user:email...
2025-03-12 09:05:16.434 [info] Got 0 sessions for user:email...
2025-03-12 09:05:17.266 [info] Getting sessions for read:user,repo,user:email,workflow...
2025-03-12 09:05:17.266 [info] Got 0 sessions for read:user,repo,user:email,workflow...
2025-03-12 09:05:17.266 [info] Getting sessions for all scopes...
2025-03-12 09:05:17.266 [info] Got 0 sessions for ...
2025-03-12 09:05:17.266 [info] Getting sessions for all scopes...
2025-03-12 09:05:17.266 [info] Got 0 sessions for ...
2025-03-12 09:05:17.307 [info] Getting sessions for read:user...
2025-03-12 09:05:17.307 [info] Got 0 sessions for read:user...
2025-03-12 09:05:17.318 [info] Getting sessions for user:email...
2025-03-12 09:05:17.318 [info] Got 0 sessions for user:email...
2025-03-12 09:05:17.318 [info] Getting sessions for read:user,repo,user:email,workflow...
2025-03-12 09:05:17.318 [info] Got 0 sessions for read:user,repo,user:email,workflow...
2025-03-12 09:05:17.336 [info] Getting sessions for user:email...
2025-03-12 09:05:17.336 [info] Got 0 sessions for user:email...
2025-03-12 09:05:17.337 [info] Getting sessions for all scopes...
2025-03-12 09:05:17.337 [info] Got 0 sessions for ...
2025-03-12 09:05:17.376 [info] Getting sessions for read:user,repo,user:email,workflow...
2025-03-12 09:05:17.376 [info] Got 0 sessions for read:user,repo,user:email,workflow...
2025-03-12 09:05:17.394 [info] Getting sessions for user:email...
2025-03-12 09:05:17.394 [info] Got 0 sessions for user:email...
2025-03-12 09:05:18.169 [info] Getting sessions for all scopes...
2025-03-12 09:05:18.169 [info] Got 0 sessions for ...
2025-03-12 09:05:18.186 [info] Getting sessions for user:email...
2025-03-12 09:05:18.186 [info] Got 0 sessions for user:email...
2025-03-12 09:05:18.347 [info] Getting sessions for all scopes...
2025-03-12 09:05:18.347 [info] Got 0 sessions for ...
2025-03-12 09:05:18.348 [info] Getting sessions for user:email...
2025-03-12 09:05:18.348 [info] Got 0 sessions for user:email...
2025-03-12 09:05:18.349 [info] Getting sessions for all scopes...
2025-03-12 09:05:18.349 [info] Got 0 sessions for ...
2025-03-12 09:05:18.349 [info] Getting sessions for user:email...
2025-03-12 09:05:18.349 [info] Got 0 sessions for user:email...
2025-03-12 09:05:25.136 [info] Getting sessions for all scopes...
2025-03-12 09:05:25.136 [info] Got 0 sessions for ...
