2025-03-04 16:03:53.371 [info] [main] Log level: Info
2025-03-04 16:03:53.372 [info] [main] Validating found git in: "git"
2025-03-04 16:03:53.372 [info] [main] Using git "2.47.1" from "git"
2025-03-04 16:03:53.372 [info] [Model][doInitialScan] Initial repository scan started
2025-03-04 16:03:53.372 [info] > git rev-parse --show-toplevel [2ms]
2025-03-04 16:03:53.372 [info] > git rev-parse --git-dir --git-common-dir [14ms]
2025-03-04 16:03:53.372 [info] [Model][openRepository] Opened repository: /home/JakeRA/learning/html/Portfolio
2025-03-04 16:03:53.372 [info] > git rev-parse --show-toplevel [3ms]
2025-03-04 16:03:53.373 [info] > git config --get commit.template [12ms]
2025-03-04 16:03:53.390 [info] > git rev-parse --show-toplevel [8ms]
2025-03-04 16:03:53.393 [info] [Model][doInitialScan] Initial repository scan completed - repositories (1), closed repositories (0), parent repositories (0), unsafe repositories (0)
2025-03-04 16:03:53.394 [info] > git for-each-ref --format=%(refname)%00%(upstream:short)%00%(objectname)%00%(upstream:track)%00%(upstream:remotename)%00%(upstream:remoteref) refs/heads/main refs/remotes/main [4ms]
2025-03-04 16:03:53.410 [info] > git status -z -uall [9ms]
2025-03-04 16:03:53.410 [info] > git for-each-ref --sort -committerdate --format %(refname) %(objectname) %(*objectname) [1ms]
2025-03-04 16:03:53.430 [info] > git for-each-ref --format=%(refname)%00%(upstream:short)%00%(objectname)%00%(upstream:track)%00%(upstream:remotename)%00%(upstream:remoteref) refs/heads/main refs/remotes/main [10ms]
2025-03-04 16:03:53.439 [info] > git config --local branch.main.vscode-merge-base [1ms]
2025-03-04 16:03:53.439 [warning] [Git][config] git config failed: Failed to execute git
2025-03-04 16:03:53.447 [info] > git config --get commit.template [16ms]
2025-03-04 16:03:53.460 [info] > git for-each-ref --format=%(refname)%00%(upstream:short)%00%(objectname)%00%(upstream:track)%00%(upstream:remotename)%00%(upstream:remoteref) refs/heads/main refs/remotes/main [5ms]
2025-03-04 16:03:53.460 [info] > git reflog main --grep-reflog=branch: Created from *. [14ms]
2025-03-04 16:03:53.469 [info] > git symbolic-ref --short refs/remotes/origin/HEAD [1ms]
2025-03-04 16:03:53.469 [info] fatal: ref refs/remotes/origin/HEAD is not a symbolic ref
2025-03-04 16:03:53.469 [warning] [Repository][getDefaultBranch] Failed to get default branch details: Failed to execute git.
2025-03-04 16:03:54.213 [info] > git merge-base refs/heads/main refs/remotes/origin/main [736ms]
2025-03-04 16:03:54.260 [info] > git check-ignore -v -z --stdin [30ms]
2025-03-04 16:03:54.260 [info] > git status -z -uall [19ms]
2025-03-04 16:03:54.260 [info] > git diff --name-status -z --diff-filter=ADMR 600884ea5f976d263a4a7b39c5cc802d29e92aea...refs/remotes/origin/main [38ms]
2025-03-04 16:03:54.348 [info] > git show --textconv :style.css [7ms]
2025-03-04 16:03:54.348 [info] > git for-each-ref --sort -committerdate --format %(refname) %(objectname) %(*objectname) [100ms]
2025-03-04 16:03:54.367 [info] > git ls-files --stage -- /home/JakeRA/learning/html/Portfolio/style.css [20ms]
2025-03-04 16:03:54.386 [info] > git cat-file -s 2332ec1fe941117ba68e5dd2d5e3e2d875e549d6 [11ms]
2025-03-04 16:03:55.257 [info] > git show --textconv :index.html [8ms]
2025-03-04 16:03:55.258 [info] > git ls-files --stage -- /home/JakeRA/learning/html/Portfolio/index.html [1ms]
2025-03-04 16:03:55.265 [info] > git cat-file -s 9bfb5b6e374a539dd6e9f0eef073535917a3272a [1ms]
2025-03-04 16:03:58.272 [info] > git config --get commit.template [10ms]
2025-03-04 16:03:58.272 [info] > git for-each-ref --format=%(refname)%00%(upstream:short)%00%(objectname)%00%(upstream:track)%00%(upstream:remotename)%00%(upstream:remoteref) refs/heads/main refs/remotes/main [1ms]
2025-03-04 16:03:58.290 [info] > git status -z -uall [10ms]
2025-03-04 16:03:58.290 [info] > git for-each-ref --sort -committerdate --format %(refname) %(objectname) %(*objectname) [1ms]
2025-03-04 21:00:19.553 [info] > git show --textconv :style.css [22ms]
2025-03-04 21:00:19.554 [info] > git ls-files --stage -- /home/JakeRA/learning/html/Portfolio/style.css [2ms]
2025-03-04 21:00:19.570 [info] > git cat-file -s 2332ec1fe941117ba68e5dd2d5e3e2d875e549d6 [2ms]
2025-03-04 21:00:21.624 [info] > git show --textconv :script.js [10ms]
2025-03-04 21:00:21.625 [info] > git ls-files --stage -- /home/JakeRA/learning/html/Portfolio/script.js [1ms]
2025-03-04 21:00:21.636 [info] > git cat-file -s e7c306df7f367e6fa61b34ccaa1bf45bdb708de5 [2ms]
2025-03-04 21:05:12.403 [info] > git config --get commit.template [1ms]
2025-03-04 21:05:12.418 [info] > git for-each-ref --format=%(refname)%00%(upstream:short)%00%(objectname)%00%(upstream:track)%00%(upstream:remotename)%00%(upstream:remoteref) refs/heads/main refs/remotes/main [1ms]
2025-03-04 21:05:12.441 [info] > git status -z -uall [11ms]
2025-03-04 21:05:12.442 [info] > git for-each-ref --sort -committerdate --format %(refname) %(objectname) %(*objectname) [2ms]
2025-03-04 21:05:12.789 [info] > git show --textconv :style.css [20ms]
2025-03-04 21:05:12.790 [info] > git ls-files --stage -- /home/JakeRA/learning/html/Portfolio/style.css [2ms]
2025-03-04 21:05:12.808 [info] > git cat-file -s 2332ec1fe941117ba68e5dd2d5e3e2d875e549d6 [1ms]
2025-03-04 21:06:17.899 [info] > git show --textconv :index.html [16ms]
2025-03-04 21:06:17.900 [info] > git ls-files --stage -- /home/JakeRA/learning/html/Portfolio/index.html [1ms]
2025-03-04 21:06:17.918 [info] > git cat-file -s 9bfb5b6e374a539dd6e9f0eef073535917a3272a [1ms]
2025-03-04 21:06:21.817 [info] > git show --textconv :style.css [11ms]
2025-03-04 21:06:21.818 [info] > git ls-files --stage -- /home/JakeRA/learning/html/Portfolio/style.css [1ms]
2025-03-04 21:06:21.828 [info] > git cat-file -s 2332ec1fe941117ba68e5dd2d5e3e2d875e549d6 [1ms]
2025-03-04 21:06:45.209 [info] > git show --textconv :script.js [18ms]
2025-03-04 21:06:45.210 [info] > git ls-files --stage -- /home/JakeRA/learning/html/Portfolio/script.js [2ms]
2025-03-04 21:06:45.227 [info] > git cat-file -s e7c306df7f367e6fa61b34ccaa1bf45bdb708de5 [2ms]
2025-03-04 21:07:18.624 [info] > git config --get commit.template [3ms]
2025-03-04 21:07:18.654 [info] > git ls-files --stage -- /home/JakeRA/learning/html/Portfolio/script.js [12ms]
2025-03-04 21:07:18.665 [info] > git for-each-ref --format=%(refname)%00%(upstream:short)%00%(objectname)%00%(upstream:track)%00%(upstream:remotename)%00%(upstream:remoteref) refs/heads/main refs/remotes/main [12ms]
2025-03-04 21:07:18.666 [info] > git cat-file -s a0f80980606fe855d3f9c5d5b0a50a7d3862636b [2ms]
2025-03-04 21:07:18.705 [info] > git status -z -uall [29ms]
2025-03-04 21:07:18.705 [info] > git for-each-ref --sort -committerdate --format %(refname) %(objectname) %(*objectname) [16ms]
2025-03-04 21:07:18.726 [info] > git show --textconv :script.js [21ms]
2025-03-04 21:07:18.727 [info] > git merge-base refs/heads/main refs/remotes/origin/main [3ms]
2025-03-04 21:07:18.743 [info] > git diff --name-status -z --diff-filter=ADMR d1626736973b3a9f8f5d11f1bb68fdfa77a908dc...refs/remotes/origin/main [1ms]
2025-03-04 21:08:25.032 [info] > git config --get commit.template [1ms]
2025-03-04 21:08:25.043 [info] > git for-each-ref --format=%(refname)%00%(upstream:short)%00%(objectname)%00%(upstream:track)%00%(upstream:remotename)%00%(upstream:remoteref) refs/heads/main refs/remotes/main [1ms]
2025-03-04 21:08:25.064 [info] > git status -z -uall [11ms]
2025-03-04 21:08:25.064 [info] > git for-each-ref --sort -committerdate --format %(refname) %(objectname) %(*objectname) [1ms]
2025-03-04 21:08:26.497 [info] > git show --textconv :index.html [19ms]
2025-03-04 21:08:26.498 [info] > git ls-files --stage -- /home/JakeRA/learning/html/Portfolio/index.html [1ms]
2025-03-04 21:08:26.515 [info] > git cat-file -s 9bfb5b6e374a539dd6e9f0eef073535917a3272a [2ms]
2025-03-04 21:09:14.130 [info] > git show --textconv :script.js [15ms]
2025-03-04 21:09:14.130 [info] > git ls-files --stage -- /home/JakeRA/learning/html/Portfolio/script.js [1ms]
2025-03-04 21:09:14.149 [info] > git cat-file -s a0f80980606fe855d3f9c5d5b0a50a7d3862636b [3ms]
2025-03-04 21:09:22.303 [info] > git config --get commit.template [1ms]
2025-03-04 21:09:22.313 [info] > git for-each-ref --format=%(refname)%00%(upstream:short)%00%(objectname)%00%(upstream:track)%00%(upstream:remotename)%00%(upstream:remoteref) refs/heads/main refs/remotes/main [1ms]
2025-03-04 21:09:22.339 [info] > git status -z -uall [14ms]
2025-03-04 21:09:22.340 [info] > git for-each-ref --sort -committerdate --format %(refname) %(objectname) %(*objectname) [2ms]
2025-03-04 21:09:34.062 [info] > git show --textconv :style.css [20ms]
2025-03-04 21:09:34.064 [info] > git ls-files --stage -- /home/JakeRA/learning/html/Portfolio/style.css [2ms]
2025-03-04 21:09:34.075 [info] > git cat-file -s c9c5723b7209731fe7c1177d47eb5cf5f78c307e [1ms]
2025-03-04 21:11:50.844 [info] > git config --get commit.template [9ms]
2025-03-04 21:11:50.844 [info] > git for-each-ref --format=%(refname)%00%(upstream:short)%00%(objectname)%00%(upstream:track)%00%(upstream:remotename)%00%(upstream:remoteref) refs/heads/main refs/remotes/main [0ms]
2025-03-04 21:11:50.867 [info] > git status -z -uall [12ms]
2025-03-04 21:11:50.867 [info] > git for-each-ref --sort -committerdate --format %(refname) %(objectname) %(*objectname) [1ms]
2025-03-04 21:11:55.336 [info] > git show --textconv :script.js [17ms]
2025-03-04 21:11:55.337 [info] > git ls-files --stage -- /home/JakeRA/learning/html/Portfolio/script.js [2ms]
2025-03-04 21:11:55.349 [info] > git cat-file -s a0f80980606fe855d3f9c5d5b0a50a7d3862636b [1ms]
2025-03-04 21:11:59.482 [info] > git show --textconv :style.css [16ms]
2025-03-04 21:11:59.484 [info] > git ls-files --stage -- /home/JakeRA/learning/html/Portfolio/style.css [2ms]
2025-03-04 21:11:59.493 [info] > git cat-file -s c9c5723b7209731fe7c1177d47eb5cf5f78c307e [0ms]
2025-03-04 21:12:35.860 [info] > git config --get commit.template [14ms]
2025-03-04 21:12:35.861 [info] > git for-each-ref --format=%(refname)%00%(upstream:short)%00%(objectname)%00%(upstream:track)%00%(upstream:remotename)%00%(upstream:remoteref) refs/heads/main refs/remotes/main [2ms]
2025-03-04 21:12:35.892 [info] > git status -z -uall [15ms]
2025-03-04 21:12:35.893 [info] > git for-each-ref --sort -committerdate --format %(refname) %(objectname) %(*objectname) [1ms]
2025-03-04 21:12:47.377 [info] > git show --textconv :script.js [9ms]
2025-03-04 21:12:47.378 [info] > git ls-files --stage -- /home/JakeRA/learning/html/Portfolio/script.js [1ms]
2025-03-04 21:12:47.388 [info] > git cat-file -s a0f80980606fe855d3f9c5d5b0a50a7d3862636b [1ms]
2025-03-04 21:13:03.405 [info] > git config --get commit.template [12ms]
2025-03-04 21:13:03.406 [info] > git for-each-ref --format=%(refname)%00%(upstream:short)%00%(objectname)%00%(upstream:track)%00%(upstream:remotename)%00%(upstream:remoteref) refs/heads/main refs/remotes/main [1ms]
2025-03-04 21:13:03.428 [info] > git status -z -uall [11ms]
2025-03-04 21:13:03.429 [info] > git for-each-ref --sort -committerdate --format %(refname) %(objectname) %(*objectname) [1ms]
2025-03-04 21:13:05.547 [info] > git show --textconv :style.css [18ms]
2025-03-04 21:13:05.549 [info] > git ls-files --stage -- /home/JakeRA/learning/html/Portfolio/style.css [2ms]
2025-03-04 21:13:05.565 [info] > git cat-file -s c9c5723b7209731fe7c1177d47eb5cf5f78c307e [1ms]
2025-03-04 21:13:06.119 [info] > git show --textconv :index.html [19ms]
2025-03-04 21:13:06.121 [info] > git ls-files --stage -- /home/JakeRA/learning/html/Portfolio/index.html [2ms]
2025-03-04 21:13:06.135 [info] > git cat-file -s 9bfb5b6e374a539dd6e9f0eef073535917a3272a [1ms]
2025-03-04 21:13:11.857 [info] > git show --textconv :style.css [15ms]
2025-03-04 21:13:11.858 [info] > git ls-files --stage -- /home/JakeRA/learning/html/Portfolio/style.css [1ms]
2025-03-04 21:13:11.871 [info] > git cat-file -s c9c5723b7209731fe7c1177d47eb5cf5f78c307e [1ms]
2025-03-04 21:13:22.312 [info] > git config --get commit.template [1ms]
2025-03-04 21:13:22.324 [info] > git for-each-ref --format=%(refname)%00%(upstream:short)%00%(objectname)%00%(upstream:track)%00%(upstream:remotename)%00%(upstream:remoteref) refs/heads/main refs/remotes/main [1ms]
2025-03-04 21:13:22.352 [info] > git status -z -uall [14ms]
2025-03-04 21:13:22.353 [info] > git for-each-ref --sort -committerdate --format %(refname) %(objectname) %(*objectname) [1ms]
2025-03-04 21:27:01.618 [info] > git config --get commit.template [1ms]
2025-03-04 21:27:01.646 [info] > git ls-files --stage -- /home/JakeRA/learning/html/Portfolio/style.css [15ms]
2025-03-04 21:27:01.663 [info] > git for-each-ref --format=%(refname)%00%(upstream:short)%00%(objectname)%00%(upstream:track)%00%(upstream:remotename)%00%(upstream:remoteref) refs/heads/main refs/remotes/main [18ms]
2025-03-04 21:27:01.663 [info] > git cat-file -s e5f938534ddbb486b8f51bdfa88c438681032046 [2ms]
2025-03-04 21:27:01.706 [info] > git status -z -uall [27ms]
2025-03-04 21:27:01.706 [info] > git for-each-ref --sort -committerdate --format %(refname) %(objectname) %(*objectname) [14ms]
2025-03-04 21:27:01.723 [info] > git show --textconv :style.css [18ms]
2025-03-04 21:27:01.723 [info] > git merge-base refs/heads/main refs/remotes/origin/main [3ms]
2025-03-04 21:27:01.734 [info] > git diff --name-status -z --diff-filter=ADMR ab0e254d35ef92b263f99b4161deccb5ec4da3e9...refs/remotes/origin/main [1ms]
