2025-03-10 12:51:04.384 [info] Reading sessions from keychain...
2025-03-10 12:51:04.384 [info] Getting sessions for all scopes...
2025-03-10 12:51:04.384 [info] Getting sessions for all scopes...
2025-03-10 12:51:04.384 [info] Getting sessions for all scopes...
2025-03-10 12:51:04.384 [info] Getting sessions for user:email...
2025-03-10 12:51:04.384 [info] Getting sessions for user:email...
2025-03-10 12:51:04.384 [info] Getting sessions for user:email...
2025-03-10 12:51:04.384 [info] Got 0 sessions for ...
2025-03-10 12:51:04.384 [info] Got 0 sessions for ...
2025-03-10 12:51:04.384 [info] Got 0 sessions for ...
2025-03-10 12:51:04.384 [info] Got 0 sessions for user:email...
2025-03-10 12:51:04.384 [info] Got 0 sessions for user:email...
2025-03-10 12:51:04.384 [info] Got 0 sessions for user:email...
2025-03-10 12:51:04.384 [info] Getting sessions for read:user,repo,user:email,workflow...
2025-03-10 12:51:04.384 [info] Got 0 sessions for read:user,repo,user:email,workflow...
2025-03-10 12:51:04.384 [info] Getting sessions for all scopes...
2025-03-10 12:51:04.384 [info] Got 0 sessions for ...
2025-03-10 12:51:04.384 [info] Getting sessions for all scopes...
2025-03-10 12:51:04.384 [info] Got 0 sessions for ...
2025-03-10 12:51:04.395 [info] Getting sessions for read:user...
2025-03-10 12:51:04.395 [info] Got 0 sessions for read:user...
2025-03-10 12:51:04.395 [info] Getting sessions for user:email...
2025-03-10 12:51:04.395 [info] Got 0 sessions for user:email...
2025-03-10 12:51:04.395 [info] Getting sessions for read:user,repo,user:email,workflow...
2025-03-10 12:51:04.395 [info] Got 0 sessions for read:user,repo,user:email,workflow...
2025-03-10 12:51:04.400 [info] Getting sessions for read:user,repo,user:email,workflow...
2025-03-10 12:51:04.400 [info] Got 0 sessions for read:user,repo,user:email,workflow...
2025-03-10 12:51:04.457 [info] Getting sessions for user:email...
2025-03-10 12:51:04.457 [info] Got 0 sessions for user:email...
2025-03-10 12:51:04.458 [info] Getting sessions for all scopes...
2025-03-10 12:51:04.458 [info] Got 0 sessions for ...
2025-03-10 12:51:04.464 [info] Getting sessions for user:email...
2025-03-10 12:51:04.464 [info] Got 0 sessions for user:email...
