2025-03-09 15:33:01.491 [info] [main] Log level: Info
2025-03-09 15:33:01.491 [info] [main] Validating found git in: "git"
2025-03-09 15:33:01.491 [info] [main] Using git "2.48.1" from "git"
2025-03-09 15:33:01.491 [info] [Model][doInitialScan] Initial repository scan started
2025-03-09 15:33:01.491 [info] > git rev-parse --show-toplevel [2ms]
2025-03-09 15:33:01.491 [info] > git rev-parse --git-dir --git-common-dir [1ms]
2025-03-09 15:33:01.497 [info] [Model][openRepository] Opened repository: /home/JakeRA/.config
2025-03-09 15:33:01.504 [info] > git config --get commit.template [2ms]
2025-03-09 15:33:02.153 [info] > git for-each-ref --format=%(refname)%00%(upstream:short)%00%(objectname)%00%(upstream:track)%00%(upstream:remotename)%00%(upstream:remoteref) refs/heads/main refs/remotes/main [39ms]
2025-03-09 15:33:02.187 [info] > git for-each-ref --sort -committerdate --format %(refname) %(objectname) %(*objectname) [1ms]
2025-03-09 15:33:02.199 [info] > git status -z -uall [22ms]
2025-03-09 15:33:02.199 [info] > git rev-parse --show-toplevel [3ms]
2025-03-09 15:33:02.227 [info] > git for-each-ref --format=%(refname)%00%(upstream:short)%00%(objectname)%00%(upstream:track)%00%(upstream:remotename)%00%(upstream:remoteref) refs/heads/main refs/remotes/main [16ms]
2025-03-09 15:33:02.236 [info] > git config --local branch.main.vscode-merge-base [2ms]
2025-03-09 15:33:02.236 [warning] [Git][config] git config failed: Failed to execute git
2025-03-09 15:33:02.244 [info] > git config --get commit.template [18ms]
2025-03-09 15:33:02.245 [info] > git rev-parse --show-toplevel [26ms]
2025-03-09 15:33:02.268 [info] > git reflog main --grep-reflog=branch: Created from *. [24ms]
2025-03-09 15:33:02.282 [info] > git for-each-ref --format=%(refname)%00%(upstream:short)%00%(objectname)%00%(upstream:track)%00%(upstream:remotename)%00%(upstream:remoteref) refs/heads/main refs/remotes/main [14ms]
2025-03-09 15:33:02.282 [info] > git rev-parse --show-toplevel [27ms]
2025-03-09 15:33:02.298 [info] > git symbolic-ref --short refs/remotes/origin/HEAD [17ms]
2025-03-09 15:33:02.298 [info] fatal: ref refs/remotes/origin/HEAD is not a symbolic ref
2025-03-09 15:33:02.298 [warning] [Repository][getDefaultBranch] Failed to get default branch details: Failed to execute git.
2025-03-09 15:33:03.045 [info] > git merge-base refs/heads/main refs/remotes/origin/main [734ms]
2025-03-09 15:33:03.055 [info] > git rev-parse --show-toplevel [757ms]
2025-03-09 15:33:03.073 [info] > git check-ignore -v -z --stdin [10ms]
2025-03-09 15:33:03.073 [info] > git diff --name-status -z --diff-filter=ADMR 4e84599b3e7c8e15002300e1584f9be57b3bc984...refs/remotes/origin/main [19ms]
2025-03-09 15:33:03.091 [info] > git rev-parse --show-toplevel [18ms]
