2025-03-10 12:51:09.617 [info] Reading sessions from keychain...
2025-03-10 12:51:09.617 [info] Getting sessions for all scopes...
2025-03-10 12:51:09.617 [info] Getting sessions for all scopes...
2025-03-10 12:51:09.617 [info] Getting sessions for all scopes...
2025-03-10 12:51:09.617 [info] Getting sessions for user:email...
2025-03-10 12:51:09.617 [info] Getting sessions for user:email...
2025-03-10 12:51:09.617 [info] Getting sessions for user:email...
2025-03-10 12:51:09.617 [info] Got 0 sessions for ...
2025-03-10 12:51:09.617 [info] Got 0 sessions for ...
2025-03-10 12:51:09.618 [info] Got 0 sessions for ...
2025-03-10 12:51:09.618 [info] Got 0 sessions for user:email...
2025-03-10 12:51:09.618 [info] Got 0 sessions for user:email...
2025-03-10 12:51:09.618 [info] Got 0 sessions for user:email...
2025-03-10 12:51:10.365 [info] Getting sessions for read:user,repo,user:email,workflow...
2025-03-10 12:51:10.365 [info] Got 0 sessions for read:user,repo,user:email,workflow...
2025-03-10 12:51:10.365 [info] Getting sessions for all scopes...
2025-03-10 12:51:10.365 [info] Got 0 sessions for ...
2025-03-10 12:51:10.365 [info] Getting sessions for all scopes...
2025-03-10 12:51:10.365 [info] Got 0 sessions for ...
2025-03-10 12:51:10.407 [info] Getting sessions for read:user...
2025-03-10 12:51:10.407 [info] Got 0 sessions for read:user...
2025-03-10 12:51:10.407 [info] Getting sessions for user:email...
2025-03-10 12:51:10.407 [info] Got 0 sessions for user:email...
2025-03-10 12:51:10.407 [info] Getting sessions for read:user,repo,user:email,workflow...
2025-03-10 12:51:10.407 [info] Got 0 sessions for read:user,repo,user:email,workflow...
2025-03-10 12:51:10.428 [info] Getting sessions for user:email...
2025-03-10 12:51:10.428 [info] Got 0 sessions for user:email...
2025-03-10 12:51:10.440 [info] Getting sessions for all scopes...
2025-03-10 12:51:10.440 [info] Got 0 sessions for ...
2025-03-10 12:51:10.471 [info] Getting sessions for read:user,repo,user:email,workflow...
2025-03-10 12:51:10.471 [info] Got 0 sessions for read:user,repo,user:email,workflow...
2025-03-10 12:51:10.490 [info] Getting sessions for user:email...
2025-03-10 12:51:10.490 [info] Got 0 sessions for user:email...
2025-03-10 12:51:11.288 [info] Getting sessions for all scopes...
2025-03-10 12:51:11.288 [info] Got 0 sessions for ...
2025-03-10 12:51:11.309 [info] Getting sessions for all scopes...
2025-03-10 12:51:11.309 [info] Got 0 sessions for ...
2025-03-10 12:51:11.320 [info] Getting sessions for user:email...
2025-03-10 12:51:11.320 [info] Got 0 sessions for user:email...
2025-03-10 12:51:11.324 [info] Getting sessions for all scopes...
2025-03-10 12:51:11.324 [info] Got 0 sessions for ...
2025-03-10 12:51:11.324 [info] Getting sessions for all scopes...
2025-03-10 12:51:11.324 [info] Got 0 sessions for ...
2025-03-10 12:51:11.325 [info] Getting sessions for user:email...
2025-03-10 12:51:11.325 [info] Got 0 sessions for user:email...
2025-03-10 12:51:11.328 [info] Getting sessions for all scopes...
2025-03-10 12:51:11.328 [info] Got 0 sessions for ...
2025-03-10 12:51:11.329 [info] Getting sessions for user:email...
2025-03-10 12:51:11.329 [info] Got 0 sessions for user:email...
2025-03-10 12:51:11.489 [info] Getting sessions for all scopes...
2025-03-10 12:51:11.489 [info] Got 0 sessions for ...
