2025-03-10 12:50:47.962 [info] Reading sessions from keychain...
2025-03-10 12:50:47.962 [info] Getting sessions for all scopes...
2025-03-10 12:50:47.962 [info] Getting sessions for all scopes...
2025-03-10 12:50:47.962 [info] Getting sessions for user:email...
2025-03-10 12:50:47.962 [info] Getting sessions for all scopes...
2025-03-10 12:50:47.962 [info] Got 0 sessions for ...
2025-03-10 12:50:47.962 [info] Got 0 sessions for ...
2025-03-10 12:50:47.962 [info] Got 0 sessions for user:email...
2025-03-10 12:50:47.962 [info] Got 0 sessions for ...
2025-03-10 12:50:47.981 [info] Getting sessions for user:email...
2025-03-10 12:50:47.981 [info] Got 0 sessions for user:email...
2025-03-10 12:50:47.981 [info] Getting sessions for user:email...
2025-03-10 12:50:47.981 [info] Got 0 sessions for user:email...
2025-03-10 12:50:48.714 [info] Getting sessions for read:user,repo,user:email,workflow...
2025-03-10 12:50:48.714 [info] Got 0 sessions for read:user,repo,user:email,workflow...
2025-03-10 12:50:48.715 [info] Getting sessions for all scopes...
2025-03-10 12:50:48.715 [info] Got 0 sessions for ...
2025-03-10 12:50:48.715 [info] Getting sessions for all scopes...
2025-03-10 12:50:48.715 [info] Got 0 sessions for ...
2025-03-10 12:50:48.772 [info] Getting sessions for read:user...
2025-03-10 12:50:48.772 [info] Got 0 sessions for read:user...
2025-03-10 12:50:48.772 [info] Getting sessions for user:email...
2025-03-10 12:50:48.772 [info] Got 0 sessions for user:email...
2025-03-10 12:50:48.772 [info] Getting sessions for read:user,repo,user:email,workflow...
2025-03-10 12:50:48.772 [info] Got 0 sessions for read:user,repo,user:email,workflow...
2025-03-10 12:50:48.814 [info] Getting sessions for read:user,repo,user:email,workflow...
2025-03-10 12:50:48.814 [info] Got 0 sessions for read:user,repo,user:email,workflow...
2025-03-10 12:50:48.829 [info] Getting sessions for user:email...
2025-03-10 12:50:48.829 [info] Got 0 sessions for user:email...
2025-03-10 12:50:48.829 [info] Getting sessions for all scopes...
2025-03-10 12:50:48.829 [info] Got 0 sessions for ...
2025-03-10 12:50:48.870 [info] Getting sessions for user:email...
2025-03-10 12:50:48.870 [info] Got 0 sessions for user:email...
2025-03-10 12:50:49.631 [info] Getting sessions for all scopes...
2025-03-10 12:50:49.631 [info] Got 0 sessions for ...
2025-03-10 12:50:49.670 [info] Getting sessions for user:email...
2025-03-10 12:50:49.670 [info] Got 0 sessions for user:email...
2025-03-10 12:50:49.796 [info] Getting sessions for all scopes...
2025-03-10 12:50:49.796 [info] Got 0 sessions for ...
2025-03-10 12:50:49.796 [info] Getting sessions for user:email...
2025-03-10 12:50:49.796 [info] Got 0 sessions for user:email...
2025-03-10 12:50:49.797 [info] Getting sessions for all scopes...
2025-03-10 12:50:49.797 [info] Got 0 sessions for ...
2025-03-10 12:50:49.797 [info] Getting sessions for user:email...
2025-03-10 12:50:49.797 [info] Got 0 sessions for user:email...
2025-03-10 12:50:51.020 [info] Getting sessions for all scopes...
2025-03-10 12:50:51.020 [info] Got 0 sessions for ...
