2025-03-05 21:04:08.889 [info] [main] Log level: Info
2025-03-05 21:04:08.889 [info] [main] Validating found git in: "git"
2025-03-05 21:04:08.889 [info] [main] Using git "2.47.1" from "git"
2025-03-05 21:04:08.889 [info] [Model][doInitialScan] Initial repository scan started
2025-03-05 21:04:08.889 [info] > git rev-parse --show-toplevel [3ms]
2025-03-05 21:04:08.889 [info] [Model][doInitialScan] Initial repository scan completed - repositories (0), closed repositories (0), parent repositories (1), unsafe repositories (0)
2025-03-05 21:04:09.547 [info] > git rev-parse --show-toplevel [63ms]
2025-03-05 21:04:10.823 [info] > git rev-parse --show-toplevel [1ms]
2025-03-05 21:10:54.317 [info] > git rev-parse --show-toplevel [1ms]
2025-03-05 21:10:55.997 [info] > git rev-parse --show-toplevel [1ms]
2025-03-05 21:10:59.495 [info] > git rev-parse --show-toplevel [2ms]
2025-03-05 21:11:08.353 [info] > git rev-parse --show-toplevel [2ms]
2025-03-05 21:11:33.128 [info] > git rev-parse --show-toplevel [3ms]
2025-03-05 21:11:38.637 [info] > git rev-parse --show-toplevel [4ms]
2025-03-05 21:12:51.190 [info] > git rev-parse --show-toplevel [2ms]
2025-03-05 21:16:14.464 [info] > git rev-parse --show-toplevel [2ms]
2025-03-05 21:16:20.522 [info] > git rev-parse --show-toplevel [2ms]
2025-03-05 21:16:26.520 [info] > git rev-parse --show-toplevel [2ms]
2025-03-05 21:16:34.551 [info] > git rev-parse --show-toplevel [2ms]
2025-03-05 21:16:40.362 [info] > git rev-parse --show-toplevel [1ms]
2025-03-05 21:16:47.480 [info] > git rev-parse --show-toplevel [2ms]
2025-03-05 21:18:49.812 [info] > git rev-parse --show-toplevel [1ms]
