2025-03-06 20:57:57.644 [info] [main] Log level: Info
2025-03-06 20:57:57.644 [info] [main] Validating found git in: "git"
2025-03-06 20:57:57.644 [info] [main] Using git "2.47.1" from "git"
2025-03-06 20:57:57.644 [info] [Model][doInitialScan] Initial repository scan started
2025-03-06 20:57:57.644 [info] > git rev-parse --show-toplevel [2ms]
2025-03-06 20:57:57.644 [info] > git rev-parse --git-dir --git-common-dir [12ms]
2025-03-06 20:57:57.644 [info] [Model][openRepository] Opened repository: /home/JakeRA/learning/html/Portfolio
2025-03-06 20:57:57.645 [info] > git rev-parse --show-toplevel [17ms]
2025-03-06 20:57:57.645 [info] > git config --get commit.template [24ms]
2025-03-06 20:57:57.669 [info] > git rev-parse --show-toplevel [10ms]
2025-03-06 20:57:57.670 [info] [Model][doInitialScan] Initial repository scan completed - repositories (1), closed repositories (0), parent repositories (0), unsafe repositories (0)
2025-03-06 20:57:57.672 [info] > git for-each-ref --format=%(refname)%00%(upstream:short)%00%(objectname)%00%(upstream:track)%00%(upstream:remotename)%00%(upstream:remoteref) refs/heads/main refs/remotes/main [4ms]
2025-03-06 20:57:57.692 [info] > git status -z -uall [11ms]
2025-03-06 20:57:57.692 [info] > git for-each-ref --sort -committerdate --format %(refname) %(objectname) %(*objectname) [2ms]
2025-03-06 20:57:57.718 [info] > git for-each-ref --format=%(refname)%00%(upstream:short)%00%(objectname)%00%(upstream:track)%00%(upstream:remotename)%00%(upstream:remoteref) refs/heads/main refs/remotes/main [11ms]
2025-03-06 20:57:57.726 [info] > git config --get commit.template [9ms]
2025-03-06 20:57:57.811 [info] > git config --local branch.main.vscode-merge-base [86ms]
2025-03-06 20:57:57.811 [warning] [Git][config] git config failed: Failed to execute git
2025-03-06 20:57:57.845 [info] > git reflog main --grep-reflog=branch: Created from *. [26ms]
2025-03-06 20:57:57.855 [info] > git symbolic-ref --short refs/remotes/origin/HEAD [3ms]
2025-03-06 20:57:57.855 [info] fatal: ref refs/remotes/origin/HEAD is not a symbolic ref
2025-03-06 20:57:57.855 [warning] [Repository][getDefaultBranch] Failed to get default branch details: Failed to execute git.
2025-03-06 20:57:57.864 [info] > git for-each-ref --format=%(refname)%00%(upstream:short)%00%(objectname)%00%(upstream:track)%00%(upstream:remotename)%00%(upstream:remoteref) refs/heads/main refs/remotes/main [20ms]
2025-03-06 20:57:57.865 [info] > git merge-base refs/heads/main refs/remotes/origin/main [2ms]
2025-03-06 20:57:57.904 [info] > git diff --name-status -z --diff-filter=ADMR ab0e254d35ef92b263f99b4161deccb5ec4da3e9...refs/remotes/origin/main [31ms]
2025-03-06 20:57:57.919 [info] > git status -z -uall [7ms]
2025-03-06 20:57:57.920 [info] > git for-each-ref --sort -committerdate --format %(refname) %(objectname) %(*objectname) [1ms]
2025-03-06 20:57:58.674 [info] > git check-ignore -v -z --stdin [11ms]
2025-03-06 20:58:00.762 [info] > git show --textconv :index.html [8ms]
2025-03-06 20:58:00.762 [info] > git ls-files --stage -- /home/JakeRA/learning/html/Portfolio/index.html [1ms]
2025-03-06 20:58:00.772 [info] > git cat-file -s 9bfb5b6e374a539dd6e9f0eef073535917a3272a [1ms]
2025-03-06 21:02:00.443 [info] > git config --get commit.template [21ms]
2025-03-06 21:02:00.443 [info] > git for-each-ref --format=%(refname)%00%(upstream:short)%00%(objectname)%00%(upstream:track)%00%(upstream:remotename)%00%(upstream:remoteref) refs/heads/main refs/remotes/main [1ms]
2025-03-06 21:02:00.471 [info] > git status -z -uall [11ms]
2025-03-06 21:02:00.471 [info] > git for-each-ref --sort -committerdate --format %(refname) %(objectname) %(*objectname) [2ms]
2025-03-06 21:03:18.229 [info] > git config --get commit.template [18ms]
2025-03-06 21:03:18.230 [info] > git for-each-ref --format=%(refname)%00%(upstream:short)%00%(objectname)%00%(upstream:track)%00%(upstream:remotename)%00%(upstream:remoteref) refs/heads/main refs/remotes/main [2ms]
2025-03-06 21:03:18.264 [info] > git status -z -uall [18ms]
2025-03-06 21:03:18.265 [info] > git for-each-ref --sort -committerdate --format %(refname) %(objectname) %(*objectname) [2ms]
2025-03-06 21:03:35.603 [info] > git config --get commit.template [19ms]
2025-03-06 21:03:35.618 [info] > git ls-files --stage -- /home/JakeRA/learning/html/Portfolio/index.html [16ms]
2025-03-06 21:03:35.630 [info] > git for-each-ref --format=%(refname)%00%(upstream:short)%00%(objectname)%00%(upstream:track)%00%(upstream:remotename)%00%(upstream:remoteref) refs/heads/main refs/remotes/main [13ms]
2025-03-06 21:03:35.630 [info] > git cat-file -s d86efee551cc5411ba5d88c694c177bd0d24a440 [1ms]
2025-03-06 21:03:35.678 [info] > git status -z -uall [34ms]
2025-03-06 21:03:35.678 [info] > git for-each-ref --sort -committerdate --format %(refname) %(objectname) %(*objectname) [18ms]
2025-03-06 21:03:35.697 [info] > git show --textconv :index.html [20ms]
2025-03-06 21:03:35.697 [info] > git merge-base refs/heads/main refs/remotes/origin/main [2ms]
2025-03-06 21:03:35.709 [info] > git diff --name-status -z --diff-filter=ADMR ffc0266c837097ac92c927ee43678c5a828059cd...refs/remotes/origin/main [1ms]
2025-03-06 21:07:29.069 [info] > git config --get commit.template [13ms]
2025-03-06 21:07:29.081 [info] > git ls-files --stage -- /home/JakeRA/learning/html/Portfolio/index.html [12ms]
2025-03-06 21:07:29.091 [info] > git for-each-ref --format=%(refname)%00%(upstream:short)%00%(objectname)%00%(upstream:track)%00%(upstream:remotename)%00%(upstream:remoteref) refs/heads/main refs/remotes/main [11ms]
2025-03-06 21:07:29.092 [info] > git cat-file -s d86efee551cc5411ba5d88c694c177bd0d24a440 [1ms]
2025-03-06 21:07:29.127 [info] > git show --textconv :index.html [23ms]
2025-03-06 21:07:29.127 [info] > git status -z -uall [14ms]
2025-03-06 21:07:29.129 [info] > git for-each-ref --sort -committerdate --format %(refname) %(objectname) %(*objectname) [2ms]
2025-03-06 21:09:47.123 [info] > git config --get commit.template [1ms]
2025-03-06 21:09:47.135 [info] > git for-each-ref --format=%(refname)%00%(upstream:short)%00%(objectname)%00%(upstream:track)%00%(upstream:remotename)%00%(upstream:remoteref) refs/heads/main refs/remotes/main [1ms]
2025-03-06 21:09:47.163 [info] > git status -z -uall [14ms]
2025-03-06 21:09:47.164 [info] > git for-each-ref --sort -committerdate --format %(refname) %(objectname) %(*objectname) [1ms]
2025-03-06 21:13:45.978 [info] > git check-ignore -v -z --stdin [1ms]
2025-03-06 21:17:00.154 [info] > git config --get commit.template [12ms]
2025-03-06 21:17:00.154 [info] > git ls-files --stage -- /home/JakeRA/learning/html/Portfolio/index.html [1ms]
2025-03-06 21:17:00.177 [info] > git cat-file -s 4a3d99649fc5c801caaa08a80a53df9390e3a5c9 [11ms]
2025-03-06 21:17:00.178 [info] > git for-each-ref --format=%(refname)%00%(upstream:short)%00%(objectname)%00%(upstream:track)%00%(upstream:remotename)%00%(upstream:remoteref) refs/heads/main refs/remotes/main [1ms]
2025-03-06 21:17:00.211 [info] > git show --textconv :index.html [20ms]
2025-03-06 21:17:00.211 [info] > git status -z -uall [11ms]
2025-03-06 21:17:00.212 [info] > git for-each-ref --sort -committerdate --format %(refname) %(objectname) %(*objectname) [1ms]
2025-03-06 21:17:00.225 [info] > git merge-base refs/heads/main refs/remotes/origin/main [1ms]
2025-03-06 21:17:00.234 [info] > git diff --name-status -z --diff-filter=ADMR 086a500d386b3056fdc56c886131c18cb3e91379...refs/remotes/origin/main [1ms]
2025-03-06 21:17:51.892 [info] > git config --get commit.template [16ms]
2025-03-06 21:17:51.892 [info] > git for-each-ref --format=%(refname)%00%(upstream:short)%00%(objectname)%00%(upstream:track)%00%(upstream:remotename)%00%(upstream:remoteref) refs/heads/main refs/remotes/main [1ms]
2025-03-06 21:17:51.914 [info] > git status -z -uall [11ms]
2025-03-06 21:17:51.915 [info] > git for-each-ref --sort -committerdate --format %(refname) %(objectname) %(*objectname) [1ms]
2025-03-06 21:19:09.614 [info] > git config --get commit.template [10ms]
2025-03-06 21:19:09.615 [info] > git for-each-ref --format=%(refname)%00%(upstream:short)%00%(objectname)%00%(upstream:track)%00%(upstream:remotename)%00%(upstream:remoteref) refs/heads/main refs/remotes/main [1ms]
2025-03-06 21:19:09.638 [info] > git status -z -uall [11ms]
2025-03-06 21:19:09.638 [info] > git for-each-ref --sort -committerdate --format %(refname) %(objectname) %(*objectname) [1ms]
2025-03-06 21:19:24.723 [info] > git config --get commit.template [11ms]
2025-03-06 21:19:24.724 [info] > git for-each-ref --format=%(refname)%00%(upstream:short)%00%(objectname)%00%(upstream:track)%00%(upstream:remotename)%00%(upstream:remoteref) refs/heads/main refs/remotes/main [1ms]
2025-03-06 21:19:24.746 [info] > git status -z -uall [12ms]
2025-03-06 21:19:24.746 [info] > git for-each-ref --sort -committerdate --format %(refname) %(objectname) %(*objectname) [1ms]
2025-03-06 21:21:51.488 [info] > git config --get commit.template [14ms]
2025-03-06 21:21:51.488 [info] > git for-each-ref --format=%(refname)%00%(upstream:short)%00%(objectname)%00%(upstream:track)%00%(upstream:remotename)%00%(upstream:remoteref) refs/heads/main refs/remotes/main [1ms]
2025-03-06 21:21:51.510 [info] > git status -z -uall [9ms]
2025-03-06 21:21:51.511 [info] > git for-each-ref --sort -committerdate --format %(refname) %(objectname) %(*objectname) [1ms]
2025-03-06 21:22:04.066 [info] > git config --get commit.template [1ms]
2025-03-06 21:22:04.080 [info] > git for-each-ref --format=%(refname)%00%(upstream:short)%00%(objectname)%00%(upstream:track)%00%(upstream:remotename)%00%(upstream:remoteref) refs/heads/main refs/remotes/main [2ms]
2025-03-06 21:22:04.105 [info] > git status -z -uall [12ms]
2025-03-06 21:22:04.106 [info] > git for-each-ref --sort -committerdate --format %(refname) %(objectname) %(*objectname) [2ms]
2025-03-06 21:22:09.505 [info] > git show --textconv :script.js [11ms]
2025-03-06 21:22:09.506 [info] > git ls-files --stage -- /home/JakeRA/learning/html/Portfolio/script.js [2ms]
2025-03-06 21:22:09.519 [info] > git cat-file -s 7006352173f5f9cb4b27a6b1e73451897b7131b5 [1ms]
2025-03-06 21:22:18.322 [info] > git config --get commit.template [13ms]
2025-03-06 21:22:18.323 [info] > git for-each-ref --format=%(refname)%00%(upstream:short)%00%(objectname)%00%(upstream:track)%00%(upstream:remotename)%00%(upstream:remoteref) refs/heads/main refs/remotes/main [1ms]
2025-03-06 21:22:18.342 [info] > git status -z -uall [8ms]
2025-03-06 21:22:18.343 [info] > git for-each-ref --sort -committerdate --format %(refname) %(objectname) %(*objectname) [1ms]
2025-03-06 21:22:24.361 [info] > git show --textconv :style.css [12ms]
2025-03-06 21:22:24.362 [info] > git ls-files --stage -- /home/JakeRA/learning/html/Portfolio/style.css [1ms]
2025-03-06 21:22:24.375 [info] > git cat-file -s e5f938534ddbb486b8f51bdfa88c438681032046 [1ms]
2025-03-06 21:22:50.369 [info] > git config --get commit.template [2ms]
2025-03-06 21:22:50.381 [info] > git for-each-ref --format=%(refname)%00%(upstream:short)%00%(objectname)%00%(upstream:track)%00%(upstream:remotename)%00%(upstream:remoteref) refs/heads/main refs/remotes/main [2ms]
2025-03-06 21:22:50.408 [info] > git status -z -uall [13ms]
2025-03-06 21:22:50.409 [info] > git for-each-ref --sort -committerdate --format %(refname) %(objectname) %(*objectname) [1ms]
2025-03-06 21:23:00.852 [info] > git config --get commit.template [4ms]
2025-03-06 21:23:00.876 [info] > git for-each-ref --format=%(refname)%00%(upstream:short)%00%(objectname)%00%(upstream:track)%00%(upstream:remotename)%00%(upstream:remoteref) refs/heads/main refs/remotes/main [5ms]
2025-03-06 21:23:00.915 [info] > git status -z -uall [18ms]
2025-03-06 21:23:00.917 [info] > git for-each-ref --sort -committerdate --format %(refname) %(objectname) %(*objectname) [3ms]
2025-03-06 21:23:52.044 [info] > git config --get commit.template [15ms]
2025-03-06 21:23:52.044 [info] > git for-each-ref --format=%(refname)%00%(upstream:short)%00%(objectname)%00%(upstream:track)%00%(upstream:remotename)%00%(upstream:remoteref) refs/heads/main refs/remotes/main [1ms]
2025-03-06 21:23:52.072 [info] > git status -z -uall [15ms]
2025-03-06 21:23:52.073 [info] > git for-each-ref --sort -committerdate --format %(refname) %(objectname) %(*objectname) [2ms]
2025-03-06 21:24:34.860 [info] > git config --get commit.template [12ms]
2025-03-06 21:24:34.861 [info] > git for-each-ref --format=%(refname)%00%(upstream:short)%00%(objectname)%00%(upstream:track)%00%(upstream:remotename)%00%(upstream:remoteref) refs/heads/main refs/remotes/main [2ms]
2025-03-06 21:24:34.885 [info] > git status -z -uall [12ms]
2025-03-06 21:24:34.886 [info] > git for-each-ref --sort -committerdate --format %(refname) %(objectname) %(*objectname) [1ms]
2025-03-06 21:24:47.322 [info] > git config --get commit.template [0ms]
2025-03-06 21:24:47.335 [info] > git for-each-ref --format=%(refname)%00%(upstream:short)%00%(objectname)%00%(upstream:track)%00%(upstream:remotename)%00%(upstream:remoteref) refs/heads/main refs/remotes/main [1ms]
2025-03-06 21:24:47.360 [info] > git status -z -uall [13ms]
2025-03-06 21:24:47.360 [info] > git for-each-ref --sort -committerdate --format %(refname) %(objectname) %(*objectname) [1ms]
2025-03-06 21:24:58.733 [info] > git config --get commit.template [0ms]
2025-03-06 21:24:58.745 [info] > git for-each-ref --format=%(refname)%00%(upstream:short)%00%(objectname)%00%(upstream:track)%00%(upstream:remotename)%00%(upstream:remoteref) refs/heads/main refs/remotes/main [0ms]
2025-03-06 21:24:58.768 [info] > git status -z -uall [11ms]
2025-03-06 21:24:58.769 [info] > git for-each-ref --sort -committerdate --format %(refname) %(objectname) %(*objectname) [1ms]
2025-03-06 21:25:25.266 [info] > git config --get commit.template [14ms]
2025-03-06 21:25:25.267 [info] > git for-each-ref --format=%(refname)%00%(upstream:short)%00%(objectname)%00%(upstream:track)%00%(upstream:remotename)%00%(upstream:remoteref) refs/heads/main refs/remotes/main [1ms]
2025-03-06 21:25:25.304 [info] > git status -z -uall [20ms]
2025-03-06 21:25:25.306 [info] > git for-each-ref --sort -committerdate --format %(refname) %(objectname) %(*objectname) [3ms]
2025-03-06 21:25:28.462 [info] > git show --textconv :index.html [17ms]
2025-03-06 21:25:28.463 [info] > git ls-files --stage -- /home/JakeRA/learning/html/Portfolio/index.html [2ms]
2025-03-06 21:25:28.484 [info] > git cat-file -s 4a3d99649fc5c801caaa08a80a53df9390e3a5c9 [1ms]
2025-03-06 21:25:35.061 [info] > git config --get commit.template [19ms]
2025-03-06 21:25:35.062 [info] > git for-each-ref --format=%(refname)%00%(upstream:short)%00%(objectname)%00%(upstream:track)%00%(upstream:remotename)%00%(upstream:remoteref) refs/heads/main refs/remotes/main [2ms]
2025-03-06 21:25:35.100 [info] > git status -z -uall [19ms]
2025-03-06 21:25:35.100 [info] > git for-each-ref --sort -committerdate --format %(refname) %(objectname) %(*objectname) [1ms]
2025-03-06 21:27:37.831 [info] > git config --get commit.template [12ms]
2025-03-06 21:27:37.832 [info] > git for-each-ref --format=%(refname)%00%(upstream:short)%00%(objectname)%00%(upstream:track)%00%(upstream:remotename)%00%(upstream:remoteref) refs/heads/main refs/remotes/main [2ms]
2025-03-06 21:27:37.854 [info] > git status -z -uall [11ms]
2025-03-06 21:27:37.854 [info] > git for-each-ref --sort -committerdate --format %(refname) %(objectname) %(*objectname) [1ms]
2025-03-06 21:29:15.079 [info] > git config --get commit.template [10ms]
2025-03-06 21:29:15.080 [info] > git for-each-ref --format=%(refname)%00%(upstream:short)%00%(objectname)%00%(upstream:track)%00%(upstream:remotename)%00%(upstream:remoteref) refs/heads/main refs/remotes/main [0ms]
2025-03-06 21:29:15.100 [info] > git status -z -uall [11ms]
2025-03-06 21:29:15.100 [info] > git for-each-ref --sort -committerdate --format %(refname) %(objectname) %(*objectname) [1ms]
2025-03-06 21:29:15.124 [info] > git ls-files --stage -- /home/JakeRA/learning/html/Portfolio/index.html [1ms]
2025-03-06 21:29:15.132 [info] > git merge-base refs/heads/main refs/remotes/origin/main [20ms]
2025-03-06 21:29:15.147 [info] > git cat-file -s f0ff99b4348ae6d8875ad065e65e00061424361e [15ms]
2025-03-06 21:29:15.148 [info] > git diff --name-status -z --diff-filter=ADMR 922ce3a3d2c8695b5dfec410da0fde970db2bc90...refs/remotes/origin/main [2ms]
2025-03-06 21:29:15.162 [info] > git show --textconv :index.html [1ms]
