2025-03-07 20:27:53.321 [info] Using settings sync service https://vscode-sync.trafficmanager.net/
2025-03-07 20:27:53.321 [info] Auto Sync is enabled.
2025-03-07 20:27:53.321 [info] Auto Sync: Suspended until auth token is available.
2025-03-07 20:27:54.572 [info] Auto Sync: Triggered by Interval
2025-03-07 20:27:54.573 [info] Sync started.
2025-03-07 20:27:55.233 [info] Settings: No changes found during synchronizing settings.
2025-03-07 20:27:55.237 [info] Keybindings: No changes found during synchronizing keybindings.
2025-03-07 20:27:55.239 [info] Snippets: No changes found during synchronizing snippets.
2025-03-07 20:27:55.240 [info] Tasks: No changes found during synchronizing tasks.
2025-03-07 20:27:55.242 [info] GlobalState: No changes found during synchronizing ui state.
2025-03-07 20:27:55.266 [info] Extensions: No changes found during synchronizing extensions.
2025-03-07 20:27:55.268 [info] Profiles: No changes found during synchronizing profiles.
2025-03-07 20:27:55.270 [info] Sync done. Took 698ms
2025-03-07 20:28:45.263 [info] Auto Sync: Triggered by Activity
2025-03-07 20:28:45.264 [info] Sync started.
2025-03-07 20:28:45.371 [info] Settings: No changes found during synchronizing settings.
2025-03-07 20:28:45.375 [info] Keybindings: No changes found during synchronizing keybindings.
2025-03-07 20:28:45.380 [info] Snippets: No changes found during synchronizing snippets.
2025-03-07 20:28:45.385 [info] Tasks: No changes found during synchronizing tasks.
2025-03-07 20:28:45.391 [info] GlobalState: No changes found during synchronizing ui state.
2025-03-07 20:28:45.458 [info] Extensions: No changes found during synchronizing extensions.
2025-03-07 20:28:45.460 [info] Profiles: No changes found during synchronizing profiles.
2025-03-07 20:28:45.461 [info] Sync done. Took 199ms
2025-03-07 20:29:07.974 [info] Auto Sync: Triggered by Activity
2025-03-07 20:29:07.974 [info] Sync started.
2025-03-07 20:29:08.104 [info] Settings: No changes found during synchronizing settings.
2025-03-07 20:29:08.108 [info] Keybindings: No changes found during synchronizing keybindings.
2025-03-07 20:29:08.111 [info] Snippets: No changes found during synchronizing snippets.
2025-03-07 20:29:08.115 [info] Tasks: No changes found during synchronizing tasks.
2025-03-07 20:29:08.118 [info] GlobalState: No changes found during synchronizing ui state.
2025-03-07 20:29:08.155 [info] Extensions: No changes found during synchronizing extensions.
2025-03-07 20:29:08.156 [info] Profiles: No changes found during synchronizing profiles.
2025-03-07 20:29:08.157 [info] Sync done. Took 184ms
2025-03-07 20:29:32.239 [info] Auto Sync: Triggered by Activity
2025-03-07 20:29:32.241 [info] Sync started.
2025-03-07 20:29:32.334 [info] Settings: No changes found during synchronizing settings.
2025-03-07 20:29:32.337 [info] Keybindings: No changes found during synchronizing keybindings.
2025-03-07 20:29:32.339 [info] Snippets: No changes found during synchronizing snippets.
2025-03-07 20:29:32.341 [info] Tasks: No changes found during synchronizing tasks.
2025-03-07 20:29:32.342 [info] GlobalState: No changes found during synchronizing ui state.
2025-03-07 20:29:32.374 [info] Extensions: No changes found during synchronizing extensions.
2025-03-07 20:29:32.375 [info] Profiles: No changes found during synchronizing profiles.
2025-03-07 20:29:32.375 [info] Sync done. Took 138ms
2025-03-07 20:32:47.928 [info] Auto Sync: Triggered by Activity
2025-03-07 20:32:47.929 [info] Sync started.
2025-03-07 20:32:48.318 [info] Settings: No changes found during synchronizing settings.
2025-03-07 20:32:48.324 [info] Keybindings: No changes found during synchronizing keybindings.
2025-03-07 20:32:48.330 [info] Snippets: No changes found during synchronizing snippets.
2025-03-07 20:32:48.334 [info] Tasks: No changes found during synchronizing tasks.
2025-03-07 20:32:48.339 [info] GlobalState: No changes found during synchronizing ui state.
2025-03-07 20:32:48.375 [info] Extensions: No changes found during synchronizing extensions.
2025-03-07 20:32:48.377 [info] Profiles: No changes found during synchronizing profiles.
2025-03-07 20:32:48.377 [info] Sync done. Took 451ms
2025-03-07 20:32:59.520 [info] Auto Sync: Triggered by Activity
2025-03-07 20:32:59.520 [info] Sync started.
2025-03-07 20:32:59.628 [info] Settings: No changes found during synchronizing settings.
2025-03-07 20:32:59.634 [info] Keybindings: No changes found during synchronizing keybindings.
2025-03-07 20:32:59.638 [info] Snippets: No changes found during synchronizing snippets.
2025-03-07 20:32:59.642 [info] Tasks: No changes found during synchronizing tasks.
2025-03-07 20:32:59.645 [info] GlobalState: No changes found during synchronizing ui state.
2025-03-07 20:32:59.690 [info] Extensions: No changes found during synchronizing extensions.
2025-03-07 20:32:59.691 [info] Profiles: No changes found during synchronizing profiles.
2025-03-07 20:32:59.693 [info] Sync done. Took 176ms
2025-03-07 20:33:37.879 [info] Auto Sync: Triggered by Activity
2025-03-07 20:33:37.879 [info] Sync started.
2025-03-07 20:33:38.032 [info] Settings: No changes found during synchronizing settings.
2025-03-07 20:33:38.039 [info] Keybindings: No changes found during synchronizing keybindings.
2025-03-07 20:33:38.045 [info] Snippets: No changes found during synchronizing snippets.
2025-03-07 20:33:38.051 [info] Tasks: No changes found during synchronizing tasks.
2025-03-07 20:33:38.058 [info] GlobalState: No changes found during synchronizing ui state.
2025-03-07 20:33:38.094 [info] Extensions: No changes found during synchronizing extensions.
2025-03-07 20:33:38.095 [info] Profiles: No changes found during synchronizing profiles.
2025-03-07 20:33:38.096 [info] Sync done. Took 220ms
2025-03-07 20:33:56.383 [info] Auto Sync: Triggered by Activity
2025-03-07 20:33:56.383 [info] Sync started.
2025-03-07 20:33:56.563 [info] Settings: No changes found during synchronizing settings.
2025-03-07 20:33:56.569 [info] Keybindings: No changes found during synchronizing keybindings.
2025-03-07 20:33:56.574 [info] Snippets: No changes found during synchronizing snippets.
2025-03-07 20:33:56.578 [info] Tasks: No changes found during synchronizing tasks.
2025-03-07 20:33:56.583 [info] GlobalState: No changes found during synchronizing ui state.
2025-03-07 20:33:56.632 [info] Extensions: No changes found during synchronizing extensions.
2025-03-07 20:33:56.634 [info] Profiles: No changes found during synchronizing profiles.
2025-03-07 20:33:56.635 [info] Sync done. Took 253ms
2025-03-07 20:34:20.909 [info] Auto Sync: Triggered by Activity
2025-03-07 20:34:20.909 [info] Sync started.
2025-03-07 20:34:20.993 [info] Settings: No changes found during synchronizing settings.
2025-03-07 20:34:20.997 [info] Keybindings: No changes found during synchronizing keybindings.
2025-03-07 20:34:20.999 [info] Snippets: No changes found during synchronizing snippets.
2025-03-07 20:34:21.002 [info] Tasks: No changes found during synchronizing tasks.
2025-03-07 20:34:21.005 [info] GlobalState: No changes found during synchronizing ui state.
2025-03-07 20:34:21.052 [info] Extensions: No changes found during synchronizing extensions.
2025-03-07 20:34:21.053 [info] Profiles: No changes found during synchronizing profiles.
2025-03-07 20:34:21.054 [info] Sync done. Took 147ms
2025-03-07 20:34:53.352 [info] Auto Sync: Triggered by Activity
2025-03-07 20:34:53.352 [info] Sync started.
2025-03-07 20:34:53.505 [info] Settings: No changes found during synchronizing settings.
2025-03-07 20:34:53.510 [info] Keybindings: No changes found during synchronizing keybindings.
2025-03-07 20:34:53.515 [info] Snippets: No changes found during synchronizing snippets.
2025-03-07 20:34:53.519 [info] Tasks: No changes found during synchronizing tasks.
2025-03-07 20:34:53.524 [info] GlobalState: No changes found during synchronizing ui state.
2025-03-07 20:34:53.553 [info] Extensions: No changes found during synchronizing extensions.
2025-03-07 20:34:53.555 [info] Profiles: No changes found during synchronizing profiles.
2025-03-07 20:34:53.555 [info] Sync done. Took 205ms
2025-03-07 20:35:09.454 [info] Auto Sync: Triggered by Activity
2025-03-07 20:35:09.454 [info] Sync started.
2025-03-07 20:35:09.577 [info] Settings: No changes found during synchronizing settings.
2025-03-07 20:35:09.580 [info] Keybindings: No changes found during synchronizing keybindings.
2025-03-07 20:35:09.584 [info] Snippets: No changes found during synchronizing snippets.
2025-03-07 20:35:09.586 [info] Tasks: No changes found during synchronizing tasks.
2025-03-07 20:35:09.590 [info] GlobalState: No changes found during synchronizing ui state.
2025-03-07 20:35:09.629 [info] Extensions: No changes found during synchronizing extensions.
2025-03-07 20:35:09.631 [info] Profiles: No changes found during synchronizing profiles.
2025-03-07 20:35:09.632 [info] Sync done. Took 179ms
2025-03-07 20:38:25.559 [info] Auto Sync: Triggered by Activity
2025-03-07 20:38:25.559 [info] Sync started.
2025-03-07 20:38:26.284 [info] Settings: No changes found during synchronizing settings.
2025-03-07 20:38:26.288 [info] Keybindings: No changes found during synchronizing keybindings.
2025-03-07 20:38:26.294 [info] Snippets: No changes found during synchronizing snippets.
2025-03-07 20:38:26.298 [info] Tasks: No changes found during synchronizing tasks.
2025-03-07 20:38:26.303 [info] GlobalState: No changes found during synchronizing ui state.
2025-03-07 20:38:26.338 [info] Extensions: No changes found during synchronizing extensions.
2025-03-07 20:38:26.339 [info] Profiles: No changes found during synchronizing profiles.
2025-03-07 20:38:26.340 [info] Sync done. Took 782ms
2025-03-07 20:38:51.471 [info] Auto Sync: Triggered by Activity
2025-03-07 20:38:51.471 [info] Sync started.
2025-03-07 20:38:51.992 [info] Settings: No changes found during synchronizing settings.
2025-03-07 20:38:51.996 [info] Keybindings: No changes found during synchronizing keybindings.
2025-03-07 20:38:52.000 [info] Snippets: No changes found during synchronizing snippets.
2025-03-07 20:38:52.003 [info] Tasks: No changes found during synchronizing tasks.
2025-03-07 20:38:52.005 [info] GlobalState: No changes found during synchronizing ui state.
2025-03-07 20:38:52.038 [info] Extensions: No changes found during synchronizing extensions.
2025-03-07 20:38:52.039 [info] Profiles: No changes found during synchronizing profiles.
2025-03-07 20:38:52.040 [info] Sync done. Took 570ms
2025-03-07 20:39:37.535 [info] Auto Sync: Triggered by Activity
2025-03-07 20:39:37.535 [info] Sync started.
2025-03-07 20:39:37.659 [info] Settings: No changes found during synchronizing settings.
2025-03-07 20:39:37.662 [info] Keybindings: No changes found during synchronizing keybindings.
2025-03-07 20:39:37.665 [info] Snippets: No changes found during synchronizing snippets.
2025-03-07 20:39:37.669 [info] Tasks: No changes found during synchronizing tasks.
2025-03-07 20:39:37.677 [info] GlobalState: No changes found during synchronizing ui state.
2025-03-07 20:39:37.721 [info] Extensions: No changes found during synchronizing extensions.
2025-03-07 20:39:37.722 [info] Profiles: No changes found during synchronizing profiles.
2025-03-07 20:39:37.723 [info] Sync done. Took 190ms
2025-03-07 20:42:44.918 [info] Auto Sync: Triggered by Activity
2025-03-07 20:42:44.918 [info] Sync started.
2025-03-07 20:42:45.259 [info] Settings: No changes found during synchronizing settings.
2025-03-07 20:42:45.265 [info] Keybindings: No changes found during synchronizing keybindings.
2025-03-07 20:42:45.269 [info] Snippets: No changes found during synchronizing snippets.
2025-03-07 20:42:45.273 [info] Tasks: No changes found during synchronizing tasks.
2025-03-07 20:42:45.277 [info] GlobalState: No changes found during synchronizing ui state.
2025-03-07 20:42:45.305 [info] Extensions: No changes found during synchronizing extensions.
2025-03-07 20:42:45.306 [info] Profiles: No changes found during synchronizing profiles.
2025-03-07 20:42:45.307 [info] Sync done. Took 390ms
2025-03-07 20:46:14.014 [info] Auto Sync: Triggered by Activity
2025-03-07 20:46:14.014 [info] Sync started.
2025-03-07 20:46:14.461 [info] Settings: No changes found during synchronizing settings.
2025-03-07 20:46:14.465 [info] Keybindings: No changes found during synchronizing keybindings.
2025-03-07 20:46:14.470 [info] Snippets: No changes found during synchronizing snippets.
2025-03-07 20:46:14.472 [info] Tasks: No changes found during synchronizing tasks.
2025-03-07 20:46:14.476 [info] GlobalState: No changes found during synchronizing ui state.
2025-03-07 20:46:14.510 [info] Extensions: No changes found during synchronizing extensions.
2025-03-07 20:46:14.511 [info] Profiles: No changes found during synchronizing profiles.
2025-03-07 20:46:14.512 [info] Sync done. Took 500ms
2025-03-07 20:48:00.889 [info] Auto Sync: Triggered by Activity
2025-03-07 20:48:00.890 [info] Sync started.
2025-03-07 20:48:01.062 [info] Settings: No changes found during synchronizing settings.
2025-03-07 20:48:01.067 [info] Keybindings: No changes found during synchronizing keybindings.
2025-03-07 20:48:01.072 [info] Snippets: No changes found during synchronizing snippets.
2025-03-07 20:48:01.077 [info] Tasks: No changes found during synchronizing tasks.
2025-03-07 20:48:01.081 [info] GlobalState: No changes found during synchronizing ui state.
2025-03-07 20:48:01.137 [info] Extensions: No changes found during synchronizing extensions.
2025-03-07 20:48:01.139 [info] Profiles: No changes found during synchronizing profiles.
2025-03-07 20:48:01.140 [info] Sync done. Took 252ms
2025-03-07 20:49:48.859 [info] Auto Sync: Triggered by Activity
2025-03-07 20:49:48.860 [info] Sync started.
2025-03-07 20:49:48.993 [info] Settings: No changes found during synchronizing settings.
2025-03-07 20:49:48.998 [info] Keybindings: No changes found during synchronizing keybindings.
2025-03-07 20:49:49.001 [info] Snippets: No changes found during synchronizing snippets.
2025-03-07 20:49:49.004 [info] Tasks: No changes found during synchronizing tasks.
2025-03-07 20:49:49.006 [info] GlobalState: No changes found during synchronizing ui state.
2025-03-07 20:49:49.050 [info] Extensions: No changes found during synchronizing extensions.
2025-03-07 20:49:49.052 [info] Profiles: No changes found during synchronizing profiles.
2025-03-07 20:49:49.053 [info] Sync done. Took 196ms
2025-03-07 20:51:34.192 [info] Auto Sync: Triggered by Activity
2025-03-07 20:51:34.192 [info] Sync started.
2025-03-07 20:51:34.360 [info] Settings: No changes found during synchronizing settings.
2025-03-07 20:51:34.365 [info] Keybindings: No changes found during synchronizing keybindings.
2025-03-07 20:51:34.369 [info] Snippets: No changes found during synchronizing snippets.
2025-03-07 20:51:34.373 [info] Tasks: No changes found during synchronizing tasks.
2025-03-07 20:51:34.379 [info] GlobalState: No changes found during synchronizing ui state.
2025-03-07 20:51:34.422 [info] Extensions: No changes found during synchronizing extensions.
2025-03-07 20:51:34.424 [info] Profiles: No changes found during synchronizing profiles.
2025-03-07 20:51:34.424 [info] Sync done. Took 234ms
2025-03-07 20:53:14.719 [info] Auto Sync: Triggered by Activity
2025-03-07 20:53:14.719 [info] Sync started.
2025-03-07 20:53:14.919 [info] Settings: No changes found during synchronizing settings.
2025-03-07 20:53:14.925 [info] Keybindings: No changes found during synchronizing keybindings.
2025-03-07 20:53:14.930 [info] Snippets: No changes found during synchronizing snippets.
2025-03-07 20:53:14.934 [info] Tasks: No changes found during synchronizing tasks.
2025-03-07 20:53:14.937 [info] GlobalState: No changes found during synchronizing ui state.
2025-03-07 20:53:14.980 [info] Extensions: No changes found during synchronizing extensions.
2025-03-07 20:53:14.981 [info] Profiles: No changes found during synchronizing profiles.
2025-03-07 20:53:14.981 [info] Sync done. Took 265ms
2025-03-07 20:53:34.278 [info] Auto Sync: Triggered by Activity
2025-03-07 20:53:34.279 [info] Sync started.
2025-03-07 20:53:34.396 [info] Settings: No changes found during synchronizing settings.
2025-03-07 20:53:34.403 [info] Keybindings: No changes found during synchronizing keybindings.
2025-03-07 20:53:34.407 [info] Snippets: No changes found during synchronizing snippets.
2025-03-07 20:53:34.410 [info] Tasks: No changes found during synchronizing tasks.
2025-03-07 20:53:34.416 [info] GlobalState: No changes found during synchronizing ui state.
2025-03-07 20:53:34.449 [info] Extensions: No changes found during synchronizing extensions.
2025-03-07 20:53:34.449 [info] Profiles: No changes found during synchronizing profiles.
2025-03-07 20:53:34.450 [info] Sync done. Took 173ms
2025-03-07 20:54:24.585 [info] Auto Sync: Triggered by Activity
2025-03-07 20:54:24.586 [info] Sync started.
2025-03-07 20:54:24.752 [info] Settings: No changes found during synchronizing settings.
2025-03-07 20:54:24.755 [info] Keybindings: No changes found during synchronizing keybindings.
2025-03-07 20:54:24.758 [info] Snippets: No changes found during synchronizing snippets.
2025-03-07 20:54:24.760 [info] Tasks: No changes found during synchronizing tasks.
2025-03-07 20:54:24.762 [info] GlobalState: No changes found during synchronizing ui state.
2025-03-07 20:54:24.789 [info] Extensions: No changes found during synchronizing extensions.
2025-03-07 20:54:24.790 [info] Profiles: No changes found during synchronizing profiles.
2025-03-07 20:54:24.791 [info] Sync done. Took 208ms
2025-03-07 20:55:08.025 [info] Auto Sync: Triggered by Activity
2025-03-07 20:55:08.026 [info] Sync started.
2025-03-07 20:55:08.171 [info] Settings: No changes found during synchronizing settings.
2025-03-07 20:55:08.175 [info] Keybindings: No changes found during synchronizing keybindings.
2025-03-07 20:55:08.180 [info] Snippets: No changes found during synchronizing snippets.
2025-03-07 20:55:08.184 [info] Tasks: No changes found during synchronizing tasks.
2025-03-07 20:55:08.190 [info] GlobalState: No changes found during synchronizing ui state.
2025-03-07 20:55:08.235 [info] Extensions: No changes found during synchronizing extensions.
2025-03-07 20:55:08.235 [info] Profiles: No changes found during synchronizing profiles.
2025-03-07 20:55:08.236 [info] Sync done. Took 213ms
2025-03-07 20:56:37.976 [info] Auto Sync: Triggered by Activity
2025-03-07 20:56:37.977 [info] Sync started.
2025-03-07 20:56:38.182 [info] Settings: No changes found during synchronizing settings.
2025-03-07 20:56:38.188 [info] Keybindings: No changes found during synchronizing keybindings.
2025-03-07 20:56:38.194 [info] Snippets: No changes found during synchronizing snippets.
2025-03-07 20:56:38.199 [info] Tasks: No changes found during synchronizing tasks.
2025-03-07 20:56:38.206 [info] GlobalState: No changes found during synchronizing ui state.
2025-03-07 20:56:38.249 [info] Extensions: No changes found during synchronizing extensions.
2025-03-07 20:56:38.250 [info] Profiles: No changes found during synchronizing profiles.
2025-03-07 20:56:38.251 [info] Sync done. Took 277ms
2025-03-07 20:57:18.330 [info] Auto Sync: Triggered by Activity
2025-03-07 20:57:18.330 [info] Sync started.
2025-03-07 20:57:18.527 [info] Settings: No changes found during synchronizing settings.
2025-03-07 20:57:18.530 [info] Keybindings: No changes found during synchronizing keybindings.
2025-03-07 20:57:18.534 [info] Snippets: No changes found during synchronizing snippets.
2025-03-07 20:57:18.537 [info] Tasks: No changes found during synchronizing tasks.
2025-03-07 20:57:18.539 [info] GlobalState: No changes found during synchronizing ui state.
2025-03-07 20:57:18.590 [info] Extensions: No changes found during synchronizing extensions.
2025-03-07 20:57:18.592 [info] Profiles: No changes found during synchronizing profiles.
2025-03-07 20:57:18.593 [info] Sync done. Took 266ms
2025-03-07 20:57:54.544 [info] Auto Sync: Triggered by Activity
2025-03-07 20:57:54.544 [info] Sync started.
2025-03-07 20:57:54.612 [info] Settings: No changes found during synchronizing settings.
2025-03-07 20:57:54.615 [info] Keybindings: No changes found during synchronizing keybindings.
2025-03-07 20:57:54.618 [info] Snippets: No changes found during synchronizing snippets.
2025-03-07 20:57:54.620 [info] Tasks: No changes found during synchronizing tasks.
2025-03-07 20:57:54.623 [info] GlobalState: No changes found during synchronizing ui state.
2025-03-07 20:57:54.656 [info] Extensions: No changes found during synchronizing extensions.
2025-03-07 20:57:54.657 [info] Profiles: No changes found during synchronizing profiles.
2025-03-07 20:57:54.657 [info] Sync done. Took 115ms
2025-03-07 20:58:21.920 [info] Auto Sync: Triggered by Activity
2025-03-07 20:58:21.921 [info] Sync started.
2025-03-07 20:58:22.119 [info] Settings: No changes found during synchronizing settings.
2025-03-07 20:58:22.125 [info] Keybindings: No changes found during synchronizing keybindings.
2025-03-07 20:58:22.132 [info] Snippets: No changes found during synchronizing snippets.
2025-03-07 20:58:22.137 [info] Tasks: No changes found during synchronizing tasks.
2025-03-07 20:58:22.143 [info] GlobalState: No changes found during synchronizing ui state.
2025-03-07 20:58:22.191 [info] Extensions: No changes found during synchronizing extensions.
2025-03-07 20:58:22.193 [info] Profiles: No changes found during synchronizing profiles.
2025-03-07 20:58:22.194 [info] Sync done. Took 276ms
2025-03-07 20:58:37.152 [info] Auto Sync: Triggered by Activity
2025-03-07 20:58:37.152 [info] Sync started.
2025-03-07 20:58:37.272 [info] Settings: No changes found during synchronizing settings.
2025-03-07 20:58:37.276 [info] Keybindings: No changes found during synchronizing keybindings.
2025-03-07 20:58:37.281 [info] Snippets: No changes found during synchronizing snippets.
2025-03-07 20:58:37.285 [info] Tasks: No changes found during synchronizing tasks.
2025-03-07 20:58:37.287 [info] GlobalState: No changes found during synchronizing ui state.
2025-03-07 20:58:37.315 [info] Extensions: No changes found during synchronizing extensions.
2025-03-07 20:58:37.316 [info] Profiles: No changes found during synchronizing profiles.
2025-03-07 20:58:37.317 [info] Sync done. Took 166ms
2025-03-07 20:58:53.358 [info] Auto Sync: Triggered by Activity
2025-03-07 20:58:53.358 [info] Sync started.
2025-03-07 20:58:53.555 [info] Settings: No changes found during synchronizing settings.
2025-03-07 20:58:53.559 [info] Keybindings: No changes found during synchronizing keybindings.
2025-03-07 20:58:53.563 [info] Snippets: No changes found during synchronizing snippets.
2025-03-07 20:58:53.567 [info] Tasks: No changes found during synchronizing tasks.
2025-03-07 20:58:53.570 [info] GlobalState: No changes found during synchronizing ui state.
2025-03-07 20:58:53.607 [info] Extensions: No changes found during synchronizing extensions.
2025-03-07 20:58:53.608 [info] Profiles: No changes found during synchronizing profiles.
2025-03-07 20:58:53.609 [info] Sync done. Took 253ms
2025-03-07 20:59:08.505 [info] Auto Sync: Triggered by Activity
2025-03-07 20:59:08.505 [info] Sync started.
2025-03-07 20:59:08.710 [info] Settings: No changes found during synchronizing settings.
2025-03-07 20:59:08.714 [info] Keybindings: No changes found during synchronizing keybindings.
2025-03-07 20:59:08.718 [info] Snippets: No changes found during synchronizing snippets.
2025-03-07 20:59:08.720 [info] Tasks: No changes found during synchronizing tasks.
2025-03-07 20:59:08.723 [info] GlobalState: No changes found during synchronizing ui state.
2025-03-07 20:59:08.757 [info] Extensions: No changes found during synchronizing extensions.
2025-03-07 20:59:08.758 [info] Profiles: No changes found during synchronizing profiles.
2025-03-07 20:59:08.759 [info] Sync done. Took 255ms
2025-03-07 20:59:23.392 [info] Auto Sync: Triggered by Activity
2025-03-07 20:59:23.392 [info] Sync started.
2025-03-07 20:59:23.551 [info] Settings: No changes found during synchronizing settings.
2025-03-07 20:59:23.555 [info] Keybindings: No changes found during synchronizing keybindings.
2025-03-07 20:59:23.559 [info] Snippets: No changes found during synchronizing snippets.
2025-03-07 20:59:23.562 [info] Tasks: No changes found during synchronizing tasks.
2025-03-07 20:59:23.565 [info] GlobalState: No changes found during synchronizing ui state.
2025-03-07 20:59:23.608 [info] Extensions: No changes found during synchronizing extensions.
2025-03-07 20:59:23.608 [info] Profiles: No changes found during synchronizing profiles.
2025-03-07 20:59:23.609 [info] Sync done. Took 219ms
2025-03-07 21:00:27.352 [info] Auto Sync: Triggered by Activity
2025-03-07 21:00:27.352 [info] Sync started.
2025-03-07 21:00:27.560 [info] Settings: No changes found during synchronizing settings.
2025-03-07 21:00:27.566 [info] Keybindings: No changes found during synchronizing keybindings.
2025-03-07 21:00:27.573 [info] Snippets: No changes found during synchronizing snippets.
2025-03-07 21:00:27.578 [info] Tasks: No changes found during synchronizing tasks.
2025-03-07 21:00:27.584 [info] GlobalState: No changes found during synchronizing ui state.
2025-03-07 21:00:27.622 [info] Extensions: No changes found during synchronizing extensions.
2025-03-07 21:00:27.624 [info] Profiles: No changes found during synchronizing profiles.
2025-03-07 21:00:27.625 [info] Sync done. Took 276ms
2025-03-07 21:00:55.534 [info] Auto Sync: Triggered by Activity
2025-03-07 21:00:55.534 [info] Sync started.
2025-03-07 21:00:55.716 [info] Settings: No changes found during synchronizing settings.
2025-03-07 21:00:55.720 [info] Keybindings: No changes found during synchronizing keybindings.
2025-03-07 21:00:55.723 [info] Snippets: No changes found during synchronizing snippets.
2025-03-07 21:00:55.726 [info] Tasks: No changes found during synchronizing tasks.
2025-03-07 21:00:55.730 [info] GlobalState: No changes found during synchronizing ui state.
2025-03-07 21:00:55.770 [info] Extensions: No changes found during synchronizing extensions.
2025-03-07 21:00:55.771 [info] Profiles: No changes found during synchronizing profiles.
2025-03-07 21:00:55.772 [info] Sync done. Took 241ms
2025-03-07 21:01:14.430 [info] Auto Sync: Triggered by Activity
2025-03-07 21:01:14.430 [info] Sync started.
2025-03-07 21:01:14.571 [info] Settings: No changes found during synchronizing settings.
2025-03-07 21:01:14.575 [info] Keybindings: No changes found during synchronizing keybindings.
2025-03-07 21:01:14.579 [info] Snippets: No changes found during synchronizing snippets.
2025-03-07 21:01:14.582 [info] Tasks: No changes found during synchronizing tasks.
2025-03-07 21:01:14.585 [info] GlobalState: No changes found during synchronizing ui state.
2025-03-07 21:01:14.632 [info] Extensions: No changes found during synchronizing extensions.
2025-03-07 21:01:14.633 [info] Profiles: No changes found during synchronizing profiles.
2025-03-07 21:01:14.634 [info] Sync done. Took 205ms
2025-03-07 21:01:33.230 [info] Auto Sync: Triggered by Activity
2025-03-07 21:01:33.231 [info] Sync started.
2025-03-07 21:01:33.296 [info] Settings: No changes found during synchronizing settings.
2025-03-07 21:01:33.301 [info] Keybindings: No changes found during synchronizing keybindings.
2025-03-07 21:01:33.306 [info] Snippets: No changes found during synchronizing snippets.
2025-03-07 21:01:33.309 [info] Tasks: No changes found during synchronizing tasks.
2025-03-07 21:01:33.313 [info] GlobalState: No changes found during synchronizing ui state.
2025-03-07 21:01:33.345 [info] Extensions: No changes found during synchronizing extensions.
2025-03-07 21:01:33.346 [info] Profiles: No changes found during synchronizing profiles.
2025-03-07 21:01:33.347 [info] Sync done. Took 118ms
2025-03-07 21:01:52.636 [info] Auto Sync: Triggered by Activity
2025-03-07 21:01:52.637 [info] Sync started.
2025-03-07 21:01:52.752 [info] Settings: No changes found during synchronizing settings.
2025-03-07 21:01:52.756 [info] Keybindings: No changes found during synchronizing keybindings.
2025-03-07 21:01:52.762 [info] Snippets: No changes found during synchronizing snippets.
2025-03-07 21:01:52.765 [info] Tasks: No changes found during synchronizing tasks.
2025-03-07 21:01:52.767 [info] GlobalState: No changes found during synchronizing ui state.
2025-03-07 21:01:52.804 [info] Extensions: No changes found during synchronizing extensions.
2025-03-07 21:01:52.805 [info] Profiles: No changes found during synchronizing profiles.
2025-03-07 21:01:52.806 [info] Sync done. Took 169ms
2025-03-07 21:02:40.871 [info] Auto Sync: Triggered by Activity
2025-03-07 21:02:40.871 [info] Sync started.
2025-03-07 21:02:40.980 [info] Settings: No changes found during synchronizing settings.
2025-03-07 21:02:40.985 [info] Keybindings: No changes found during synchronizing keybindings.
2025-03-07 21:02:40.990 [info] Snippets: No changes found during synchronizing snippets.
2025-03-07 21:02:40.994 [info] Tasks: No changes found during synchronizing tasks.
2025-03-07 21:02:40.998 [info] GlobalState: No changes found during synchronizing ui state.
2025-03-07 21:02:41.035 [info] Extensions: No changes found during synchronizing extensions.
2025-03-07 21:02:41.036 [info] Profiles: No changes found during synchronizing profiles.
2025-03-07 21:02:41.036 [info] Sync done. Took 168ms
2025-03-07 21:03:22.413 [info] Auto Sync: Triggered by Activity
2025-03-07 21:03:22.413 [info] Sync started.
2025-03-07 21:03:22.557 [info] Settings: No changes found during synchronizing settings.
2025-03-07 21:03:22.561 [info] Keybindings: No changes found during synchronizing keybindings.
2025-03-07 21:03:22.565 [info] Snippets: No changes found during synchronizing snippets.
2025-03-07 21:03:22.568 [info] Tasks: No changes found during synchronizing tasks.
2025-03-07 21:03:22.570 [info] GlobalState: No changes found during synchronizing ui state.
2025-03-07 21:03:22.602 [info] Extensions: No changes found during synchronizing extensions.
2025-03-07 21:03:22.604 [info] Profiles: No changes found during synchronizing profiles.
2025-03-07 21:03:22.605 [info] Sync done. Took 194ms
2025-03-07 21:03:38.728 [info] Auto Sync: Triggered by Activity
2025-03-07 21:03:38.728 [info] Sync started.
2025-03-07 21:03:38.840 [info] Settings: No changes found during synchronizing settings.
2025-03-07 21:03:38.844 [info] Keybindings: No changes found during synchronizing keybindings.
2025-03-07 21:03:38.848 [info] Snippets: No changes found during synchronizing snippets.
2025-03-07 21:03:38.851 [info] Tasks: No changes found during synchronizing tasks.
2025-03-07 21:03:38.854 [info] GlobalState: No changes found during synchronizing ui state.
2025-03-07 21:03:38.888 [info] Extensions: No changes found during synchronizing extensions.
2025-03-07 21:03:38.889 [info] Profiles: No changes found during synchronizing profiles.
2025-03-07 21:03:38.890 [info] Sync done. Took 164ms
2025-03-07 21:03:50.369 [info] Auto Sync: Triggered by Activity
2025-03-07 21:03:50.369 [info] Sync started.
2025-03-07 21:03:50.514 [info] Settings: No changes found during synchronizing settings.
2025-03-07 21:03:50.518 [info] Keybindings: No changes found during synchronizing keybindings.
2025-03-07 21:03:50.523 [info] Snippets: No changes found during synchronizing snippets.
2025-03-07 21:03:50.526 [info] Tasks: No changes found during synchronizing tasks.
2025-03-07 21:03:50.529 [info] GlobalState: No changes found during synchronizing ui state.
2025-03-07 21:03:50.558 [info] Extensions: No changes found during synchronizing extensions.
2025-03-07 21:03:50.559 [info] Profiles: No changes found during synchronizing profiles.
2025-03-07 21:03:50.559 [info] Sync done. Took 193ms
