2025-03-09 15:33:02.188 [info] Reading sessions from keychain...
2025-03-09 15:33:02.188 [info] Getting sessions for all scopes...
2025-03-09 15:33:02.188 [info] Getting sessions for all scopes...
2025-03-09 15:33:02.188 [info] Getting sessions for all scopes...
2025-03-09 15:33:02.188 [info] Getting sessions for user:email...
2025-03-09 15:33:02.188 [info] Got 0 sessions for ...
2025-03-09 15:33:02.188 [info] Got 0 sessions for ...
2025-03-09 15:33:02.188 [info] Got 0 sessions for ...
2025-03-09 15:33:02.188 [info] Got 0 sessions for user:email...
2025-03-09 15:33:02.188 [info] Getting sessions for user:email...
2025-03-09 15:33:02.188 [info] Got 0 sessions for user:email...
2025-03-09 15:33:02.188 [info] Getting sessions for user:email...
2025-03-09 15:33:02.188 [info] Got 0 sessions for user:email...
2025-03-09 15:33:02.188 [info] Getting sessions for read:user,repo,user:email,workflow...
2025-03-09 15:33:02.188 [info] Got 0 sessions for read:user,repo,user:email,workflow...
2025-03-09 15:33:02.188 [info] Getting sessions for all scopes...
2025-03-09 15:33:02.188 [info] Got 0 sessions for ...
2025-03-09 15:33:02.188 [info] Getting sessions for all scopes...
2025-03-09 15:33:02.188 [info] Got 0 sessions for ...
2025-03-09 15:33:02.188 [info] Getting sessions for read:user...
2025-03-09 15:33:02.188 [info] Got 0 sessions for read:user...
2025-03-09 15:33:02.188 [info] Getting sessions for user:email...
2025-03-09 15:33:02.188 [info] Got 0 sessions for user:email...
2025-03-09 15:33:02.188 [info] Getting sessions for read:user,repo,user:email,workflow...
2025-03-09 15:33:02.188 [info] Got 0 sessions for read:user,repo,user:email,workflow...
2025-03-09 15:33:02.189 [info] Getting sessions for user:email...
2025-03-09 15:33:02.189 [info] Got 0 sessions for user:email...
2025-03-09 15:33:02.189 [info] Getting sessions for all scopes...
2025-03-09 15:33:02.189 [info] Got 0 sessions for ...
2025-03-09 15:33:02.245 [info] Getting sessions for read:user,repo,user:email,workflow...
2025-03-09 15:33:02.245 [info] Got 0 sessions for read:user,repo,user:email,workflow...
2025-03-09 15:33:02.255 [info] Getting sessions for user:email...
2025-03-09 15:33:02.255 [info] Got 0 sessions for user:email...
2025-03-09 15:33:03.074 [info] Getting sessions for all scopes...
2025-03-09 15:33:03.074 [info] Got 0 sessions for ...
