2024-12-20 05:31:16 Loading main app package /usr/lib/obsidian/obsidian.asar
2024-12-20 05:31:16 Checking for update using Github
2024-12-20 05:31:17 Success.
2024-12-20 05:31:17 Latest version is 1.7.7
2024-12-20 05:31:17 App is up to date.
2024-12-20 05:35:18 Loading main app package /usr/lib/obsidian/obsidian.asar
2024-12-20 05:35:19 Checking for update using Github
2024-12-20 05:35:19 Success.
2024-12-20 05:35:19 Latest version is 1.7.7
2024-12-20 05:35:19 App is up to date.
2024-12-20 05:35:20 Loading main app package /usr/lib/obsidian/obsidian.asar
2024-12-20 05:35:20 Checking for update using Github
2024-12-20 05:35:55 Loading main app package /usr/lib/obsidian/obsidian.asar
2024-12-20 05:35:55 Checking for update using Github
2024-12-20 05:35:55 Loading main app package /usr/lib/obsidian/obsidian.asar
2024-12-20 05:35:55 Checking for update using Github
2024-12-20 05:35:55 Loading main app package /usr/lib/obsidian/obsidian.asar
2024-12-20 05:35:55 Checking for update using Github
2024-12-20 05:36:00 Loading main app package /usr/lib/obsidian/obsidian.asar
2024-12-20 05:36:00 Checking for update using Github
2024-12-20 05:36:51 Loading main app package /usr/lib/obsidian/obsidian.asar
2024-12-20 05:36:51 Checking for update using Github
2024-12-20 05:36:52 Loading main app package /usr/lib/obsidian/obsidian.asar
2024-12-20 05:36:52 Checking for update using Github
2024-12-20 06:35:18 Checking for update using Github
2024-12-20 06:35:19 Success.
2024-12-20 06:35:19 Latest version is 1.7.7
2024-12-20 06:35:19 App is up to date.
2024-12-20 09:29:44 Checking for update using Github
2024-12-20 09:29:44 Success.
2024-12-20 09:29:44 Latest version is 1.7.7
2024-12-20 09:29:44 App is up to date.
2024-12-20 10:29:44 Checking for update using Github
2024-12-20 10:29:44 Success.
2024-12-20 10:29:44 Latest version is 1.7.7
2024-12-20 10:29:44 App is up to date.
2024-12-20 12:09:11 Checking for update using Github
2024-12-20 12:09:11 Success.
2024-12-20 12:09:11 Latest version is 1.7.7
2024-12-20 12:09:11 App is up to date.
2024-12-20 13:09:11 Checking for update using Github
2024-12-20 13:09:11 Success.
2024-12-20 13:09:11 Latest version is 1.7.7
2024-12-20 13:09:11 App is up to date.
2024-12-20 14:09:11 Checking for update using Github
2024-12-20 14:09:11 Success.
2024-12-20 14:09:11 Latest version is 1.7.7
2024-12-20 14:09:11 App is up to date.
2024-12-20 15:09:11 Checking for update using Github
2024-12-20 15:09:11 Success.
2024-12-20 15:09:11 Latest version is 1.7.7
2024-12-20 15:09:11 App is up to date.
2025-01-11 05:03:25 Loading main app package /usr/lib/obsidian/obsidian.asar
2025-01-11 05:03:25 Checking for update using Github
2025-01-11 05:03:25 Success.
2025-01-11 05:03:25 Latest version is 1.7.7
2025-01-11 05:03:25 App is up to date.
2025-01-11 10:24:07 Checking for update using Github
2025-01-11 10:24:07 Success.
2025-01-11 10:24:07 Latest version is 1.7.7
2025-01-11 10:24:07 App is up to date.
2025-01-11 11:24:07 Checking for update using Github
2025-01-11 11:24:07 Success.
2025-01-11 11:24:07 Latest version is 1.7.7
2025-01-11 11:24:07 App is up to date.
2025-01-11 12:24:07 Checking for update using Github
2025-01-11 12:24:12 Success.
2025-01-11 12:24:12 Latest version is 1.7.7
2025-01-11 12:24:12 App is up to date.
2025-01-11 13:24:07 Checking for update using Github
2025-01-11 13:24:07 Success.
2025-01-11 13:24:07 Latest version is 1.7.7
2025-01-11 13:24:07 App is up to date.
2025-01-22 02:16:07 Loading main app package /usr/lib/obsidian/obsidian.asar
2025-01-22 02:16:07 Checking for update using Github
2025-01-22 02:16:08 Success.
2025-01-22 02:16:08 Latest version is 1.7.7
2025-01-22 02:16:08 App is up to date.
2025-01-22 03:16:07 Checking for update using Github
2025-01-22 03:16:07 Success.
2025-01-22 03:16:07 Latest version is 1.7.7
2025-01-22 03:16:07 App is up to date.
2025-01-22 04:42:49 Checking for update using Github
2025-01-22 04:42:49 Success.
2025-01-22 04:42:49 Latest version is 1.7.7
2025-01-22 04:42:49 App is up to date.
2025-01-22 05:12:04 Loading main app package /usr/lib/obsidian/obsidian.asar
2025-01-22 05:12:04 Checking for update using Github
2025-01-22 05:12:04 Loading main app package /usr/lib/obsidian/obsidian.asar
2025-01-22 05:12:04 Checking for update using Github
2025-01-22 05:12:04 Loading main app package /usr/lib/obsidian/obsidian.asar
2025-01-22 05:12:04 Checking for update using Github
2025-01-22 05:42:49 Checking for update using Github
2025-01-22 05:42:49 Success.
2025-01-22 05:42:49 Latest version is 1.7.7
2025-01-22 05:42:49 App is up to date.
2025-01-24 09:27:48 Loading main app package /usr/lib/obsidian/obsidian.asar
2025-01-24 09:27:49 Checking for update using Github
2025-01-24 09:27:49 Success.
2025-01-24 09:27:49 Latest version is 1.7.7
2025-01-24 09:27:49 App is up to date.
2025-01-24 10:27:48 Checking for update using Github
2025-01-24 10:27:49 Success.
2025-01-24 10:27:49 Latest version is 1.7.7
2025-01-24 10:27:49 App is up to date.
2025-01-24 15:58:40 Checking for update using Github
2025-01-24 15:58:40 Success.
2025-01-24 15:58:40 Latest version is 1.7.7
2025-01-24 15:58:40 App is up to date.
2025-01-24 16:34:51 Loading main app package /usr/lib/obsidian/obsidian.asar
2025-01-24 16:34:52 Checking for update using Github
2025-01-24 16:34:55 Success.
2025-01-24 16:34:55 Latest version is 1.7.7
2025-01-24 16:34:55 App is up to date.
2025-01-25 08:14:46 Loading main app package /usr/lib/obsidian/obsidian.asar
2025-01-25 08:14:46 Checking for update using Github
2025-01-25 08:14:47 Success.
2025-01-25 08:14:47 Latest version is 1.7.7
2025-01-25 08:14:47 App is up to date.
2025-01-25 09:14:46 Checking for update using Github
2025-01-25 09:14:46 Success.
2025-01-25 09:14:46 Latest version is 1.7.7
2025-01-25 09:14:46 App is up to date.
2025-01-26 06:34:19 Checking for update using Github
2025-01-26 06:34:19 Success.
2025-01-26 06:34:19 Latest version is 1.7.7
2025-01-26 06:34:19 App is up to date.
2025-01-26 10:21:39 Checking for update using Github
2025-01-26 10:21:39 Success.
2025-01-26 10:21:39 Latest version is 1.7.7
2025-01-26 10:21:39 App is up to date.
2025-01-26 15:48:53 Checking for update using Github
2025-01-26 15:48:53 Success.
2025-01-26 15:48:53 Latest version is 1.7.7
2025-01-26 15:48:53 App is up to date.
2025-01-27 01:53:41 Loading main app package /usr/lib/obsidian/obsidian.asar
2025-01-27 01:53:42 Checking for update using Github
2025-01-27 01:53:42 Success.
2025-01-27 01:53:42 Latest version is 1.7.7
2025-01-27 01:53:42 App is up to date.
2025-01-28 03:20:55 Loading main app package /usr/lib/obsidian/obsidian.asar
2025-01-28 03:20:55 Checking for update using Github
2025-01-28 03:20:56 Success.
2025-01-28 03:20:56 Latest version is 1.7.7
2025-01-28 03:20:56 App is up to date.
2025-01-28 04:20:55 Checking for update using Github
2025-01-28 04:20:55 Success.
2025-01-28 04:20:55 Latest version is 1.7.7
2025-01-28 04:20:55 App is up to date.
2025-01-28 04:57:21 Loading main app package /usr/lib/obsidian/obsidian.asar
2025-01-28 04:57:22 Checking for update using Github
2025-01-28 04:57:22 Success.
2025-01-28 04:57:22 Latest version is 1.7.7
2025-01-28 04:57:22 App is up to date.
2025-01-28 15:16:37 Checking for update using Github
2025-01-28 15:16:37 Failed to check for update using Github (net::ERR_CONNECTION_RESET)
2025-01-28 15:16:37 Checking for update using obsidian.md
2025-01-28 15:16:38 Failed to check for update using obsidian.md (net::ERR_CONNECTION_RESET)
2025-01-28 15:50:42 Loading main app package /usr/lib/obsidian/obsidian.asar
2025-01-28 15:50:43 Checking for update using Github
2025-01-28 15:50:44 Success.
2025-01-28 15:50:44 Latest version is 1.7.7
2025-01-28 15:50:44 App is up to date.
2025-01-30 03:27:58 Loading main app package /usr/lib/obsidian/obsidian.asar
2025-01-30 03:27:59 Checking for update using Github
2025-01-30 03:27:59 Success.
2025-01-30 03:27:59 Latest version is 1.7.7
2025-01-30 03:27:59 App is up to date.
2025-01-30 04:48:30 Checking for update using Github
2025-01-30 04:48:36 Success.
2025-01-30 04:48:36 Latest version is 1.7.7
2025-01-30 04:48:36 App is up to date.
2025-01-30 06:41:05 Checking for update using Github
2025-01-30 06:41:35 Failed to check for update using Github (net::ERR_TIMED_OUT)
2025-01-30 06:41:35 Checking for update using obsidian.md
2025-01-30 06:41:36 Failed to check for update using obsidian.md (Unexpected end of JSON input)
2025-01-30 09:54:30 Checking for update using Github
2025-01-30 09:54:30 Success.
2025-01-30 09:54:30 Latest version is 1.7.7
2025-01-30 09:54:30 App is up to date.
2025-01-30 10:45:29 Loading main app package /usr/lib/obsidian/obsidian.asar
2025-01-30 10:45:29 Checking for update using Github
2025-01-30 10:45:29 Success.
2025-01-30 10:45:29 Latest version is 1.7.7
2025-01-30 10:45:29 App is up to date.
2025-02-04 04:01:41 Loading main app package /usr/lib/obsidian/obsidian.asar
2025-02-04 04:01:42 Checking for update using Github
2025-02-04 04:01:42 Success.
2025-02-04 04:01:42 Latest version is 1.8.4
2025-02-04 04:01:42 Downloading update from https://github.com/obsidianmd/obsidian-releases/releases/download/v1.8.4/obsidian-1.8.4.asar.gz
2025-02-04 04:01:44 Verifying hash & signature. Size= 8123782
2025-02-04 04:01:44 Saving file
2025-02-04 04:01:44 Update complete.
2025-02-04 05:12:07 Checking for update using Github
2025-02-04 05:12:08 Success.
2025-02-04 05:12:08 Latest version is 1.8.4
2025-02-04 05:12:08 An update is already downloaded.
2025-02-04 06:12:08 Checking for update using Github
2025-02-04 06:12:08 Success.
2025-02-04 06:12:08 Latest version is 1.8.4
2025-02-04 06:12:08 An update is already downloaded.
2025-02-04 13:37:26 Checking for update using Github
2025-02-04 13:37:27 Success.
2025-02-04 13:37:27 Latest version is 1.8.4
2025-02-04 13:37:27 An update is already downloaded.
2025-02-04 14:37:27 Checking for update using Github
2025-02-04 14:37:27 Success.
2025-02-04 14:37:27 Latest version is 1.8.4
2025-02-04 14:37:27 An update is already downloaded.
2025-02-06 03:28:55 Loading updated app package /home/JakeRA/.config/obsidian/obsidian-1.8.4.asar
2025-02-06 03:28:56 Checking for update using Github
2025-02-06 03:28:56 Success.
2025-02-06 03:28:56 Latest version is 1.8.4
2025-02-06 03:28:56 App is up to date.
2025-02-06 14:52:09 Checking for update using Github
2025-02-06 14:52:10 Success.
2025-02-06 14:52:10 Latest version is 1.8.4
2025-02-06 14:52:10 App is up to date.
2025-02-07 14:48:47 Loading updated app package /home/JakeRA/.config/obsidian/obsidian-1.8.4.asar
2025-02-07 14:48:47 Checking for update using Github
2025-02-07 14:48:47 Success.
2025-02-07 14:48:47 Latest version is 1.8.4
2025-02-07 14:48:47 App is up to date.
2025-02-07 14:49:57 Loading updated app package /home/JakeRA/.config/obsidian/obsidian-1.8.4.asar
2025-02-07 14:49:57 Checking for update using Github
2025-02-07 14:49:57 Success.
2025-02-07 14:49:57 Latest version is 1.8.4
2025-02-07 14:49:57 App is up to date.
2025-02-08 07:59:08 Loading updated app package /home/JakeRA/.config/obsidian/obsidian-1.8.4.asar
2025-02-08 07:59:08 Checking for update using Github
2025-02-08 07:59:09 Success.
2025-02-08 07:59:09 Latest version is 1.8.4
2025-02-08 07:59:09 App is up to date.
2025-02-08 08:59:08 Checking for update using Github
2025-02-08 08:59:09 Success.
2025-02-08 08:59:09 Latest version is 1.8.4
2025-02-08 08:59:09 App is up to date.
2025-02-08 10:45:24 Checking for update using Github
2025-02-08 10:45:24 Success.
2025-02-08 10:45:24 Latest version is 1.8.4
2025-02-08 10:45:24 App is up to date.
2025-02-08 11:45:24 Checking for update using Github
2025-02-08 11:45:24 Success.
2025-02-08 11:45:24 Latest version is 1.8.4
2025-02-08 11:45:24 App is up to date.
2025-02-08 12:45:24 Checking for update using Github
2025-02-08 12:45:24 Success.
2025-02-08 12:45:24 Latest version is 1.8.4
2025-02-08 12:45:24 App is up to date.
2025-02-08 13:45:24 Checking for update using Github
2025-02-08 13:45:24 Success.
2025-02-08 13:45:24 Latest version is 1.8.4
2025-02-08 13:45:24 App is up to date.
2025-02-08 14:45:24 Checking for update using Github
2025-02-08 14:45:24 Success.
2025-02-08 14:45:24 Latest version is 1.8.4
2025-02-08 14:45:24 App is up to date.
2025-02-09 08:17:49 Checking for update using Github
2025-02-09 08:17:49 Success.
2025-02-09 08:17:49 Latest version is 1.8.4
2025-02-09 08:17:49 App is up to date.
2025-02-09 09:55:12 Checking for update using Github
2025-02-09 09:55:12 Success.
2025-02-09 09:55:12 Latest version is 1.8.4
2025-02-09 09:55:12 App is up to date.
2025-02-09 10:55:12 Checking for update using Github
2025-02-09 10:55:12 Success.
2025-02-09 10:55:12 Latest version is 1.8.4
2025-02-09 10:55:12 App is up to date.
2025-02-09 11:55:12 Checking for update using Github
2025-02-09 11:55:12 Success.
2025-02-09 11:55:12 Latest version is 1.8.4
2025-02-09 11:55:12 App is up to date.
2025-02-10 01:59:47 Loading updated app package /home/JakeRA/.config/obsidian/obsidian-1.8.4.asar
2025-02-10 01:59:47 Checking for update using Github
2025-02-10 01:59:48 Success.
2025-02-10 01:59:48 Latest version is 1.8.4
2025-02-10 01:59:48 App is up to date.
2025-02-10 15:58:57 Loading updated app package /home/JakeRA/.config/obsidian/obsidian-1.8.4.asar
2025-02-10 15:58:57 Checking for update using Github
2025-02-10 15:58:57 Success.
2025-02-10 15:58:57 Latest version is 1.8.4
2025-02-10 15:58:57 App is up to date.
2025-02-12 03:18:45 Loading updated app package /home/JakeRA/.config/obsidian/obsidian-1.8.4.asar
2025-02-12 03:18:45 Checking for update using Github
2025-02-12 03:18:46 Success.
2025-02-12 03:18:46 Latest version is 1.8.4
2025-02-12 03:18:46 App is up to date.
2025-02-12 04:18:45 Checking for update using Github
2025-02-12 04:18:45 Success.
2025-02-12 04:18:45 Latest version is 1.8.4
2025-02-12 04:18:45 App is up to date.
2025-02-13 10:37:40 Loading updated app package /home/JakeRA/.config/obsidian/obsidian-1.8.4.asar
2025-02-13 10:37:40 Checking for update using Github
2025-02-13 10:37:40 Success.
2025-02-13 10:37:40 Latest version is 1.8.4
2025-02-13 10:37:40 App is up to date.
2025-02-15 15:18:37 Loading updated app package /home/JakeRA/.config/obsidian/obsidian-1.8.4.asar
2025-02-15 15:18:37 Checking for update using Github
2025-02-15 15:18:37 Success.
2025-02-15 15:18:37 Latest version is 1.8.4
2025-02-15 15:18:37 App is up to date.
2025-02-16 10:27:00 Loading updated app package /home/JakeRA/.config/obsidian/obsidian-1.8.4.asar
2025-02-16 10:27:00 Checking for update using Github
2025-02-16 10:27:01 Success.
2025-02-16 10:27:01 Latest version is 1.8.4
2025-02-16 10:27:01 App is up to date.
2025-02-16 10:58:55 Loading updated app package /home/JakeRA/.config/obsidian/obsidian-1.8.4.asar
2025-02-16 10:58:55 Checking for update using Github
2025-02-16 10:58:56 Success.
2025-02-16 10:58:56 Latest version is 1.8.4
2025-02-16 10:58:56 App is up to date.
2025-02-16 12:17:38 Loading updated app package /home/JakeRA/.config/obsidian/obsidian-1.8.4.asar
2025-02-16 12:17:38 Checking for update using Github
2025-02-16 12:17:52 Success.
2025-02-16 12:17:52 Latest version is 1.8.4
2025-02-16 12:17:52 App is up to date.
2025-02-16 13:23:45 Checking for update using Github
2025-02-16 13:23:46 Success.
2025-02-16 13:23:46 Latest version is 1.8.4
2025-02-16 13:23:46 App is up to date.
2025-02-16 15:08:09 Checking for update using Github
2025-02-16 15:08:09 Success.
2025-02-16 15:08:09 Latest version is 1.8.4
2025-02-16 15:08:09 App is up to date.
2025-02-16 16:08:09 Checking for update using Github
2025-02-16 16:08:09 Success.
2025-02-16 16:08:09 Latest version is 1.8.4
2025-02-16 16:08:09 App is up to date.
2025-02-17 10:02:13 Loading updated app package /home/JakeRA/.config/obsidian/obsidian-1.8.4.asar
2025-02-17 10:02:14 Checking for update using Github
2025-02-17 10:02:14 Success.
2025-02-17 10:02:14 Latest version is 1.8.4
2025-02-17 10:02:14 App is up to date.
2025-02-17 10:25:23 Loading updated app package /home/JakeRA/.config/obsidian/obsidian-1.8.4.asar
2025-02-17 10:25:23 Checking for update using Github
2025-02-17 10:25:24 Success.
2025-02-17 10:25:24 Latest version is 1.8.4
2025-02-17 10:25:24 App is up to date.
2025-02-18 01:45:54 Loading updated app package /home/JakeRA/.config/obsidian/obsidian-1.8.4.asar
2025-02-18 01:45:54 Checking for update using Github
2025-02-18 01:45:54 Success.
2025-02-18 01:45:54 Latest version is 1.8.4
2025-02-18 01:45:54 App is up to date.
2025-02-18 02:04:41 Loading updated app package /home/JakeRA/.config/obsidian/obsidian-1.8.4.asar
2025-02-18 02:04:41 Checking for update using Github
2025-02-18 02:04:41 Success.
2025-02-18 02:04:41 Latest version is 1.8.4
2025-02-18 02:04:41 App is up to date.
2025-02-18 02:08:24 Loading updated app package /home/JakeRA/.config/obsidian/obsidian-1.8.4.asar
2025-02-18 02:08:24 Checking for update using Github
2025-02-18 02:08:24 Success.
2025-02-18 02:08:24 Latest version is 1.8.4
2025-02-18 02:08:24 App is up to date.
2025-02-18 08:53:19 Loading updated app package /home/JakeRA/.config/obsidian/obsidian-1.8.4.asar
2025-02-18 08:53:19 Checking for update using Github
2025-02-18 08:53:20 Success.
2025-02-18 08:53:20 Latest version is 1.8.4
2025-02-18 08:53:20 App is up to date.
2025-02-18 11:23:29 Checking for update using Github
2025-02-18 11:23:29 Success.
2025-02-18 11:23:29 Latest version is 1.8.4
2025-02-18 11:23:29 App is up to date.
2025-02-18 12:23:29 Checking for update using Github
2025-02-18 12:23:29 Success.
2025-02-18 12:23:29 Latest version is 1.8.4
2025-02-18 12:23:29 App is up to date.
2025-02-18 13:23:29 Checking for update using Github
2025-02-18 13:23:29 Success.
2025-02-18 13:23:29 Latest version is 1.8.4
2025-02-18 13:23:29 App is up to date.
2025-02-18 14:23:29 Checking for update using Github
2025-02-18 14:23:29 Success.
2025-02-18 14:23:29 Latest version is 1.8.4
2025-02-18 14:23:29 App is up to date.
2025-02-18 15:23:29 Checking for update using Github
2025-02-18 15:23:29 Success.
2025-02-18 15:23:29 Latest version is 1.8.7
2025-02-18 15:23:29 Downloading update from https://github.com/obsidianmd/obsidian-releases/releases/download/v1.8.7/obsidian-1.8.7.asar.gz
2025-02-18 15:24:22 Verifying hash & signature. Size= 8128038
2025-02-18 15:24:22 Saving file
2025-02-18 15:24:22 Update complete.
2025-02-19 01:57:03 Loading updated app package /home/JakeRA/.config/obsidian/obsidian-1.8.7.asar
2025-02-19 01:57:03 Checking for update using Github
2025-02-19 01:57:03 Success.
2025-02-19 01:57:03 Latest version is 1.8.7
2025-02-19 01:57:03 App is up to date.
2025-02-19 03:15:36 Checking for update using Github
2025-02-19 03:15:36 Success.
2025-02-19 03:15:36 Latest version is 1.8.7
2025-02-19 03:15:36 App is up to date.
2025-02-19 04:15:36 Checking for update using Github
2025-02-19 04:15:36 Success.
2025-02-19 04:15:36 Latest version is 1.8.7
2025-02-19 04:15:36 App is up to date.
2025-02-19 05:22:43 Checking for update using Github
2025-02-19 05:22:43 Success.
2025-02-19 05:22:43 Latest version is 1.8.7
2025-02-19 05:22:43 App is up to date.
2025-02-19 06:22:43 Checking for update using Github
2025-02-19 06:22:43 Success.
2025-02-19 06:22:43 Latest version is 1.8.7
2025-02-19 06:22:43 App is up to date.
2025-02-19 16:08:34 Loading updated app package /home/JakeRA/.config/obsidian/obsidian-1.8.7.asar
2025-02-19 16:08:34 Checking for update using Github
2025-02-19 16:08:34 Success.
2025-02-19 16:08:34 Latest version is 1.8.7
2025-02-19 16:08:34 App is up to date.
2025-02-20 15:17:09 Loading updated app package /home/JakeRA/.config/obsidian/obsidian-1.8.7.asar
2025-02-20 15:17:10 Checking for update using Github
2025-02-20 15:17:10 Success.
2025-02-20 15:17:10 Latest version is 1.8.7
2025-02-20 15:17:10 App is up to date.
2025-02-22 03:42:29 Loading updated app package /home/JakeRA/.config/obsidian/obsidian-1.8.7.asar
2025-02-22 03:42:30 Checking for update using Github
2025-02-22 03:42:30 Success.
2025-02-22 03:42:30 Latest version is 1.8.7
2025-02-22 03:42:30 App is up to date.
2025-02-22 03:42:41 Loading updated app package /home/JakeRA/.config/obsidian/obsidian-1.8.7.asar
2025-02-22 03:42:41 Checking for update using Github
2025-02-22 03:42:41 Success.
2025-02-22 03:42:41 Latest version is 1.8.7
2025-02-22 03:42:41 App is up to date.
2025-02-22 04:42:41 Checking for update using Github
2025-02-22 04:42:41 Success.
2025-02-22 04:42:41 Latest version is 1.8.7
2025-02-22 04:42:41 App is up to date.
2025-02-23 11:05:12 Loading updated app package /home/JakeRA/.config/obsidian/obsidian-1.8.7.asar
2025-02-23 11:05:13 Checking for update using Github
2025-02-23 11:05:14 Success.
2025-02-23 11:05:14 Latest version is 1.8.7
2025-02-23 11:05:14 App is up to date.
2025-02-23 13:59:32 Loading updated app package /home/JakeRA/.config/obsidian/obsidian-1.8.7.asar
2025-02-23 13:59:33 Checking for update using Github
2025-02-23 13:59:33 Failed to check for update using Github (net::ERR_CONNECTION_RESET)
2025-02-23 13:59:33 Checking for update using obsidian.md
2025-02-23 13:59:34 Failed to check for update using obsidian.md (net::ERR_CONNECTION_RESET)
2025-02-23 15:23:02 Checking for update using Github
2025-02-23 15:23:02 Success.
2025-02-23 15:23:02 Latest version is 1.8.7
2025-02-23 15:23:02 App is up to date.
2025-02-24 01:45:40 Checking for update using Github
2025-02-24 01:45:40 Success.
2025-02-24 01:45:40 Latest version is 1.8.7
2025-02-24 01:45:40 App is up to date.
2025-02-24 07:11:16 Loading updated app package /home/JakeRA/.config/obsidian/obsidian-1.8.7.asar
2025-02-24 07:11:16 Checking for update using Github
2025-02-24 07:11:16 Success.
2025-02-24 07:11:16 Latest version is 1.8.7
2025-02-24 07:11:16 App is up to date.
2025-02-24 15:13:07 Loading updated app package /home/JakeRA/.config/obsidian/obsidian-1.8.7.asar
2025-02-24 15:13:07 Checking for update using Github
2025-02-24 15:13:07 Loading updated app package /home/JakeRA/.config/obsidian/obsidian-1.8.7.asar
2025-02-24 15:13:07 Checking for update using Github
2025-02-24 15:13:07 Loading updated app package /home/JakeRA/.config/obsidian/obsidian-1.8.7.asar
2025-02-24 15:13:07 Checking for update using Github
2025-02-24 15:13:07 Success.
2025-02-24 15:13:07 Latest version is 1.8.7
2025-02-24 15:13:07 App is up to date.
2025-02-24 15:13:07 Loading updated app package /home/JakeRA/.config/obsidian/obsidian-1.8.7.asar
2025-02-24 15:13:07 Checking for update using Github
2025-02-24 15:17:54 Loading updated app package /home/JakeRA/.config/obsidian/obsidian-1.8.7.asar
2025-02-24 15:17:54 Checking for update using Github
2025-02-24 15:17:54 Success.
2025-02-24 15:17:54 Latest version is 1.8.7
2025-02-24 15:17:54 App is up to date.
2025-02-25 01:09:37 Loading updated app package /home/JakeRA/.config/obsidian/obsidian-1.8.7.asar
2025-02-25 01:09:37 Checking for update using Github
2025-02-25 01:09:37 Success.
2025-02-25 01:09:37 Latest version is 1.8.7
2025-02-25 01:09:37 App is up to date.
2025-02-25 01:20:25 Loading updated app package /home/JakeRA/.config/obsidian/obsidian-1.8.7.asar
2025-02-25 01:20:26 Checking for update using Github
2025-02-25 01:20:26 Success.
2025-02-25 01:20:26 Latest version is 1.8.7
2025-02-25 01:20:26 App is up to date.
2025-02-25 02:24:45 Checking for update using Github
2025-02-25 02:24:45 Success.
2025-02-25 02:24:45 Latest version is 1.8.7
2025-02-25 02:24:45 App is up to date.
2025-02-26 02:28:55 Loading updated app package /home/JakeRA/.config/obsidian/obsidian-1.8.7.asar
2025-02-26 02:28:55 Checking for update using Github
2025-02-26 02:28:55 Success.
2025-02-26 02:28:55 Latest version is 1.8.7
2025-02-26 02:28:55 App is up to date.
2025-02-26 03:28:55 Checking for update using Github
2025-02-26 03:28:55 Success.
2025-02-26 03:28:55 Latest version is 1.8.7
2025-02-26 03:28:55 App is up to date.
2025-02-26 03:48:11 Loading updated app package /home/JakeRA/.config/obsidian/obsidian-1.8.7.asar
2025-02-26 03:48:11 Checking for update using Github
2025-02-26 03:48:17 Loading updated app package /home/JakeRA/.config/obsidian/obsidian-1.8.7.asar
2025-02-26 03:48:17 Checking for update using Github
2025-02-26 04:39:31 Checking for update using Github
2025-02-26 04:39:32 Success.
2025-02-26 04:39:32 Latest version is 1.8.7
2025-02-26 04:39:32 App is up to date.
2025-02-26 05:39:31 Checking for update using Github
2025-02-26 05:39:31 Success.
2025-02-26 05:39:31 Latest version is 1.8.7
2025-02-26 05:39:31 App is up to date.
2025-02-26 14:17:13 Loading updated app package /home/JakeRA/.config/obsidian/obsidian-1.8.7.asar
2025-02-26 14:17:13 Checking for update using Github
2025-02-26 14:17:14 Success.
2025-02-26 14:17:14 Latest version is 1.8.7
2025-02-26 14:17:14 App is up to date.
2025-02-26 15:17:13 Checking for update using Github
2025-02-26 15:17:13 Failed to check for update using Github (net::ERR_CONNECTION_RESET)
2025-02-26 15:17:13 Checking for update using obsidian.md
2025-02-26 15:17:14 Failed to check for update using obsidian.md (net::ERR_CONNECTION_RESET)
2025-02-26 16:46:12 Checking for update using Github
2025-02-26 16:46:12 Success.
2025-02-26 16:46:12 Latest version is 1.8.7
2025-02-26 16:46:12 App is up to date.
2025-02-27 10:21:03 Loading updated app package /home/JakeRA/.config/obsidian/obsidian-1.8.7.asar
2025-02-27 10:21:03 Checking for update using Github
2025-02-27 10:21:03 Success.
2025-02-27 10:21:03 Latest version is 1.8.7
2025-02-27 10:21:03 App is up to date.
2025-02-27 10:33:01 Loading updated app package /home/JakeRA/.config/obsidian/obsidian-1.8.7.asar
2025-02-27 10:33:01 Checking for update using Github
2025-02-27 10:33:02 Success.
2025-02-27 10:33:02 Latest version is 1.8.7
2025-02-27 10:33:02 App is up to date.
2025-02-27 13:30:36 Loading updated app package /home/JakeRA/.config/obsidian/obsidian-1.8.7.asar
2025-02-27 13:30:37 Checking for update using Github
2025-02-27 13:30:37 Loading updated app package /home/JakeRA/.config/obsidian/obsidian-1.8.7.asar
2025-02-27 13:30:37 Loading updated app package /home/JakeRA/.config/obsidian/obsidian-1.8.7.asar
2025-02-27 13:30:37 Loading updated app package /home/JakeRA/.config/obsidian/obsidian-1.8.7.asar
2025-02-27 13:30:37 Checking for update using Github
2025-02-27 13:30:37 Checking for update using Github
2025-02-27 13:30:37 Checking for update using Github
2025-02-27 13:30:37 Loading updated app package /home/JakeRA/.config/obsidian/obsidian-1.8.7.asar
2025-02-27 13:30:37 Loading updated app package /home/JakeRA/.config/obsidian/obsidian-1.8.7.asar
2025-02-27 13:30:37 Checking for update using Github
2025-02-27 13:30:37 Loading updated app package /home/JakeRA/.config/obsidian/obsidian-1.8.7.asar
2025-02-27 13:30:37 Checking for update using Github
2025-02-27 13:30:37 Success.
2025-02-27 13:30:37 Latest version is 1.8.7
2025-02-27 13:30:37 App is up to date.
2025-02-27 13:30:37 Loading updated app package /home/JakeRA/.config/obsidian/obsidian-1.8.7.asar
2025-02-27 13:30:37 Checking for update using Github
2025-02-27 13:30:37 Loading updated app package /home/JakeRA/.config/obsidian/obsidian-1.8.7.asar
2025-02-27 13:30:37 Loading updated app package /home/JakeRA/.config/obsidian/obsidian-1.8.7.asar
2025-02-27 13:30:37 Checking for update using Github
2025-02-27 13:30:37 Checking for update using Github
2025-02-27 13:30:37 Loading updated app package /home/JakeRA/.config/obsidian/obsidian-1.8.7.asar
2025-02-27 13:30:37 Checking for update using Github
2025-02-27 13:30:37 Checking for update using Github
2025-02-27 14:14:27 Loading updated app package /home/JakeRA/.config/obsidian/obsidian-1.8.7.asar
2025-02-27 14:14:27 Checking for update using Github
2025-02-27 14:14:27 Success.
2025-02-27 14:14:27 Latest version is 1.8.7
2025-02-27 14:14:27 App is up to date.
2025-02-27 15:37:41 Loading updated app package /home/JakeRA/.config/obsidian/obsidian-1.8.7.asar
2025-02-27 15:37:41 Checking for update using Github
2025-02-27 15:37:42 Success.
2025-02-27 15:37:42 Latest version is 1.8.7
2025-02-27 15:37:42 App is up to date.
2025-02-28 02:36:10 Loading updated app package /home/JakeRA/.config/obsidian/obsidian-1.8.7.asar
2025-02-28 02:36:10 Checking for update using Github
2025-02-28 02:36:10 Success.
2025-02-28 02:36:10 Latest version is 1.8.7
2025-02-28 02:36:10 App is up to date.
2025-02-28 03:36:10 Checking for update using Github
2025-02-28 03:36:10 Success.
2025-02-28 03:36:10 Latest version is 1.8.7
2025-02-28 03:36:10 App is up to date.
2025-02-28 04:52:43 Checking for update using Github
2025-02-28 04:52:44 Success.
2025-02-28 04:52:44 Latest version is 1.8.7
2025-02-28 04:52:44 App is up to date.
2025-02-28 15:16:31 Loading updated app package /home/JakeRA/.config/obsidian/obsidian-1.8.7.asar
2025-02-28 15:16:31 Checking for update using Github
2025-02-28 15:16:32 Success.
2025-02-28 15:16:32 Latest version is 1.8.7
2025-02-28 15:16:32 App is up to date.
2025-02-28 15:25:08 Loading updated app package /home/JakeRA/.config/obsidian/obsidian-1.8.7.asar
2025-02-28 15:25:09 Checking for update using Github
2025-02-28 15:25:09 Success.
2025-02-28 15:25:09 Latest version is 1.8.7
2025-02-28 15:25:09 App is up to date.
2025-03-01 05:57:36 Loading updated app package /home/JakeRA/.config/obsidian/obsidian-1.8.7.asar
2025-03-01 05:57:36 Checking for update using Github
2025-03-01 05:57:36 Success.
2025-03-01 05:57:36 Latest version is 1.8.7
2025-03-01 05:57:36 App is up to date.
2025-03-01 14:38:24 Loading updated app package /home/JakeRA/.config/obsidian/obsidian-1.8.7.asar
2025-03-01 14:38:24 Checking for update using Github
2025-03-01 14:38:24 Success.
2025-03-01 14:38:24 Latest version is 1.8.7
2025-03-01 14:38:24 App is up to date.
2025-03-01 15:07:23 Loading updated app package /home/JakeRA/.config/obsidian/obsidian-1.8.7.asar
2025-03-01 15:07:23 Checking for update using Github
2025-03-01 15:07:23 Success.
2025-03-01 15:07:23 Latest version is 1.8.7
2025-03-01 15:07:23 App is up to date.
2025-03-01 15:13:12 Loading updated app package /home/JakeRA/.config/obsidian/obsidian-1.8.7.asar
2025-03-01 15:13:12 Checking for update using Github
2025-03-01 15:13:13 Success.
2025-03-01 15:13:13 Latest version is 1.8.7
2025-03-01 15:13:13 App is up to date.
2025-03-02 05:19:37 Loading updated app package /home/JakeRA/.config/obsidian/obsidian-1.8.7.asar
2025-03-02 05:19:38 Checking for update using Github
2025-03-02 05:19:38 Success.
2025-03-02 05:19:38 Latest version is 1.8.7
2025-03-02 05:19:38 App is up to date.
2025-03-02 11:10:14 Loading updated app package /home/JakeRA/.config/obsidian/obsidian-1.8.7.asar
2025-03-02 11:10:14 Checking for update using Github
2025-03-02 11:10:15 Success.
2025-03-02 11:10:15 Latest version is 1.8.7
2025-03-02 11:10:15 App is up to date.
2025-03-03 03:33:24 Loading updated app package /home/JakeRA/.config/obsidian/obsidian-1.8.7.asar
2025-03-03 03:33:24 Checking for update using Github
2025-03-03 03:33:24 Success.
2025-03-03 03:33:24 Latest version is 1.8.7
2025-03-03 03:33:24 App is up to date.
2025-03-03 10:04:43 Loading updated app package /home/JakeRA/.config/obsidian/obsidian-1.8.7.asar
2025-03-03 10:04:43 Checking for update using Github
2025-03-03 10:04:43 Success.
2025-03-03 10:04:43 Latest version is 1.8.7
2025-03-03 10:04:43 App is up to date.
2025-03-03 10:18:24 Loading updated app package /home/JakeRA/.config/obsidian/obsidian-1.8.7.asar
2025-03-03 10:18:24 Checking for update using Github
2025-03-03 10:18:24 Success.
2025-03-03 10:18:24 Latest version is 1.8.7
2025-03-03 10:18:24 App is up to date.
2025-03-05 02:55:33 Loading updated app package /home/JakeRA/.config/obsidian/obsidian-1.8.7.asar
2025-03-05 02:55:34 Checking for update using Github
2025-03-05 02:55:34 Success.
2025-03-05 02:55:34 Latest version is 1.8.7
2025-03-05 02:55:34 App is up to date.
2025-03-05 03:55:34 Checking for update using Github
2025-03-05 03:55:34 Success.
2025-03-05 03:55:34 Latest version is 1.8.7
2025-03-05 03:55:34 App is up to date.
2025-03-05 04:55:34 Checking for update using Github
2025-03-05 04:55:34 Success.
2025-03-05 04:55:34 Latest version is 1.8.7
2025-03-05 04:55:34 App is up to date.
2025-03-05 05:55:34 Checking for update using Github
2025-03-05 05:55:34 Success.
2025-03-05 05:55:34 Latest version is 1.8.7
2025-03-05 05:55:34 App is up to date.
2025-03-05 15:19:02 Loading updated app package /home/JakeRA/.config/obsidian/obsidian-1.8.7.asar
2025-03-05 15:19:03 Checking for update using Github
2025-03-05 15:19:03 Success.
2025-03-05 15:19:03 Latest version is 1.8.7
2025-03-05 15:19:03 App is up to date.
