2025-03-09 15:24:52.185 [info] Reading sessions from keychain...
2025-03-09 15:24:52.185 [info] Getting sessions for all scopes...
2025-03-09 15:24:52.185 [info] Getting sessions for all scopes...
2025-03-09 15:24:52.185 [info] Getting sessions for all scopes...
2025-03-09 15:24:52.185 [info] Getting sessions for user:email...
2025-03-09 15:24:52.185 [info] Got 0 sessions for ...
2025-03-09 15:24:52.185 [info] Got 0 sessions for ...
2025-03-09 15:24:52.185 [info] Got 0 sessions for ...
2025-03-09 15:24:52.185 [info] Got 0 sessions for user:email...
2025-03-09 15:24:52.185 [info] Getting sessions for read:user,repo,user:email,workflow...
2025-03-09 15:24:52.185 [info] Got 0 sessions for read:user,repo,user:email,workflow...
2025-03-09 15:24:52.185 [info] Getting sessions for all scopes...
2025-03-09 15:24:52.185 [info] Got 0 sessions for ...
2025-03-09 15:24:52.185 [info] Getting sessions for all scopes...
2025-03-09 15:24:52.185 [info] Got 0 sessions for ...
2025-03-09 15:24:52.185 [info] Getting sessions for read:user...
2025-03-09 15:24:52.185 [info] Got 0 sessions for read:user...
2025-03-09 15:24:52.185 [info] Getting sessions for user:email...
2025-03-09 15:24:52.185 [info] Got 0 sessions for user:email...
2025-03-09 15:24:52.185 [info] Getting sessions for read:user,repo,user:email,workflow...
2025-03-09 15:24:52.185 [info] Got 0 sessions for read:user,repo,user:email,workflow...
2025-03-09 15:24:52.185 [info] Getting sessions for user:email...
2025-03-09 15:24:52.185 [info] Got 0 sessions for user:email...
2025-03-09 15:24:52.187 [info] Getting sessions for all scopes...
2025-03-09 15:24:52.187 [info] Got 0 sessions for ...
2025-03-09 15:24:52.200 [info] Getting sessions for user:email...
2025-03-09 15:24:52.200 [info] Got 0 sessions for user:email...
2025-03-09 15:24:52.936 [info] Getting sessions for all scopes...
2025-03-09 15:24:52.936 [info] Got 0 sessions for ...
2025-03-09 15:24:52.961 [info] Getting sessions for user:email...
2025-03-09 15:24:52.961 [info] Got 0 sessions for user:email...
2025-03-09 15:24:53.044 [info] Getting sessions for all scopes...
2025-03-09 15:24:53.044 [info] Got 0 sessions for ...
2025-03-09 15:24:53.045 [info] Getting sessions for user:email...
2025-03-09 15:24:53.045 [info] Got 0 sessions for user:email...
2025-03-09 15:24:53.047 [info] Getting sessions for all scopes...
2025-03-09 15:24:53.047 [info] Got 0 sessions for ...
2025-03-09 15:24:53.047 [info] Getting sessions for user:email...
2025-03-09 15:24:53.047 [info] Got 0 sessions for user:email...
2025-03-09 15:24:53.540 [info] Getting sessions for all scopes...
2025-03-09 15:24:53.540 [info] Got 0 sessions for ...
