2025-03-08 18:47:11.551 [info] Reading sessions from keychain...
2025-03-08 18:47:11.551 [info] Getting sessions for all scopes...
2025-03-08 18:47:11.551 [info] Getting sessions for all scopes...
2025-03-08 18:47:11.551 [info] Getting sessions for all scopes...
2025-03-08 18:47:11.551 [info] Got 0 sessions for ...
2025-03-08 18:47:11.551 [info] Got 0 sessions for ...
2025-03-08 18:47:11.551 [info] Got 0 sessions for ...
2025-03-08 18:47:11.551 [info] Getting sessions for user:email...
2025-03-08 18:47:11.551 [info] Got 0 sessions for user:email...
2025-03-08 18:47:12.248 [info] Getting sessions for read:user,repo,user:email,workflow...
2025-03-08 18:47:12.248 [info] Got 0 sessions for read:user,repo,user:email,workflow...
2025-03-08 18:47:12.249 [info] Getting sessions for all scopes...
2025-03-08 18:47:12.249 [info] Got 0 sessions for ...
2025-03-08 18:47:12.249 [info] Getting sessions for all scopes...
2025-03-08 18:47:12.249 [info] Got 0 sessions for ...
2025-03-08 18:47:12.257 [info] Getting sessions for read:user...
2025-03-08 18:47:12.257 [info] Got 0 sessions for read:user...
2025-03-08 18:47:12.257 [info] Getting sessions for user:email...
2025-03-08 18:47:12.257 [info] Got 0 sessions for user:email...
2025-03-08 18:47:12.257 [info] Getting sessions for read:user,repo,user:email,workflow...
2025-03-08 18:47:12.257 [info] Got 0 sessions for read:user,repo,user:email,workflow...
2025-03-08 18:47:12.267 [info] Getting sessions for user:email...
2025-03-08 18:47:12.267 [info] Got 0 sessions for user:email...
2025-03-08 18:47:12.267 [info] Getting sessions for all scopes...
2025-03-08 18:47:12.267 [info] Got 0 sessions for ...
2025-03-08 18:47:12.273 [info] Getting sessions for user:email...
2025-03-08 18:47:12.273 [info] Got 0 sessions for user:email...
2025-03-08 18:47:12.274 [info] Getting sessions for all scopes...
2025-03-08 18:47:12.274 [info] Got 0 sessions for ...
2025-03-08 18:47:13.030 [info] Getting sessions for user:email...
2025-03-08 18:47:13.030 [info] Got 0 sessions for user:email...
2025-03-08 18:47:13.030 [info] Getting sessions for all scopes...
2025-03-08 18:47:13.030 [info] Got 0 sessions for ...
2025-03-08 18:47:13.033 [info] Getting sessions for user:email...
2025-03-08 18:47:13.033 [info] Got 0 sessions for user:email...
2025-03-08 18:47:13.035 [info] Getting sessions for all scopes...
2025-03-08 18:47:13.035 [info] Got 0 sessions for ...
2025-03-08 18:47:13.036 [info] Getting sessions for user:email...
2025-03-08 18:47:13.036 [info] Got 0 sessions for user:email...
2025-03-08 18:47:13.517 [info] Getting sessions for all scopes...
2025-03-08 18:47:13.517 [info] Got 0 sessions for ...
2025-03-08 19:02:13.043 [info] Getting sessions for all scopes...
2025-03-08 19:02:13.043 [info] Got 0 sessions for ...
2025-03-08 19:02:13.046 [info] Getting sessions for user:email...
2025-03-08 19:02:13.046 [info] Got 0 sessions for user:email...
2025-03-08 19:02:13.071 [info] Getting sessions for all scopes...
2025-03-08 19:02:13.071 [info] Got 0 sessions for ...
2025-03-08 19:02:13.073 [info] Getting sessions for user:email...
2025-03-08 19:02:13.073 [info] Got 0 sessions for user:email...
