2025-03-14 08:49:50.578 [info] Reading sessions from keychain...
2025-03-14 08:49:50.578 [info] Getting sessions for all scopes...
2025-03-14 08:49:50.578 [info] Getting sessions for all scopes...
2025-03-14 08:49:50.578 [info] Getting sessions for all scopes...
2025-03-14 08:49:50.578 [info] Got 0 sessions for ...
2025-03-14 08:49:50.578 [info] Got 0 sessions for ...
2025-03-14 08:49:50.578 [info] Got 0 sessions for ...
2025-03-14 08:49:50.578 [info] Getting sessions for user:email...
2025-03-14 08:49:50.578 [info] Got 0 sessions for user:email...
2025-03-14 08:49:50.578 [info] Getting sessions for read:user,repo,user:email,workflow...
2025-03-14 08:49:50.578 [info] Got 0 sessions for read:user,repo,user:email,workflow...
2025-03-14 08:49:50.578 [info] Getting sessions for all scopes...
2025-03-14 08:49:50.578 [info] Got 0 sessions for ...
2025-03-14 08:49:50.578 [info] Getting sessions for all scopes...
2025-03-14 08:49:50.578 [info] Got 0 sessions for ...
2025-03-14 08:49:50.578 [info] Getting sessions for read:user,repo,user:email,workflow...
2025-03-14 08:49:50.578 [info] Got 0 sessions for read:user,repo,user:email,workflow...
2025-03-14 08:49:50.578 [info] Getting sessions for read:user...
2025-03-14 08:49:50.578 [info] Got 0 sessions for read:user...
2025-03-14 08:49:50.578 [info] Getting sessions for user:email...
2025-03-14 08:49:50.578 [info] Got 0 sessions for user:email...
2025-03-14 08:49:50.578 [info] Getting sessions for read:user,repo,user:email,workflow...
2025-03-14 08:49:50.578 [info] Got 0 sessions for read:user,repo,user:email,workflow...
2025-03-14 08:49:50.596 [info] Getting sessions for user:email...
2025-03-14 08:49:50.596 [info] Got 0 sessions for user:email...
2025-03-14 08:49:50.617 [info] Getting sessions for all scopes...
2025-03-14 08:49:50.617 [info] Got 0 sessions for ...
2025-03-14 08:49:50.665 [info] Getting sessions for user:email...
2025-03-14 08:49:50.665 [info] Got 0 sessions for user:email...
2025-03-14 08:49:51.445 [info] Getting sessions for all scopes...
2025-03-14 08:49:51.445 [info] Got 0 sessions for ...
2025-03-14 08:49:51.445 [info] Getting sessions for all scopes...
2025-03-14 08:49:51.445 [info] Got 0 sessions for ...
2025-03-14 08:49:51.490 [info] Getting sessions for user:email...
2025-03-14 08:49:51.490 [info] Got 0 sessions for user:email...
2025-03-14 08:49:51.492 [info] Getting sessions for all scopes...
2025-03-14 08:49:51.492 [info] Got 0 sessions for ...
2025-03-14 08:49:51.492 [info] Getting sessions for all scopes...
2025-03-14 08:49:51.492 [info] Got 0 sessions for ...
2025-03-14 08:49:51.493 [info] Getting sessions for user:email...
2025-03-14 08:49:51.493 [info] Got 0 sessions for user:email...
2025-03-14 08:49:51.495 [info] Getting sessions for all scopes...
2025-03-14 08:49:51.495 [info] Got 0 sessions for ...
2025-03-14 08:49:51.495 [info] Getting sessions for user:email...
2025-03-14 08:49:51.495 [info] Got 0 sessions for user:email...
2025-03-14 08:49:51.602 [info] Getting sessions for all scopes...
2025-03-14 08:49:51.602 [info] Got 0 sessions for ...
