2025-03-05 21:03:40.941 [info] Experiment 'pythonRecommendTensorboardExt' is active
2025-03-05 21:03:40.941 [info] Experiment 'pythonTerminalEnvVarActivation' is active
2025-03-05 21:03:40.941 [info] Experiment 'pythonTestAdapter' is active
2025-03-05 21:03:40.941 [warning] Dir "/home/JakeRA/my_project/Resume_Shortlisting/.pixi/envs" is not watchable (directory does not exist)
2025-03-05 21:03:40.941 [info] Starting Environment refresh
2025-03-05 21:03:40.941 [info] Starting Environment refresh
2025-03-05 21:03:40.941 [info] > hatch env show --json
2025-03-05 21:03:40.941 [info] cwd: .
2025-03-05 21:03:42.070 [info] > ./.venv/bin/python -I ~/.vscode/extensions/ms-python.python-2025.0.0-linux-x64/python_files/get_output_via_markers.py ~/.vscode/extensions/ms-python.python-2025.0.0-linux-x64/python_files/interpreterInfo.py
2025-03-05 21:03:42.071 [info] Environments refresh paths discovered: 1709 milliseconds
2025-03-05 21:03:42.071 [info] Environments refresh paths discovered: 1709 milliseconds
2025-03-05 21:03:42.139 [info] Environments refresh finished (event): 1778 milliseconds
2025-03-05 21:03:42.139 [info] Environments refresh finished (event): 1777 milliseconds
2025-03-05 21:03:42.140 [info] Environment refresh took 1779 milliseconds
2025-03-05 21:03:42.140 [info] Environment refresh took 1778 milliseconds
2025-03-05 21:03:42.150 [info] > ~/.pyenv/bin/pyenv which python
2025-03-05 21:03:42.150 [info] cwd: .
2025-03-05 21:03:42.542 [info] Python interpreter path: ./.venv/bin/python
2025-03-05 21:03:42.568 [info] > . ./.venv/bin/activate && echo 'e8b39361-0157-4923-80e1-22d70d46dee6' && python ~/.vscode/extensions/ms-python.python-2025.0.0-linux-x64/python_files/printEnvVariables.py
2025-03-05 21:03:42.568 [info] shell: bash
2025-03-05 21:03:42.636 [info] > ~/.pyenv/versions/3.12.3/bin/python ~/.vscode/extensions/ms-python.python-2025.0.0-linux-x64/python_files/printEnvVariables.py
2025-03-05 21:03:42.636 [info] shell: bash
2025-03-05 21:03:42.701 [info] Setting environment variable VIRTUAL_ENV in collection to /home/JakeRA/my_project/Resume_Shortlisting/.venv {"applyAtShellIntegration":true,"applyAtProcessCreation":true}
2025-03-05 21:03:42.701 [info] Setting environment variable VIRTUAL_ENV_PROMPT in collection to resume-shortlisting-py3.13 {"applyAtShellIntegration":true,"applyAtProcessCreation":true}
2025-03-05 21:03:42.701 [info] Prepending environment variable PS1 in collection with resume-shortlisting-py3.13 {"applyAtShellIntegration":true,"applyAtProcessCreation":false}
2025-03-05 21:03:42.701 [info] Prepending environment variable PATH in collection with /home/JakeRA/.vscode/extensions/ms-python.python-2025.0.0-linux-x64/python_files/deactivate/bash:/home/JakeRA/my_project/Resume_Shortlisting/.venv/bin: {"applyAtShellIntegration":true,"applyAtProcessCreation":true}
2025-03-05 21:03:42.702 [info] Send text to terminal: /home/JakeRA/.pyenv/versions/3.12.3/bin/python /home/JakeRA/.vscode/extensions/ms-python.python-2025.0.0-linux-x64/python_files/printEnvVariablesToFile.py /home/JakeRA/.vscode/extensions/ms-python.python-2025.0.0-linux-x64/python_files/deactivate/bash/envVars.txt
2025-03-05 21:03:43.560 [info] Starting Pylance language server.
