2025-03-10 14:25:19.751 [info] Reading sessions from keychain...
2025-03-10 14:25:19.751 [info] Getting sessions for all scopes...
2025-03-10 14:25:19.751 [info] Getting sessions for all scopes...
2025-03-10 14:25:19.751 [info] Getting sessions for user:email...
2025-03-10 14:25:19.751 [info] Getting sessions for all scopes...
2025-03-10 14:25:19.751 [info] Got 0 sessions for ...
2025-03-10 14:25:19.751 [info] Got 0 sessions for ...
2025-03-10 14:25:19.751 [info] Got 0 sessions for user:email...
2025-03-10 14:25:19.751 [info] Got 0 sessions for ...
2025-03-10 14:25:19.751 [info] Getting sessions for user:email...
2025-03-10 14:25:19.751 [info] Got 0 sessions for user:email...
2025-03-10 14:25:19.751 [info] Getting sessions for user:email...
2025-03-10 14:25:19.751 [info] Got 0 sessions for user:email...
2025-03-10 14:25:19.751 [info] Getting sessions for read:user,repo,user:email,workflow...
2025-03-10 14:25:19.751 [info] Got 0 sessions for read:user,repo,user:email,workflow...
2025-03-10 14:25:19.751 [info] Getting sessions for all scopes...
2025-03-10 14:25:19.751 [info] Got 0 sessions for ...
2025-03-10 14:25:19.751 [info] Getting sessions for all scopes...
2025-03-10 14:25:19.751 [info] Got 0 sessions for ...
2025-03-10 14:25:19.753 [info] Getting sessions for read:user...
2025-03-10 14:25:19.753 [info] Got 0 sessions for read:user...
2025-03-10 14:25:19.753 [info] Getting sessions for user:email...
2025-03-10 14:25:19.753 [info] Got 0 sessions for user:email...
2025-03-10 14:25:19.754 [info] Getting sessions for read:user,repo,user:email,workflow...
2025-03-10 14:25:19.754 [info] Got 0 sessions for read:user,repo,user:email,workflow...
2025-03-10 14:25:19.756 [info] Getting sessions for user:email...
2025-03-10 14:25:19.756 [info] Got 0 sessions for user:email...
2025-03-10 14:25:19.756 [info] Getting sessions for all scopes...
2025-03-10 14:25:19.756 [info] Got 0 sessions for ...
2025-03-10 14:25:19.761 [info] Getting sessions for user:email...
2025-03-10 14:25:19.761 [info] Got 0 sessions for user:email...
2025-03-10 14:25:20.497 [info] Getting sessions for all scopes...
2025-03-10 14:25:20.497 [info] Got 0 sessions for ...
2025-03-10 14:25:20.499 [info] Getting sessions for user:email...
2025-03-10 14:25:20.499 [info] Got 0 sessions for user:email...
2025-03-10 14:25:21.029 [info] Getting sessions for all scopes...
2025-03-10 14:25:21.029 [info] Got 0 sessions for ...
2025-03-10 14:25:21.032 [info] Getting sessions for user:email...
2025-03-10 14:25:21.032 [info] Got 0 sessions for user:email...
2025-03-10 14:25:21.032 [info] Getting sessions for all scopes...
2025-03-10 14:25:21.032 [info] Got 0 sessions for ...
2025-03-10 14:25:21.033 [info] Getting sessions for user:email...
2025-03-10 14:25:21.033 [info] Got 0 sessions for user:email...
2025-03-10 14:25:21.086 [info] Getting sessions for all scopes...
2025-03-10 14:25:21.086 [info] Got 0 sessions for ...
