2025-03-08 13:58:01.941 [info] [main] Log level: Info
2025-03-08 13:58:01.941 [info] [main] Validating found git in: "git"
2025-03-08 13:58:01.941 [info] [main] Using git "2.47.1" from "git"
2025-03-08 13:58:01.941 [info] [Model][doInitialScan] Initial repository scan started
2025-03-08 13:58:01.941 [info] > git rev-parse --show-toplevel [1ms]
2025-03-08 13:58:01.941 [info] > git rev-parse --git-dir --git-common-dir [1ms]
2025-03-08 13:58:01.941 [info] [Model][openRepository] Opened repository: /home/JakeRA/learning/html/Portfolio
2025-03-08 13:58:01.942 [info] > git rev-parse --show-toplevel [467ms]
2025-03-08 13:58:01.942 [info] > git config --get commit.template [470ms]
2025-03-08 13:58:02.100 [info] > git rev-parse --show-toplevel [28ms]
2025-03-08 13:58:02.102 [info] [Model][doInitialScan] Initial repository scan completed - repositories (1), closed repositories (0), parent repositories (0), unsafe repositories (0)
2025-03-08 13:58:02.119 [info] > git show --textconv :index.html [10ms]
2025-03-08 13:58:02.119 [info] > git ls-files --stage -- /home/JakeRA/learning/html/Portfolio/index.html [3ms]
2025-03-08 13:58:02.127 [info] > git for-each-ref --format=%(refname)%00%(upstream:short)%00%(objectname)%00%(upstream:track)%00%(upstream:remotename)%00%(upstream:remoteref) refs/heads/main refs/remotes/main [29ms]
2025-03-08 13:58:02.129 [info] > git cat-file -s 7399a7dd62f41b036f52b216eb4b960bcd848e84 [3ms]
2025-03-08 13:58:02.148 [info] > git status -z -uall [9ms]
2025-03-08 13:58:02.148 [info] > git for-each-ref --sort -committerdate --format %(refname) %(objectname) %(*objectname) [1ms]
2025-03-08 13:58:02.169 [info] > git for-each-ref --format=%(refname)%00%(upstream:short)%00%(objectname)%00%(upstream:track)%00%(upstream:remotename)%00%(upstream:remoteref) refs/heads/main refs/remotes/main [10ms]
2025-03-08 13:58:02.176 [info] > git config --local branch.main.vscode-merge-base [1ms]
2025-03-08 13:58:02.176 [warning] [Git][config] git config failed: Failed to execute git
2025-03-08 13:58:02.184 [info] > git config --get commit.template [15ms]
2025-03-08 13:58:02.192 [info] > git reflog main --grep-reflog=branch: Created from *. [8ms]
2025-03-08 13:58:02.199 [info] > git for-each-ref --format=%(refname)%00%(upstream:short)%00%(objectname)%00%(upstream:track)%00%(upstream:remotename)%00%(upstream:remoteref) refs/heads/main refs/remotes/main [7ms]
2025-03-08 13:58:02.199 [info] > git symbolic-ref --short refs/remotes/origin/HEAD [1ms]
2025-03-08 13:58:02.199 [info] fatal: ref refs/remotes/origin/HEAD is not a symbolic ref
2025-03-08 13:58:02.200 [warning] [Repository][getDefaultBranch] Failed to get default branch details: Failed to execute git.
2025-03-08 13:58:02.208 [info] > git merge-base refs/heads/main refs/remotes/origin/main [1ms]
2025-03-08 13:58:02.235 [info] > git status -z -uall [8ms]
2025-03-08 13:58:02.235 [info] > git diff --name-status -z --diff-filter=ADMR d6847e17d947fe8949631763027c89baffb94abb...refs/remotes/origin/main [18ms]
2025-03-08 13:58:02.237 [info] > git for-each-ref --sort -committerdate --format %(refname) %(objectname) %(*objectname) [1ms]
2025-03-08 13:58:03.021 [info] > git check-ignore -v -z --stdin [4ms]
