2025-03-05 21:03:40.941 [info] Reading sessions from keychain...
2025-03-05 21:03:40.941 [info] Getting sessions for all scopes...
2025-03-05 21:03:40.941 [info] Getting sessions for all scopes...
2025-03-05 21:03:40.941 [info] Getting sessions for all scopes...
2025-03-05 21:03:40.941 [info] Got stored sessions!
2025-03-05 21:03:40.941 [info] Got 1 verified sessions.
2025-03-05 21:03:40.941 [info] Got 1 sessions for ...
2025-03-05 21:03:40.941 [info] Got 1 sessions for ...
2025-03-05 21:03:40.941 [info] Got 1 sessions for ...
2025-03-05 21:03:40.941 [info] Getting sessions for user:email...
2025-03-05 21:03:40.941 [info] Got 1 sessions for user:email...
2025-03-05 21:03:41.060 [info] Getting sessions for read:user,repo,user:email,workflow...
2025-03-05 21:03:41.060 [info] Got 0 sessions for read:user,repo,user:email,workflow...
2025-03-05 21:03:41.060 [info] Getting sessions for all scopes...
2025-03-05 21:03:41.060 [info] Got 1 sessions for ...
2025-03-05 21:03:41.060 [info] Getting sessions for all scopes...
2025-03-05 21:03:41.060 [info] Got 1 sessions for ...
2025-03-05 21:03:41.119 [info] Getting sessions for read:user...
2025-03-05 21:03:41.119 [info] Got 0 sessions for read:user...
2025-03-05 21:03:41.119 [info] Getting sessions for read:user,repo,user:email,workflow...
2025-03-05 21:03:41.119 [info] Got 0 sessions for read:user,repo,user:email,workflow...
2025-03-05 21:03:41.173 [info] Getting sessions for user:email...
2025-03-05 21:03:41.173 [info] Got 1 sessions for user:email...
2025-03-05 21:03:41.174 [info] Getting sessions for user:email...
2025-03-05 21:03:41.174 [info] Got 1 sessions for user:email...
2025-03-05 21:03:41.237 [info] Getting sessions for read:user,repo,user:email,workflow...
2025-03-05 21:03:41.237 [info] Got 0 sessions for read:user,repo,user:email,workflow...
2025-03-05 21:03:41.239 [info] Getting sessions for all scopes...
2025-03-05 21:03:41.239 [info] Got 1 sessions for ...
2025-03-05 21:03:41.272 [info] Getting sessions for read:user,repo,user:email,workflow...
2025-03-05 21:03:41.272 [info] Got 0 sessions for read:user,repo,user:email,workflow...
2025-03-05 21:03:42.036 [info] Getting sessions for user:email...
2025-03-05 21:03:42.036 [info] Got 1 sessions for user:email...
2025-03-05 21:03:42.041 [info] Getting sessions for all scopes...
2025-03-05 21:03:42.041 [info] Got 1 sessions for ...
2025-03-05 21:03:42.042 [info] Getting sessions for read:user,repo,user:email,workflow...
2025-03-05 21:03:42.042 [info] Got 0 sessions for read:user,repo,user:email,workflow...
2025-03-05 21:03:42.042 [info] Getting sessions for user:email...
2025-03-05 21:03:42.042 [info] Got 1 sessions for user:email...
2025-03-05 21:03:42.094 [info] Getting sessions for all scopes...
2025-03-05 21:03:42.094 [info] Got 1 sessions for ...
2025-03-05 21:03:42.095 [info] Getting sessions for read:user,repo,user:email,workflow...
2025-03-05 21:03:42.095 [info] Got 0 sessions for read:user,repo,user:email,workflow...
2025-03-05 21:03:42.095 [info] Getting sessions for user:email...
2025-03-05 21:03:42.095 [info] Got 1 sessions for user:email...
2025-03-05 21:03:42.131 [info] Getting sessions for all scopes...
2025-03-05 21:03:42.131 [info] Got 1 sessions for ...
2025-03-05 21:03:43.131 [info] Getting sessions for all scopes...
2025-03-05 21:03:43.131 [info] Got 1 sessions for ...
2025-03-05 21:03:43.131 [info] Getting sessions for all scopes...
2025-03-05 21:03:43.131 [info] Got 1 sessions for ...
2025-03-05 21:03:43.153 [info] Getting sessions for read:user,repo,user:email,workflow...
2025-03-05 21:03:43.153 [info] Got 0 sessions for read:user,repo,user:email,workflow...
2025-03-05 21:03:43.154 [info] Getting sessions for user:email...
2025-03-05 21:03:43.154 [info] Got 1 sessions for user:email...
2025-03-05 21:03:43.157 [info] Getting sessions for all scopes...
2025-03-05 21:03:43.157 [info] Got 1 sessions for ...
2025-03-05 21:03:43.158 [info] Getting sessions for read:user,repo,user:email,workflow...
2025-03-05 21:03:43.158 [info] Got 0 sessions for read:user,repo,user:email,workflow...
2025-03-05 21:03:43.159 [info] Getting sessions for user:email...
2025-03-05 21:03:43.159 [info] Got 1 sessions for user:email...
2025-03-05 21:03:43.194 [info] Getting sessions for all scopes...
2025-03-05 21:03:43.194 [info] Got 1 sessions for ...
2025-03-05 21:03:43.202 [info] Getting sessions for read:user,repo,user:email,workflow...
2025-03-05 21:03:43.202 [info] Got 0 sessions for read:user,repo,user:email,workflow...
2025-03-05 21:03:43.203 [info] Getting sessions for user:email...
2025-03-05 21:03:43.203 [info] Got 1 sessions for user:email...
