2025-03-07 08:38:27.939 [info] Reading sessions from keychain...
2025-03-07 08:38:27.939 [info] Getting sessions for all scopes...
2025-03-07 08:38:27.939 [info] Getting sessions for all scopes...
2025-03-07 08:38:27.939 [info] Getting sessions for all scopes...
2025-03-07 08:38:27.939 [info] Getting sessions for user:email...
2025-03-07 08:38:27.939 [info] Getting sessions for user:email...
2025-03-07 08:38:27.939 [info] Getting sessions for user:email...
2025-03-07 08:38:27.939 [info] Got stored sessions!
2025-03-07 08:38:27.939 [info] Got 1 verified sessions.
2025-03-07 08:38:27.939 [info] Got 1 sessions for ...
2025-03-07 08:38:27.939 [info] Got 1 sessions for ...
2025-03-07 08:38:27.939 [info] Got 1 sessions for ...
2025-03-07 08:38:27.939 [info] Got 1 sessions for user:email...
2025-03-07 08:38:27.939 [info] Got 1 sessions for user:email...
2025-03-07 08:38:27.939 [info] Got 1 sessions for user:email...
2025-03-07 08:38:28.697 [info] Getting sessions for read:user,repo,user:email,workflow...
2025-03-07 08:38:28.697 [info] Got 0 sessions for read:user,repo,user:email,workflow...
2025-03-07 08:38:28.697 [info] Getting sessions for all scopes...
2025-03-07 08:38:28.697 [info] Got 1 sessions for ...
2025-03-07 08:38:28.697 [info] Getting sessions for all scopes...
2025-03-07 08:38:28.697 [info] Got 1 sessions for ...
2025-03-07 08:38:28.738 [info] Getting sessions for read:user...
2025-03-07 08:38:28.738 [info] Got 0 sessions for read:user...
2025-03-07 08:38:28.738 [info] Getting sessions for read:user,repo,user:email,workflow...
2025-03-07 08:38:28.738 [info] Got 0 sessions for read:user,repo,user:email,workflow...
2025-03-07 08:38:28.780 [info] Getting sessions for read:user,repo,user:email,workflow...
2025-03-07 08:38:28.780 [info] Got 0 sessions for read:user,repo,user:email,workflow...
2025-03-07 08:38:28.780 [info] Getting sessions for user:email...
2025-03-07 08:38:28.780 [info] Got 1 sessions for user:email...
2025-03-07 08:38:28.790 [info] Getting sessions for user:email...
2025-03-07 08:38:28.790 [info] Got 1 sessions for user:email...
2025-03-07 08:38:28.834 [info] Getting sessions for all scopes...
2025-03-07 08:38:28.834 [info] Got 1 sessions for ...
2025-03-07 08:38:28.881 [info] Getting sessions for read:user,repo,user:email,workflow...
2025-03-07 08:38:28.881 [info] Got 0 sessions for read:user,repo,user:email,workflow...
2025-03-07 08:38:29.733 [info] Getting sessions for user:email...
2025-03-07 08:38:29.733 [info] Got 1 sessions for user:email...
2025-03-07 08:38:29.753 [info] Getting sessions for all scopes...
2025-03-07 08:38:29.753 [info] Got 1 sessions for ...
2025-03-07 08:38:29.787 [info] Getting sessions for all scopes...
2025-03-07 08:38:29.787 [info] Got 1 sessions for ...
2025-03-07 08:38:29.789 [info] Getting sessions for read:user,repo,user:email,workflow...
2025-03-07 08:38:29.789 [info] Got 0 sessions for read:user,repo,user:email,workflow...
2025-03-07 08:38:29.790 [info] Getting sessions for user:email...
2025-03-07 08:38:29.790 [info] Got 1 sessions for user:email...
2025-03-07 08:38:30.250 [info] Getting sessions for all scopes...
2025-03-07 08:38:30.250 [info] Got 1 sessions for ...
2025-03-07 08:38:30.252 [info] Getting sessions for read:user,repo,user:email,workflow...
2025-03-07 08:38:30.252 [info] Got 0 sessions for read:user,repo,user:email,workflow...
2025-03-07 08:38:30.253 [info] Getting sessions for user:email...
2025-03-07 08:38:30.253 [info] Got 1 sessions for user:email...
2025-03-07 08:38:31.437 [info] Getting sessions for all scopes...
2025-03-07 08:38:31.437 [info] Got 1 sessions for ...
2025-03-07 08:38:31.438 [info] Getting sessions for all scopes...
2025-03-07 08:38:31.438 [info] Got 1 sessions for ...
2025-03-07 08:38:31.439 [info] Getting sessions for read:user,repo,user:email,workflow...
2025-03-07 08:38:31.439 [info] Got 0 sessions for read:user,repo,user:email,workflow...
2025-03-07 08:38:31.447 [info] Getting sessions for user:email...
2025-03-07 08:38:31.447 [info] Got 1 sessions for user:email...
2025-03-07 08:38:31.449 [info] Getting sessions for all scopes...
2025-03-07 08:38:31.449 [info] Got 1 sessions for ...
2025-03-07 08:38:31.449 [info] Getting sessions for read:user,repo,user:email,workflow...
2025-03-07 08:38:31.449 [info] Got 0 sessions for read:user,repo,user:email,workflow...
2025-03-07 08:38:31.450 [info] Getting sessions for user:email...
2025-03-07 08:38:31.450 [info] Got 1 sessions for user:email...
2025-03-07 08:38:31.478 [info] Getting sessions for all scopes...
2025-03-07 08:38:31.478 [info] Got 1 sessions for ...
2025-03-07 08:38:31.479 [info] Getting sessions for read:user,repo,user:email,workflow...
2025-03-07 08:38:31.479 [info] Got 0 sessions for read:user,repo,user:email,workflow...
2025-03-07 08:38:31.479 [info] Getting sessions for user:email...
2025-03-07 08:38:31.479 [info] Got 1 sessions for user:email...
