2025-03-08 13:58:01.249 [info] Reading sessions from keychain...
2025-03-08 13:58:01.249 [info] Getting sessions for all scopes...
2025-03-08 13:58:01.249 [info] Getting sessions for all scopes...
2025-03-08 13:58:01.249 [info] Getting sessions for all scopes...
2025-03-08 13:58:01.249 [info] Getting sessions for user:email...
2025-03-08 13:58:01.249 [info] Got stored sessions!
2025-03-08 13:58:01.249 [info] Got 1 verified sessions.
2025-03-08 13:58:01.249 [info] Got 1 sessions for ...
2025-03-08 13:58:01.249 [info] Got 1 sessions for ...
2025-03-08 13:58:01.249 [info] Got 1 sessions for ...
2025-03-08 13:58:01.249 [info] Got 1 sessions for user:email...
2025-03-08 13:58:01.272 [info] Getting sessions for user:email...
2025-03-08 13:58:01.272 [info] Got 1 sessions for user:email...
2025-03-08 13:58:01.272 [info] Getting sessions for user:email...
2025-03-08 13:58:01.272 [info] Got 1 sessions for user:email...
2025-03-08 13:58:02.117 [info] Getting sessions for read:user,repo,user:email,workflow...
2025-03-08 13:58:02.117 [info] Got 0 sessions for read:user,repo,user:email,workflow...
2025-03-08 13:58:02.117 [info] Getting sessions for all scopes...
2025-03-08 13:58:02.117 [info] Got 1 sessions for ...
2025-03-08 13:58:02.117 [info] Getting sessions for all scopes...
2025-03-08 13:58:02.117 [info] Got 1 sessions for ...
2025-03-08 13:58:02.176 [info] Getting sessions for read:user...
2025-03-08 13:58:02.176 [info] Got 0 sessions for read:user...
2025-03-08 13:58:02.184 [info] Getting sessions for read:user,repo,user:email,workflow...
2025-03-08 13:58:02.184 [info] Got 0 sessions for read:user,repo,user:email,workflow...
2025-03-08 13:58:02.185 [info] Getting sessions for read:user,repo,user:email,workflow...
2025-03-08 13:58:02.185 [info] Got 0 sessions for read:user,repo,user:email,workflow...
2025-03-08 13:58:02.208 [info] Getting sessions for user:email...
2025-03-08 13:58:02.208 [info] Got 1 sessions for user:email...
2025-03-08 13:58:02.217 [info] Getting sessions for user:email...
2025-03-08 13:58:02.217 [info] Got 1 sessions for user:email...
2025-03-08 13:58:02.240 [info] Getting sessions for all scopes...
2025-03-08 13:58:02.240 [info] Got 1 sessions for ...
2025-03-08 13:58:03.096 [info] Getting sessions for read:user,repo,user:email,workflow...
2025-03-08 13:58:03.096 [info] Got 0 sessions for read:user,repo,user:email,workflow...
2025-03-08 13:58:03.134 [info] Getting sessions for user:email...
2025-03-08 13:58:03.134 [info] Got 1 sessions for user:email...
2025-03-08 13:58:03.147 [info] Getting sessions for all scopes...
2025-03-08 13:58:03.147 [info] Got 1 sessions for ...
2025-03-08 13:58:03.149 [info] Getting sessions for read:user,repo,user:email,workflow...
2025-03-08 13:58:03.149 [info] Got 0 sessions for read:user,repo,user:email,workflow...
2025-03-08 13:58:03.149 [info] Getting sessions for user:email...
2025-03-08 13:58:03.149 [info] Got 1 sessions for user:email...
2025-03-08 13:58:03.205 [info] Getting sessions for all scopes...
2025-03-08 13:58:03.205 [info] Got 1 sessions for ...
2025-03-08 13:58:03.240 [info] Getting sessions for all scopes...
2025-03-08 13:58:03.240 [info] Got 1 sessions for ...
2025-03-08 13:58:03.241 [info] Getting sessions for read:user,repo,user:email,workflow...
2025-03-08 13:58:03.241 [info] Got 0 sessions for read:user,repo,user:email,workflow...
2025-03-08 13:58:03.245 [info] Getting sessions for user:email...
2025-03-08 13:58:03.245 [info] Got 1 sessions for user:email...
2025-03-08 13:58:04.658 [info] Getting sessions for all scopes...
2025-03-08 13:58:04.658 [info] Got 1 sessions for ...
2025-03-08 13:58:04.659 [info] Getting sessions for all scopes...
2025-03-08 13:58:04.659 [info] Got 1 sessions for ...
2025-03-08 13:58:04.671 [info] Getting sessions for read:user,repo,user:email,workflow...
2025-03-08 13:58:04.671 [info] Got 0 sessions for read:user,repo,user:email,workflow...
2025-03-08 13:58:04.672 [info] Getting sessions for user:email...
2025-03-08 13:58:04.672 [info] Got 1 sessions for user:email...
2025-03-08 13:58:04.675 [info] Getting sessions for all scopes...
2025-03-08 13:58:04.675 [info] Got 1 sessions for ...
2025-03-08 13:58:04.676 [info] Getting sessions for read:user,repo,user:email,workflow...
2025-03-08 13:58:04.676 [info] Got 0 sessions for read:user,repo,user:email,workflow...
2025-03-08 13:58:04.677 [info] Getting sessions for user:email...
2025-03-08 13:58:04.677 [info] Got 1 sessions for user:email...
2025-03-08 13:58:04.711 [info] Getting sessions for all scopes...
2025-03-08 13:58:04.711 [info] Got 1 sessions for ...
2025-03-08 13:58:04.712 [info] Getting sessions for read:user,repo,user:email,workflow...
2025-03-08 13:58:04.712 [info] Got 0 sessions for read:user,repo,user:email,workflow...
2025-03-08 13:58:04.712 [info] Getting sessions for user:email...
2025-03-08 13:58:04.712 [info] Got 1 sessions for user:email...
